node-5 2022/01/05 14:21:05.546798 node.go:52: do add
node-5 2022/01/05 14:21:05.546798 node.go:577: f: 0 ; 2f: 0
node-5 2022/01/05 14:21:05.547791 node.go:52: do setF
node-5 2022/01/05 14:21:05.547791 node.go:577: f: 2 ; 2f: 3
node-5 2022/01/05 14:21:05.547791 node.go:52: do pre-prepare
node-5 2022/01/05 14:21:05.548788 node.go:52: do prepare
node-5 2022/01/05 14:21:05.549576 node.go:52: do prepare
node-5 2022/01/05 14:21:05.549576 node.go:52: do commit
node-5 2022/01/05 14:21:05.550578 node.go:52: do prepare
node-5 2022/01/05 14:21:05.551574 node.go:52: do commit
node-5 2022/01/05 14:21:05.551574 node.go:52: do commit
node-5 2022/01/05 14:21:05.551574 node.go:52: do commit
node-5 2022/01/05 14:21:05.551574 node.go:133: Committed value: node-2, 1641363665, Test, 1641363660494103705
node-5 2022/01/05 14:21:05.552570 node.go:135: 
node-5 2022/01/05 14:21:05.552570 node.go:139: Reply Finished!
node-5 2022/01/05 14:21:06.567035 node.go:52: do pre-prepare
node-5 2022/01/05 14:21:06.570150 node.go:52: do prepare
node-5 2022/01/05 14:21:06.570150 node.go:52: do prepare
node-5 2022/01/05 14:21:06.570150 node.go:52: do prepare
node-5 2022/01/05 14:21:06.571155 node.go:52: do commit
node-5 2022/01/05 14:21:06.572146 node.go:52: do commit
node-5 2022/01/05 14:21:06.572146 node.go:52: do commit
node-5 2022/01/05 14:21:06.572146 node.go:133: Committed value: node-2, 1641363665, Test, 1641363660494103705
node-5 2022/01/05 14:21:06.572146 node.go:133: Committed value: node-1, 1641363666, Test, 1641363660494103706
node-5 2022/01/05 14:21:06.572146 node.go:135: 
node-5 2022/01/05 14:21:06.572146 node.go:139: Reply Finished!
node-5 2022/01/05 14:21:06.572146 node.go:52: do commit
node-5 2022/01/05 14:21:07.573438 node.go:52: do pre-prepare
node-5 2022/01/05 14:21:07.576516 node.go:52: do prepare
node-5 2022/01/05 14:21:07.576516 node.go:52: do prepare
node-5 2022/01/05 14:21:07.576516 node.go:52: do prepare
node-5 2022/01/05 14:21:07.576516 node.go:52: do commit
node-5 2022/01/05 14:21:07.577616 node.go:52: do commit
node-5 2022/01/05 14:21:07.577616 node.go:133: Committed value: node-2, 1641363665, Test, 1641363660494103705
node-5 2022/01/05 14:21:07.577616 node.go:133: Committed value: node-1, 1641363666, Test, 1641363660494103706
node-5 2022/01/05 14:21:07.577616 node.go:133: Committed value: node-3, 1641363667, Test, 1641363660494103707
node-5 2022/01/05 14:21:07.577616 node.go:135: 
node-5 2022/01/05 14:21:07.577616 node.go:139: Reply Finished!
node-5 2022/01/05 14:21:07.578636 node.go:52: do commit
node-5 2022/01/05 14:21:07.578636 node.go:52: do commit
node-5 2022/01/05 14:21:08.585477 node.go:52: do pre-prepare
node-5 2022/01/05 14:21:08.587455 node.go:52: do prepare
node-5 2022/01/05 14:21:08.588308 node.go:52: do prepare
node-5 2022/01/05 14:21:08.588308 node.go:52: do prepare
node-5 2022/01/05 14:21:08.589130 node.go:52: do commit
node-5 2022/01/05 14:21:08.589130 node.go:133: Committed value: node-2, 1641363665, Test, 1641363660494103705
node-5 2022/01/05 14:21:08.589130 node.go:133: Committed value: node-1, 1641363666, Test, 1641363660494103706
node-5 2022/01/05 14:21:08.589130 node.go:133: Committed value: node-3, 1641363667, Test, 1641363660494103707
node-5 2022/01/05 14:21:08.589130 node.go:133: Committed value: node-3, 1641363668, Test, 1641363660494103708
node-5 2022/01/05 14:21:08.589130 node.go:135: 
node-5 2022/01/05 14:21:08.589130 node.go:139: Reply Finished!
node-5 2022/01/05 14:21:08.589318 node.go:52: do commit
node-5 2022/01/05 14:21:08.589318 node.go:52: do commit
node-5 2022/01/05 14:21:08.590844 node.go:52: do commit
node-5 2022/01/05 14:21:09.603303 node.go:52: do client
node-5 2022/01/05 14:21:09.603303 node.go:110: Start request as Client, time: 1641363669603303
node-5 2022/01/05 14:21:09.603303 node.go:52: do pre-prepare
node-5 2022/01/05 14:21:09.605314 node.go:52: do prepare
node-5 2022/01/05 14:21:09.606312 node.go:52: do commit
node-5 2022/01/05 14:21:09.606312 node.go:52: do prepare
node-5 2022/01/05 14:21:09.606312 node.go:52: do prepare
node-5 2022/01/05 14:21:09.608325 node.go:52: do commit
node-5 2022/01/05 14:21:09.608325 node.go:52: do commit
node-5 2022/01/05 14:21:09.608325 node.go:52: do commit
node-5 2022/01/05 14:21:09.608325 node.go:133: Committed value: node-2, 1641363665, Test, 1641363660494103705
node-5 2022/01/05 14:21:09.608325 node.go:133: Committed value: node-1, 1641363666, Test, 1641363660494103706
node-5 2022/01/05 14:21:09.608325 node.go:133: Committed value: node-3, 1641363667, Test, 1641363660494103707
node-5 2022/01/05 14:21:09.608325 node.go:133: Committed value: node-3, 1641363668, Test, 1641363660494103708
node-5 2022/01/05 14:21:09.608325 node.go:133: Committed value: node-5, 1641363669, Test, 1641363660494103709
node-5 2022/01/05 14:21:09.608325 node.go:135: 
node-5 2022/01/05 14:21:09.608325 node.go:139: Reply Finished!
node-5 2022/01/05 14:21:09.608975 node.go:52: do reply
node-5 2022/01/05 14:21:09.608975 node.go:52: do reply
node-5 2022/01/05 14:21:09.608975 node.go:122: Result: Executed by node-4
node-5 2022/01/05 14:21:09.608975 node.go:122: Result: Executed by node-1
node-5 2022/01/05 14:21:09.608975 node.go:52: do reply
node-5 2022/01/05 14:21:09.608975 node.go:122: Result: Executed by node-2
node-5 2022/01/05 14:21:09.608975 node.go:115: Request Finished! Delay: 5672
node-5 2022/01/05 14:21:09.608975 node.go:116: 1641363669603303 1641363669608975
node-5 2022/01/05 14:21:09.608975 node.go:52: do reply
node-5 2022/01/05 14:21:09.608975 node.go:122: Result: Executed by node-3
node-5 2022/01/05 14:21:09.608975 node.go:52: do reply
node-5 2022/01/05 14:21:09.608975 node.go:122: Result: Executed by node-5
node-5 2022/01/05 14:21:10.612311 node.go:52: do add
node-5 2022/01/05 14:21:10.612311 node.go:577: f: 2 ; 2f: 4
node-5 2022/01/05 14:21:10.613308 node.go:52: do pre-prepare
node-5 2022/01/05 14:21:10.615302 node.go:52: do prepare
node-5 2022/01/05 14:21:10.615302 node.go:52: do prepare
node-5 2022/01/05 14:21:10.615302 node.go:52: do prepare
node-5 2022/01/05 14:21:10.616299 node.go:52: do prepare
node-5 2022/01/05 14:21:10.617297 node.go:52: do commit
node-5 2022/01/05 14:21:10.617297 node.go:52: do commit
node-5 2022/01/05 14:21:10.617297 node.go:52: do commit
node-5 2022/01/05 14:21:10.618294 node.go:52: do commit
node-5 2022/01/05 14:21:10.618294 node.go:133: Committed value: node-2, 1641363665, Test, 1641363660494103705
node-5 2022/01/05 14:21:10.618294 node.go:133: Committed value: node-1, 1641363666, Test, 1641363660494103706
node-5 2022/01/05 14:21:10.618294 node.go:133: Committed value: node-3, 1641363667, Test, 1641363660494103707
node-5 2022/01/05 14:21:10.618294 node.go:133: Committed value: node-3, 1641363668, Test, 1641363660494103708
node-5 2022/01/05 14:21:10.618294 node.go:133: Committed value: node-5, 1641363669, Test, 1641363660494103709
node-5 2022/01/05 14:21:10.618294 node.go:133: Committed value: node-6, 1641363670, Test, 1641363660494103710
node-5 2022/01/05 14:21:10.618294 node.go:135: 
node-5 2022/01/05 14:21:10.618294 node.go:139: Reply Finished!
node-5 2022/01/05 14:21:10.618294 node.go:52: do commit
node-5 2022/01/05 14:21:11.631346 node.go:52: do client
node-5 2022/01/05 14:21:11.631346 node.go:110: Start request as Client, time: 1641363671631346
node-5 2022/01/05 14:21:11.632345 node.go:52: do pre-prepare
node-5 2022/01/05 14:21:11.633344 node.go:52: do prepare
node-5 2022/01/05 14:21:11.633344 node.go:52: do prepare
node-5 2022/01/05 14:21:11.634342 node.go:52: do prepare
node-5 2022/01/05 14:21:11.634342 node.go:52: do prepare
node-5 2022/01/05 14:21:11.635198 node.go:52: do commit
node-5 2022/01/05 14:21:11.635198 node.go:52: do commit
node-5 2022/01/05 14:21:11.636198 node.go:52: do commit
node-5 2022/01/05 14:21:11.636198 node.go:52: do commit
node-5 2022/01/05 14:21:11.636198 node.go:133: Committed value: node-2, 1641363665, Test, 1641363660494103705
node-5 2022/01/05 14:21:11.636198 node.go:133: Committed value: node-1, 1641363666, Test, 1641363660494103706
node-5 2022/01/05 14:21:11.636198 node.go:133: Committed value: node-3, 1641363667, Test, 1641363660494103707
node-5 2022/01/05 14:21:11.636198 node.go:133: Committed value: node-3, 1641363668, Test, 1641363660494103708
node-5 2022/01/05 14:21:11.636198 node.go:133: Committed value: node-5, 1641363669, Test, 1641363660494103709
node-5 2022/01/05 14:21:11.636198 node.go:133: Committed value: node-6, 1641363670, Test, 1641363660494103710
node-5 2022/01/05 14:21:11.636198 node.go:133: Committed value: node-5, 1641363671, Test, 1641363660494103711
node-5 2022/01/05 14:21:11.636198 node.go:135: 
node-5 2022/01/05 14:21:11.636198 node.go:52: do reply
node-5 2022/01/05 14:21:11.636198 node.go:122: Result: Executed by node-3
node-5 2022/01/05 14:21:11.636198 node.go:139: Reply Finished!
node-5 2022/01/05 14:21:11.636198 node.go:52: do reply
node-5 2022/01/05 14:21:11.636198 node.go:122: Result: Executed by node-1
node-5 2022/01/05 14:21:11.636198 node.go:52: do reply
node-5 2022/01/05 14:21:11.636198 node.go:122: Result: Executed by node-5
node-5 2022/01/05 14:21:11.636198 node.go:115: Request Finished! Delay: 4852
node-5 2022/01/05 14:21:11.637195 node.go:116: 1641363671631346 1641363671637195
node-5 2022/01/05 14:21:11.637195 node.go:52: do reply
node-5 2022/01/05 14:21:11.637195 node.go:122: Result: Executed by node-4
node-5 2022/01/05 14:21:11.637195 node.go:52: do reply
node-5 2022/01/05 14:21:11.637195 node.go:52: do reply
node-5 2022/01/05 14:21:11.637195 node.go:122: Result: Executed by node-2
node-5 2022/01/05 14:21:11.637195 node.go:122: Result: Executed by node-6
node-5 2022/01/05 14:21:11.637195 node.go:52: do commit
node-5 2022/01/05 14:21:12.650320 node.go:52: do client
node-5 2022/01/05 14:21:12.650320 node.go:110: Start request as Client, time: 1641363672650320
node-5 2022/01/05 14:21:12.651171 node.go:52: do pre-prepare
node-5 2022/01/05 14:21:12.653248 node.go:52: do prepare
node-5 2022/01/05 14:21:12.654247 node.go:52: do prepare
node-5 2022/01/05 14:21:12.655244 node.go:52: do prepare
node-5 2022/01/05 14:21:12.655244 node.go:52: do commit
node-5 2022/01/05 14:21:12.655244 node.go:52: do prepare
node-5 2022/01/05 14:21:12.655244 node.go:52: do commit
node-5 2022/01/05 14:21:12.656242 node.go:52: do commit
node-5 2022/01/05 14:21:12.656242 node.go:52: do commit
node-5 2022/01/05 14:21:12.656242 node.go:133: Committed value: node-2, 1641363665, Test, 1641363660494103705
node-5 2022/01/05 14:21:12.656242 node.go:133: Committed value: node-1, 1641363666, Test, 1641363660494103706
node-5 2022/01/05 14:21:12.656242 node.go:133: Committed value: node-3, 1641363667, Test, 1641363660494103707
node-5 2022/01/05 14:21:12.656242 node.go:133: Committed value: node-3, 1641363668, Test, 1641363660494103708
node-5 2022/01/05 14:21:12.656242 node.go:133: Committed value: node-5, 1641363669, Test, 1641363660494103709
node-5 2022/01/05 14:21:12.656242 node.go:133: Committed value: node-6, 1641363670, Test, 1641363660494103710
node-5 2022/01/05 14:21:12.656242 node.go:133: Committed value: node-5, 1641363671, Test, 1641363660494103711
node-5 2022/01/05 14:21:12.656242 node.go:133: Committed value: node-5, 1641363672, Test, 1641363660494103712
node-5 2022/01/05 14:21:12.656242 node.go:135: 
node-5 2022/01/05 14:21:12.656242 node.go:139: Reply Finished!
node-5 2022/01/05 14:21:12.656242 node.go:52: do commit
node-5 2022/01/05 14:21:12.657240 node.go:52: do reply
node-5 2022/01/05 14:21:12.657240 node.go:122: Result: Executed by node-6
node-5 2022/01/05 14:21:12.657240 node.go:52: do reply
node-5 2022/01/05 14:21:12.657240 node.go:52: do reply
node-5 2022/01/05 14:21:12.657240 node.go:122: Result: Executed by node-4
node-5 2022/01/05 14:21:12.657240 node.go:122: Result: Executed by node-2
node-5 2022/01/05 14:21:12.657240 node.go:52: do reply
node-5 2022/01/05 14:21:12.657240 node.go:122: Result: Executed by node-3
node-5 2022/01/05 14:21:12.657240 node.go:115: Request Finished! Delay: 6920
node-5 2022/01/05 14:21:12.657240 node.go:116: 1641363672650320 1641363672657240
node-5 2022/01/05 14:21:12.657240 node.go:52: do reply
node-5 2022/01/05 14:21:12.657240 node.go:122: Result: Executed by node-1
node-5 2022/01/05 14:21:12.657240 node.go:52: do reply
node-5 2022/01/05 14:21:12.657240 node.go:122: Result: Executed by node-5
node-5 2022/01/05 14:21:13.662027 node.go:52: do pre-prepare
node-5 2022/01/05 14:21:13.663029 node.go:52: do prepare
node-5 2022/01/05 14:21:13.663029 node.go:52: do prepare
node-5 2022/01/05 14:21:13.664020 node.go:52: do prepare
node-5 2022/01/05 14:21:13.664020 node.go:52: do commit
node-5 2022/01/05 14:21:13.665017 node.go:52: do prepare
node-5 2022/01/05 14:21:13.666015 node.go:52: do commit
node-5 2022/01/05 14:21:13.666826 node.go:52: do commit
node-5 2022/01/05 14:21:13.667826 node.go:52: do commit
node-5 2022/01/05 14:21:13.667826 node.go:52: do commit
node-5 2022/01/05 14:21:13.667826 node.go:133: Committed value: node-2, 1641363665, Test, 1641363660494103705
node-5 2022/01/05 14:21:13.667826 node.go:133: Committed value: node-1, 1641363666, Test, 1641363660494103706
node-5 2022/01/05 14:21:13.667826 node.go:133: Committed value: node-3, 1641363667, Test, 1641363660494103707
node-5 2022/01/05 14:21:13.667826 node.go:133: Committed value: node-3, 1641363668, Test, 1641363660494103708
node-5 2022/01/05 14:21:13.667826 node.go:133: Committed value: node-5, 1641363669, Test, 1641363660494103709
node-5 2022/01/05 14:21:13.667826 node.go:133: Committed value: node-6, 1641363670, Test, 1641363660494103710
node-5 2022/01/05 14:21:13.667826 node.go:133: Committed value: node-5, 1641363671, Test, 1641363660494103711
node-5 2022/01/05 14:21:13.667826 node.go:133: Committed value: node-5, 1641363672, Test, 1641363660494103712
node-5 2022/01/05 14:21:13.667826 node.go:133: Committed value: node-1, 1641363673, Test, 1641363660494103713
node-5 2022/01/05 14:21:13.667826 node.go:135: 
node-5 2022/01/05 14:21:13.667826 node.go:139: Reply Finished!
node-5 2022/01/05 14:21:14.681746 node.go:52: do pre-prepare
node-5 2022/01/05 14:21:14.682737 node.go:52: do prepare
node-5 2022/01/05 14:21:14.683187 node.go:52: do prepare
node-5 2022/01/05 14:21:14.683187 node.go:52: do prepare
node-5 2022/01/05 14:21:14.683187 node.go:52: do prepare
node-5 2022/01/05 14:21:14.684187 node.go:52: do commit
node-5 2022/01/05 14:21:14.686821 node.go:52: do commit
node-5 2022/01/05 14:21:14.686821 node.go:52: do commit
node-5 2022/01/05 14:21:14.687446 node.go:52: do commit
node-5 2022/01/05 14:21:14.687446 node.go:133: Committed value: node-2, 1641363665, Test, 1641363660494103705
node-5 2022/01/05 14:21:14.687446 node.go:133: Committed value: node-1, 1641363666, Test, 1641363660494103706
node-5 2022/01/05 14:21:14.687446 node.go:133: Committed value: node-3, 1641363667, Test, 1641363660494103707
node-5 2022/01/05 14:21:14.687446 node.go:133: Committed value: node-3, 1641363668, Test, 1641363660494103708
node-5 2022/01/05 14:21:14.687446 node.go:133: Committed value: node-5, 1641363669, Test, 1641363660494103709
node-5 2022/01/05 14:21:14.687446 node.go:133: Committed value: node-6, 1641363670, Test, 1641363660494103710
node-5 2022/01/05 14:21:14.687446 node.go:133: Committed value: node-5, 1641363671, Test, 1641363660494103711
node-5 2022/01/05 14:21:14.687446 node.go:133: Committed value: node-5, 1641363672, Test, 1641363660494103712
node-5 2022/01/05 14:21:14.687446 node.go:133: Committed value: node-1, 1641363673, Test, 1641363660494103713
node-5 2022/01/05 14:21:14.687446 node.go:133: Committed value: node-6, 1641363674, Test, 1641363660494103714
node-5 2022/01/05 14:21:14.687446 node.go:135: 
node-5 2022/01/05 14:21:14.687446 node.go:139: Reply Finished!
node-5 2022/01/05 14:21:14.687446 node.go:52: do commit
