node-10 2022/01/05 23:17:10.027073 node.go:52: do add
node-10 2022/01/05 23:17:10.027073 node.go:582: f: 0 ; 2f: 0
node-10 2022/01/05 23:17:10.027073 node.go:52: do setF
node-10 2022/01/05 23:17:10.027073 node.go:582: f: 3 ; 2f: 6
node-10 2022/01/05 23:17:10.028076 node.go:52: do pre-prepare
node-10 2022/01/05 23:17:10.028076 node.go:52: do prepare
node-10 2022/01/05 23:17:10.029069 node.go:52: do prepare
node-10 2022/01/05 23:17:10.031067 node.go:52: do commit
node-10 2022/01/05 23:17:10.031067 node.go:52: do commit
node-10 2022/01/05 23:17:10.031067 node.go:52: do commit
node-10 2022/01/05 23:17:10.032061 node.go:52: do prepare
node-10 2022/01/05 23:17:10.032061 node.go:52: do prepare
node-10 2022/01/05 23:17:10.032061 node.go:52: do commit
node-10 2022/01/05 23:17:10.032061 node.go:52: do commit
node-10 2022/01/05 23:17:10.033059 node.go:52: do prepare
node-10 2022/01/05 23:17:10.034057 node.go:52: do prepare
node-10 2022/01/05 23:17:10.034057 node.go:52: do prepare
node-10 2022/01/05 23:17:10.034057 node.go:52: do commit
node-10 2022/01/05 23:17:10.034057 node.go:52: do commit
node-10 2022/01/05 23:17:10.035568 node.go:134: Committed value: node-8, 1641395830, Test, 1641395769305644960
node-10 2022/01/05 23:17:10.035568 node.go:136: 
node-10 2022/01/05 23:17:10.035568 node.go:140: Reply Finished!
node-10 2022/01/05 23:17:10.035568 node.go:52: do commit
