node-22 2022/01/05 22:36:06.914770 node.go:52: do add
node-22 2022/01/05 22:36:06.914770 node.go:582: f: 0 ; 2f: 0
node-22 2022/01/05 22:36:06.914770 node.go:52: do setF
node-22 2022/01/05 22:36:06.914770 node.go:582: f: 7 ; 2f: 14
node-22 2022/01/05 22:36:06.919276 node.go:52: do pre-prepare
node-22 2022/01/05 22:36:06.919276 node.go:52: do prepare
node-22 2022/01/05 22:36:07.061806 node.go:52: do prepare
node-22 2022/01/05 22:36:07.062325 node.go:52: do prepare
node-22 2022/01/05 22:36:07.062875 node.go:52: do prepare
node-22 2022/01/05 22:36:07.062875 node.go:52: do prepare
node-22 2022/01/05 22:36:07.062875 node.go:52: do prepare
node-22 2022/01/05 22:36:07.062875 node.go:52: do prepare
node-22 2022/01/05 22:36:07.062875 node.go:52: do prepare
node-22 2022/01/05 22:36:07.070694 node.go:52: do prepare
node-22 2022/01/05 22:36:07.071245 node.go:52: do commit
node-22 2022/01/05 22:36:07.072325 node.go:52: do prepare
node-22 2022/01/05 22:36:07.072865 node.go:52: do prepare
node-22 2022/01/05 22:36:07.074467 node.go:52: do commit
node-22 2022/01/05 22:36:07.075000 node.go:52: do commit
node-22 2022/01/05 22:36:07.075000 node.go:52: do commit
node-22 2022/01/05 22:36:07.075000 node.go:52: do prepare
node-22 2022/01/05 22:36:07.075000 node.go:52: do commit
node-22 2022/01/05 22:36:07.075000 node.go:52: do prepare
node-22 2022/01/05 22:36:07.096610 node.go:52: do commit
node-22 2022/01/05 22:36:07.098212 node.go:52: do commit
node-22 2022/01/05 22:36:07.098728 node.go:52: do commit
node-22 2022/01/05 22:36:07.098728 node.go:52: do commit
node-22 2022/01/05 22:36:07.100736 node.go:52: do commit
node-22 2022/01/05 22:36:07.100736 node.go:52: do commit
node-22 2022/01/05 22:36:07.100736 node.go:52: do commit
node-22 2022/01/05 22:36:07.100736 node.go:52: do commit
node-22 2022/01/05 22:36:07.110335 node.go:52: do commit
node-22 2022/01/05 22:36:07.110856 node.go:52: do commit
node-22 2022/01/05 22:36:07.110856 node.go:52: do commit
node-22 2022/01/05 22:36:07.111369 node.go:52: do prepare
node-22 2022/01/05 22:36:07.111369 node.go:52: do commit
node-22 2022/01/05 22:36:07.120284 node.go:134: Committed value: node-20, 1641393366, Test, 1641393170804773980
node-22 2022/01/05 22:36:07.120284 node.go:136: 
node-22 2022/01/05 22:36:07.120284 node.go:140: Reply Finished!
node-22 2022/01/05 22:36:07.412809 node.go:52: do prepare
node-22 2022/01/05 22:36:07.414342 node.go:52: do commit
node-22 2022/01/05 22:36:07.503694 node.go:52: do prepare
node-22 2022/01/05 22:36:07.510653 node.go:52: do commit
node-22 2022/01/05 22:36:07.789822 node.go:52: do prepare
node-22 2022/01/05 22:36:07.790424 node.go:52: do commit
node-22 2022/01/05 22:36:07.821878 node.go:52: do prepare
node-22 2022/01/05 22:36:07.827543 node.go:52: do commit
node-22 2022/01/05 22:36:08.031289 node.go:52: do prepare
node-22 2022/01/05 22:36:08.031807 node.go:52: do prepare
node-22 2022/01/05 22:36:08.110175 node.go:52: do pre-prepare
node-22 2022/01/05 22:36:08.123233 node.go:52: do prepare
node-22 2022/01/05 22:36:08.124259 node.go:52: do prepare
node-22 2022/01/05 22:36:08.124259 node.go:52: do prepare
node-22 2022/01/05 22:36:08.138762 node.go:52: do prepare
node-22 2022/01/05 22:36:08.434827 node.go:52: do prepare
node-22 2022/01/05 22:36:08.679554 node.go:52: do prepare
node-22 2022/01/05 22:36:08.679554 node.go:52: do prepare
node-22 2022/01/05 22:36:08.680064 node.go:52: do prepare
node-22 2022/01/05 22:36:08.681084 node.go:52: do prepare
node-22 2022/01/05 22:36:08.681594 node.go:52: do prepare
node-22 2022/01/05 22:36:08.681594 node.go:52: do prepare
node-22 2022/01/05 22:36:08.682102 node.go:52: do prepare
node-22 2022/01/05 22:36:08.683119 node.go:52: do commit
node-22 2022/01/05 22:36:08.683119 node.go:52: do commit
node-22 2022/01/05 22:36:08.683119 node.go:52: do commit
node-22 2022/01/05 22:36:08.683629 node.go:52: do commit
node-22 2022/01/05 22:36:08.685161 node.go:52: do prepare
node-22 2022/01/05 22:36:08.687250 node.go:52: do commit
node-22 2022/01/05 22:36:08.687250 node.go:134: Committed value: node-20, 1641393366, Test, 1641393170804773980
node-22 2022/01/05 22:36:08.687250 node.go:134: Committed value: node-18, 1641393368, Test, 1641393170804773981
node-22 2022/01/05 22:36:08.687250 node.go:136: 
node-22 2022/01/05 22:36:08.687250 node.go:140: Reply Finished!
node-22 2022/01/05 22:36:08.687787 node.go:52: do prepare
node-22 2022/01/05 22:36:08.688336 node.go:52: do prepare
node-22 2022/01/05 22:36:08.688870 node.go:52: do commit
node-22 2022/01/05 22:36:08.688870 node.go:52: do prepare
node-22 2022/01/05 22:36:08.699860 node.go:52: do prepare
node-22 2022/01/05 22:36:08.700363 node.go:52: do commit
node-22 2022/01/05 22:36:08.700363 node.go:52: do commit
node-22 2022/01/05 22:36:08.732808 node.go:52: do prepare
node-22 2022/01/05 22:36:08.733830 node.go:52: do commit
node-22 2022/01/05 22:36:08.733830 node.go:52: do commit
node-22 2022/01/05 22:36:08.734848 node.go:52: do commit
node-22 2022/01/05 22:36:08.735357 node.go:52: do commit
node-22 2022/01/05 22:36:08.736378 node.go:52: do commit
node-22 2022/01/05 22:36:09.701349 node.go:52: do pre-prepare
node-22 2022/01/05 22:36:09.724310 node.go:52: do prepare
node-22 2022/01/05 22:36:09.724852 node.go:52: do prepare
node-22 2022/01/05 22:36:09.738493 node.go:52: do prepare
node-22 2022/01/05 22:36:10.029724 node.go:52: do prepare
node-22 2022/01/05 22:36:10.318647 node.go:52: do prepare
node-22 2022/01/05 22:36:10.318793 node.go:52: do prepare
node-22 2022/01/05 22:36:10.340259 node.go:52: do prepare
node-22 2022/01/05 22:36:10.351340 node.go:52: do prepare
node-22 2022/01/05 22:36:10.352353 node.go:52: do prepare
node-22 2022/01/05 22:36:10.353882 node.go:52: do prepare
node-22 2022/01/05 22:36:10.354391 node.go:52: do prepare
node-22 2022/01/05 22:36:10.355409 node.go:52: do prepare
node-22 2022/01/05 22:36:10.357454 node.go:52: do prepare
node-22 2022/01/05 22:36:10.357963 node.go:52: do prepare
node-22 2022/01/05 22:36:10.359492 node.go:52: do prepare
node-22 2022/01/05 22:36:10.361535 node.go:52: do prepare
node-22 2022/01/05 22:36:10.362555 node.go:52: do prepare
node-22 2022/01/05 22:36:10.362555 node.go:52: do prepare
node-22 2022/01/05 22:36:10.364084 node.go:52: do commit
node-22 2022/01/05 22:36:10.365613 node.go:52: do commit
node-22 2022/01/05 22:36:10.367218 node.go:52: do commit
