node-12 2022/01/05 20:40:21.831566 node.go:52: do add
node-12 2022/01/05 20:40:21.831566 node.go:577: f: 0 ; 2f: 0
node-12 2022/01/05 20:40:21.832759 node.go:52: do setF
node-12 2022/01/05 20:40:21.832759 node.go:577: f: 4 ; 2f: 8
node-12 2022/01/05 20:40:21.832759 node.go:52: do pre-prepare
node-12 2022/01/05 20:40:21.834757 node.go:52: do prepare
node-12 2022/01/05 20:40:21.834757 node.go:52: do prepare
node-12 2022/01/05 20:40:21.834757 node.go:52: do commit
node-12 2022/01/05 20:40:21.834757 node.go:52: do prepare
node-12 2022/01/05 20:40:21.835753 node.go:52: do prepare
node-12 2022/01/05 20:40:21.835753 node.go:52: do commit
node-12 2022/01/05 20:40:21.835753 node.go:52: do prepare
node-12 2022/01/05 20:40:21.837748 node.go:52: do commit
node-12 2022/01/05 20:40:21.838745 node.go:52: do commit
node-12 2022/01/05 20:40:21.838745 node.go:52: do commit
node-12 2022/01/05 20:40:21.838745 node.go:52: do prepare
node-12 2022/01/05 20:40:21.839751 node.go:52: do prepare
node-12 2022/01/05 20:40:21.839751 node.go:52: do prepare
node-12 2022/01/05 20:40:21.840739 node.go:52: do commit
node-12 2022/01/05 20:40:21.840739 node.go:52: do commit
node-12 2022/01/05 20:40:21.841904 node.go:52: do commit
node-12 2022/01/05 20:40:21.842179 node.go:133: Committed value: node-2, 1641386421, Test, 1641386340740035780
node-12 2022/01/05 20:40:21.842179 node.go:135: 
node-12 2022/01/05 20:40:21.842179 node.go:139: Reply Finished!
node-12 2022/01/05 20:40:21.843178 node.go:52: do commit
node-12 2022/01/05 20:40:21.843178 node.go:52: do commit
node-12 2022/01/05 20:40:21.844175 node.go:52: do prepare
node-12 2022/01/05 20:40:21.844175 node.go:52: do prepare
node-12 2022/01/05 20:40:21.845172 node.go:52: do commit
node-12 2022/01/05 20:40:22.858213 node.go:52: do pre-prepare
node-12 2022/01/05 20:40:22.860218 node.go:52: do prepare
node-12 2022/01/05 20:40:22.861214 node.go:52: do prepare
node-12 2022/01/05 20:40:22.861214 node.go:52: do commit
node-12 2022/01/05 20:40:22.862211 node.go:52: do prepare
node-12 2022/01/05 20:40:22.862211 node.go:52: do prepare
node-12 2022/01/05 20:40:22.865203 node.go:52: do commit
node-12 2022/01/05 20:40:22.865203 node.go:52: do prepare
node-12 2022/01/05 20:40:22.865203 node.go:52: do prepare
node-12 2022/01/05 20:40:22.866209 node.go:52: do commit
node-12 2022/01/05 20:40:22.867935 node.go:52: do commit
node-12 2022/01/05 20:40:22.867935 node.go:52: do commit
node-12 2022/01/05 20:40:22.867935 node.go:52: do prepare
node-12 2022/01/05 20:40:22.867935 node.go:52: do commit
node-12 2022/01/05 20:40:22.868932 node.go:52: do commit
node-12 2022/01/05 20:40:22.869928 node.go:52: do commit
node-12 2022/01/05 20:40:22.869928 node.go:52: do prepare
node-12 2022/01/05 20:40:22.869928 node.go:52: do commit
node-12 2022/01/05 20:40:22.869928 node.go:133: Committed value: node-2, 1641386421, Test, 1641386340740035780
node-12 2022/01/05 20:40:22.869928 node.go:133: Committed value: node-5, 1641386422, Test, 1641386340740035781
node-12 2022/01/05 20:40:22.869928 node.go:135: 
node-12 2022/01/05 20:40:22.869928 node.go:139: Reply Finished!
node-12 2022/01/05 20:40:22.870925 node.go:52: do prepare
node-12 2022/01/05 20:40:22.871923 node.go:52: do prepare
node-12 2022/01/05 20:40:22.871923 node.go:52: do commit
node-12 2022/01/05 20:40:22.872920 node.go:52: do commit
node-12 2022/01/05 20:40:23.883671 node.go:52: do prepare
node-12 2022/01/05 20:40:23.884666 node.go:52: do pre-prepare
node-12 2022/01/05 20:40:23.884666 node.go:52: do prepare
node-12 2022/01/05 20:40:23.886661 node.go:52: do prepare
node-12 2022/01/05 20:40:23.886661 node.go:52: do prepare
node-12 2022/01/05 20:40:23.886661 node.go:52: do commit
node-12 2022/01/05 20:40:23.887659 node.go:52: do commit
node-12 2022/01/05 20:40:23.887659 node.go:52: do prepare
node-12 2022/01/05 20:40:23.888656 node.go:52: do commit
node-12 2022/01/05 20:40:23.889790 node.go:52: do commit
node-12 2022/01/05 20:40:23.890789 node.go:52: do prepare
node-12 2022/01/05 20:40:23.890789 node.go:52: do commit
node-12 2022/01/05 20:40:23.890789 node.go:52: do prepare
node-12 2022/01/05 20:40:23.891792 node.go:52: do commit
node-12 2022/01/05 20:40:23.891792 node.go:52: do commit
node-12 2022/01/05 20:40:23.891792 node.go:52: do prepare
node-12 2022/01/05 20:40:23.892784 node.go:52: do prepare
node-12 2022/01/05 20:40:23.893782 node.go:52: do prepare
node-12 2022/01/05 20:40:23.893782 node.go:52: do commit
node-12 2022/01/05 20:40:23.893782 node.go:133: Committed value: node-2, 1641386421, Test, 1641386340740035780
node-12 2022/01/05 20:40:23.893782 node.go:133: Committed value: node-5, 1641386422, Test, 1641386340740035781
node-12 2022/01/05 20:40:23.893782 node.go:133: Committed value: node-6, 1641386423, Test, 1641386340740035782
node-12 2022/01/05 20:40:23.893782 node.go:135: 
node-12 2022/01/05 20:40:23.893782 node.go:139: Reply Finished!
node-12 2022/01/05 20:40:23.893782 node.go:52: do commit
node-12 2022/01/05 20:40:23.895777 node.go:52: do commit
node-12 2022/01/05 20:40:23.896774 node.go:52: do commit
node-12 2022/01/05 20:40:24.903901 node.go:52: do pre-prepare
node-12 2022/01/05 20:40:24.904905 node.go:52: do prepare
node-12 2022/01/05 20:40:24.904905 node.go:52: do prepare
node-12 2022/01/05 20:40:24.905889 node.go:52: do prepare
node-12 2022/01/05 20:40:24.907887 node.go:52: do prepare
node-12 2022/01/05 20:40:24.907887 node.go:52: do prepare
node-12 2022/01/05 20:40:24.907887 node.go:52: do prepare
node-12 2022/01/05 20:40:24.907887 node.go:52: do prepare
node-12 2022/01/05 20:40:24.908881 node.go:52: do commit
node-12 2022/01/05 20:40:24.909878 node.go:52: do prepare
node-12 2022/01/05 20:40:24.914817 node.go:52: do commit
node-12 2022/01/05 20:40:24.914817 node.go:52: do commit
node-12 2022/01/05 20:40:24.914817 node.go:52: do commit
node-12 2022/01/05 20:40:24.916814 node.go:52: do commit
node-12 2022/01/05 20:40:24.917811 node.go:52: do prepare
node-12 2022/01/05 20:40:24.918808 node.go:52: do commit
node-12 2022/01/05 20:40:24.918808 node.go:133: Committed value: node-2, 1641386421, Test, 1641386340740035780
node-12 2022/01/05 20:40:24.918808 node.go:133: Committed value: node-5, 1641386422, Test, 1641386340740035781
node-12 2022/01/05 20:40:24.918808 node.go:133: Committed value: node-6, 1641386423, Test, 1641386340740035782
node-12 2022/01/05 20:40:24.918808 node.go:133: Committed value: node-8, 1641386424, Test, 1641386340740035783
node-12 2022/01/05 20:40:24.918808 node.go:135: 
node-12 2022/01/05 20:40:24.918808 node.go:139: Reply Finished!
node-12 2022/01/05 20:40:24.919806 node.go:52: do prepare
node-12 2022/01/05 20:40:24.920804 node.go:52: do commit
node-12 2022/01/05 20:40:24.920804 node.go:52: do commit
node-12 2022/01/05 20:40:24.921801 node.go:52: do commit
node-12 2022/01/05 20:40:24.921801 node.go:52: do commit
node-12 2022/01/05 20:40:24.922798 node.go:52: do commit
node-12 2022/01/05 20:40:25.931483 node.go:52: do pre-prepare
node-12 2022/01/05 20:40:25.933474 node.go:52: do prepare
node-12 2022/01/05 20:40:25.934485 node.go:52: do commit
node-12 2022/01/05 20:40:25.935468 node.go:52: do prepare
node-12 2022/01/05 20:40:25.936467 node.go:52: do prepare
node-12 2022/01/05 20:40:25.936467 node.go:52: do prepare
node-12 2022/01/05 20:40:25.937463 node.go:52: do commit
node-12 2022/01/05 20:40:25.937463 node.go:52: do commit
node-12 2022/01/05 20:40:25.937463 node.go:52: do prepare
node-12 2022/01/05 20:40:25.938460 node.go:52: do prepare
node-12 2022/01/05 20:40:25.938460 node.go:52: do commit
node-12 2022/01/05 20:40:25.939458 node.go:133: Committed value: node-2, 1641386421, Test, 1641386340740035780
node-12 2022/01/05 20:40:25.939458 node.go:133: Committed value: node-5, 1641386422, Test, 1641386340740035781
node-12 2022/01/05 20:40:25.939458 node.go:133: Committed value: node-6, 1641386423, Test, 1641386340740035782
node-12 2022/01/05 20:40:25.939458 node.go:133: Committed value: node-8, 1641386424, Test, 1641386340740035783
node-12 2022/01/05 20:40:25.939458 node.go:133: Committed value: node-3, 1641386425, Test, 1641386340740035784
node-12 2022/01/05 20:40:25.939458 node.go:135: 
node-12 2022/01/05 20:40:25.939458 node.go:139: Reply Finished!
node-12 2022/01/05 20:40:25.939458 node.go:52: do commit
node-12 2022/01/05 20:40:25.939458 node.go:52: do prepare
node-12 2022/01/05 20:40:25.942451 node.go:52: do prepare
node-12 2022/01/05 20:40:25.942708 node.go:52: do commit
node-12 2022/01/05 20:40:25.942708 node.go:52: do prepare
node-12 2022/01/05 20:40:25.943203 node.go:52: do commit
node-12 2022/01/05 20:40:25.943203 node.go:52: do prepare
node-12 2022/01/05 20:40:25.944203 node.go:52: do commit
node-12 2022/01/05 20:40:25.945201 node.go:52: do commit
node-12 2022/01/05 20:40:25.945201 node.go:52: do commit
node-12 2022/01/05 20:40:25.946197 node.go:52: do commit
node-12 2022/01/05 20:40:26.954537 node.go:52: do pre-prepare
node-12 2022/01/05 20:40:26.955532 node.go:52: do prepare
node-12 2022/01/05 20:40:26.955532 node.go:52: do prepare
node-12 2022/01/05 20:40:26.955532 node.go:52: do prepare
node-12 2022/01/05 20:40:26.956530 node.go:52: do commit
node-12 2022/01/05 20:40:26.956530 node.go:133: Committed value: node-2, 1641386421, Test, 1641386340740035780
node-12 2022/01/05 20:40:26.956530 node.go:133: Committed value: node-5, 1641386422, Test, 1641386340740035781
node-12 2022/01/05 20:40:26.956530 node.go:133: Committed value: node-6, 1641386423, Test, 1641386340740035782
node-12 2022/01/05 20:40:26.956530 node.go:133: Committed value: node-8, 1641386424, Test, 1641386340740035783
node-12 2022/01/05 20:40:26.956530 node.go:133: Committed value: node-3, 1641386425, Test, 1641386340740035784
node-12 2022/01/05 20:40:26.956530 node.go:133: Committed value: node-1, 1641386426, Test, 1641386340740035785
node-12 2022/01/05 20:40:26.956530 node.go:135: 
node-12 2022/01/05 20:40:26.956530 node.go:139: Reply Finished!
node-12 2022/01/05 20:40:26.956530 node.go:52: do prepare
node-12 2022/01/05 20:40:26.957531 node.go:52: do prepare
node-12 2022/01/05 20:40:26.958523 node.go:52: do commit
node-12 2022/01/05 20:40:26.959522 node.go:52: do commit
node-12 2022/01/05 20:40:26.962949 node.go:52: do commit
node-12 2022/01/05 20:40:26.962949 node.go:52: do commit
node-12 2022/01/05 20:40:26.962949 node.go:52: do prepare
node-12 2022/01/05 20:40:26.962949 node.go:52: do prepare
node-12 2022/01/05 20:40:26.963959 node.go:52: do prepare
node-12 2022/01/05 20:40:26.963959 node.go:52: do commit
node-12 2022/01/05 20:40:26.964945 node.go:52: do commit
node-12 2022/01/05 20:40:26.964945 node.go:52: do commit
node-12 2022/01/05 20:40:26.965942 node.go:52: do commit
node-12 2022/01/05 20:40:26.965942 node.go:52: do prepare
node-12 2022/01/05 20:40:26.966940 node.go:52: do prepare
node-12 2022/01/05 20:40:26.967937 node.go:52: do commit
node-12 2022/01/05 20:40:26.969931 node.go:52: do commit
node-12 2022/01/05 20:40:27.979372 node.go:52: do prepare
node-12 2022/01/05 20:40:27.979372 node.go:52: do prepare
node-12 2022/01/05 20:40:27.979372 node.go:52: do commit
node-12 2022/01/05 20:40:27.979372 node.go:52: do pre-prepare
node-12 2022/01/05 20:40:27.980369 node.go:52: do prepare
node-12 2022/01/05 20:40:27.980369 node.go:52: do prepare
node-12 2022/01/05 20:40:27.980369 node.go:52: do prepare
node-12 2022/01/05 20:40:27.982364 node.go:52: do prepare
node-12 2022/01/05 20:40:27.984358 node.go:52: do prepare
node-12 2022/01/05 20:40:27.985356 node.go:52: do prepare
node-12 2022/01/05 20:40:27.986353 node.go:52: do commit
node-12 2022/01/05 20:40:27.986353 node.go:52: do commit
node-12 2022/01/05 20:40:27.986353 node.go:52: do prepare
node-12 2022/01/05 20:40:27.986353 node.go:133: Committed value: node-2, 1641386421, Test, 1641386340740035780
node-12 2022/01/05 20:40:27.986353 node.go:133: Committed value: node-5, 1641386422, Test, 1641386340740035781
node-12 2022/01/05 20:40:27.986353 node.go:133: Committed value: node-6, 1641386423, Test, 1641386340740035782
node-12 2022/01/05 20:40:27.986353 node.go:133: Committed value: node-8, 1641386424, Test, 1641386340740035783
node-12 2022/01/05 20:40:27.986353 node.go:133: Committed value: node-3, 1641386425, Test, 1641386340740035784
node-12 2022/01/05 20:40:27.986353 node.go:133: Committed value: node-1, 1641386426, Test, 1641386340740035785
node-12 2022/01/05 20:40:27.986353 node.go:133: Committed value: node-5, 1641386427, Test, 1641386340740035786
node-12 2022/01/05 20:40:27.986353 node.go:135: 
node-12 2022/01/05 20:40:27.986353 node.go:139: Reply Finished!
node-12 2022/01/05 20:40:27.987350 node.go:52: do commit
node-12 2022/01/05 20:40:27.987350 node.go:52: do commit
node-12 2022/01/05 20:40:27.988511 node.go:52: do commit
node-12 2022/01/05 20:40:27.989517 node.go:52: do commit
node-12 2022/01/05 20:40:27.990508 node.go:52: do prepare
node-12 2022/01/05 20:40:27.992503 node.go:52: do commit
node-12 2022/01/05 20:40:27.993506 node.go:52: do commit
node-12 2022/01/05 20:40:27.994498 node.go:52: do commit
node-12 2022/01/05 20:40:27.994498 node.go:52: do commit
node-12 2022/01/05 20:40:29.000078 node.go:52: do client
node-12 2022/01/05 20:40:29.000078 node.go:110: Start request as Client, time: 1641386429000078
node-12 2022/01/05 20:40:29.001086 node.go:52: do pre-prepare
node-12 2022/01/05 20:40:29.002076 node.go:52: do prepare
node-12 2022/01/05 20:40:29.003074 node.go:52: do prepare
node-12 2022/01/05 20:40:29.003074 node.go:52: do prepare
node-12 2022/01/05 20:40:29.003074 node.go:52: do prepare
node-12 2022/01/05 20:40:29.004070 node.go:52: do prepare
node-12 2022/01/05 20:40:29.006071 node.go:52: do prepare
node-12 2022/01/05 20:40:29.007063 node.go:52: do prepare
node-12 2022/01/05 20:40:29.008060 node.go:52: do prepare
node-12 2022/01/05 20:40:29.008060 node.go:52: do reply
node-12 2022/01/05 20:40:29.008060 node.go:52: do commit
node-12 2022/01/05 20:40:29.008060 node.go:122: Result: Executed by node-4
node-12 2022/01/05 20:40:29.008060 node.go:52: do commit
node-12 2022/01/05 20:40:29.008060 node.go:133: Committed value: node-2, 1641386421, Test, 1641386340740035780
node-12 2022/01/05 20:40:29.008060 node.go:133: Committed value: node-5, 1641386422, Test, 1641386340740035781
node-12 2022/01/05 20:40:29.008060 node.go:133: Committed value: node-6, 1641386423, Test, 1641386340740035782
node-12 2022/01/05 20:40:29.008060 node.go:133: Committed value: node-8, 1641386424, Test, 1641386340740035783
node-12 2022/01/05 20:40:29.008060 node.go:133: Committed value: node-3, 1641386425, Test, 1641386340740035784
node-12 2022/01/05 20:40:29.008060 node.go:133: Committed value: node-1, 1641386426, Test, 1641386340740035785
node-12 2022/01/05 20:40:29.008060 node.go:133: Committed value: node-5, 1641386427, Test, 1641386340740035786
node-12 2022/01/05 20:40:29.008060 node.go:133: Committed value: node-12, 1641386429, Test, 1641386340740035787
node-12 2022/01/05 20:40:29.008060 node.go:135: 
node-12 2022/01/05 20:40:29.008060 node.go:139: Reply Finished!
node-12 2022/01/05 20:40:29.009057 node.go:52: do reply
node-12 2022/01/05 20:40:29.009057 node.go:122: Result: Executed by node-12
node-12 2022/01/05 20:40:29.009057 node.go:52: do prepare
node-12 2022/01/05 20:40:29.009057 node.go:52: do commit
node-12 2022/01/05 20:40:29.009057 node.go:52: do commit
node-12 2022/01/05 20:40:29.010054 node.go:52: do reply
node-12 2022/01/05 20:40:29.010054 node.go:122: Result: Executed by node-9
node-12 2022/01/05 20:40:29.010054 node.go:52: do commit
node-12 2022/01/05 20:40:29.010054 node.go:52: do reply
node-12 2022/01/05 20:40:29.010054 node.go:122: Result: Executed by node-6
node-12 2022/01/05 20:40:29.010054 node.go:52: do commit
node-12 2022/01/05 20:40:29.010054 node.go:52: do commit
node-12 2022/01/05 20:40:29.011052 node.go:52: do commit
node-12 2022/01/05 20:40:29.011052 node.go:52: do prepare
node-12 2022/01/05 20:40:29.011052 node.go:52: do reply
node-12 2022/01/05 20:40:29.011052 node.go:52: do reply
node-12 2022/01/05 20:40:29.011052 node.go:52: do reply
node-12 2022/01/05 20:40:29.011052 node.go:122: Result: Executed by node-3
node-12 2022/01/05 20:40:29.011052 node.go:122: Result: Executed by node-11
node-12 2022/01/05 20:40:29.011052 node.go:122: Result: Executed by node-2
node-12 2022/01/05 20:40:29.011052 node.go:115: Request Finished! Delay: 10974
node-12 2022/01/05 20:40:29.011052 node.go:116: 1641386429000078 1641386429011052
node-12 2022/01/05 20:40:29.011052 node.go:52: do reply
node-12 2022/01/05 20:40:29.011052 node.go:52: do reply
node-12 2022/01/05 20:40:29.011052 node.go:122: Result: Executed by node-8
node-12 2022/01/05 20:40:29.011052 node.go:122: Result: Executed by node-10
node-12 2022/01/05 20:40:29.012049 node.go:52: do commit
node-12 2022/01/05 20:40:29.012049 node.go:52: do commit
node-12 2022/01/05 20:40:29.013045 node.go:52: do commit
node-12 2022/01/05 20:40:29.013045 node.go:52: do reply
node-12 2022/01/05 20:40:29.013045 node.go:122: Result: Executed by node-1
node-12 2022/01/05 20:40:29.014044 node.go:52: do reply
node-12 2022/01/05 20:40:29.014044 node.go:122: Result: Executed by node-7
node-12 2022/01/05 20:40:29.015042 node.go:52: do reply
node-12 2022/01/05 20:40:29.015042 node.go:122: Result: Executed by node-5
node-12 2022/01/05 20:40:30.022876 node.go:52: do client
node-12 2022/01/05 20:40:30.022876 node.go:110: Start request as Client, time: 1641386430022876
node-12 2022/01/05 20:40:30.023900 node.go:52: do pre-prepare
node-12 2022/01/05 20:40:30.024883 node.go:52: do prepare
node-12 2022/01/05 20:40:30.024883 node.go:52: do prepare
node-12 2022/01/05 20:40:30.025879 node.go:52: do prepare
node-12 2022/01/05 20:40:30.025879 node.go:52: do prepare
node-12 2022/01/05 20:40:30.025879 node.go:52: do prepare
node-12 2022/01/05 20:40:30.027886 node.go:52: do commit
node-12 2022/01/05 20:40:30.027886 node.go:133: Committed value: node-2, 1641386421, Test, 1641386340740035780
node-12 2022/01/05 20:40:30.027886 node.go:133: Committed value: node-5, 1641386422, Test, 1641386340740035781
node-12 2022/01/05 20:40:30.027886 node.go:133: Committed value: node-6, 1641386423, Test, 1641386340740035782
node-12 2022/01/05 20:40:30.027886 node.go:133: Committed value: node-8, 1641386424, Test, 1641386340740035783
node-12 2022/01/05 20:40:30.027886 node.go:133: Committed value: node-3, 1641386425, Test, 1641386340740035784
node-12 2022/01/05 20:40:30.027886 node.go:133: Committed value: node-1, 1641386426, Test, 1641386340740035785
node-12 2022/01/05 20:40:30.027886 node.go:133: Committed value: node-5, 1641386427, Test, 1641386340740035786
node-12 2022/01/05 20:40:30.027886 node.go:133: Committed value: node-12, 1641386429, Test, 1641386340740035787
node-12 2022/01/05 20:40:30.027886 node.go:133: Committed value: node-12, 1641386430, Test, 1641386340740035788
node-12 2022/01/05 20:40:30.027886 node.go:135: 
node-12 2022/01/05 20:40:30.027886 node.go:139: Reply Finished!
node-12 2022/01/05 20:40:30.027886 node.go:52: do reply
node-12 2022/01/05 20:40:30.027886 node.go:122: Result: Executed by node-12
node-12 2022/01/05 20:40:30.027886 node.go:52: do prepare
node-12 2022/01/05 20:40:30.028872 node.go:52: do reply
node-12 2022/01/05 20:40:30.029870 node.go:122: Result: Executed by node-1
node-12 2022/01/05 20:40:30.029870 node.go:52: do commit
node-12 2022/01/05 20:40:30.029870 node.go:52: do reply
node-12 2022/01/05 20:40:30.029870 node.go:122: Result: Executed by node-11
node-12 2022/01/05 20:40:30.030867 node.go:52: do commit
node-12 2022/01/05 20:40:30.030867 node.go:52: do commit
node-12 2022/01/05 20:40:30.031929 node.go:52: do prepare
node-12 2022/01/05 20:40:30.031929 node.go:52: do commit
node-12 2022/01/05 20:40:30.032928 node.go:52: do commit
node-12 2022/01/05 20:40:30.032928 node.go:52: do prepare
node-12 2022/01/05 20:40:30.033926 node.go:52: do commit
node-12 2022/01/05 20:40:30.033926 node.go:52: do commit
node-12 2022/01/05 20:40:30.033926 node.go:52: do commit
node-12 2022/01/05 20:40:30.034923 node.go:52: do reply
node-12 2022/01/05 20:40:30.034923 node.go:122: Result: Executed by node-6
node-12 2022/01/05 20:40:30.034923 node.go:52: do reply
node-12 2022/01/05 20:40:30.034923 node.go:122: Result: Executed by node-7
node-12 2022/01/05 20:40:30.034923 node.go:115: Request Finished! Delay: 12047
node-12 2022/01/05 20:40:30.034923 node.go:116: 1641386430022876 1641386430034923
node-12 2022/01/05 20:40:30.034923 node.go:52: do prepare
node-12 2022/01/05 20:40:30.034923 node.go:52: do reply
node-12 2022/01/05 20:40:30.034923 node.go:122: Result: Executed by node-3
node-12 2022/01/05 20:40:30.034923 node.go:52: do reply
node-12 2022/01/05 20:40:30.034923 node.go:122: Result: Executed by node-2
node-12 2022/01/05 20:40:30.034923 node.go:52: do prepare
node-12 2022/01/05 20:40:30.035921 node.go:52: do reply
node-12 2022/01/05 20:40:30.035921 node.go:122: Result: Executed by node-5
node-12 2022/01/05 20:40:30.035921 node.go:52: do reply
node-12 2022/01/05 20:40:30.035921 node.go:122: Result: Executed by node-9
node-12 2022/01/05 20:40:30.035921 node.go:52: do commit
node-12 2022/01/05 20:40:30.036919 node.go:52: do reply
node-12 2022/01/05 20:40:30.036919 node.go:122: Result: Executed by node-4
node-12 2022/01/05 20:40:30.038913 node.go:52: do commit
node-12 2022/01/05 20:40:30.038913 node.go:52: do reply
node-12 2022/01/05 20:40:30.038913 node.go:122: Result: Executed by node-10
node-12 2022/01/05 20:40:30.039910 node.go:52: do reply
node-12 2022/01/05 20:40:30.039910 node.go:122: Result: Executed by node-8
node-12 2022/01/05 20:40:31.036780 node.go:52: do pre-prepare
node-12 2022/01/05 20:40:31.038777 node.go:52: do prepare
node-12 2022/01/05 20:40:31.038777 node.go:52: do prepare
node-12 2022/01/05 20:40:31.042394 node.go:52: do prepare
node-12 2022/01/05 20:40:31.043390 node.go:52: do prepare
node-12 2022/01/05 20:40:31.043390 node.go:52: do commit
node-12 2022/01/05 20:40:31.043390 node.go:52: do prepare
node-12 2022/01/05 20:40:31.043390 node.go:52: do prepare
node-12 2022/01/05 20:40:31.043390 node.go:133: Committed value: node-2, 1641386421, Test, 1641386340740035780
node-12 2022/01/05 20:40:31.043390 node.go:133: Committed value: node-5, 1641386422, Test, 1641386340740035781
node-12 2022/01/05 20:40:31.043390 node.go:133: Committed value: node-6, 1641386423, Test, 1641386340740035782
node-12 2022/01/05 20:40:31.043390 node.go:133: Committed value: node-8, 1641386424, Test, 1641386340740035783
node-12 2022/01/05 20:40:31.043390 node.go:133: Committed value: node-3, 1641386425, Test, 1641386340740035784
node-12 2022/01/05 20:40:31.043390 node.go:133: Committed value: node-1, 1641386426, Test, 1641386340740035785
node-12 2022/01/05 20:40:31.043390 node.go:133: Committed value: node-5, 1641386427, Test, 1641386340740035786
node-12 2022/01/05 20:40:31.043390 node.go:133: Committed value: node-12, 1641386429, Test, 1641386340740035787
node-12 2022/01/05 20:40:31.043390 node.go:133: Committed value: node-12, 1641386430, Test, 1641386340740035788
node-12 2022/01/05 20:40:31.043390 node.go:133: Committed value: node-6, 1641386431, Test, 1641386340740035789
node-12 2022/01/05 20:40:31.043390 node.go:135: 
node-12 2022/01/05 20:40:31.043390 node.go:139: Reply Finished!
node-12 2022/01/05 20:40:31.044397 node.go:52: do commit
node-12 2022/01/05 20:40:31.044397 node.go:52: do commit
node-12 2022/01/05 20:40:31.044397 node.go:52: do prepare
node-12 2022/01/05 20:40:31.045385 node.go:52: do commit
node-12 2022/01/05 20:40:31.045385 node.go:52: do prepare
node-12 2022/01/05 20:40:31.045385 node.go:52: do commit
node-12 2022/01/05 20:40:31.045385 node.go:52: do commit
node-12 2022/01/05 20:40:31.046382 node.go:52: do commit
node-12 2022/01/05 20:40:31.047379 node.go:52: do commit
node-12 2022/01/05 20:40:31.047379 node.go:52: do prepare
node-12 2022/01/05 20:40:31.047379 node.go:52: do commit
node-12 2022/01/05 20:40:31.048377 node.go:52: do prepare
node-12 2022/01/05 20:40:31.049375 node.go:52: do commit
node-12 2022/01/05 20:40:31.050372 node.go:52: do commit
node-12 2022/01/05 20:40:32.059676 node.go:52: do add
node-12 2022/01/05 20:40:32.059676 node.go:577: f: 4 ; 2f: 8
node-12 2022/01/05 20:40:32.062670 node.go:52: do pre-prepare
node-12 2022/01/05 20:40:32.064665 node.go:52: do prepare
node-12 2022/01/05 20:40:32.065662 node.go:52: do prepare
node-12 2022/01/05 20:40:32.065662 node.go:52: do prepare
node-12 2022/01/05 20:40:32.066352 node.go:52: do prepare
node-12 2022/01/05 20:40:32.066352 node.go:52: do prepare
node-12 2022/01/05 20:40:32.066352 node.go:52: do prepare
node-12 2022/01/05 20:40:32.066352 node.go:52: do commit
node-12 2022/01/05 20:40:32.067351 node.go:52: do commit
node-12 2022/01/05 20:40:32.067351 node.go:133: Committed value: node-2, 1641386421, Test, 1641386340740035780
node-12 2022/01/05 20:40:32.067351 node.go:133: Committed value: node-5, 1641386422, Test, 1641386340740035781
node-12 2022/01/05 20:40:32.067351 node.go:133: Committed value: node-6, 1641386423, Test, 1641386340740035782
node-12 2022/01/05 20:40:32.067351 node.go:133: Committed value: node-8, 1641386424, Test, 1641386340740035783
node-12 2022/01/05 20:40:32.067351 node.go:133: Committed value: node-3, 1641386425, Test, 1641386340740035784
node-12 2022/01/05 20:40:32.067351 node.go:133: Committed value: node-1, 1641386426, Test, 1641386340740035785
node-12 2022/01/05 20:40:32.067351 node.go:133: Committed value: node-5, 1641386427, Test, 1641386340740035786
node-12 2022/01/05 20:40:32.067351 node.go:133: Committed value: node-12, 1641386429, Test, 1641386340740035787
node-12 2022/01/05 20:40:32.067351 node.go:133: Committed value: node-12, 1641386430, Test, 1641386340740035788
node-12 2022/01/05 20:40:32.067351 node.go:133: Committed value: node-6, 1641386431, Test, 1641386340740035789
node-12 2022/01/05 20:40:32.067351 node.go:133: Committed value: node-9, 1641386432, Test, 1641386340740035790
node-12 2022/01/05 20:40:32.067351 node.go:135: 
node-12 2022/01/05 20:40:32.067351 node.go:139: Reply Finished!
node-12 2022/01/05 20:40:32.068349 node.go:52: do prepare
node-12 2022/01/05 20:40:32.069348 node.go:52: do prepare
node-12 2022/01/05 20:40:32.069348 node.go:52: do prepare
node-12 2022/01/05 20:40:32.070350 node.go:52: do commit
node-12 2022/01/05 20:40:32.071341 node.go:52: do commit
node-12 2022/01/05 20:40:32.071341 node.go:52: do prepare
node-12 2022/01/05 20:40:32.071341 node.go:52: do prepare
node-12 2022/01/05 20:40:32.072338 node.go:52: do commit
node-12 2022/01/05 20:40:32.072338 node.go:52: do commit
node-12 2022/01/05 20:40:32.073335 node.go:52: do commit
node-12 2022/01/05 20:40:32.075330 node.go:52: do commit
node-12 2022/01/05 20:40:32.075330 node.go:52: do commit
node-12 2022/01/05 20:40:32.076328 node.go:52: do commit
node-12 2022/01/05 20:40:32.077325 node.go:52: do commit
node-12 2022/01/05 20:40:32.077325 node.go:52: do commit
node-12 2022/01/05 20:40:33.087904 node.go:52: do pre-prepare
node-12 2022/01/05 20:40:33.088898 node.go:52: do prepare
node-12 2022/01/05 20:40:33.089897 node.go:52: do prepare
node-12 2022/01/05 20:40:33.089897 node.go:52: do prepare
node-12 2022/01/05 20:40:33.090905 node.go:52: do prepare
node-12 2022/01/05 20:40:33.090905 node.go:52: do commit
node-12 2022/01/05 20:40:33.090905 node.go:133: Committed value: node-2, 1641386421, Test, 1641386340740035780
node-12 2022/01/05 20:40:33.090905 node.go:133: Committed value: node-5, 1641386422, Test, 1641386340740035781
node-12 2022/01/05 20:40:33.090905 node.go:133: Committed value: node-6, 1641386423, Test, 1641386340740035782
node-12 2022/01/05 20:40:33.090905 node.go:133: Committed value: node-8, 1641386424, Test, 1641386340740035783
node-12 2022/01/05 20:40:33.090905 node.go:133: Committed value: node-3, 1641386425, Test, 1641386340740035784
node-12 2022/01/05 20:40:33.090905 node.go:133: Committed value: node-1, 1641386426, Test, 1641386340740035785
node-12 2022/01/05 20:40:33.090905 node.go:133: Committed value: node-5, 1641386427, Test, 1641386340740035786
node-12 2022/01/05 20:40:33.090905 node.go:133: Committed value: node-12, 1641386429, Test, 1641386340740035787
node-12 2022/01/05 20:40:33.090905 node.go:133: Committed value: node-12, 1641386430, Test, 1641386340740035788
node-12 2022/01/05 20:40:33.090905 node.go:133: Committed value: node-6, 1641386431, Test, 1641386340740035789
node-12 2022/01/05 20:40:33.090905 node.go:133: Committed value: node-9, 1641386432, Test, 1641386340740035790
node-12 2022/01/05 20:40:33.090905 node.go:133: Committed value: node-5, 1641386433, Test, 1641386340740035791
node-12 2022/01/05 20:40:33.090905 node.go:135: 
node-12 2022/01/05 20:40:33.090905 node.go:139: Reply Finished!
node-12 2022/01/05 20:40:33.091892 node.go:52: do commit
node-12 2022/01/05 20:40:33.093884 node.go:52: do prepare
node-12 2022/01/05 20:40:33.095880 node.go:52: do commit
node-12 2022/01/05 20:40:33.096906 node.go:52: do prepare
node-12 2022/01/05 20:40:33.096906 node.go:52: do commit
node-12 2022/01/05 20:40:33.097905 node.go:52: do commit
node-12 2022/01/05 20:40:33.097905 node.go:52: do prepare
node-12 2022/01/05 20:40:33.098903 node.go:52: do commit
node-12 2022/01/05 20:40:33.098903 node.go:52: do prepare
node-12 2022/01/05 20:40:33.098903 node.go:52: do commit
node-12 2022/01/05 20:40:33.099901 node.go:52: do prepare
node-12 2022/01/05 20:40:33.099901 node.go:52: do prepare
node-12 2022/01/05 20:40:33.100897 node.go:52: do commit
node-12 2022/01/05 20:40:33.100897 node.go:52: do commit
node-12 2022/01/05 20:40:33.101896 node.go:52: do prepare
node-12 2022/01/05 20:40:33.101896 node.go:52: do commit
node-12 2022/01/05 20:40:33.101896 node.go:52: do commit
node-12 2022/01/05 20:40:33.103889 node.go:52: do commit
node-12 2022/01/05 20:40:34.113948 node.go:52: do prepare
node-12 2022/01/05 20:40:34.113948 node.go:52: do prepare
node-12 2022/01/05 20:40:34.113948 node.go:52: do prepare
node-12 2022/01/05 20:40:34.115942 node.go:52: do commit
node-12 2022/01/05 20:40:34.116941 node.go:52: do commit
node-12 2022/01/05 20:40:34.116941 node.go:52: do commit
node-12 2022/01/05 20:40:34.117937 node.go:52: do commit
node-12 2022/01/05 20:40:34.117937 node.go:52: do pre-prepare
node-12 2022/01/05 20:40:34.117937 node.go:52: do commit
node-12 2022/01/05 20:40:34.121343 node.go:52: do prepare
node-12 2022/01/05 20:40:34.121343 node.go:52: do prepare
node-12 2022/01/05 20:40:34.122348 node.go:52: do commit
node-12 2022/01/05 20:40:34.122348 node.go:133: Committed value: node-2, 1641386421, Test, 1641386340740035780
node-12 2022/01/05 20:40:34.122348 node.go:133: Committed value: node-5, 1641386422, Test, 1641386340740035781
node-12 2022/01/05 20:40:34.122348 node.go:133: Committed value: node-6, 1641386423, Test, 1641386340740035782
node-12 2022/01/05 20:40:34.122348 node.go:133: Committed value: node-8, 1641386424, Test, 1641386340740035783
node-12 2022/01/05 20:40:34.122348 node.go:133: Committed value: node-3, 1641386425, Test, 1641386340740035784
node-12 2022/01/05 20:40:34.122348 node.go:133: Committed value: node-1, 1641386426, Test, 1641386340740035785
node-12 2022/01/05 20:40:34.122348 node.go:133: Committed value: node-5, 1641386427, Test, 1641386340740035786
node-12 2022/01/05 20:40:34.122348 node.go:133: Committed value: node-12, 1641386429, Test, 1641386340740035787
node-12 2022/01/05 20:40:34.122348 node.go:133: Committed value: node-12, 1641386430, Test, 1641386340740035788
node-12 2022/01/05 20:40:34.122348 node.go:133: Committed value: node-6, 1641386431, Test, 1641386340740035789
node-12 2022/01/05 20:40:34.122348 node.go:133: Committed value: node-9, 1641386432, Test, 1641386340740035790
node-12 2022/01/05 20:40:34.122348 node.go:133: Committed value: node-5, 1641386433, Test, 1641386340740035791
node-12 2022/01/05 20:40:34.122348 node.go:133: Committed value: node-5, 1641386434, Test, 1641386340740035792
node-12 2022/01/05 20:40:34.122348 node.go:135: 
node-12 2022/01/05 20:40:34.122348 node.go:139: Reply Finished!
node-12 2022/01/05 20:40:34.122348 node.go:52: do prepare
node-12 2022/01/05 20:40:34.122348 node.go:52: do commit
node-12 2022/01/05 20:40:34.122348 node.go:52: do prepare
node-12 2022/01/05 20:40:34.123340 node.go:52: do prepare
node-12 2022/01/05 20:40:34.123340 node.go:52: do commit
node-12 2022/01/05 20:40:34.123340 node.go:52: do prepare
node-12 2022/01/05 20:40:34.124337 node.go:52: do commit
node-12 2022/01/05 20:40:34.124337 node.go:52: do prepare
node-12 2022/01/05 20:40:34.124337 node.go:52: do prepare
node-12 2022/01/05 20:40:34.124337 node.go:52: do commit
node-12 2022/01/05 20:40:34.126332 node.go:52: do commit
node-12 2022/01/05 20:40:34.126332 node.go:52: do commit
node-12 2022/01/05 20:40:35.122423 node.go:52: do pre-prepare
node-12 2022/01/05 20:40:35.124416 node.go:52: do prepare
node-12 2022/01/05 20:40:35.125414 node.go:52: do prepare
node-12 2022/01/05 20:40:35.125414 node.go:52: do prepare
node-12 2022/01/05 20:40:35.126411 node.go:52: do prepare
node-12 2022/01/05 20:40:35.126411 node.go:52: do commit
node-12 2022/01/05 20:40:35.126411 node.go:52: do commit
node-12 2022/01/05 20:40:35.126411 node.go:52: do prepare
node-12 2022/01/05 20:40:35.128406 node.go:52: do prepare
node-12 2022/01/05 20:40:35.129403 node.go:52: do prepare
node-12 2022/01/05 20:40:35.130401 node.go:52: do commit
node-12 2022/01/05 20:40:35.130401 node.go:52: do commit
node-12 2022/01/05 20:40:35.130401 node.go:52: do commit
node-12 2022/01/05 20:40:35.131399 node.go:52: do prepare
node-12 2022/01/05 20:40:35.131399 node.go:52: do commit
node-12 2022/01/05 20:40:35.132400 node.go:52: do prepare
node-12 2022/01/05 20:40:35.133395 node.go:52: do commit
node-12 2022/01/05 20:40:35.133395 node.go:133: Committed value: node-2, 1641386421, Test, 1641386340740035780
node-12 2022/01/05 20:40:35.133395 node.go:133: Committed value: node-5, 1641386422, Test, 1641386340740035781
node-12 2022/01/05 20:40:35.133395 node.go:133: Committed value: node-6, 1641386423, Test, 1641386340740035782
node-12 2022/01/05 20:40:35.133395 node.go:133: Committed value: node-8, 1641386424, Test, 1641386340740035783
node-12 2022/01/05 20:40:35.133395 node.go:133: Committed value: node-3, 1641386425, Test, 1641386340740035784
node-12 2022/01/05 20:40:35.133395 node.go:133: Committed value: node-1, 1641386426, Test, 1641386340740035785
node-12 2022/01/05 20:40:35.133395 node.go:133: Committed value: node-5, 1641386427, Test, 1641386340740035786
node-12 2022/01/05 20:40:35.133395 node.go:133: Committed value: node-12, 1641386429, Test, 1641386340740035787
node-12 2022/01/05 20:40:35.133395 node.go:133: Committed value: node-12, 1641386430, Test, 1641386340740035788
node-12 2022/01/05 20:40:35.133395 node.go:133: Committed value: node-6, 1641386431, Test, 1641386340740035789
node-12 2022/01/05 20:40:35.133395 node.go:133: Committed value: node-9, 1641386432, Test, 1641386340740035790
node-12 2022/01/05 20:40:35.133395 node.go:133: Committed value: node-5, 1641386433, Test, 1641386340740035791
node-12 2022/01/05 20:40:35.133395 node.go:133: Committed value: node-5, 1641386434, Test, 1641386340740035792
node-12 2022/01/05 20:40:35.133395 node.go:133: Committed value: node-9, 1641386435, Test, 1641386340740035793
node-12 2022/01/05 20:40:35.133395 node.go:135: 
node-12 2022/01/05 20:40:35.133395 node.go:139: Reply Finished!
node-12 2022/01/05 20:40:35.134391 node.go:52: do commit
node-12 2022/01/05 20:40:35.135388 node.go:52: do prepare
node-12 2022/01/05 20:40:35.135388 node.go:52: do commit
node-12 2022/01/05 20:40:35.136386 node.go:52: do prepare
node-12 2022/01/05 20:40:35.136386 node.go:52: do commit
node-12 2022/01/05 20:40:35.138384 node.go:52: do commit
node-12 2022/01/05 20:40:35.139379 node.go:52: do commit
node-12 2022/01/05 20:40:36.132973 node.go:52: do client
node-12 2022/01/05 20:40:36.132973 node.go:110: Start request as Client, time: 1641386436132973
node-12 2022/01/05 20:40:36.134828 node.go:52: do prepare
node-12 2022/01/05 20:40:36.134828 node.go:52: do prepare
node-12 2022/01/05 20:40:36.135825 node.go:52: do commit
node-12 2022/01/05 20:40:36.135825 node.go:52: do prepare
node-12 2022/01/05 20:40:36.135825 node.go:52: do commit
node-12 2022/01/05 20:40:36.136823 node.go:52: do prepare
node-12 2022/01/05 20:40:36.137821 node.go:52: do pre-prepare
node-12 2022/01/05 20:40:36.138818 node.go:52: do prepare
node-12 2022/01/05 20:40:36.138818 node.go:52: do reply
node-12 2022/01/05 20:40:36.138818 node.go:122: Result: Executed by node-7
node-12 2022/01/05 20:40:36.139815 node.go:52: do prepare
node-12 2022/01/05 20:40:36.139815 node.go:52: do reply
node-12 2022/01/05 20:40:36.139815 node.go:122: Result: Executed by node-1
node-12 2022/01/05 20:40:36.140813 node.go:52: do prepare
node-12 2022/01/05 20:40:36.140813 node.go:52: do commit
node-12 2022/01/05 20:40:36.141809 node.go:52: do reply
node-12 2022/01/05 20:40:36.141809 node.go:122: Result: Executed by node-3
node-12 2022/01/05 20:40:36.141809 node.go:52: do prepare
node-12 2022/01/05 20:40:36.141809 node.go:52: do reply
node-12 2022/01/05 20:40:36.141809 node.go:52: do commit
node-12 2022/01/05 20:40:36.141809 node.go:122: Result: Executed by node-9
node-12 2022/01/05 20:40:36.141809 node.go:52: do prepare
node-12 2022/01/05 20:40:36.141809 node.go:52: do reply
node-12 2022/01/05 20:40:36.141809 node.go:122: Result: Executed by node-6
node-12 2022/01/05 20:40:36.141809 node.go:115: Request Finished! Delay: 8836
node-12 2022/01/05 20:40:36.141809 node.go:116: 1641386436132973 1641386436141809
node-12 2022/01/05 20:40:36.141809 node.go:52: do prepare
node-12 2022/01/05 20:40:36.141809 node.go:52: do reply
node-12 2022/01/05 20:40:36.141809 node.go:122: Result: Executed by node-8
node-12 2022/01/05 20:40:36.142808 node.go:52: do reply
node-12 2022/01/05 20:40:36.142808 node.go:122: Result: Executed by node-5
node-12 2022/01/05 20:40:36.142808 node.go:52: do reply
node-12 2022/01/05 20:40:36.142808 node.go:122: Result: Executed by node-4
node-12 2022/01/05 20:40:36.143805 node.go:52: do commit
node-12 2022/01/05 20:40:36.143805 node.go:133: Committed value: node-2, 1641386421, Test, 1641386340740035780
node-12 2022/01/05 20:40:36.143805 node.go:133: Committed value: node-5, 1641386422, Test, 1641386340740035781
node-12 2022/01/05 20:40:36.143805 node.go:133: Committed value: node-6, 1641386423, Test, 1641386340740035782
node-12 2022/01/05 20:40:36.143805 node.go:133: Committed value: node-8, 1641386424, Test, 1641386340740035783
node-12 2022/01/05 20:40:36.143805 node.go:133: Committed value: node-3, 1641386425, Test, 1641386340740035784
node-12 2022/01/05 20:40:36.143805 node.go:133: Committed value: node-1, 1641386426, Test, 1641386340740035785
node-12 2022/01/05 20:40:36.143805 node.go:133: Committed value: node-5, 1641386427, Test, 1641386340740035786
node-12 2022/01/05 20:40:36.143805 node.go:133: Committed value: node-12, 1641386429, Test, 1641386340740035787
node-12 2022/01/05 20:40:36.143805 node.go:133: Committed value: node-12, 1641386430, Test, 1641386340740035788
node-12 2022/01/05 20:40:36.143805 node.go:133: Committed value: node-6, 1641386431, Test, 1641386340740035789
node-12 2022/01/05 20:40:36.143805 node.go:133: Committed value: node-9, 1641386432, Test, 1641386340740035790
node-12 2022/01/05 20:40:36.143805 node.go:133: Committed value: node-5, 1641386433, Test, 1641386340740035791
node-12 2022/01/05 20:40:36.143805 node.go:133: Committed value: node-5, 1641386434, Test, 1641386340740035792
node-12 2022/01/05 20:40:36.143805 node.go:133: Committed value: node-9, 1641386435, Test, 1641386340740035793
node-12 2022/01/05 20:40:36.143805 node.go:133: Committed value: node-12, 1641386436, Test, 1641386340740035794
node-12 2022/01/05 20:40:36.143805 node.go:135: 
node-12 2022/01/05 20:40:36.143805 node.go:139: Reply Finished!
node-12 2022/01/05 20:40:36.143805 node.go:52: do reply
node-12 2022/01/05 20:40:36.143805 node.go:122: Result: Executed by node-12
node-12 2022/01/05 20:40:36.143805 node.go:52: do prepare
node-12 2022/01/05 20:40:36.143805 node.go:52: do commit
node-12 2022/01/05 20:40:36.143805 node.go:52: do commit
node-12 2022/01/05 20:40:36.143805 node.go:52: do reply
node-12 2022/01/05 20:40:36.143805 node.go:122: Result: Executed by node-11
node-12 2022/01/05 20:40:36.144802 node.go:52: do reply
node-12 2022/01/05 20:40:36.144802 node.go:122: Result: Executed by node-13
node-12 2022/01/05 20:40:36.144802 node.go:52: do commit
node-12 2022/01/05 20:40:36.144802 node.go:52: do reply
node-12 2022/01/05 20:40:36.144802 node.go:122: Result: Executed by node-10
node-12 2022/01/05 20:40:36.144802 node.go:52: do reply
node-12 2022/01/05 20:40:36.144802 node.go:122: Result: Executed by node-2
node-12 2022/01/05 20:40:36.144802 node.go:52: do commit
node-12 2022/01/05 20:40:36.145800 node.go:52: do commit
node-12 2022/01/05 20:40:36.147795 node.go:52: do commit
node-12 2022/01/05 20:40:36.147795 node.go:52: do commit
node-12 2022/01/05 20:40:37.153636 node.go:52: do pre-prepare
node-12 2022/01/05 20:40:37.154637 node.go:52: do prepare
node-12 2022/01/05 20:40:37.154637 node.go:52: do prepare
node-12 2022/01/05 20:40:37.155630 node.go:52: do commit
node-12 2022/01/05 20:40:37.156627 node.go:52: do commit
node-12 2022/01/05 20:40:37.156627 node.go:52: do commit
node-12 2022/01/05 20:40:37.156627 node.go:52: do prepare
node-12 2022/01/05 20:40:37.156627 node.go:52: do prepare
node-12 2022/01/05 20:40:37.156627 node.go:133: Committed value: node-2, 1641386421, Test, 1641386340740035780
node-12 2022/01/05 20:40:37.156627 node.go:133: Committed value: node-5, 1641386422, Test, 1641386340740035781
node-12 2022/01/05 20:40:37.156627 node.go:133: Committed value: node-6, 1641386423, Test, 1641386340740035782
node-12 2022/01/05 20:40:37.156627 node.go:133: Committed value: node-8, 1641386424, Test, 1641386340740035783
node-12 2022/01/05 20:40:37.156627 node.go:133: Committed value: node-3, 1641386425, Test, 1641386340740035784
node-12 2022/01/05 20:40:37.156627 node.go:133: Committed value: node-1, 1641386426, Test, 1641386340740035785
node-12 2022/01/05 20:40:37.156627 node.go:133: Committed value: node-5, 1641386427, Test, 1641386340740035786
node-12 2022/01/05 20:40:37.156627 node.go:133: Committed value: node-12, 1641386429, Test, 1641386340740035787
node-12 2022/01/05 20:40:37.156627 node.go:133: Committed value: node-12, 1641386430, Test, 1641386340740035788
node-12 2022/01/05 20:40:37.156627 node.go:133: Committed value: node-6, 1641386431, Test, 1641386340740035789
node-12 2022/01/05 20:40:37.156627 node.go:133: Committed value: node-9, 1641386432, Test, 1641386340740035790
node-12 2022/01/05 20:40:37.156627 node.go:133: Committed value: node-5, 1641386433, Test, 1641386340740035791
node-12 2022/01/05 20:40:37.156627 node.go:133: Committed value: node-5, 1641386434, Test, 1641386340740035792
node-12 2022/01/05 20:40:37.156627 node.go:133: Committed value: node-9, 1641386435, Test, 1641386340740035793
node-12 2022/01/05 20:40:37.156627 node.go:133: Committed value: node-12, 1641386436, Test, 1641386340740035794
node-12 2022/01/05 20:40:37.156627 node.go:133: Committed value: node-9, 1641386437, Test, 1641386340740035795
node-12 2022/01/05 20:40:37.156627 node.go:135: 
node-12 2022/01/05 20:40:37.156627 node.go:139: Reply Finished!
node-12 2022/01/05 20:40:37.158623 node.go:52: do prepare
node-12 2022/01/05 20:40:37.159619 node.go:52: do commit
node-12 2022/01/05 20:40:37.162717 node.go:52: do commit
node-12 2022/01/05 20:40:37.162717 node.go:52: do prepare
node-12 2022/01/05 20:40:37.163714 node.go:52: do commit
node-12 2022/01/05 20:40:37.163714 node.go:52: do commit
node-12 2022/01/05 20:40:37.164712 node.go:52: do prepare
node-12 2022/01/05 20:40:37.164712 node.go:52: do commit
node-12 2022/01/05 20:40:37.165708 node.go:52: do prepare
node-12 2022/01/05 20:40:37.166707 node.go:52: do commit
node-12 2022/01/05 20:40:37.167704 node.go:52: do commit
node-12 2022/01/05 20:40:37.167704 node.go:52: do prepare
node-12 2022/01/05 20:40:37.167704 node.go:52: do commit
node-12 2022/01/05 20:40:37.168700 node.go:52: do commit
node-12 2022/01/05 20:40:37.171693 node.go:52: do prepare
node-12 2022/01/05 20:40:37.172690 node.go:52: do prepare
node-12 2022/01/05 20:40:38.178873 node.go:52: do pre-prepare
node-12 2022/01/05 20:40:38.180868 node.go:52: do prepare
node-12 2022/01/05 20:40:38.180868 node.go:52: do commit
node-12 2022/01/05 20:40:38.181858 node.go:52: do prepare
node-12 2022/01/05 20:40:38.181858 node.go:52: do prepare
node-12 2022/01/05 20:40:38.181858 node.go:52: do commit
node-12 2022/01/05 20:40:38.182856 node.go:52: do prepare
node-12 2022/01/05 20:40:38.182856 node.go:133: Committed value: node-2, 1641386421, Test, 1641386340740035780
node-12 2022/01/05 20:40:38.182856 node.go:133: Committed value: node-5, 1641386422, Test, 1641386340740035781
node-12 2022/01/05 20:40:38.182856 node.go:133: Committed value: node-6, 1641386423, Test, 1641386340740035782
node-12 2022/01/05 20:40:38.182856 node.go:133: Committed value: node-8, 1641386424, Test, 1641386340740035783
node-12 2022/01/05 20:40:38.182856 node.go:133: Committed value: node-3, 1641386425, Test, 1641386340740035784
node-12 2022/01/05 20:40:38.182856 node.go:133: Committed value: node-1, 1641386426, Test, 1641386340740035785
node-12 2022/01/05 20:40:38.182856 node.go:133: Committed value: node-5, 1641386427, Test, 1641386340740035786
node-12 2022/01/05 20:40:38.182856 node.go:133: Committed value: node-12, 1641386429, Test, 1641386340740035787
node-12 2022/01/05 20:40:38.182856 node.go:133: Committed value: node-12, 1641386430, Test, 1641386340740035788
node-12 2022/01/05 20:40:38.182856 node.go:133: Committed value: node-6, 1641386431, Test, 1641386340740035789
node-12 2022/01/05 20:40:38.182856 node.go:133: Committed value: node-9, 1641386432, Test, 1641386340740035790
node-12 2022/01/05 20:40:38.182856 node.go:133: Committed value: node-5, 1641386433, Test, 1641386340740035791
node-12 2022/01/05 20:40:38.182856 node.go:52: do commit
node-12 2022/01/05 20:40:38.182856 node.go:133: Committed value: node-5, 1641386434, Test, 1641386340740035792
node-12 2022/01/05 20:40:38.182856 node.go:133: Committed value: node-9, 1641386435, Test, 1641386340740035793
node-12 2022/01/05 20:40:38.182856 node.go:133: Committed value: node-12, 1641386436, Test, 1641386340740035794
node-12 2022/01/05 20:40:38.182856 node.go:133: Committed value: node-9, 1641386437, Test, 1641386340740035795
node-12 2022/01/05 20:40:38.182856 node.go:133: Committed value: node-11, 1641386438, Test, 1641386340740035796
node-12 2022/01/05 20:40:38.182856 node.go:135: 
node-12 2022/01/05 20:40:38.182856 node.go:139: Reply Finished!
node-12 2022/01/05 20:40:38.182856 node.go:52: do prepare
node-12 2022/01/05 20:40:38.182856 node.go:52: do prepare
node-12 2022/01/05 20:40:38.182856 node.go:52: do commit
node-12 2022/01/05 20:40:38.183853 node.go:52: do commit
node-12 2022/01/05 20:40:38.185849 node.go:52: do commit
node-12 2022/01/05 20:40:38.185849 node.go:52: do prepare
node-12 2022/01/05 20:40:38.188840 node.go:52: do commit
node-12 2022/01/05 20:40:38.189837 node.go:52: do prepare
node-12 2022/01/05 20:40:38.189837 node.go:52: do prepare
node-12 2022/01/05 20:40:38.189837 node.go:52: do commit
node-12 2022/01/05 20:40:38.190834 node.go:52: do commit
node-12 2022/01/05 20:40:38.190834 node.go:52: do commit
node-12 2022/01/05 20:40:38.191833 node.go:52: do prepare
node-12 2022/01/05 20:40:38.192830 node.go:52: do prepare
node-12 2022/01/05 20:40:38.192830 node.go:52: do commit
node-12 2022/01/05 20:40:38.193827 node.go:52: do commit
node-12 2022/01/05 20:40:39.198767 node.go:52: do prepare
node-12 2022/01/05 20:40:39.199755 node.go:52: do pre-prepare
node-12 2022/01/05 20:40:39.199755 node.go:52: do prepare
node-12 2022/01/05 20:40:39.199755 node.go:52: do prepare
node-12 2022/01/05 20:40:39.200754 node.go:52: do prepare
node-12 2022/01/05 20:40:39.200754 node.go:52: do commit
node-12 2022/01/05 20:40:39.200754 node.go:52: do prepare
node-12 2022/01/05 20:40:39.202749 node.go:52: do commit
node-12 2022/01/05 20:40:39.206341 node.go:52: do commit
node-12 2022/01/05 20:40:39.206341 node.go:133: Committed value: node-2, 1641386421, Test, 1641386340740035780
node-12 2022/01/05 20:40:39.206341 node.go:133: Committed value: node-5, 1641386422, Test, 1641386340740035781
node-12 2022/01/05 20:40:39.206341 node.go:133: Committed value: node-6, 1641386423, Test, 1641386340740035782
node-12 2022/01/05 20:40:39.206341 node.go:133: Committed value: node-8, 1641386424, Test, 1641386340740035783
node-12 2022/01/05 20:40:39.206341 node.go:133: Committed value: node-3, 1641386425, Test, 1641386340740035784
node-12 2022/01/05 20:40:39.206341 node.go:133: Committed value: node-1, 1641386426, Test, 1641386340740035785
node-12 2022/01/05 20:40:39.206341 node.go:133: Committed value: node-5, 1641386427, Test, 1641386340740035786
node-12 2022/01/05 20:40:39.206341 node.go:133: Committed value: node-12, 1641386429, Test, 1641386340740035787
node-12 2022/01/05 20:40:39.206341 node.go:133: Committed value: node-12, 1641386430, Test, 1641386340740035788
node-12 2022/01/05 20:40:39.206341 node.go:133: Committed value: node-6, 1641386431, Test, 1641386340740035789
node-12 2022/01/05 20:40:39.206341 node.go:133: Committed value: node-9, 1641386432, Test, 1641386340740035790
node-12 2022/01/05 20:40:39.206341 node.go:133: Committed value: node-5, 1641386433, Test, 1641386340740035791
node-12 2022/01/05 20:40:39.206341 node.go:133: Committed value: node-5, 1641386434, Test, 1641386340740035792
node-12 2022/01/05 20:40:39.206341 node.go:133: Committed value: node-9, 1641386435, Test, 1641386340740035793
node-12 2022/01/05 20:40:39.206341 node.go:133: Committed value: node-12, 1641386436, Test, 1641386340740035794
node-12 2022/01/05 20:40:39.206341 node.go:133: Committed value: node-9, 1641386437, Test, 1641386340740035795
node-12 2022/01/05 20:40:39.206341 node.go:133: Committed value: node-11, 1641386438, Test, 1641386340740035796
node-12 2022/01/05 20:40:39.206341 node.go:133: Committed value: node-10, 1641386439, Test, 1641386340740035797
node-12 2022/01/05 20:40:39.206341 node.go:135: 
node-12 2022/01/05 20:40:39.206341 node.go:139: Reply Finished!
node-12 2022/01/05 20:40:39.208336 node.go:52: do prepare
node-12 2022/01/05 20:40:39.208336 node.go:52: do commit
node-12 2022/01/05 20:40:39.208336 node.go:52: do prepare
node-12 2022/01/05 20:40:39.209333 node.go:52: do commit
node-12 2022/01/05 20:40:39.209333 node.go:52: do prepare
node-12 2022/01/05 20:40:39.209333 node.go:52: do commit
node-12 2022/01/05 20:40:39.210330 node.go:52: do commit
node-12 2022/01/05 20:40:39.210330 node.go:52: do prepare
node-12 2022/01/05 20:40:39.210330 node.go:52: do prepare
node-12 2022/01/05 20:40:39.210330 node.go:52: do prepare
node-12 2022/01/05 20:40:39.211327 node.go:52: do commit
node-12 2022/01/05 20:40:39.213323 node.go:52: do commit
node-12 2022/01/05 20:40:39.213323 node.go:52: do commit
node-12 2022/01/05 20:40:39.214319 node.go:52: do commit
node-12 2022/01/05 20:40:39.214319 node.go:52: do commit
node-12 2022/01/05 20:40:40.222390 node.go:52: do pre-prepare
node-12 2022/01/05 20:40:40.223390 node.go:52: do prepare
node-12 2022/01/05 20:40:40.223390 node.go:52: do prepare
node-12 2022/01/05 20:40:40.224387 node.go:52: do prepare
node-12 2022/01/05 20:40:40.224387 node.go:52: do prepare
node-12 2022/01/05 20:40:40.226381 node.go:52: do prepare
node-12 2022/01/05 20:40:40.226381 node.go:52: do prepare
node-12 2022/01/05 20:40:40.226381 node.go:52: do commit
node-12 2022/01/05 20:40:40.227379 node.go:133: Committed value: node-2, 1641386421, Test, 1641386340740035780
node-12 2022/01/05 20:40:40.227379 node.go:133: Committed value: node-5, 1641386422, Test, 1641386340740035781
node-12 2022/01/05 20:40:40.227379 node.go:133: Committed value: node-6, 1641386423, Test, 1641386340740035782
node-12 2022/01/05 20:40:40.227379 node.go:133: Committed value: node-8, 1641386424, Test, 1641386340740035783
node-12 2022/01/05 20:40:40.227379 node.go:133: Committed value: node-3, 1641386425, Test, 1641386340740035784
node-12 2022/01/05 20:40:40.227379 node.go:133: Committed value: node-1, 1641386426, Test, 1641386340740035785
node-12 2022/01/05 20:40:40.227379 node.go:133: Committed value: node-5, 1641386427, Test, 1641386340740035786
node-12 2022/01/05 20:40:40.227379 node.go:133: Committed value: node-12, 1641386429, Test, 1641386340740035787
node-12 2022/01/05 20:40:40.227379 node.go:133: Committed value: node-12, 1641386430, Test, 1641386340740035788
node-12 2022/01/05 20:40:40.227379 node.go:133: Committed value: node-6, 1641386431, Test, 1641386340740035789
node-12 2022/01/05 20:40:40.227379 node.go:133: Committed value: node-9, 1641386432, Test, 1641386340740035790
node-12 2022/01/05 20:40:40.227379 node.go:133: Committed value: node-5, 1641386433, Test, 1641386340740035791
node-12 2022/01/05 20:40:40.227379 node.go:133: Committed value: node-5, 1641386434, Test, 1641386340740035792
node-12 2022/01/05 20:40:40.227379 node.go:133: Committed value: node-9, 1641386435, Test, 1641386340740035793
node-12 2022/01/05 20:40:40.227379 node.go:133: Committed value: node-12, 1641386436, Test, 1641386340740035794
node-12 2022/01/05 20:40:40.227379 node.go:133: Committed value: node-9, 1641386437, Test, 1641386340740035795
node-12 2022/01/05 20:40:40.227379 node.go:133: Committed value: node-11, 1641386438, Test, 1641386340740035796
node-12 2022/01/05 20:40:40.227379 node.go:133: Committed value: node-10, 1641386439, Test, 1641386340740035797
node-12 2022/01/05 20:40:40.227379 node.go:133: Committed value: node-6, 1641386440, Test, 1641386340740035798
node-12 2022/01/05 20:40:40.227379 node.go:135: 
node-12 2022/01/05 20:40:40.227379 node.go:139: Reply Finished!
node-12 2022/01/05 20:40:40.230371 node.go:52: do commit
node-12 2022/01/05 20:40:40.231368 node.go:52: do prepare
node-12 2022/01/05 20:40:40.231368 node.go:52: do commit
node-12 2022/01/05 20:40:40.231368 node.go:52: do commit
node-12 2022/01/05 20:40:40.231368 node.go:52: do commit
node-12 2022/01/05 20:40:40.232365 node.go:52: do commit
node-12 2022/01/05 20:40:40.233363 node.go:52: do commit
node-12 2022/01/05 20:40:40.233363 node.go:52: do prepare
node-12 2022/01/05 20:40:40.233363 node.go:52: do prepare
node-12 2022/01/05 20:40:40.234360 node.go:52: do prepare
node-12 2022/01/05 20:40:40.234360 node.go:52: do commit
node-12 2022/01/05 20:40:40.234360 node.go:52: do commit
node-12 2022/01/05 20:40:40.234360 node.go:52: do commit
node-12 2022/01/05 20:40:40.235357 node.go:52: do prepare
node-12 2022/01/05 20:40:40.236356 node.go:52: do commit
node-12 2022/01/05 20:40:40.237353 node.go:52: do commit
node-12 2022/01/05 20:40:41.242935 node.go:52: do pre-prepare
node-12 2022/01/05 20:40:41.244930 node.go:52: do prepare
node-12 2022/01/05 20:40:41.245927 node.go:52: do prepare
node-12 2022/01/05 20:40:41.250407 node.go:52: do commit
node-12 2022/01/05 20:40:41.250407 node.go:52: do commit
node-12 2022/01/05 20:40:41.251406 node.go:52: do prepare
node-12 2022/01/05 20:40:41.251406 node.go:52: do prepare
node-12 2022/01/05 20:40:41.252405 node.go:52: do commit
node-12 2022/01/05 20:40:41.252405 node.go:52: do commit
node-12 2022/01/05 20:40:41.252405 node.go:52: do prepare
node-12 2022/01/05 20:40:41.252405 node.go:52: do commit
node-12 2022/01/05 20:40:41.252405 node.go:133: Committed value: node-2, 1641386421, Test, 1641386340740035780
node-12 2022/01/05 20:40:41.252405 node.go:133: Committed value: node-5, 1641386422, Test, 1641386340740035781
node-12 2022/01/05 20:40:41.252405 node.go:133: Committed value: node-6, 1641386423, Test, 1641386340740035782
node-12 2022/01/05 20:40:41.252405 node.go:133: Committed value: node-8, 1641386424, Test, 1641386340740035783
node-12 2022/01/05 20:40:41.252405 node.go:133: Committed value: node-3, 1641386425, Test, 1641386340740035784
node-12 2022/01/05 20:40:41.252405 node.go:133: Committed value: node-1, 1641386426, Test, 1641386340740035785
node-12 2022/01/05 20:40:41.252405 node.go:133: Committed value: node-5, 1641386427, Test, 1641386340740035786
node-12 2022/01/05 20:40:41.252405 node.go:133: Committed value: node-12, 1641386429, Test, 1641386340740035787
node-12 2022/01/05 20:40:41.252405 node.go:133: Committed value: node-12, 1641386430, Test, 1641386340740035788
node-12 2022/01/05 20:40:41.252405 node.go:133: Committed value: node-6, 1641386431, Test, 1641386340740035789
node-12 2022/01/05 20:40:41.252405 node.go:133: Committed value: node-9, 1641386432, Test, 1641386340740035790
node-12 2022/01/05 20:40:41.252405 node.go:133: Committed value: node-5, 1641386433, Test, 1641386340740035791
node-12 2022/01/05 20:40:41.252405 node.go:133: Committed value: node-5, 1641386434, Test, 1641386340740035792
node-12 2022/01/05 20:40:41.252405 node.go:133: Committed value: node-9, 1641386435, Test, 1641386340740035793
node-12 2022/01/05 20:40:41.252405 node.go:133: Committed value: node-12, 1641386436, Test, 1641386340740035794
node-12 2022/01/05 20:40:41.252405 node.go:133: Committed value: node-9, 1641386437, Test, 1641386340740035795
node-12 2022/01/05 20:40:41.252405 node.go:133: Committed value: node-11, 1641386438, Test, 1641386340740035796
node-12 2022/01/05 20:40:41.252405 node.go:133: Committed value: node-10, 1641386439, Test, 1641386340740035797
node-12 2022/01/05 20:40:41.252405 node.go:133: Committed value: node-6, 1641386440, Test, 1641386340740035798
node-12 2022/01/05 20:40:41.252405 node.go:133: Committed value: node-9, 1641386441, Test, 1641386340740035799
node-12 2022/01/05 20:40:41.252405 node.go:135: 
node-12 2022/01/05 20:40:41.252405 node.go:139: Reply Finished!
node-12 2022/01/05 20:40:41.253402 node.go:52: do prepare
node-12 2022/01/05 20:40:41.253402 node.go:52: do prepare
node-12 2022/01/05 20:40:41.254398 node.go:52: do commit
node-12 2022/01/05 20:40:41.256393 node.go:52: do prepare
node-12 2022/01/05 20:40:41.257392 node.go:52: do prepare
node-12 2022/01/05 20:40:41.258389 node.go:52: do commit
node-12 2022/01/05 20:40:41.258389 node.go:52: do commit
node-12 2022/01/05 20:40:41.258389 node.go:52: do prepare
node-12 2022/01/05 20:40:41.258389 node.go:52: do prepare
node-12 2022/01/05 20:40:41.259609 node.go:52: do commit
node-12 2022/01/05 20:40:41.260610 node.go:52: do commit
node-12 2022/01/05 20:40:41.261607 node.go:52: do commit
node-12 2022/01/05 20:40:41.262604 node.go:52: do commit
node-12 2022/01/05 20:40:42.271189 node.go:52: do add
node-12 2022/01/05 20:40:42.271189 node.go:577: f: 5 ; 2f: 9
node-12 2022/01/05 20:40:42.272190 node.go:52: do client
node-12 2022/01/05 20:40:42.272190 node.go:110: Start request as Client, time: 1641386442272190
node-12 2022/01/05 20:40:42.272190 node.go:52: do pre-prepare
node-12 2022/01/05 20:40:42.273185 node.go:52: do prepare
node-12 2022/01/05 20:40:42.274183 node.go:52: do prepare
node-12 2022/01/05 20:40:42.275180 node.go:52: do prepare
node-12 2022/01/05 20:40:42.275180 node.go:52: do prepare
node-12 2022/01/05 20:40:42.275180 node.go:52: do prepare
node-12 2022/01/05 20:40:42.275180 node.go:52: do prepare
node-12 2022/01/05 20:40:42.276178 node.go:52: do reply
node-12 2022/01/05 20:40:42.276178 node.go:122: Result: Executed by node-1
node-12 2022/01/05 20:40:42.277175 node.go:52: do prepare
node-12 2022/01/05 20:40:42.277175 node.go:52: do commit
node-12 2022/01/05 20:40:42.279179 node.go:52: do reply
node-12 2022/01/05 20:40:42.279179 node.go:122: Result: Executed by node-5
node-12 2022/01/05 20:40:42.280169 node.go:52: do commit
node-12 2022/01/05 20:40:42.280169 node.go:52: do reply
node-12 2022/01/05 20:40:42.280169 node.go:122: Result: Executed by node-8
node-12 2022/01/05 20:40:42.280169 node.go:52: do reply
node-12 2022/01/05 20:40:42.280169 node.go:122: Result: Executed by node-6
node-12 2022/01/05 20:40:42.280169 node.go:52: do reply
node-12 2022/01/05 20:40:42.280169 node.go:122: Result: Executed by node-9
node-12 2022/01/05 20:40:42.280169 node.go:52: do reply
node-12 2022/01/05 20:40:42.280169 node.go:122: Result: Executed by node-3
node-12 2022/01/05 20:40:42.280169 node.go:115: Request Finished! Delay: 7979
node-12 2022/01/05 20:40:42.280169 node.go:116: 1641386442272190 1641386442280169
node-12 2022/01/05 20:40:42.280169 node.go:52: do commit
node-12 2022/01/05 20:40:42.280169 node.go:52: do prepare
node-12 2022/01/05 20:40:42.281165 node.go:52: do commit
node-12 2022/01/05 20:40:42.281165 node.go:133: Committed value: node-2, 1641386421, Test, 1641386340740035780
node-12 2022/01/05 20:40:42.281165 node.go:133: Committed value: node-5, 1641386422, Test, 1641386340740035781
node-12 2022/01/05 20:40:42.281165 node.go:133: Committed value: node-6, 1641386423, Test, 1641386340740035782
node-12 2022/01/05 20:40:42.281165 node.go:133: Committed value: node-8, 1641386424, Test, 1641386340740035783
node-12 2022/01/05 20:40:42.281165 node.go:133: Committed value: node-3, 1641386425, Test, 1641386340740035784
node-12 2022/01/05 20:40:42.281165 node.go:133: Committed value: node-1, 1641386426, Test, 1641386340740035785
node-12 2022/01/05 20:40:42.281165 node.go:133: Committed value: node-5, 1641386427, Test, 1641386340740035786
node-12 2022/01/05 20:40:42.281165 node.go:133: Committed value: node-12, 1641386429, Test, 1641386340740035787
node-12 2022/01/05 20:40:42.281165 node.go:133: Committed value: node-12, 1641386430, Test, 1641386340740035788
node-12 2022/01/05 20:40:42.281165 node.go:133: Committed value: node-6, 1641386431, Test, 1641386340740035789
node-12 2022/01/05 20:40:42.281165 node.go:133: Committed value: node-9, 1641386432, Test, 1641386340740035790
node-12 2022/01/05 20:40:42.281165 node.go:133: Committed value: node-5, 1641386433, Test, 1641386340740035791
node-12 2022/01/05 20:40:42.281165 node.go:133: Committed value: node-5, 1641386434, Test, 1641386340740035792
node-12 2022/01/05 20:40:42.281165 node.go:133: Committed value: node-9, 1641386435, Test, 1641386340740035793
node-12 2022/01/05 20:40:42.281165 node.go:133: Committed value: node-12, 1641386436, Test, 1641386340740035794
node-12 2022/01/05 20:40:42.281165 node.go:133: Committed value: node-9, 1641386437, Test, 1641386340740035795
node-12 2022/01/05 20:40:42.281165 node.go:133: Committed value: node-11, 1641386438, Test, 1641386340740035796
node-12 2022/01/05 20:40:42.281165 node.go:133: Committed value: node-10, 1641386439, Test, 1641386340740035797
node-12 2022/01/05 20:40:42.281165 node.go:133: Committed value: node-6, 1641386440, Test, 1641386340740035798
node-12 2022/01/05 20:40:42.281165 node.go:133: Committed value: node-9, 1641386441, Test, 1641386340740035799
node-12 2022/01/05 20:40:42.281165 node.go:133: Committed value: node-12, 1641386442, Test, 1641386340740035800
node-12 2022/01/05 20:40:42.281165 node.go:135: 
node-12 2022/01/05 20:40:42.281165 node.go:139: Reply Finished!
node-12 2022/01/05 20:40:42.281165 node.go:52: do reply
node-12 2022/01/05 20:40:42.281165 node.go:122: Result: Executed by node-12
node-12 2022/01/05 20:40:42.281165 node.go:52: do reply
node-12 2022/01/05 20:40:42.281165 node.go:122: Result: Executed by node-4
node-12 2022/01/05 20:40:42.281165 node.go:52: do prepare
node-12 2022/01/05 20:40:42.281165 node.go:52: do prepare
node-12 2022/01/05 20:40:42.281165 node.go:52: do reply
node-12 2022/01/05 20:40:42.281165 node.go:122: Result: Executed by node-10
node-12 2022/01/05 20:40:42.281165 node.go:52: do commit
node-12 2022/01/05 20:40:42.281165 node.go:52: do reply
node-12 2022/01/05 20:40:42.281165 node.go:122: Result: Executed by node-2
node-12 2022/01/05 20:40:42.282162 node.go:52: do commit
node-12 2022/01/05 20:40:42.282162 node.go:52: do reply
node-12 2022/01/05 20:40:42.282162 node.go:122: Result: Executed by node-11
node-12 2022/01/05 20:40:42.283160 node.go:52: do reply
node-12 2022/01/05 20:40:42.283160 node.go:122: Result: Executed by node-7
node-12 2022/01/05 20:40:42.284157 node.go:52: do commit
node-12 2022/01/05 20:40:42.284157 node.go:52: do prepare
node-12 2022/01/05 20:40:42.285155 node.go:52: do commit
node-12 2022/01/05 20:40:42.285155 node.go:52: do commit
node-12 2022/01/05 20:40:42.286152 node.go:52: do reply
node-12 2022/01/05 20:40:42.286152 node.go:122: Result: Executed by node-14
node-12 2022/01/05 20:40:42.286152 node.go:52: do commit
node-12 2022/01/05 20:40:42.286152 node.go:52: do commit
node-12 2022/01/05 20:40:42.286152 node.go:52: do commit
node-12 2022/01/05 20:40:42.286152 node.go:52: do prepare
node-12 2022/01/05 20:40:42.288147 node.go:52: do reply
node-12 2022/01/05 20:40:42.288147 node.go:122: Result: Executed by node-13
node-12 2022/01/05 20:40:42.288147 node.go:52: do commit
node-12 2022/01/05 20:40:43.288289 node.go:52: do pre-prepare
node-12 2022/01/05 20:40:43.290283 node.go:52: do prepare
node-12 2022/01/05 20:40:43.293282 node.go:52: do prepare
node-12 2022/01/05 20:40:43.294273 node.go:52: do commit
node-12 2022/01/05 20:40:43.294273 node.go:52: do commit
node-12 2022/01/05 20:40:43.294273 node.go:52: do prepare
node-12 2022/01/05 20:40:43.295275 node.go:52: do prepare
node-12 2022/01/05 20:40:43.295275 node.go:52: do commit
node-12 2022/01/05 20:40:43.295275 node.go:133: Committed value: node-2, 1641386421, Test, 1641386340740035780
node-12 2022/01/05 20:40:43.295275 node.go:133: Committed value: node-5, 1641386422, Test, 1641386340740035781
node-12 2022/01/05 20:40:43.295275 node.go:133: Committed value: node-6, 1641386423, Test, 1641386340740035782
node-12 2022/01/05 20:40:43.295275 node.go:133: Committed value: node-8, 1641386424, Test, 1641386340740035783
node-12 2022/01/05 20:40:43.295275 node.go:133: Committed value: node-3, 1641386425, Test, 1641386340740035784
node-12 2022/01/05 20:40:43.295275 node.go:133: Committed value: node-1, 1641386426, Test, 1641386340740035785
node-12 2022/01/05 20:40:43.295275 node.go:133: Committed value: node-5, 1641386427, Test, 1641386340740035786
node-12 2022/01/05 20:40:43.295275 node.go:133: Committed value: node-12, 1641386429, Test, 1641386340740035787
node-12 2022/01/05 20:40:43.295275 node.go:133: Committed value: node-12, 1641386430, Test, 1641386340740035788
node-12 2022/01/05 20:40:43.295275 node.go:133: Committed value: node-6, 1641386431, Test, 1641386340740035789
node-12 2022/01/05 20:40:43.295275 node.go:133: Committed value: node-9, 1641386432, Test, 1641386340740035790
node-12 2022/01/05 20:40:43.295275 node.go:133: Committed value: node-5, 1641386433, Test, 1641386340740035791
node-12 2022/01/05 20:40:43.295275 node.go:133: Committed value: node-5, 1641386434, Test, 1641386340740035792
node-12 2022/01/05 20:40:43.295275 node.go:133: Committed value: node-9, 1641386435, Test, 1641386340740035793
node-12 2022/01/05 20:40:43.295275 node.go:133: Committed value: node-12, 1641386436, Test, 1641386340740035794
node-12 2022/01/05 20:40:43.295275 node.go:133: Committed value: node-9, 1641386437, Test, 1641386340740035795
node-12 2022/01/05 20:40:43.295275 node.go:133: Committed value: node-11, 1641386438, Test, 1641386340740035796
node-12 2022/01/05 20:40:43.295275 node.go:133: Committed value: node-10, 1641386439, Test, 1641386340740035797
node-12 2022/01/05 20:40:43.295275 node.go:133: Committed value: node-6, 1641386440, Test, 1641386340740035798
node-12 2022/01/05 20:40:43.295275 node.go:133: Committed value: node-9, 1641386441, Test, 1641386340740035799
node-12 2022/01/05 20:40:43.295275 node.go:133: Committed value: node-12, 1641386442, Test, 1641386340740035800
node-12 2022/01/05 20:40:43.295275 node.go:133: Committed value: node-9, 1641386443, Test, 1641386340740035801
node-12 2022/01/05 20:40:43.295275 node.go:135: 
node-12 2022/01/05 20:40:43.295275 node.go:139: Reply Finished!
node-12 2022/01/05 20:40:43.297264 node.go:52: do commit
node-12 2022/01/05 20:40:43.297264 node.go:52: do prepare
node-12 2022/01/05 20:40:43.297264 node.go:52: do commit
node-12 2022/01/05 20:40:43.297264 node.go:52: do commit
node-12 2022/01/05 20:40:43.297264 node.go:52: do prepare
node-12 2022/01/05 20:40:43.298262 node.go:52: do commit
node-12 2022/01/05 20:40:43.298262 node.go:52: do prepare
node-12 2022/01/05 20:40:43.299259 node.go:52: do commit
node-12 2022/01/05 20:40:43.299259 node.go:52: do commit
node-12 2022/01/05 20:40:43.299259 node.go:52: do prepare
node-12 2022/01/05 20:40:43.299259 node.go:52: do prepare
node-12 2022/01/05 20:40:43.300258 node.go:52: do commit
node-12 2022/01/05 20:40:43.300258 node.go:52: do prepare
node-12 2022/01/05 20:40:43.300258 node.go:52: do commit
node-12 2022/01/05 20:40:43.300258 node.go:52: do commit
node-12 2022/01/05 20:40:43.302252 node.go:52: do prepare
node-12 2022/01/05 20:40:43.302252 node.go:52: do prepare
node-12 2022/01/05 20:40:43.303249 node.go:52: do commit
node-12 2022/01/05 20:40:44.312101 node.go:52: do pre-prepare
node-12 2022/01/05 20:40:44.313062 node.go:52: do prepare
node-12 2022/01/05 20:40:44.314058 node.go:52: do prepare
node-12 2022/01/05 20:40:44.314058 node.go:52: do prepare
node-12 2022/01/05 20:40:44.315056 node.go:52: do prepare
node-12 2022/01/05 20:40:44.319045 node.go:52: do commit
node-12 2022/01/05 20:40:44.319045 node.go:133: Committed value: node-2, 1641386421, Test, 1641386340740035780
node-12 2022/01/05 20:40:44.319045 node.go:133: Committed value: node-5, 1641386422, Test, 1641386340740035781
node-12 2022/01/05 20:40:44.319045 node.go:133: Committed value: node-6, 1641386423, Test, 1641386340740035782
node-12 2022/01/05 20:40:44.319045 node.go:133: Committed value: node-8, 1641386424, Test, 1641386340740035783
node-12 2022/01/05 20:40:44.319045 node.go:133: Committed value: node-3, 1641386425, Test, 1641386340740035784
node-12 2022/01/05 20:40:44.319045 node.go:133: Committed value: node-1, 1641386426, Test, 1641386340740035785
node-12 2022/01/05 20:40:44.319045 node.go:133: Committed value: node-5, 1641386427, Test, 1641386340740035786
node-12 2022/01/05 20:40:44.319045 node.go:133: Committed value: node-12, 1641386429, Test, 1641386340740035787
node-12 2022/01/05 20:40:44.319045 node.go:133: Committed value: node-12, 1641386430, Test, 1641386340740035788
node-12 2022/01/05 20:40:44.319045 node.go:133: Committed value: node-6, 1641386431, Test, 1641386340740035789
node-12 2022/01/05 20:40:44.319045 node.go:133: Committed value: node-9, 1641386432, Test, 1641386340740035790
node-12 2022/01/05 20:40:44.319045 node.go:133: Committed value: node-5, 1641386433, Test, 1641386340740035791
node-12 2022/01/05 20:40:44.319045 node.go:133: Committed value: node-5, 1641386434, Test, 1641386340740035792
node-12 2022/01/05 20:40:44.319045 node.go:133: Committed value: node-9, 1641386435, Test, 1641386340740035793
node-12 2022/01/05 20:40:44.319045 node.go:133: Committed value: node-12, 1641386436, Test, 1641386340740035794
node-12 2022/01/05 20:40:44.319045 node.go:133: Committed value: node-9, 1641386437, Test, 1641386340740035795
node-12 2022/01/05 20:40:44.319045 node.go:133: Committed value: node-11, 1641386438, Test, 1641386340740035796
node-12 2022/01/05 20:40:44.319045 node.go:133: Committed value: node-10, 1641386439, Test, 1641386340740035797
node-12 2022/01/05 20:40:44.319045 node.go:133: Committed value: node-6, 1641386440, Test, 1641386340740035798
node-12 2022/01/05 20:40:44.319045 node.go:133: Committed value: node-9, 1641386441, Test, 1641386340740035799
node-12 2022/01/05 20:40:44.319045 node.go:133: Committed value: node-12, 1641386442, Test, 1641386340740035800
node-12 2022/01/05 20:40:44.319045 node.go:133: Committed value: node-9, 1641386443, Test, 1641386340740035801
node-12 2022/01/05 20:40:44.319045 node.go:133: Committed value: node-13, 1641386444, Test, 1641386340740035802
node-12 2022/01/05 20:40:44.319045 node.go:135: 
node-12 2022/01/05 20:40:44.319045 node.go:139: Reply Finished!
node-12 2022/01/05 20:40:44.320042 node.go:52: do prepare
node-12 2022/01/05 20:40:44.320042 node.go:52: do commit
node-12 2022/01/05 20:40:44.320042 node.go:52: do commit
node-12 2022/01/05 20:40:44.323417 node.go:52: do prepare
