node-9 2022/01/05 22:52:01.865781 node.go:52: do add
node-9 2022/01/05 22:52:01.865781 node.go:582: f: 0 ; 2f: 0
node-9 2022/01/05 22:52:01.865781 node.go:52: do setF
node-9 2022/01/05 22:52:01.865781 node.go:582: f: 3 ; 2f: 6
node-9 2022/01/05 22:52:01.866781 node.go:52: do prepare
node-9 2022/01/05 22:52:01.867778 node.go:52: do prepare
node-9 2022/01/05 22:52:01.867778 node.go:52: do prepare
node-9 2022/01/05 22:52:01.867778 node.go:52: do prepare
node-9 2022/01/05 22:52:01.867778 node.go:52: do commit
node-9 2022/01/05 22:52:01.868776 node.go:52: do pre-prepare
node-9 2022/01/05 22:52:01.868776 node.go:52: do prepare
node-9 2022/01/05 22:52:01.869772 node.go:52: do commit
node-9 2022/01/05 22:52:01.869772 node.go:52: do prepare
node-9 2022/01/05 22:52:01.869772 node.go:52: do commit
node-9 2022/01/05 22:52:01.869772 node.go:52: do commit
node-9 2022/01/05 22:52:01.869772 node.go:52: do prepare
node-9 2022/01/05 22:52:01.870769 node.go:52: do commit
node-9 2022/01/05 22:52:01.871767 node.go:52: do commit
node-9 2022/01/05 22:52:01.871767 node.go:134: Committed value: node-4, 1641394321, Test, 1641394271284264150
node-9 2022/01/05 22:52:01.871767 node.go:136: 
node-9 2022/01/05 22:52:01.871767 node.go:140: Reply Finished!
node-9 2022/01/05 22:52:01.871767 node.go:52: do commit
node-9 2022/01/05 22:52:01.872765 node.go:52: do commit
node-9 2022/01/05 22:52:02.876282 node.go:52: do pre-prepare
node-9 2022/01/05 22:52:02.878146 node.go:52: do prepare
node-9 2022/01/05 22:52:02.879142 node.go:52: do prepare
node-9 2022/01/05 22:52:02.880144 node.go:52: do prepare
node-9 2022/01/05 22:52:02.882569 node.go:52: do commit
node-9 2022/01/05 22:52:02.882569 node.go:52: do prepare
node-9 2022/01/05 22:52:02.883568 node.go:52: do prepare
node-9 2022/01/05 22:52:02.883568 node.go:52: do prepare
node-9 2022/01/05 22:52:02.883568 node.go:52: do commit
node-9 2022/01/05 22:52:02.883568 node.go:52: do commit
node-9 2022/01/05 22:52:02.884566 node.go:52: do commit
node-9 2022/01/05 22:52:02.884566 node.go:52: do prepare
node-9 2022/01/05 22:52:02.885563 node.go:52: do commit
node-9 2022/01/05 22:52:02.885563 node.go:52: do commit
node-9 2022/01/05 22:52:02.885563 node.go:134: Committed value: node-4, 1641394321, Test, 1641394271284264150
node-9 2022/01/05 22:52:02.885563 node.go:134: Committed value: node-2, 1641394322, Test, 1641394271284264151
node-9 2022/01/05 22:52:02.885563 node.go:136: 
node-9 2022/01/05 22:52:02.885563 node.go:140: Reply Finished!
node-9 2022/01/05 22:52:02.885563 node.go:52: do commit
node-9 2022/01/05 22:52:02.886946 node.go:52: do commit
node-9 2022/01/05 22:52:03.891435 node.go:52: do pre-prepare
node-9 2022/01/05 22:52:03.892436 node.go:52: do prepare
node-9 2022/01/05 22:52:03.892436 node.go:52: do commit
node-9 2022/01/05 22:52:03.893428 node.go:52: do prepare
node-9 2022/01/05 22:52:03.893428 node.go:52: do prepare
node-9 2022/01/05 22:52:03.895426 node.go:52: do prepare
node-9 2022/01/05 22:52:03.896419 node.go:52: do prepare
node-9 2022/01/05 22:52:03.896419 node.go:52: do commit
node-9 2022/01/05 22:52:03.896419 node.go:52: do prepare
node-9 2022/01/05 22:52:03.896419 node.go:52: do commit
node-9 2022/01/05 22:52:03.897417 node.go:52: do commit
node-9 2022/01/05 22:52:03.897417 node.go:52: do commit
node-9 2022/01/05 22:52:03.898414 node.go:52: do commit
node-9 2022/01/05 22:52:03.898414 node.go:134: Committed value: node-4, 1641394321, Test, 1641394271284264150
node-9 2022/01/05 22:52:03.898414 node.go:134: Committed value: node-2, 1641394322, Test, 1641394271284264151
node-9 2022/01/05 22:52:03.898414 node.go:134: Committed value: node-4, 1641394323, Test, 1641394271284264152
node-9 2022/01/05 22:52:03.898414 node.go:136: 
node-9 2022/01/05 22:52:03.898414 node.go:140: Reply Finished!
node-9 2022/01/05 22:52:03.898414 node.go:52: do commit
node-9 2022/01/05 22:52:03.899437 node.go:52: do prepare
node-9 2022/01/05 22:52:03.900437 node.go:52: do commit
node-9 2022/01/05 22:52:04.903712 node.go:52: do prepare
node-9 2022/01/05 22:52:04.903712 node.go:52: do prepare
node-9 2022/01/05 22:52:04.903712 node.go:52: do pre-prepare
node-9 2022/01/05 22:52:04.903712 node.go:52: do prepare
node-9 2022/01/05 22:52:04.903712 node.go:52: do prepare
node-9 2022/01/05 22:52:04.903712 node.go:52: do commit
node-9 2022/01/05 22:52:04.905708 node.go:52: do commit
node-9 2022/01/05 22:52:04.905708 node.go:52: do prepare
node-9 2022/01/05 22:52:04.905708 node.go:52: do prepare
node-9 2022/01/05 22:52:04.906706 node.go:52: do prepare
node-9 2022/01/05 22:52:04.906706 node.go:52: do commit
node-9 2022/01/05 22:52:04.907703 node.go:52: do commit
node-9 2022/01/05 22:52:04.910659 node.go:52: do commit
node-9 2022/01/05 22:52:04.910659 node.go:134: Committed value: node-4, 1641394321, Test, 1641394271284264150
node-9 2022/01/05 22:52:04.910659 node.go:134: Committed value: node-2, 1641394322, Test, 1641394271284264151
node-9 2022/01/05 22:52:04.910659 node.go:134: Committed value: node-4, 1641394323, Test, 1641394271284264152
node-9 2022/01/05 22:52:04.910659 node.go:134: Committed value: node-3, 1641394324, Test, 1641394271284264153
node-9 2022/01/05 22:52:04.910659 node.go:136: 
node-9 2022/01/05 22:52:04.910659 node.go:140: Reply Finished!
node-9 2022/01/05 22:52:04.910659 node.go:52: do commit
node-9 2022/01/05 22:52:04.910659 node.go:52: do commit
node-9 2022/01/05 22:52:04.911650 node.go:52: do commit
node-9 2022/01/05 22:52:05.913570 node.go:52: do pre-prepare
node-9 2022/01/05 22:52:05.915395 node.go:52: do prepare
node-9 2022/01/05 22:52:05.915395 node.go:52: do commit
node-9 2022/01/05 22:52:05.915395 node.go:52: do prepare
node-9 2022/01/05 22:52:05.915395 node.go:52: do prepare
node-9 2022/01/05 22:52:05.915395 node.go:52: do prepare
node-9 2022/01/05 22:52:05.916397 node.go:52: do commit
node-9 2022/01/05 22:52:05.919384 node.go:52: do prepare
node-9 2022/01/05 22:52:05.919384 node.go:52: do prepare
node-9 2022/01/05 22:52:05.920382 node.go:52: do commit
node-9 2022/01/05 22:52:05.920382 node.go:134: Committed value: node-4, 1641394321, Test, 1641394271284264150
node-9 2022/01/05 22:52:05.920382 node.go:134: Committed value: node-2, 1641394322, Test, 1641394271284264151
node-9 2022/01/05 22:52:05.920382 node.go:134: Committed value: node-4, 1641394323, Test, 1641394271284264152
node-9 2022/01/05 22:52:05.920382 node.go:134: Committed value: node-3, 1641394324, Test, 1641394271284264153
node-9 2022/01/05 22:52:05.920382 node.go:134: Committed value: node-7, 1641394325, Test, 1641394271284264154
node-9 2022/01/05 22:52:05.920382 node.go:136: 
node-9 2022/01/05 22:52:05.920382 node.go:140: Reply Finished!
node-9 2022/01/05 22:52:05.920382 node.go:52: do commit
node-9 2022/01/05 22:52:05.920382 node.go:52: do commit
node-9 2022/01/05 22:52:05.920382 node.go:52: do commit
node-9 2022/01/05 22:52:05.921380 node.go:52: do prepare
node-9 2022/01/05 22:52:05.921380 node.go:52: do commit
node-9 2022/01/05 22:52:05.923005 node.go:52: do commit
node-9 2022/01/05 22:52:06.927897 node.go:52: do pre-prepare
node-9 2022/01/05 22:52:06.928905 node.go:52: do prepare
node-9 2022/01/05 22:52:06.929899 node.go:52: do prepare
node-9 2022/01/05 22:52:06.929899 node.go:52: do commit
node-9 2022/01/05 22:52:06.929899 node.go:52: do prepare
node-9 2022/01/05 22:52:06.929899 node.go:52: do prepare
node-9 2022/01/05 22:52:06.933183 node.go:52: do prepare
node-9 2022/01/05 22:52:06.933183 node.go:52: do prepare
node-9 2022/01/05 22:52:06.933183 node.go:52: do commit
node-9 2022/01/05 22:52:06.933183 node.go:134: Committed value: node-4, 1641394321, Test, 1641394271284264150
node-9 2022/01/05 22:52:06.933183 node.go:134: Committed value: node-2, 1641394322, Test, 1641394271284264151
node-9 2022/01/05 22:52:06.933183 node.go:134: Committed value: node-4, 1641394323, Test, 1641394271284264152
node-9 2022/01/05 22:52:06.933183 node.go:134: Committed value: node-3, 1641394324, Test, 1641394271284264153
node-9 2022/01/05 22:52:06.933183 node.go:134: Committed value: node-7, 1641394325, Test, 1641394271284264154
node-9 2022/01/05 22:52:06.933183 node.go:134: Committed value: node-1, 1641394326, Test, 1641394271284264155
node-9 2022/01/05 22:52:06.933183 node.go:136: 
node-9 2022/01/05 22:52:06.934182 node.go:140: Reply Finished!
node-9 2022/01/05 22:52:06.934182 node.go:52: do commit
node-9 2022/01/05 22:52:06.934182 node.go:52: do prepare
node-9 2022/01/05 22:52:06.934182 node.go:52: do commit
node-9 2022/01/05 22:52:06.935179 node.go:52: do commit
node-9 2022/01/05 22:52:06.935179 node.go:52: do commit
node-9 2022/01/05 22:52:06.936976 node.go:52: do commit
node-9 2022/01/05 22:52:06.937973 node.go:52: do commit
node-9 2022/01/05 22:52:07.944350 node.go:52: do prepare
node-9 2022/01/05 22:52:07.944350 node.go:52: do commit
node-9 2022/01/05 22:52:07.944350 node.go:52: do pre-prepare
node-9 2022/01/05 22:52:07.945348 node.go:52: do prepare
node-9 2022/01/05 22:52:07.948340 node.go:52: do prepare
node-9 2022/01/05 22:52:07.948340 node.go:52: do prepare
node-9 2022/01/05 22:52:07.948340 node.go:52: do commit
node-9 2022/01/05 22:52:07.948340 node.go:52: do prepare
node-9 2022/01/05 22:52:07.948340 node.go:52: do prepare
node-9 2022/01/05 22:52:07.948340 node.go:52: do commit
node-9 2022/01/05 22:52:07.948340 node.go:52: do commit
node-9 2022/01/05 22:52:07.949337 node.go:52: do commit
node-9 2022/01/05 22:52:07.949337 node.go:134: Committed value: node-4, 1641394321, Test, 1641394271284264150
node-9 2022/01/05 22:52:07.949337 node.go:134: Committed value: node-2, 1641394322, Test, 1641394271284264151
node-9 2022/01/05 22:52:07.949337 node.go:134: Committed value: node-4, 1641394323, Test, 1641394271284264152
node-9 2022/01/05 22:52:07.949337 node.go:134: Committed value: node-3, 1641394324, Test, 1641394271284264153
node-9 2022/01/05 22:52:07.949337 node.go:134: Committed value: node-7, 1641394325, Test, 1641394271284264154
node-9 2022/01/05 22:52:07.949337 node.go:134: Committed value: node-1, 1641394326, Test, 1641394271284264155
node-9 2022/01/05 22:52:07.949337 node.go:134: Committed value: node-4, 1641394327, Test, 1641394271284264156
node-9 2022/01/05 22:52:07.949337 node.go:136: 
node-9 2022/01/05 22:52:07.949337 node.go:140: Reply Finished!
node-9 2022/01/05 22:52:07.949337 node.go:52: do prepare
node-9 2022/01/05 22:52:07.950336 node.go:52: do commit
node-9 2022/01/05 22:52:07.951333 node.go:52: do commit
node-9 2022/01/05 22:52:07.951333 node.go:52: do commit
node-9 2022/01/05 22:52:08.954064 node.go:52: do pre-prepare
node-9 2022/01/05 22:52:08.955056 node.go:52: do prepare
node-9 2022/01/05 22:52:08.958369 node.go:52: do prepare
node-9 2022/01/05 22:52:08.958369 node.go:52: do prepare
node-9 2022/01/05 22:52:08.959368 node.go:52: do prepare
node-9 2022/01/05 22:52:08.959368 node.go:52: do prepare
node-9 2022/01/05 22:52:08.959368 node.go:52: do commit
node-9 2022/01/05 22:52:08.959368 node.go:52: do commit
node-9 2022/01/05 22:52:08.959368 node.go:52: do prepare
node-9 2022/01/05 22:52:08.960365 node.go:52: do commit
node-9 2022/01/05 22:52:08.960365 node.go:52: do commit
node-9 2022/01/05 22:52:08.960365 node.go:52: do commit
node-9 2022/01/05 22:52:08.960365 node.go:134: Committed value: node-4, 1641394321, Test, 1641394271284264150
node-9 2022/01/05 22:52:08.960365 node.go:134: Committed value: node-2, 1641394322, Test, 1641394271284264151
node-9 2022/01/05 22:52:08.960365 node.go:134: Committed value: node-4, 1641394323, Test, 1641394271284264152
node-9 2022/01/05 22:52:08.960365 node.go:134: Committed value: node-3, 1641394324, Test, 1641394271284264153
node-9 2022/01/05 22:52:08.960365 node.go:134: Committed value: node-7, 1641394325, Test, 1641394271284264154
node-9 2022/01/05 22:52:08.960365 node.go:134: Committed value: node-1, 1641394326, Test, 1641394271284264155
node-9 2022/01/05 22:52:08.960365 node.go:134: Committed value: node-4, 1641394327, Test, 1641394271284264156
node-9 2022/01/05 22:52:08.960365 node.go:134: Committed value: node-2, 1641394328, Test, 1641394271284264157
node-9 2022/01/05 22:52:08.960365 node.go:136: 
node-9 2022/01/05 22:52:08.960365 node.go:140: Reply Finished!
node-9 2022/01/05 22:52:08.960365 node.go:52: do commit
node-9 2022/01/05 22:52:08.961363 node.go:52: do commit
node-9 2022/01/05 22:52:08.961363 node.go:52: do prepare
node-9 2022/01/05 22:52:08.962361 node.go:52: do commit
node-9 2022/01/05 22:52:09.965746 node.go:52: do prepare
node-9 2022/01/05 22:52:09.965746 node.go:52: do pre-prepare
node-9 2022/01/05 22:52:09.966743 node.go:52: do prepare
node-9 2022/01/05 22:52:09.966743 node.go:52: do prepare
node-9 2022/01/05 22:52:09.966743 node.go:52: do prepare
node-9 2022/01/05 22:52:09.968738 node.go:52: do prepare
node-9 2022/01/05 22:52:09.970369 node.go:52: do prepare
node-9 2022/01/05 22:52:09.971369 node.go:52: do commit
node-9 2022/01/05 22:52:09.971369 node.go:52: do commit
node-9 2022/01/05 22:52:09.971369 node.go:52: do commit
node-9 2022/01/05 22:52:09.972734 node.go:52: do commit
node-9 2022/01/05 22:52:09.972734 node.go:52: do prepare
node-9 2022/01/05 22:52:09.972734 node.go:52: do commit
node-9 2022/01/05 22:52:09.972734 node.go:52: do commit
node-9 2022/01/05 22:52:09.973733 node.go:134: Committed value: node-4, 1641394321, Test, 1641394271284264150
node-9 2022/01/05 22:52:09.973733 node.go:134: Committed value: node-2, 1641394322, Test, 1641394271284264151
node-9 2022/01/05 22:52:09.973733 node.go:134: Committed value: node-4, 1641394323, Test, 1641394271284264152
node-9 2022/01/05 22:52:09.973733 node.go:134: Committed value: node-3, 1641394324, Test, 1641394271284264153
node-9 2022/01/05 22:52:09.973733 node.go:134: Committed value: node-7, 1641394325, Test, 1641394271284264154
node-9 2022/01/05 22:52:09.973733 node.go:134: Committed value: node-1, 1641394326, Test, 1641394271284264155
node-9 2022/01/05 22:52:09.973733 node.go:134: Committed value: node-4, 1641394327, Test, 1641394271284264156
node-9 2022/01/05 22:52:09.973733 node.go:134: Committed value: node-2, 1641394328, Test, 1641394271284264157
node-9 2022/01/05 22:52:09.973733 node.go:134: Committed value: node-5, 1641394329, Test, 1641394271284264158
node-9 2022/01/05 22:52:09.973733 node.go:136: 
node-9 2022/01/05 22:52:09.973733 node.go:140: Reply Finished!
node-9 2022/01/05 22:52:09.973733 node.go:52: do commit
node-9 2022/01/05 22:52:09.974731 node.go:52: do commit
node-9 2022/01/05 22:52:10.977426 node.go:52: do pre-prepare
node-9 2022/01/05 22:52:10.977426 node.go:52: do prepare
node-9 2022/01/05 22:52:10.978425 node.go:52: do prepare
node-9 2022/01/05 22:52:10.978425 node.go:52: do commit
node-9 2022/01/05 22:52:10.978425 node.go:52: do commit
node-9 2022/01/05 22:52:10.980539 node.go:52: do prepare
node-9 2022/01/05 22:52:10.981472 node.go:52: do prepare
node-9 2022/01/05 22:52:10.981472 node.go:52: do commit
node-9 2022/01/05 22:52:10.981472 node.go:52: do prepare
node-9 2022/01/05 22:52:10.981472 node.go:52: do commit
node-9 2022/01/05 22:52:10.981472 node.go:52: do commit
node-9 2022/01/05 22:52:10.982472 node.go:52: do prepare
node-9 2022/01/05 22:52:10.983470 node.go:52: do prepare
node-9 2022/01/05 22:52:10.984467 node.go:52: do commit
node-9 2022/01/05 22:52:10.984467 node.go:134: Committed value: node-4, 1641394321, Test, 1641394271284264150
node-9 2022/01/05 22:52:10.984467 node.go:134: Committed value: node-2, 1641394322, Test, 1641394271284264151
node-9 2022/01/05 22:52:10.984467 node.go:134: Committed value: node-4, 1641394323, Test, 1641394271284264152
node-9 2022/01/05 22:52:10.984467 node.go:134: Committed value: node-3, 1641394324, Test, 1641394271284264153
node-9 2022/01/05 22:52:10.984467 node.go:134: Committed value: node-7, 1641394325, Test, 1641394271284264154
node-9 2022/01/05 22:52:10.984467 node.go:134: Committed value: node-1, 1641394326, Test, 1641394271284264155
node-9 2022/01/05 22:52:10.984467 node.go:134: Committed value: node-4, 1641394327, Test, 1641394271284264156
node-9 2022/01/05 22:52:10.984467 node.go:134: Committed value: node-2, 1641394328, Test, 1641394271284264157
node-9 2022/01/05 22:52:10.984467 node.go:134: Committed value: node-5, 1641394329, Test, 1641394271284264158
node-9 2022/01/05 22:52:10.984467 node.go:134: Committed value: node-8, 1641394330, Test, 1641394271284264159
node-9 2022/01/05 22:52:10.984467 node.go:136: 
node-9 2022/01/05 22:52:10.984467 node.go:140: Reply Finished!
node-9 2022/01/05 22:52:10.984467 node.go:52: do commit
node-9 2022/01/05 22:52:10.985463 node.go:52: do commit
node-9 2022/01/05 22:52:11.988297 node.go:52: do add
node-9 2022/01/05 22:52:11.988297 node.go:582: f: 3 ; 2f: 6
node-9 2022/01/05 22:52:11.989553 node.go:52: do pre-prepare
node-9 2022/01/05 22:52:11.990549 node.go:52: do prepare
node-9 2022/01/05 22:52:11.990549 node.go:52: do prepare
node-9 2022/01/05 22:52:11.990549 node.go:52: do commit
node-9 2022/01/05 22:52:11.990549 node.go:52: do prepare
node-9 2022/01/05 22:52:11.992547 node.go:52: do prepare
node-9 2022/01/05 22:52:11.993542 node.go:52: do prepare
node-9 2022/01/05 22:52:11.993542 node.go:52: do commit
node-9 2022/01/05 22:52:11.993542 node.go:52: do commit
node-9 2022/01/05 22:52:11.993542 node.go:52: do commit
node-9 2022/01/05 22:52:11.995537 node.go:52: do prepare
node-9 2022/01/05 22:52:11.995537 node.go:52: do commit
node-9 2022/01/05 22:52:11.995537 node.go:52: do commit
node-9 2022/01/05 22:52:11.996533 node.go:134: Committed value: node-4, 1641394321, Test, 1641394271284264150
node-9 2022/01/05 22:52:11.996533 node.go:134: Committed value: node-2, 1641394322, Test, 1641394271284264151
node-9 2022/01/05 22:52:11.996533 node.go:134: Committed value: node-4, 1641394323, Test, 1641394271284264152
node-9 2022/01/05 22:52:11.996533 node.go:134: Committed value: node-3, 1641394324, Test, 1641394271284264153
node-9 2022/01/05 22:52:11.996533 node.go:134: Committed value: node-7, 1641394325, Test, 1641394271284264154
node-9 2022/01/05 22:52:11.996533 node.go:134: Committed value: node-1, 1641394326, Test, 1641394271284264155
node-9 2022/01/05 22:52:11.996533 node.go:134: Committed value: node-4, 1641394327, Test, 1641394271284264156
node-9 2022/01/05 22:52:11.996533 node.go:134: Committed value: node-2, 1641394328, Test, 1641394271284264157
node-9 2022/01/05 22:52:11.996533 node.go:134: Committed value: node-5, 1641394329, Test, 1641394271284264158
node-9 2022/01/05 22:52:11.996533 node.go:134: Committed value: node-8, 1641394330, Test, 1641394271284264159
node-9 2022/01/05 22:52:11.996533 node.go:134: Committed value: node-8, 1641394331, Test, 1641394271284264160
node-9 2022/01/05 22:52:11.996533 node.go:136: 
node-9 2022/01/05 22:52:11.996533 node.go:140: Reply Finished!
node-9 2022/01/05 22:52:11.996533 node.go:52: do commit
node-9 2022/01/05 22:52:11.997532 node.go:52: do prepare
node-9 2022/01/05 22:52:11.997532 node.go:52: do prepare
node-9 2022/01/05 22:52:11.997532 node.go:52: do commit
node-9 2022/01/05 22:52:11.999526 node.go:52: do commit
node-9 2022/01/05 22:52:13.001858 node.go:52: do prepare
node-9 2022/01/05 22:52:13.001858 node.go:52: do prepare
node-9 2022/01/05 22:52:13.001858 node.go:52: do prepare
node-9 2022/01/05 22:52:13.002854 node.go:52: do prepare
node-9 2022/01/05 22:52:13.002854 node.go:52: do prepare
node-9 2022/01/05 22:52:13.002854 node.go:52: do commit
node-9 2022/01/05 22:52:13.002854 node.go:52: do pre-prepare
node-9 2022/01/05 22:52:13.003851 node.go:52: do commit
node-9 2022/01/05 22:52:13.004850 node.go:52: do prepare
node-9 2022/01/05 22:52:13.006260 node.go:52: do commit
node-9 2022/01/05 22:52:13.006260 node.go:52: do commit
node-9 2022/01/05 22:52:13.006260 node.go:52: do commit
node-9 2022/01/05 22:52:13.007259 node.go:52: do commit
node-9 2022/01/05 22:52:13.007259 node.go:134: Committed value: node-4, 1641394321, Test, 1641394271284264150
node-9 2022/01/05 22:52:13.007259 node.go:134: Committed value: node-2, 1641394322, Test, 1641394271284264151
node-9 2022/01/05 22:52:13.007259 node.go:134: Committed value: node-4, 1641394323, Test, 1641394271284264152
node-9 2022/01/05 22:52:13.007259 node.go:134: Committed value: node-3, 1641394324, Test, 1641394271284264153
node-9 2022/01/05 22:52:13.007259 node.go:134: Committed value: node-7, 1641394325, Test, 1641394271284264154
node-9 2022/01/05 22:52:13.007259 node.go:134: Committed value: node-1, 1641394326, Test, 1641394271284264155
node-9 2022/01/05 22:52:13.007259 node.go:134: Committed value: node-4, 1641394327, Test, 1641394271284264156
node-9 2022/01/05 22:52:13.007259 node.go:134: Committed value: node-2, 1641394328, Test, 1641394271284264157
node-9 2022/01/05 22:52:13.007259 node.go:134: Committed value: node-5, 1641394329, Test, 1641394271284264158
node-9 2022/01/05 22:52:13.007259 node.go:134: Committed value: node-8, 1641394330, Test, 1641394271284264159
node-9 2022/01/05 22:52:13.007259 node.go:134: Committed value: node-8, 1641394331, Test, 1641394271284264160
node-9 2022/01/05 22:52:13.007259 node.go:134: Committed value: node-10, 1641394333, Test, 1641394271284264161
node-9 2022/01/05 22:52:13.007259 node.go:136: 
node-9 2022/01/05 22:52:13.007259 node.go:140: Reply Finished!
node-9 2022/01/05 22:52:13.009125 node.go:52: do prepare
node-9 2022/01/05 22:52:13.009125 node.go:52: do commit
node-9 2022/01/05 22:52:13.009125 node.go:52: do prepare
node-9 2022/01/05 22:52:13.011122 node.go:52: do commit
node-9 2022/01/05 22:52:13.011122 node.go:52: do commit
node-9 2022/01/05 22:52:14.022930 node.go:52: do pre-prepare
node-9 2022/01/05 22:52:14.024924 node.go:52: do prepare
node-9 2022/01/05 22:52:14.024924 node.go:52: do commit
node-9 2022/01/05 22:52:14.024924 node.go:52: do commit
node-9 2022/01/05 22:52:14.027917 node.go:52: do prepare
node-9 2022/01/05 22:52:14.029360 node.go:52: do prepare
node-9 2022/01/05 22:52:14.029360 node.go:52: do prepare
node-9 2022/01/05 22:52:14.029360 node.go:52: do commit
node-9 2022/01/05 22:52:14.029360 node.go:52: do prepare
node-9 2022/01/05 22:52:14.029360 node.go:52: do commit
node-9 2022/01/05 22:52:14.029360 node.go:52: do prepare
node-9 2022/01/05 22:52:14.031358 node.go:134: Committed value: node-4, 1641394321, Test, 1641394271284264150
node-9 2022/01/05 22:52:14.031358 node.go:134: Committed value: node-2, 1641394322, Test, 1641394271284264151
node-9 2022/01/05 22:52:14.031358 node.go:134: Committed value: node-4, 1641394323, Test, 1641394271284264152
node-9 2022/01/05 22:52:14.031358 node.go:134: Committed value: node-3, 1641394324, Test, 1641394271284264153
node-9 2022/01/05 22:52:14.031358 node.go:134: Committed value: node-7, 1641394325, Test, 1641394271284264154
node-9 2022/01/05 22:52:14.031358 node.go:134: Committed value: node-1, 1641394326, Test, 1641394271284264155
node-9 2022/01/05 22:52:14.031358 node.go:134: Committed value: node-4, 1641394327, Test, 1641394271284264156
node-9 2022/01/05 22:52:14.031358 node.go:134: Committed value: node-2, 1641394328, Test, 1641394271284264157
node-9 2022/01/05 22:52:14.031358 node.go:134: Committed value: node-5, 1641394329, Test, 1641394271284264158
node-9 2022/01/05 22:52:14.031358 node.go:134: Committed value: node-8, 1641394330, Test, 1641394271284264159
node-9 2022/01/05 22:52:14.031358 node.go:134: Committed value: node-8, 1641394331, Test, 1641394271284264160
node-9 2022/01/05 22:52:14.031358 node.go:134: Committed value: node-10, 1641394333, Test, 1641394271284264161
node-9 2022/01/05 22:52:14.031358 node.go:134: Committed value: node-1, 1641394334, Test, 1641394271284264162
node-9 2022/01/05 22:52:14.031358 node.go:136: 
node-9 2022/01/05 22:52:14.031358 node.go:140: Reply Finished!
node-9 2022/01/05 22:52:14.031358 node.go:52: do commit
node-9 2022/01/05 22:52:14.031358 node.go:52: do commit
node-9 2022/01/05 22:52:14.031358 node.go:52: do prepare
node-9 2022/01/05 22:52:14.032355 node.go:52: do commit
node-9 2022/01/05 22:52:14.032355 node.go:52: do prepare
node-9 2022/01/05 22:52:14.033352 node.go:52: do commit
node-9 2022/01/05 22:52:14.034350 node.go:52: do commit
node-9 2022/01/05 22:52:15.032544 node.go:52: do pre-prepare
node-9 2022/01/05 22:52:15.034400 node.go:52: do prepare
node-9 2022/01/05 22:52:15.035394 node.go:52: do commit
node-9 2022/01/05 22:52:15.037389 node.go:52: do commit
node-9 2022/01/05 22:52:15.038387 node.go:52: do prepare
node-9 2022/01/05 22:52:15.039384 node.go:52: do commit
node-9 2022/01/05 22:52:15.039384 node.go:52: do prepare
node-9 2022/01/05 22:52:15.039384 node.go:52: do prepare
node-9 2022/01/05 22:52:15.039384 node.go:52: do commit
node-9 2022/01/05 22:52:15.039384 node.go:52: do commit
node-9 2022/01/05 22:52:15.039384 node.go:52: do commit
node-9 2022/01/05 22:52:15.040381 node.go:134: Committed value: node-4, 1641394321, Test, 1641394271284264150
node-9 2022/01/05 22:52:15.040381 node.go:134: Committed value: node-2, 1641394322, Test, 1641394271284264151
node-9 2022/01/05 22:52:15.040381 node.go:134: Committed value: node-4, 1641394323, Test, 1641394271284264152
node-9 2022/01/05 22:52:15.040381 node.go:134: Committed value: node-3, 1641394324, Test, 1641394271284264153
node-9 2022/01/05 22:52:15.040381 node.go:134: Committed value: node-7, 1641394325, Test, 1641394271284264154
node-9 2022/01/05 22:52:15.040381 node.go:52: do prepare
node-9 2022/01/05 22:52:15.040381 node.go:134: Committed value: node-1, 1641394326, Test, 1641394271284264155
node-9 2022/01/05 22:52:15.040381 node.go:134: Committed value: node-4, 1641394327, Test, 1641394271284264156
node-9 2022/01/05 22:52:15.040381 node.go:134: Committed value: node-2, 1641394328, Test, 1641394271284264157
node-9 2022/01/05 22:52:15.040381 node.go:134: Committed value: node-5, 1641394329, Test, 1641394271284264158
node-9 2022/01/05 22:52:15.040381 node.go:134: Committed value: node-8, 1641394330, Test, 1641394271284264159
node-9 2022/01/05 22:52:15.040381 node.go:134: Committed value: node-8, 1641394331, Test, 1641394271284264160
node-9 2022/01/05 22:52:15.040381 node.go:134: Committed value: node-10, 1641394333, Test, 1641394271284264161
node-9 2022/01/05 22:52:15.040381 node.go:134: Committed value: node-1, 1641394334, Test, 1641394271284264162
node-9 2022/01/05 22:52:15.040381 node.go:134: Committed value: node-10, 1641394335, Test, 1641394271284264163
node-9 2022/01/05 22:52:15.040381 node.go:136: 
node-9 2022/01/05 22:52:15.040381 node.go:140: Reply Finished!
node-9 2022/01/05 22:52:15.040381 node.go:52: do prepare
node-9 2022/01/05 22:52:15.041378 node.go:52: do commit
node-9 2022/01/05 22:52:15.041378 node.go:52: do prepare
node-9 2022/01/05 22:52:15.041378 node.go:52: do prepare
node-9 2022/01/05 22:52:15.041378 node.go:52: do commit
node-9 2022/01/05 22:52:15.043374 node.go:52: do commit
node-9 2022/01/05 22:52:16.047774 node.go:52: do prepare
node-9 2022/01/05 22:52:16.047774 node.go:52: do prepare
node-9 2022/01/05 22:52:16.047774 node.go:52: do pre-prepare
node-9 2022/01/05 22:52:16.048770 node.go:52: do commit
node-9 2022/01/05 22:52:16.049768 node.go:52: do commit
node-9 2022/01/05 22:52:16.049768 node.go:52: do prepare
node-9 2022/01/05 22:52:16.050772 node.go:52: do prepare
node-9 2022/01/05 22:52:16.051583 node.go:52: do prepare
node-9 2022/01/05 22:52:16.052584 node.go:52: do prepare
node-9 2022/01/05 22:52:16.052584 node.go:52: do prepare
node-9 2022/01/05 22:52:16.052584 node.go:52: do commit
node-9 2022/01/05 22:52:16.053590 node.go:52: do prepare
node-9 2022/01/05 22:52:16.053590 node.go:52: do commit
node-9 2022/01/05 22:52:16.053590 node.go:52: do commit
node-9 2022/01/05 22:52:16.055575 node.go:52: do commit
node-9 2022/01/05 22:52:16.055575 node.go:134: Committed value: node-4, 1641394321, Test, 1641394271284264150
node-9 2022/01/05 22:52:16.055575 node.go:134: Committed value: node-2, 1641394322, Test, 1641394271284264151
node-9 2022/01/05 22:52:16.055575 node.go:134: Committed value: node-4, 1641394323, Test, 1641394271284264152
node-9 2022/01/05 22:52:16.055575 node.go:134: Committed value: node-3, 1641394324, Test, 1641394271284264153
node-9 2022/01/05 22:52:16.055575 node.go:134: Committed value: node-7, 1641394325, Test, 1641394271284264154
node-9 2022/01/05 22:52:16.055575 node.go:134: Committed value: node-1, 1641394326, Test, 1641394271284264155
node-9 2022/01/05 22:52:16.055575 node.go:134: Committed value: node-4, 1641394327, Test, 1641394271284264156
node-9 2022/01/05 22:52:16.055575 node.go:134: Committed value: node-2, 1641394328, Test, 1641394271284264157
node-9 2022/01/05 22:52:16.055575 node.go:134: Committed value: node-5, 1641394329, Test, 1641394271284264158
node-9 2022/01/05 22:52:16.055575 node.go:134: Committed value: node-8, 1641394330, Test, 1641394271284264159
node-9 2022/01/05 22:52:16.055575 node.go:134: Committed value: node-8, 1641394331, Test, 1641394271284264160
node-9 2022/01/05 22:52:16.055575 node.go:52: do commit
node-9 2022/01/05 22:52:16.055575 node.go:134: Committed value: node-10, 1641394333, Test, 1641394271284264161
node-9 2022/01/05 22:52:16.055575 node.go:134: Committed value: node-1, 1641394334, Test, 1641394271284264162
node-9 2022/01/05 22:52:16.055575 node.go:134: Committed value: node-10, 1641394335, Test, 1641394271284264163
node-9 2022/01/05 22:52:16.055575 node.go:134: Committed value: node-8, 1641394336, Test, 1641394271284264164
node-9 2022/01/05 22:52:16.055575 node.go:136: 
node-9 2022/01/05 22:52:16.055575 node.go:140: Reply Finished!
node-9 2022/01/05 22:52:16.055575 node.go:52: do commit
node-9 2022/01/05 22:52:16.056572 node.go:52: do commit
node-9 2022/01/05 22:52:17.058084 node.go:52: do prepare
node-9 2022/01/05 22:52:17.058084 node.go:52: do prepare
node-9 2022/01/05 22:52:17.059081 node.go:52: do prepare
node-9 2022/01/05 22:52:17.060079 node.go:52: do pre-prepare
node-9 2022/01/05 22:52:17.061076 node.go:52: do prepare
node-9 2022/01/05 22:52:17.062742 node.go:52: do prepare
node-9 2022/01/05 22:52:17.063739 node.go:52: do prepare
node-9 2022/01/05 22:52:17.063739 node.go:52: do commit
node-9 2022/01/05 22:52:17.063739 node.go:52: do commit
node-9 2022/01/05 22:52:17.064737 node.go:52: do commit
node-9 2022/01/05 22:52:17.067045 node.go:52: do prepare
node-9 2022/01/05 22:52:17.068046 node.go:52: do commit
node-9 2022/01/05 22:52:17.068046 node.go:52: do commit
node-9 2022/01/05 22:52:17.068046 node.go:134: Committed value: node-4, 1641394321, Test, 1641394271284264150
node-9 2022/01/05 22:52:17.068046 node.go:134: Committed value: node-2, 1641394322, Test, 1641394271284264151
node-9 2022/01/05 22:52:17.068046 node.go:134: Committed value: node-4, 1641394323, Test, 1641394271284264152
node-9 2022/01/05 22:52:17.068046 node.go:134: Committed value: node-3, 1641394324, Test, 1641394271284264153
node-9 2022/01/05 22:52:17.068046 node.go:134: Committed value: node-7, 1641394325, Test, 1641394271284264154
node-9 2022/01/05 22:52:17.068046 node.go:52: do commit
node-9 2022/01/05 22:52:17.068046 node.go:134: Committed value: node-1, 1641394326, Test, 1641394271284264155
node-9 2022/01/05 22:52:17.068046 node.go:134: Committed value: node-4, 1641394327, Test, 1641394271284264156
node-9 2022/01/05 22:52:17.068046 node.go:134: Committed value: node-2, 1641394328, Test, 1641394271284264157
node-9 2022/01/05 22:52:17.068046 node.go:134: Committed value: node-5, 1641394329, Test, 1641394271284264158
node-9 2022/01/05 22:52:17.068046 node.go:134: Committed value: node-8, 1641394330, Test, 1641394271284264159
node-9 2022/01/05 22:52:17.068046 node.go:134: Committed value: node-8, 1641394331, Test, 1641394271284264160
node-9 2022/01/05 22:52:17.068046 node.go:134: Committed value: node-10, 1641394333, Test, 1641394271284264161
node-9 2022/01/05 22:52:17.068046 node.go:134: Committed value: node-1, 1641394334, Test, 1641394271284264162
node-9 2022/01/05 22:52:17.068046 node.go:134: Committed value: node-10, 1641394335, Test, 1641394271284264163
node-9 2022/01/05 22:52:17.068046 node.go:134: Committed value: node-8, 1641394336, Test, 1641394271284264164
node-9 2022/01/05 22:52:17.068046 node.go:134: Committed value: node-2, 1641394337, Test, 1641394271284264165
node-9 2022/01/05 22:52:17.068046 node.go:136: 
node-9 2022/01/05 22:52:17.068046 node.go:140: Reply Finished!
node-9 2022/01/05 22:52:17.068903 node.go:52: do prepare
node-9 2022/01/05 22:52:17.069904 node.go:52: do commit
node-9 2022/01/05 22:52:17.069904 node.go:52: do commit
node-9 2022/01/05 22:52:17.070900 node.go:52: do commit
node-9 2022/01/05 22:52:18.071810 node.go:52: do pre-prepare
node-9 2022/01/05 22:52:18.072802 node.go:52: do prepare
node-9 2022/01/05 22:52:18.073799 node.go:52: do commit
node-9 2022/01/05 22:52:18.073799 node.go:52: do prepare
node-9 2022/01/05 22:52:18.073799 node.go:52: do commit
node-9 2022/01/05 22:52:18.073799 node.go:52: do prepare
node-9 2022/01/05 22:52:18.074796 node.go:52: do prepare
node-9 2022/01/05 22:52:18.074796 node.go:52: do prepare
node-9 2022/01/05 22:52:18.075794 node.go:52: do commit
node-9 2022/01/05 22:52:18.076791 node.go:52: do prepare
node-9 2022/01/05 22:52:18.076791 node.go:52: do commit
node-9 2022/01/05 22:52:18.076791 node.go:134: Committed value: node-4, 1641394321, Test, 1641394271284264150
node-9 2022/01/05 22:52:18.076791 node.go:134: Committed value: node-2, 1641394322, Test, 1641394271284264151
node-9 2022/01/05 22:52:18.076791 node.go:134: Committed value: node-4, 1641394323, Test, 1641394271284264152
node-9 2022/01/05 22:52:18.076791 node.go:134: Committed value: node-3, 1641394324, Test, 1641394271284264153
node-9 2022/01/05 22:52:18.076791 node.go:134: Committed value: node-7, 1641394325, Test, 1641394271284264154
node-9 2022/01/05 22:52:18.076791 node.go:134: Committed value: node-1, 1641394326, Test, 1641394271284264155
node-9 2022/01/05 22:52:18.076791 node.go:134: Committed value: node-4, 1641394327, Test, 1641394271284264156
node-9 2022/01/05 22:52:18.076791 node.go:134: Committed value: node-2, 1641394328, Test, 1641394271284264157
node-9 2022/01/05 22:52:18.076791 node.go:134: Committed value: node-5, 1641394329, Test, 1641394271284264158
node-9 2022/01/05 22:52:18.076791 node.go:134: Committed value: node-8, 1641394330, Test, 1641394271284264159
node-9 2022/01/05 22:52:18.076791 node.go:134: Committed value: node-8, 1641394331, Test, 1641394271284264160
node-9 2022/01/05 22:52:18.076791 node.go:134: Committed value: node-10, 1641394333, Test, 1641394271284264161
node-9 2022/01/05 22:52:18.076791 node.go:134: Committed value: node-1, 1641394334, Test, 1641394271284264162
node-9 2022/01/05 22:52:18.076791 node.go:134: Committed value: node-10, 1641394335, Test, 1641394271284264163
node-9 2022/01/05 22:52:18.076791 node.go:134: Committed value: node-8, 1641394336, Test, 1641394271284264164
node-9 2022/01/05 22:52:18.076791 node.go:134: Committed value: node-2, 1641394337, Test, 1641394271284264165
node-9 2022/01/05 22:52:18.076791 node.go:134: Committed value: node-8, 1641394338, Test, 1641394271284264166
node-9 2022/01/05 22:52:18.076791 node.go:136: 
node-9 2022/01/05 22:52:18.076791 node.go:140: Reply Finished!
node-9 2022/01/05 22:52:18.078793 node.go:52: do prepare
node-9 2022/01/05 22:52:18.078793 node.go:52: do prepare
node-9 2022/01/05 22:52:18.078793 node.go:52: do commit
node-9 2022/01/05 22:52:18.080422 node.go:52: do commit
node-9 2022/01/05 22:52:18.080422 node.go:52: do commit
node-9 2022/01/05 22:52:18.081419 node.go:52: do commit
node-9 2022/01/05 22:52:18.082415 node.go:52: do commit
node-9 2022/01/05 22:52:19.083340 node.go:52: do client
node-9 2022/01/05 22:52:19.083340 node.go:111: Start request as Client, time: 1641394339083340
node-9 2022/01/05 22:52:19.084354 node.go:52: do pre-prepare
node-9 2022/01/05 22:52:19.085345 node.go:52: do prepare
node-9 2022/01/05 22:52:19.085345 node.go:52: do prepare
node-9 2022/01/05 22:52:19.086340 node.go:52: do prepare
node-9 2022/01/05 22:52:19.086340 node.go:52: do prepare
node-9 2022/01/05 22:52:19.086340 node.go:52: do prepare
node-9 2022/01/05 22:52:19.087337 node.go:52: do reply
node-9 2022/01/05 22:52:19.087337 node.go:123: Result: Executed by node-2
node-9 2022/01/05 22:52:19.088338 node.go:52: do commit
node-9 2022/01/05 22:52:19.090259 node.go:52: do reply
node-9 2022/01/05 22:52:19.090259 node.go:123: Result: Executed by node-6
node-9 2022/01/05 22:52:19.090259 node.go:52: do reply
node-9 2022/01/05 22:52:19.090259 node.go:123: Result: Executed by node-3
node-9 2022/01/05 22:52:19.092224 node.go:52: do prepare
node-9 2022/01/05 22:52:19.092224 node.go:52: do commit
node-9 2022/01/05 22:52:19.092224 node.go:134: Committed value: node-4, 1641394321, Test, 1641394271284264150
node-9 2022/01/05 22:52:19.092224 node.go:134: Committed value: node-2, 1641394322, Test, 1641394271284264151
node-9 2022/01/05 22:52:19.092224 node.go:134: Committed value: node-4, 1641394323, Test, 1641394271284264152
node-9 2022/01/05 22:52:19.092224 node.go:134: Committed value: node-3, 1641394324, Test, 1641394271284264153
node-9 2022/01/05 22:52:19.092224 node.go:134: Committed value: node-7, 1641394325, Test, 1641394271284264154
node-9 2022/01/05 22:52:19.092224 node.go:134: Committed value: node-1, 1641394326, Test, 1641394271284264155
node-9 2022/01/05 22:52:19.093233 node.go:134: Committed value: node-4, 1641394327, Test, 1641394271284264156
node-9 2022/01/05 22:52:19.093233 node.go:134: Committed value: node-2, 1641394328, Test, 1641394271284264157
node-9 2022/01/05 22:52:19.093233 node.go:134: Committed value: node-5, 1641394329, Test, 1641394271284264158
node-9 2022/01/05 22:52:19.093233 node.go:52: do prepare
node-9 2022/01/05 22:52:19.093233 node.go:134: Committed value: node-8, 1641394330, Test, 1641394271284264159
node-9 2022/01/05 22:52:19.093233 node.go:134: Committed value: node-8, 1641394331, Test, 1641394271284264160
node-9 2022/01/05 22:52:19.093233 node.go:134: Committed value: node-10, 1641394333, Test, 1641394271284264161
node-9 2022/01/05 22:52:19.093233 node.go:134: Committed value: node-1, 1641394334, Test, 1641394271284264162
node-9 2022/01/05 22:52:19.093233 node.go:134: Committed value: node-10, 1641394335, Test, 1641394271284264163
node-9 2022/01/05 22:52:19.093233 node.go:134: Committed value: node-8, 1641394336, Test, 1641394271284264164
node-9 2022/01/05 22:52:19.093233 node.go:134: Committed value: node-2, 1641394337, Test, 1641394271284264165
node-9 2022/01/05 22:52:19.093233 node.go:134: Committed value: node-8, 1641394338, Test, 1641394271284264166
node-9 2022/01/05 22:52:19.093233 node.go:134: Committed value: node-9, 1641394339, Test, 1641394271284264167
node-9 2022/01/05 22:52:19.093233 node.go:136: 
node-9 2022/01/05 22:52:19.093233 node.go:140: Reply Finished!
node-9 2022/01/05 22:52:19.093233 node.go:52: do reply
node-9 2022/01/05 22:52:19.093233 node.go:123: Result: Executed by node-9
node-9 2022/01/05 22:52:19.093233 node.go:116: Request Finished! Delay: 9893
node-9 2022/01/05 22:52:19.093233 node.go:117: 1641394339083340 1641394339093233
node-9 2022/01/05 22:52:19.094222 node.go:52: do reply
node-9 2022/01/05 22:52:19.094222 node.go:123: Result: Executed by node-8
node-9 2022/01/05 22:52:19.094222 node.go:52: do commit
node-9 2022/01/05 22:52:19.094222 node.go:52: do prepare
node-9 2022/01/05 22:52:19.094222 node.go:52: do commit
node-9 2022/01/05 22:52:19.094222 node.go:52: do commit
node-9 2022/01/05 22:52:19.095218 node.go:52: do commit
node-9 2022/01/05 22:52:19.096216 node.go:52: do reply
node-9 2022/01/05 22:52:19.096216 node.go:123: Result: Executed by node-5
node-9 2022/01/05 22:52:19.096216 node.go:52: do commit
node-9 2022/01/05 22:52:19.096216 node.go:52: do reply
node-9 2022/01/05 22:52:19.096216 node.go:123: Result: Executed by node-1
node-9 2022/01/05 22:52:19.096216 node.go:52: do reply
node-9 2022/01/05 22:52:19.096216 node.go:123: Result: Executed by node-10
node-9 2022/01/05 22:52:19.097214 node.go:52: do commit
node-9 2022/01/05 22:52:19.097214 node.go:52: do reply
node-9 2022/01/05 22:52:19.097214 node.go:123: Result: Executed by node-7
node-9 2022/01/05 22:52:19.097214 node.go:52: do commit
node-9 2022/01/05 22:52:19.098211 node.go:52: do reply
node-9 2022/01/05 22:52:19.098211 node.go:123: Result: Executed by node-4
node-9 2022/01/05 22:52:20.095699 node.go:52: do pre-prepare
node-9 2022/01/05 22:52:20.096697 node.go:52: do prepare
node-9 2022/01/05 22:52:20.096697 node.go:52: do prepare
node-9 2022/01/05 22:52:20.096697 node.go:52: do prepare
node-9 2022/01/05 22:52:20.096697 node.go:52: do prepare
node-9 2022/01/05 22:52:20.097694 node.go:52: do prepare
node-9 2022/01/05 22:52:20.097694 node.go:52: do commit
node-9 2022/01/05 22:52:20.097694 node.go:134: Committed value: node-4, 1641394321, Test, 1641394271284264150
node-9 2022/01/05 22:52:20.097694 node.go:134: Committed value: node-2, 1641394322, Test, 1641394271284264151
node-9 2022/01/05 22:52:20.097694 node.go:134: Committed value: node-4, 1641394323, Test, 1641394271284264152
node-9 2022/01/05 22:52:20.097694 node.go:134: Committed value: node-3, 1641394324, Test, 1641394271284264153
node-9 2022/01/05 22:52:20.097694 node.go:134: Committed value: node-7, 1641394325, Test, 1641394271284264154
node-9 2022/01/05 22:52:20.097694 node.go:134: Committed value: node-1, 1641394326, Test, 1641394271284264155
node-9 2022/01/05 22:52:20.097694 node.go:134: Committed value: node-4, 1641394327, Test, 1641394271284264156
node-9 2022/01/05 22:52:20.097694 node.go:134: Committed value: node-2, 1641394328, Test, 1641394271284264157
node-9 2022/01/05 22:52:20.097694 node.go:134: Committed value: node-5, 1641394329, Test, 1641394271284264158
node-9 2022/01/05 22:52:20.097694 node.go:134: Committed value: node-8, 1641394330, Test, 1641394271284264159
node-9 2022/01/05 22:52:20.097694 node.go:134: Committed value: node-8, 1641394331, Test, 1641394271284264160
node-9 2022/01/05 22:52:20.097694 node.go:134: Committed value: node-10, 1641394333, Test, 1641394271284264161
node-9 2022/01/05 22:52:20.097694 node.go:134: Committed value: node-1, 1641394334, Test, 1641394271284264162
node-9 2022/01/05 22:52:20.097694 node.go:134: Committed value: node-10, 1641394335, Test, 1641394271284264163
node-9 2022/01/05 22:52:20.097694 node.go:134: Committed value: node-8, 1641394336, Test, 1641394271284264164
node-9 2022/01/05 22:52:20.097694 node.go:134: Committed value: node-2, 1641394337, Test, 1641394271284264165
node-9 2022/01/05 22:52:20.097694 node.go:134: Committed value: node-8, 1641394338, Test, 1641394271284264166
node-9 2022/01/05 22:52:20.097694 node.go:134: Committed value: node-9, 1641394339, Test, 1641394271284264167
node-9 2022/01/05 22:52:20.097694 node.go:134: Committed value: node-1, 1641394340, Test, 1641394271284264168
node-9 2022/01/05 22:52:20.097694 node.go:136: 
node-9 2022/01/05 22:52:20.097694 node.go:140: Reply Finished!
node-9 2022/01/05 22:52:20.097694 node.go:52: do commit
node-9 2022/01/05 22:52:20.098690 node.go:52: do prepare
node-9 2022/01/05 22:52:20.098690 node.go:52: do commit
node-9 2022/01/05 22:52:20.100685 node.go:52: do commit
node-9 2022/01/05 22:52:20.100685 node.go:52: do commit
node-9 2022/01/05 22:52:20.103131 node.go:52: do commit
node-9 2022/01/05 22:52:20.103131 node.go:52: do prepare
node-9 2022/01/05 22:52:20.103131 node.go:52: do prepare
node-9 2022/01/05 22:52:20.104131 node.go:52: do commit
node-9 2022/01/05 22:52:20.104131 node.go:52: do commit
node-9 2022/01/05 22:52:20.105127 node.go:52: do commit
node-9 2022/01/05 22:52:21.107785 node.go:52: do pre-prepare
node-9 2022/01/05 22:52:21.109788 node.go:52: do prepare
node-9 2022/01/05 22:52:21.110785 node.go:52: do prepare
node-9 2022/01/05 22:52:21.111784 node.go:52: do prepare
node-9 2022/01/05 22:52:21.111784 node.go:52: do commit
node-9 2022/01/05 22:52:21.112785 node.go:134: Committed value: node-4, 1641394321, Test, 1641394271284264150
node-9 2022/01/05 22:52:21.112785 node.go:134: Committed value: node-2, 1641394322, Test, 1641394271284264151
node-9 2022/01/05 22:52:21.112785 node.go:134: Committed value: node-4, 1641394323, Test, 1641394271284264152
node-9 2022/01/05 22:52:21.112785 node.go:134: Committed value: node-3, 1641394324, Test, 1641394271284264153
node-9 2022/01/05 22:52:21.112785 node.go:134: Committed value: node-7, 1641394325, Test, 1641394271284264154
node-9 2022/01/05 22:52:21.112785 node.go:134: Committed value: node-1, 1641394326, Test, 1641394271284264155
node-9 2022/01/05 22:52:21.112785 node.go:134: Committed value: node-4, 1641394327, Test, 1641394271284264156
node-9 2022/01/05 22:52:21.112785 node.go:134: Committed value: node-2, 1641394328, Test, 1641394271284264157
node-9 2022/01/05 22:52:21.112785 node.go:134: Committed value: node-5, 1641394329, Test, 1641394271284264158
node-9 2022/01/05 22:52:21.112785 node.go:134: Committed value: node-8, 1641394330, Test, 1641394271284264159
node-9 2022/01/05 22:52:21.112785 node.go:134: Committed value: node-8, 1641394331, Test, 1641394271284264160
node-9 2022/01/05 22:52:21.112785 node.go:134: Committed value: node-10, 1641394333, Test, 1641394271284264161
node-9 2022/01/05 22:52:21.112785 node.go:134: Committed value: node-1, 1641394334, Test, 1641394271284264162
node-9 2022/01/05 22:52:21.112785 node.go:134: Committed value: node-10, 1641394335, Test, 1641394271284264163
node-9 2022/01/05 22:52:21.112785 node.go:134: Committed value: node-8, 1641394336, Test, 1641394271284264164
node-9 2022/01/05 22:52:21.112785 node.go:134: Committed value: node-2, 1641394337, Test, 1641394271284264165
node-9 2022/01/05 22:52:21.112785 node.go:134: Committed value: node-8, 1641394338, Test, 1641394271284264166
node-9 2022/01/05 22:52:21.112785 node.go:134: Committed value: node-9, 1641394339, Test, 1641394271284264167
node-9 2022/01/05 22:52:21.112785 node.go:134: Committed value: node-1, 1641394340, Test, 1641394271284264168
node-9 2022/01/05 22:52:21.112785 node.go:134: Committed value: node-6, 1641394341, Test, 1641394271284264169
node-9 2022/01/05 22:52:21.112785 node.go:136: 
node-9 2022/01/05 22:52:21.112785 node.go:140: Reply Finished!
node-9 2022/01/05 22:52:21.112785 node.go:52: do commit
node-9 2022/01/05 22:52:21.112785 node.go:52: do prepare
node-9 2022/01/05 22:52:21.112785 node.go:52: do prepare
node-9 2022/01/05 22:52:21.112785 node.go:52: do commit
node-9 2022/01/05 22:52:21.113777 node.go:52: do commit
node-9 2022/01/05 22:52:21.113777 node.go:52: do prepare
node-9 2022/01/05 22:52:21.115593 node.go:52: do commit
node-9 2022/01/05 22:52:21.115593 node.go:52: do commit
node-9 2022/01/05 22:52:21.116348 node.go:52: do commit
node-9 2022/01/05 22:52:21.116348 node.go:52: do commit
node-9 2022/01/05 22:52:21.116348 node.go:52: do prepare
node-9 2022/01/05 22:52:21.117360 node.go:52: do prepare
node-9 2022/01/05 22:52:21.117360 node.go:52: do commit
