node-12 2022/01/05 21:00:16.160831 node.go:52: do add
node-12 2022/01/05 21:00:16.160831 node.go:582: f: 0 ; 2f: 0
node-12 2022/01/05 21:00:16.160831 node.go:52: do setF
node-12 2022/01/05 21:00:16.160831 node.go:582: f: 4 ; 2f: 8
node-12 2022/01/05 21:00:16.162733 node.go:52: do pre-prepare
node-12 2022/01/05 21:00:16.164861 node.go:52: do prepare
node-12 2022/01/05 21:00:16.164861 node.go:52: do commit
node-12 2022/01/05 21:00:16.164861 node.go:52: do prepare
node-12 2022/01/05 21:00:16.164861 node.go:52: do prepare
node-12 2022/01/05 21:00:16.165409 node.go:52: do prepare
node-12 2022/01/05 21:00:16.165921 node.go:52: do prepare
node-12 2022/01/05 21:00:16.165921 node.go:52: do prepare
node-12 2022/01/05 21:00:16.168047 node.go:52: do prepare
node-12 2022/01/05 21:00:16.168558 node.go:52: do commit
node-12 2022/01/05 21:00:16.169069 node.go:52: do commit
node-12 2022/01/05 21:00:16.169671 node.go:52: do prepare
node-12 2022/01/05 21:00:16.171242 node.go:52: do commit
node-12 2022/01/05 21:00:16.171242 node.go:52: do prepare
node-12 2022/01/05 21:00:16.173852 node.go:52: do commit
node-12 2022/01/05 21:00:16.173340 node.go:52: do commit
node-12 2022/01/05 21:00:16.174361 node.go:52: do commit
node-12 2022/01/05 21:00:16.172280 node.go:52: do prepare
node-12 2022/01/05 21:00:16.173340 node.go:52: do commit
node-12 2022/01/05 21:00:16.174361 node.go:52: do commit
node-12 2022/01/05 21:00:16.174361 node.go:134: Committed value: node-2, 1641387616, Test, 1641387535121580880
node-12 2022/01/05 21:00:16.174361 node.go:136: 
node-12 2022/01/05 21:00:16.174361 node.go:140: Reply Finished!
node-12 2022/01/05 21:00:16.175496 node.go:52: do commit
node-12 2022/01/05 21:00:16.176008 node.go:52: do commit
node-12 2022/01/05 21:00:17.180260 node.go:52: do prepare
node-12 2022/01/05 21:00:17.181362 node.go:52: do prepare
node-12 2022/01/05 21:00:17.181362 node.go:52: do prepare
node-12 2022/01/05 21:00:17.183347 node.go:52: do pre-prepare
node-12 2022/01/05 21:00:17.183347 node.go:52: do prepare
node-12 2022/01/05 21:00:17.183347 node.go:52: do prepare
node-12 2022/01/05 21:00:17.184344 node.go:52: do commit
node-12 2022/01/05 21:00:17.184344 node.go:52: do commit
node-12 2022/01/05 21:00:17.184344 node.go:52: do commit
node-12 2022/01/05 21:00:17.185348 node.go:52: do prepare
node-12 2022/01/05 21:00:17.186349 node.go:52: do commit
node-12 2022/01/05 21:00:17.186349 node.go:52: do commit
node-12 2022/01/05 21:00:17.186349 node.go:52: do prepare
node-12 2022/01/05 21:00:17.187336 node.go:52: do commit
node-12 2022/01/05 21:00:17.187336 node.go:52: do commit
node-12 2022/01/05 21:00:17.187336 node.go:52: do prepare
node-12 2022/01/05 21:00:17.187336 node.go:52: do prepare
node-12 2022/01/05 21:00:17.188333 node.go:52: do prepare
node-12 2022/01/05 21:00:17.189331 node.go:52: do commit
node-12 2022/01/05 21:00:17.189331 node.go:134: Committed value: node-2, 1641387616, Test, 1641387535121580880
node-12 2022/01/05 21:00:17.189331 node.go:134: Committed value: node-5, 1641387617, Test, 1641387535121580881
node-12 2022/01/05 21:00:17.189331 node.go:136: 
node-12 2022/01/05 21:00:17.189331 node.go:140: Reply Finished!
node-12 2022/01/05 21:00:17.191325 node.go:52: do commit
node-12 2022/01/05 21:00:17.192324 node.go:52: do commit
node-12 2022/01/05 21:00:17.193321 node.go:52: do commit
node-12 2022/01/05 21:00:18.202932 node.go:52: do prepare
node-12 2022/01/05 21:00:18.202932 node.go:52: do prepare
node-12 2022/01/05 21:00:18.203929 node.go:52: do prepare
node-12 2022/01/05 21:00:18.203929 node.go:52: do prepare
node-12 2022/01/05 21:00:18.203929 node.go:52: do prepare
node-12 2022/01/05 21:00:18.204927 node.go:52: do prepare
node-12 2022/01/05 21:00:18.204927 node.go:52: do pre-prepare
node-12 2022/01/05 21:00:18.205924 node.go:52: do prepare
node-12 2022/01/05 21:00:18.205924 node.go:52: do prepare
node-12 2022/01/05 21:00:18.206921 node.go:52: do commit
node-12 2022/01/05 21:00:18.206921 node.go:52: do commit
node-12 2022/01/05 21:00:18.206921 node.go:52: do prepare
node-12 2022/01/05 21:00:18.207919 node.go:52: do commit
node-12 2022/01/05 21:00:18.207919 node.go:52: do commit
node-12 2022/01/05 21:00:18.207919 node.go:52: do commit
node-12 2022/01/05 21:00:18.208916 node.go:52: do commit
node-12 2022/01/05 21:00:18.208916 node.go:134: Committed value: node-2, 1641387616, Test, 1641387535121580880
node-12 2022/01/05 21:00:18.208916 node.go:134: Committed value: node-5, 1641387617, Test, 1641387535121580881
node-12 2022/01/05 21:00:18.208916 node.go:134: Committed value: node-6, 1641387618, Test, 1641387535121580882
node-12 2022/01/05 21:00:18.208916 node.go:136: 
node-12 2022/01/05 21:00:18.208916 node.go:140: Reply Finished!
node-12 2022/01/05 21:00:18.209915 node.go:52: do commit
node-12 2022/01/05 21:00:18.209915 node.go:52: do commit
node-12 2022/01/05 21:00:18.209915 node.go:52: do prepare
node-12 2022/01/05 21:00:18.211910 node.go:52: do commit
node-12 2022/01/05 21:00:18.213904 node.go:52: do commit
node-12 2022/01/05 21:00:18.214901 node.go:52: do commit
node-12 2022/01/05 21:00:19.226640 node.go:52: do pre-prepare
node-12 2022/01/05 21:00:19.228638 node.go:52: do prepare
node-12 2022/01/05 21:00:19.229635 node.go:52: do prepare
node-12 2022/01/05 21:00:19.229635 node.go:52: do commit
node-12 2022/01/05 21:00:19.230632 node.go:52: do prepare
node-12 2022/01/05 21:00:19.230632 node.go:52: do prepare
node-12 2022/01/05 21:00:19.231635 node.go:52: do prepare
node-12 2022/01/05 21:00:19.231708 node.go:52: do prepare
node-12 2022/01/05 21:00:19.231708 node.go:52: do prepare
node-12 2022/01/05 21:00:19.232627 node.go:52: do commit
node-12 2022/01/05 21:00:19.232627 node.go:52: do prepare
node-12 2022/01/05 21:00:19.233625 node.go:52: do commit
node-12 2022/01/05 21:00:19.233625 node.go:52: do prepare
node-12 2022/01/05 21:00:19.234622 node.go:52: do prepare
node-12 2022/01/05 21:00:19.234622 node.go:52: do commit
node-12 2022/01/05 21:00:19.234622 node.go:134: Committed value: node-2, 1641387616, Test, 1641387535121580880
node-12 2022/01/05 21:00:19.234622 node.go:134: Committed value: node-5, 1641387617, Test, 1641387535121580881
node-12 2022/01/05 21:00:19.234622 node.go:134: Committed value: node-6, 1641387618, Test, 1641387535121580882
node-12 2022/01/05 21:00:19.234622 node.go:134: Committed value: node-8, 1641387619, Test, 1641387535121580883
node-12 2022/01/05 21:00:19.234622 node.go:136: 
node-12 2022/01/05 21:00:19.234622 node.go:140: Reply Finished!
node-12 2022/01/05 21:00:19.235619 node.go:52: do commit
node-12 2022/01/05 21:00:19.236618 node.go:52: do commit
node-12 2022/01/05 21:00:19.237615 node.go:52: do commit
node-12 2022/01/05 21:00:19.237615 node.go:52: do commit
node-12 2022/01/05 21:00:19.238612 node.go:52: do commit
node-12 2022/01/05 21:00:19.238612 node.go:52: do commit
node-12 2022/01/05 21:00:19.239608 node.go:52: do commit
node-12 2022/01/05 21:00:20.239947 node.go:52: do prepare
node-12 2022/01/05 21:00:20.239947 node.go:52: do prepare
node-12 2022/01/05 21:00:20.239947 node.go:52: do prepare
node-12 2022/01/05 21:00:20.239947 node.go:52: do pre-prepare
node-12 2022/01/05 21:00:20.240945 node.go:52: do prepare
node-12 2022/01/05 21:00:20.242939 node.go:52: do prepare
node-12 2022/01/05 21:00:20.243936 node.go:52: do commit
node-12 2022/01/05 21:00:20.244935 node.go:52: do commit
node-12 2022/01/05 21:00:20.245938 node.go:52: do commit
node-12 2022/01/05 21:00:20.245938 node.go:52: do commit
node-12 2022/01/05 21:00:20.245938 node.go:52: do commit
node-12 2022/01/05 21:00:20.245938 node.go:52: do prepare
node-12 2022/01/05 21:00:20.245938 node.go:52: do prepare
node-12 2022/01/05 21:00:20.246938 node.go:52: do commit
node-12 2022/01/05 21:00:20.246938 node.go:52: do commit
node-12 2022/01/05 21:00:20.247925 node.go:52: do prepare
node-12 2022/01/05 21:00:20.247925 node.go:52: do commit
node-12 2022/01/05 21:00:20.247925 node.go:134: Committed value: node-2, 1641387616, Test, 1641387535121580880
node-12 2022/01/05 21:00:20.247925 node.go:134: Committed value: node-5, 1641387617, Test, 1641387535121580881
node-12 2022/01/05 21:00:20.247925 node.go:134: Committed value: node-6, 1641387618, Test, 1641387535121580882
node-12 2022/01/05 21:00:20.247925 node.go:134: Committed value: node-8, 1641387619, Test, 1641387535121580883
node-12 2022/01/05 21:00:20.247925 node.go:134: Committed value: node-3, 1641387620, Test, 1641387535121580884
node-12 2022/01/05 21:00:20.247925 node.go:136: 
node-12 2022/01/05 21:00:20.247925 node.go:140: Reply Finished!
node-12 2022/01/05 21:00:20.248923 node.go:52: do commit
node-12 2022/01/05 21:00:20.248923 node.go:52: do prepare
node-12 2022/01/05 21:00:20.249886 node.go:52: do prepare
node-12 2022/01/05 21:00:20.269604 node.go:52: do commit
node-12 2022/01/05 21:00:20.270108 node.go:52: do commit
node-12 2022/01/05 21:00:21.250489 node.go:52: do pre-prepare
node-12 2022/01/05 21:00:21.251480 node.go:52: do prepare
node-12 2022/01/05 21:00:21.251480 node.go:52: do prepare
node-12 2022/01/05 21:00:21.252479 node.go:52: do prepare
node-12 2022/01/05 21:00:21.253474 node.go:52: do prepare
node-12 2022/01/05 21:00:21.253474 node.go:52: do prepare
node-12 2022/01/05 21:00:21.253474 node.go:52: do prepare
node-12 2022/01/05 21:00:21.254472 node.go:52: do commit
node-12 2022/01/05 21:00:21.254472 node.go:52: do prepare
node-12 2022/01/05 21:00:21.255470 node.go:52: do commit
node-12 2022/01/05 21:00:21.256467 node.go:52: do commit
node-12 2022/01/05 21:00:21.256467 node.go:52: do commit
node-12 2022/01/05 21:00:21.256467 node.go:52: do commit
node-12 2022/01/05 21:00:21.258463 node.go:52: do commit
node-12 2022/01/05 21:00:21.258463 node.go:134: Committed value: node-2, 1641387616, Test, 1641387535121580880
node-12 2022/01/05 21:00:21.258463 node.go:134: Committed value: node-5, 1641387617, Test, 1641387535121580881
node-12 2022/01/05 21:00:21.258463 node.go:134: Committed value: node-6, 1641387618, Test, 1641387535121580882
node-12 2022/01/05 21:00:21.258463 node.go:134: Committed value: node-8, 1641387619, Test, 1641387535121580883
node-12 2022/01/05 21:00:21.258463 node.go:134: Committed value: node-3, 1641387620, Test, 1641387535121580884
node-12 2022/01/05 21:00:21.258463 node.go:134: Committed value: node-1, 1641387621, Test, 1641387535121580885
node-12 2022/01/05 21:00:21.258463 node.go:136: 
node-12 2022/01/05 21:00:21.258463 node.go:140: Reply Finished!
node-12 2022/01/05 21:00:21.258463 node.go:52: do prepare
node-12 2022/01/05 21:00:21.259458 node.go:52: do commit
node-12 2022/01/05 21:00:21.260456 node.go:52: do prepare
node-12 2022/01/05 21:00:21.261453 node.go:52: do prepare
node-12 2022/01/05 21:00:21.261453 node.go:52: do commit
node-12 2022/01/05 21:00:21.262450 node.go:52: do commit
node-12 2022/01/05 21:00:21.262450 node.go:52: do commit
node-12 2022/01/05 21:00:21.262450 node.go:52: do commit
node-12 2022/01/05 21:00:22.273953 node.go:52: do pre-prepare
node-12 2022/01/05 21:00:22.274938 node.go:52: do prepare
node-12 2022/01/05 21:00:22.274938 node.go:52: do prepare
node-12 2022/01/05 21:00:22.274938 node.go:52: do prepare
node-12 2022/01/05 21:00:22.276933 node.go:52: do prepare
node-12 2022/01/05 21:00:22.277930 node.go:52: do commit
node-12 2022/01/05 21:00:22.278928 node.go:52: do prepare
node-12 2022/01/05 21:00:22.278928 node.go:52: do commit
node-12 2022/01/05 21:00:22.278928 node.go:52: do commit
node-12 2022/01/05 21:00:22.278928 node.go:52: do prepare
node-12 2022/01/05 21:00:22.279926 node.go:52: do prepare
node-12 2022/01/05 21:00:22.279926 node.go:52: do commit
node-12 2022/01/05 21:00:22.279926 node.go:52: do commit
node-12 2022/01/05 21:00:22.279926 node.go:52: do commit
node-12 2022/01/05 21:00:22.280922 node.go:52: do prepare
node-12 2022/01/05 21:00:22.280922 node.go:52: do commit
node-12 2022/01/05 21:00:22.281920 node.go:134: Committed value: node-2, 1641387616, Test, 1641387535121580880
node-12 2022/01/05 21:00:22.281920 node.go:134: Committed value: node-5, 1641387617, Test, 1641387535121580881
node-12 2022/01/05 21:00:22.281920 node.go:134: Committed value: node-6, 1641387618, Test, 1641387535121580882
node-12 2022/01/05 21:00:22.281920 node.go:134: Committed value: node-8, 1641387619, Test, 1641387535121580883
node-12 2022/01/05 21:00:22.281920 node.go:134: Committed value: node-3, 1641387620, Test, 1641387535121580884
node-12 2022/01/05 21:00:22.281920 node.go:134: Committed value: node-1, 1641387621, Test, 1641387535121580885
node-12 2022/01/05 21:00:22.281920 node.go:134: Committed value: node-5, 1641387622, Test, 1641387535121580886
node-12 2022/01/05 21:00:22.281920 node.go:136: 
node-12 2022/01/05 21:00:22.281920 node.go:140: Reply Finished!
node-12 2022/01/05 21:00:22.281920 node.go:52: do prepare
node-12 2022/01/05 21:00:22.281920 node.go:52: do commit
node-12 2022/01/05 21:00:22.281920 node.go:52: do commit
node-12 2022/01/05 21:00:22.282917 node.go:52: do prepare
node-12 2022/01/05 21:00:22.283915 node.go:52: do commit
node-12 2022/01/05 21:00:22.284913 node.go:52: do commit
node-12 2022/01/05 21:00:23.286139 node.go:52: do client
node-12 2022/01/05 21:00:23.286139 node.go:111: Start request as Client, time: 1641387623286139
node-12 2022/01/05 21:00:23.287134 node.go:52: do pre-prepare
node-12 2022/01/05 21:00:23.289128 node.go:52: do prepare
node-12 2022/01/05 21:00:23.290125 node.go:52: do prepare
node-12 2022/01/05 21:00:23.292119 node.go:52: do prepare
node-12 2022/01/05 21:00:23.293131 node.go:52: do prepare
node-12 2022/01/05 21:00:23.294115 node.go:52: do prepare
node-12 2022/01/05 21:00:23.294115 node.go:52: do commit
node-12 2022/01/05 21:00:23.294115 node.go:52: do prepare
node-12 2022/01/05 21:00:23.295111 node.go:52: do commit
node-12 2022/01/05 21:00:23.295111 node.go:52: do prepare
node-12 2022/01/05 21:00:23.295111 node.go:52: do commit
node-12 2022/01/05 21:00:23.296108 node.go:52: do commit
node-12 2022/01/05 21:00:23.296108 node.go:52: do commit
node-12 2022/01/05 21:00:23.296108 node.go:134: Committed value: node-2, 1641387616, Test, 1641387535121580880
node-12 2022/01/05 21:00:23.296108 node.go:134: Committed value: node-5, 1641387617, Test, 1641387535121580881
node-12 2022/01/05 21:00:23.296108 node.go:134: Committed value: node-6, 1641387618, Test, 1641387535121580882
node-12 2022/01/05 21:00:23.296108 node.go:134: Committed value: node-8, 1641387619, Test, 1641387535121580883
node-12 2022/01/05 21:00:23.296108 node.go:134: Committed value: node-3, 1641387620, Test, 1641387535121580884
node-12 2022/01/05 21:00:23.296108 node.go:134: Committed value: node-1, 1641387621, Test, 1641387535121580885
node-12 2022/01/05 21:00:23.296108 node.go:134: Committed value: node-5, 1641387622, Test, 1641387535121580886
node-12 2022/01/05 21:00:23.296108 node.go:134: Committed value: node-12, 1641387623, Test, 1641387535121580887
node-12 2022/01/05 21:00:23.296108 node.go:136: 
node-12 2022/01/05 21:00:23.296108 node.go:140: Reply Finished!
node-12 2022/01/05 21:00:23.296108 node.go:52: do reply
node-12 2022/01/05 21:00:23.296108 node.go:123: Result: Executed by node-6
node-12 2022/01/05 21:00:23.296108 node.go:52: do reply
node-12 2022/01/05 21:00:23.297106 node.go:123: Result: Executed by node-1
node-12 2022/01/05 21:00:23.297106 node.go:52: do commit
node-12 2022/01/05 21:00:23.297106 node.go:52: do commit
node-12 2022/01/05 21:00:23.298104 node.go:52: do prepare
node-12 2022/01/05 21:00:23.298104 node.go:52: do commit
node-12 2022/01/05 21:00:23.298104 node.go:52: do prepare
node-12 2022/01/05 21:00:23.298104 node.go:52: do reply
node-12 2022/01/05 21:00:23.298104 node.go:123: Result: Executed by node-9
node-12 2022/01/05 21:00:23.298104 node.go:52: do prepare
node-12 2022/01/05 21:00:23.298104 node.go:52: do commit
node-12 2022/01/05 21:00:23.299100 node.go:52: do reply
node-12 2022/01/05 21:00:23.299100 node.go:123: Result: Executed by node-5
node-12 2022/01/05 21:00:23.299100 node.go:52: do reply
node-12 2022/01/05 21:00:23.299100 node.go:123: Result: Executed by node-3
node-12 2022/01/05 21:00:23.299100 node.go:116: Request Finished! Delay: 12961
node-12 2022/01/05 21:00:23.299100 node.go:117: 1641387623286139 1641387623299100
node-12 2022/01/05 21:00:23.300098 node.go:52: do reply
node-12 2022/01/05 21:00:23.300098 node.go:123: Result: Executed by node-2
node-12 2022/01/05 21:00:23.301771 node.go:52: do reply
node-12 2022/01/05 21:00:23.301771 node.go:52: do reply
node-12 2022/01/05 21:00:23.301771 node.go:123: Result: Executed by node-10
node-12 2022/01/05 21:00:23.301771 node.go:123: Result: Executed by node-8
node-12 2022/01/05 21:00:23.302773 node.go:52: do commit
node-12 2022/01/05 21:00:23.303774 node.go:52: do reply
node-12 2022/01/05 21:00:23.303774 node.go:123: Result: Executed by node-11
node-12 2022/01/05 21:00:23.304766 node.go:52: do reply
node-12 2022/01/05 21:00:23.304766 node.go:123: Result: Executed by node-7
node-12 2022/01/05 21:00:23.304766 node.go:52: do reply
node-12 2022/01/05 21:00:23.304766 node.go:123: Result: Executed by node-12
node-12 2022/01/05 21:00:23.304766 node.go:52: do commit
node-12 2022/01/05 21:00:23.305764 node.go:52: do reply
node-12 2022/01/05 21:00:23.305764 node.go:123: Result: Executed by node-4
node-12 2022/01/05 21:00:24.314741 node.go:52: do client
node-12 2022/01/05 21:00:24.314741 node.go:111: Start request as Client, time: 1641387624314741
node-12 2022/01/05 21:00:24.314741 node.go:52: do pre-prepare
node-12 2022/01/05 21:00:24.316737 node.go:52: do prepare
node-12 2022/01/05 21:00:24.317734 node.go:52: do prepare
node-12 2022/01/05 21:00:24.318731 node.go:52: do prepare
node-12 2022/01/05 21:00:24.319729 node.go:52: do prepare
node-12 2022/01/05 21:00:24.319729 node.go:52: do prepare
node-12 2022/01/05 21:00:24.319729 node.go:52: do commit
node-12 2022/01/05 21:00:24.319729 node.go:52: do commit
node-12 2022/01/05 21:00:24.319729 node.go:52: do prepare
node-12 2022/01/05 21:00:24.320726 node.go:52: do reply
node-12 2022/01/05 21:00:24.320726 node.go:123: Result: Executed by node-1
node-12 2022/01/05 21:00:24.320726 node.go:52: do reply
node-12 2022/01/05 21:00:24.320726 node.go:123: Result: Executed by node-6
node-12 2022/01/05 21:00:24.321723 node.go:52: do commit
node-12 2022/01/05 21:00:24.321723 node.go:52: do prepare
node-12 2022/01/05 21:00:24.321723 node.go:52: do prepare
node-12 2022/01/05 21:00:24.321723 node.go:52: do commit
node-12 2022/01/05 21:00:24.321723 node.go:52: do commit
node-12 2022/01/05 21:00:24.322720 node.go:52: do commit
node-12 2022/01/05 21:00:24.322720 node.go:134: Committed value: node-2, 1641387616, Test, 1641387535121580880
node-12 2022/01/05 21:00:24.322720 node.go:134: Committed value: node-5, 1641387617, Test, 1641387535121580881
node-12 2022/01/05 21:00:24.322720 node.go:134: Committed value: node-6, 1641387618, Test, 1641387535121580882
node-12 2022/01/05 21:00:24.322720 node.go:134: Committed value: node-8, 1641387619, Test, 1641387535121580883
node-12 2022/01/05 21:00:24.322720 node.go:134: Committed value: node-3, 1641387620, Test, 1641387535121580884
node-12 2022/01/05 21:00:24.322720 node.go:134: Committed value: node-1, 1641387621, Test, 1641387535121580885
node-12 2022/01/05 21:00:24.322720 node.go:134: Committed value: node-5, 1641387622, Test, 1641387535121580886
node-12 2022/01/05 21:00:24.322720 node.go:134: Committed value: node-12, 1641387623, Test, 1641387535121580887
node-12 2022/01/05 21:00:24.322720 node.go:134: Committed value: node-12, 1641387624, Test, 1641387535121580888
node-12 2022/01/05 21:00:24.322720 node.go:136: 
node-12 2022/01/05 21:00:24.322720 node.go:140: Reply Finished!
node-12 2022/01/05 21:00:24.322720 node.go:52: do commit
node-12 2022/01/05 21:00:24.323718 node.go:52: do reply
node-12 2022/01/05 21:00:24.323718 node.go:123: Result: Executed by node-11
node-12 2022/01/05 21:00:24.323718 node.go:52: do reply
node-12 2022/01/05 21:00:24.323718 node.go:52: do commit
node-12 2022/01/05 21:00:24.323718 node.go:123: Result: Executed by node-7
node-12 2022/01/05 21:00:24.323718 node.go:52: do prepare
node-12 2022/01/05 21:00:24.323718 node.go:52: do reply
node-12 2022/01/05 21:00:24.323718 node.go:123: Result: Executed by node-5
node-12 2022/01/05 21:00:24.323718 node.go:52: do reply
node-12 2022/01/05 21:00:24.323718 node.go:123: Result: Executed by node-3
node-12 2022/01/05 21:00:24.323718 node.go:116: Request Finished! Delay: 8977
node-12 2022/01/05 21:00:24.323718 node.go:117: 1641387624314741 1641387624323718
node-12 2022/01/05 21:00:24.324726 node.go:52: do commit
node-12 2022/01/05 21:00:24.324726 node.go:52: do reply
node-12 2022/01/05 21:00:24.324726 node.go:123: Result: Executed by node-9
node-12 2022/01/05 21:00:24.325713 node.go:52: do reply
node-12 2022/01/05 21:00:24.325713 node.go:123: Result: Executed by node-10
node-12 2022/01/05 21:00:24.325713 node.go:52: do prepare
node-12 2022/01/05 21:00:24.327707 node.go:52: do reply
node-12 2022/01/05 21:00:24.327707 node.go:123: Result: Executed by node-8
node-12 2022/01/05 21:00:24.327707 node.go:52: do commit
node-12 2022/01/05 21:00:24.327707 node.go:52: do reply
node-12 2022/01/05 21:00:24.327707 node.go:123: Result: Executed by node-4
node-12 2022/01/05 21:00:24.328704 node.go:52: do commit
node-12 2022/01/05 21:00:24.328704 node.go:52: do reply
node-12 2022/01/05 21:00:24.328704 node.go:123: Result: Executed by node-2
node-12 2022/01/05 21:00:24.328704 node.go:52: do reply
node-12 2022/01/05 21:00:24.328704 node.go:123: Result: Executed by node-12
node-12 2022/01/05 21:00:25.329174 node.go:52: do pre-prepare
node-12 2022/01/05 21:00:25.333162 node.go:52: do prepare
node-12 2022/01/05 21:00:25.334165 node.go:52: do prepare
node-12 2022/01/05 21:00:25.336158 node.go:52: do prepare
node-12 2022/01/05 21:00:25.337155 node.go:52: do prepare
node-12 2022/01/05 21:00:25.338150 node.go:52: do prepare
node-12 2022/01/05 21:00:25.340150 node.go:52: do commit
node-12 2022/01/05 21:00:25.340150 node.go:52: do commit
node-12 2022/01/05 21:00:25.340150 node.go:52: do prepare
node-12 2022/01/05 21:00:25.341141 node.go:52: do commit
node-12 2022/01/05 21:00:25.341141 node.go:52: do commit
node-12 2022/01/05 21:00:25.341141 node.go:52: do commit
node-12 2022/01/05 21:00:25.342142 node.go:52: do prepare
node-12 2022/01/05 21:00:25.342142 node.go:52: do commit
node-12 2022/01/05 21:00:25.342142 node.go:52: do prepare
node-12 2022/01/05 21:00:25.343136 node.go:52: do commit
node-12 2022/01/05 21:00:25.343136 node.go:134: Committed value: node-2, 1641387616, Test, 1641387535121580880
node-12 2022/01/05 21:00:25.343136 node.go:134: Committed value: node-5, 1641387617, Test, 1641387535121580881
node-12 2022/01/05 21:00:25.343136 node.go:134: Committed value: node-6, 1641387618, Test, 1641387535121580882
node-12 2022/01/05 21:00:25.343136 node.go:134: Committed value: node-8, 1641387619, Test, 1641387535121580883
node-12 2022/01/05 21:00:25.343136 node.go:134: Committed value: node-3, 1641387620, Test, 1641387535121580884
node-12 2022/01/05 21:00:25.343136 node.go:134: Committed value: node-1, 1641387621, Test, 1641387535121580885
node-12 2022/01/05 21:00:25.343136 node.go:134: Committed value: node-5, 1641387622, Test, 1641387535121580886
node-12 2022/01/05 21:00:25.343136 node.go:134: Committed value: node-12, 1641387623, Test, 1641387535121580887
node-12 2022/01/05 21:00:25.343136 node.go:134: Committed value: node-12, 1641387624, Test, 1641387535121580888
node-12 2022/01/05 21:00:25.343136 node.go:134: Committed value: node-6, 1641387625, Test, 1641387535121580889
node-12 2022/01/05 21:00:25.343136 node.go:136: 
node-12 2022/01/05 21:00:25.343136 node.go:140: Reply Finished!
node-12 2022/01/05 21:00:25.343136 node.go:52: do commit
node-12 2022/01/05 21:00:25.344134 node.go:52: do prepare
node-12 2022/01/05 21:00:25.345131 node.go:52: do commit
node-12 2022/01/05 21:00:25.345131 node.go:52: do prepare
node-12 2022/01/05 21:00:25.346127 node.go:52: do commit
node-12 2022/01/05 21:00:25.348123 node.go:52: do commit
node-12 2022/01/05 21:00:26.355412 node.go:52: do add
node-12 2022/01/05 21:00:26.355412 node.go:582: f: 4 ; 2f: 8
node-12 2022/01/05 21:00:26.358402 node.go:52: do pre-prepare
node-12 2022/01/05 21:00:26.360397 node.go:52: do prepare
node-12 2022/01/05 21:00:26.360397 node.go:52: do prepare
node-12 2022/01/05 21:00:26.361394 node.go:52: do prepare
node-12 2022/01/05 21:00:26.361394 node.go:52: do prepare
node-12 2022/01/05 21:00:26.361394 node.go:52: do prepare
node-12 2022/01/05 21:00:26.361394 node.go:52: do prepare
node-12 2022/01/05 21:00:26.362392 node.go:52: do prepare
node-12 2022/01/05 21:00:26.362392 node.go:52: do commit
node-12 2022/01/05 21:00:26.363390 node.go:52: do commit
node-12 2022/01/05 21:00:26.366381 node.go:52: do commit
node-12 2022/01/05 21:00:26.366381 node.go:52: do commit
node-12 2022/01/05 21:00:26.366381 node.go:52: do prepare
node-12 2022/01/05 21:00:26.367378 node.go:52: do commit
node-12 2022/01/05 21:00:26.367378 node.go:52: do prepare
node-12 2022/01/05 21:00:26.367378 node.go:52: do prepare
node-12 2022/01/05 21:00:26.367378 node.go:52: do commit
node-12 2022/01/05 21:00:26.367378 node.go:134: Committed value: node-2, 1641387616, Test, 1641387535121580880
node-12 2022/01/05 21:00:26.367378 node.go:134: Committed value: node-5, 1641387617, Test, 1641387535121580881
node-12 2022/01/05 21:00:26.367378 node.go:134: Committed value: node-6, 1641387618, Test, 1641387535121580882
node-12 2022/01/05 21:00:26.367378 node.go:134: Committed value: node-8, 1641387619, Test, 1641387535121580883
node-12 2022/01/05 21:00:26.367378 node.go:134: Committed value: node-3, 1641387620, Test, 1641387535121580884
node-12 2022/01/05 21:00:26.367378 node.go:134: Committed value: node-1, 1641387621, Test, 1641387535121580885
node-12 2022/01/05 21:00:26.367378 node.go:134: Committed value: node-5, 1641387622, Test, 1641387535121580886
node-12 2022/01/05 21:00:26.367378 node.go:134: Committed value: node-12, 1641387623, Test, 1641387535121580887
node-12 2022/01/05 21:00:26.367378 node.go:134: Committed value: node-12, 1641387624, Test, 1641387535121580888
node-12 2022/01/05 21:00:26.367378 node.go:134: Committed value: node-6, 1641387625, Test, 1641387535121580889
node-12 2022/01/05 21:00:26.367378 node.go:134: Committed value: node-9, 1641387626, Test, 1641387535121580890
node-12 2022/01/05 21:00:26.367378 node.go:136: 
node-12 2022/01/05 21:00:26.367378 node.go:140: Reply Finished!
