node-8 2022/01/05 22:51:51.750292 node.go:52: do add
node-8 2022/01/05 22:51:51.750292 node.go:582: f: 0 ; 2f: 0
node-8 2022/01/05 22:51:51.750292 node.go:52: do setF
node-8 2022/01/05 22:51:51.750292 node.go:582: f: 3 ; 2f: 5
node-8 2022/01/05 22:51:51.750292 node.go:52: do pre-prepare
node-8 2022/01/05 22:51:51.752289 node.go:52: do prepare
node-8 2022/01/05 22:51:51.752289 node.go:52: do prepare
node-8 2022/01/05 22:51:51.752289 node.go:52: do prepare
node-8 2022/01/05 22:51:51.753266 node.go:52: do commit
node-8 2022/01/05 22:51:51.753266 node.go:52: do prepare
node-8 2022/01/05 22:51:51.753266 node.go:52: do commit
node-8 2022/01/05 22:51:51.753266 node.go:52: do prepare
node-8 2022/01/05 22:51:51.754270 node.go:52: do commit
node-8 2022/01/05 22:51:51.754270 node.go:52: do prepare
node-8 2022/01/05 22:51:51.754270 node.go:52: do commit
node-8 2022/01/05 22:51:51.755262 node.go:52: do commit
node-8 2022/01/05 22:51:51.755262 node.go:134: Committed value: node-5, 1641394311, Test, 1641394271284264140
node-8 2022/01/05 22:51:51.755262 node.go:136: 
node-8 2022/01/05 22:51:51.755262 node.go:140: Reply Finished!
node-8 2022/01/05 22:51:51.755262 node.go:52: do commit
node-8 2022/01/05 22:51:51.756260 node.go:52: do commit
node-8 2022/01/05 22:51:52.760007 node.go:52: do pre-prepare
node-8 2022/01/05 22:51:52.760007 node.go:52: do prepare
node-8 2022/01/05 22:51:52.760996 node.go:52: do prepare
node-8 2022/01/05 22:51:52.760996 node.go:52: do prepare
node-8 2022/01/05 22:51:52.760996 node.go:52: do commit
node-8 2022/01/05 22:51:52.760996 node.go:52: do prepare
node-8 2022/01/05 22:51:52.761997 node.go:52: do commit
node-8 2022/01/05 22:51:52.761997 node.go:52: do prepare
node-8 2022/01/05 22:51:52.762999 node.go:52: do commit
node-8 2022/01/05 22:51:52.762999 node.go:134: Committed value: node-5, 1641394311, Test, 1641394271284264140
node-8 2022/01/05 22:51:52.762999 node.go:134: Committed value: node-6, 1641394312, Test, 1641394271284264141
node-8 2022/01/05 22:51:52.762999 node.go:136: 
node-8 2022/01/05 22:51:52.762999 node.go:140: Reply Finished!
node-8 2022/01/05 22:51:52.762999 node.go:52: do prepare
node-8 2022/01/05 22:51:52.763989 node.go:52: do commit
node-8 2022/01/05 22:51:52.764704 node.go:52: do commit
node-8 2022/01/05 22:51:52.764704 node.go:52: do commit
node-8 2022/01/05 22:51:52.765704 node.go:52: do commit
node-8 2022/01/05 22:51:53.771393 node.go:52: do pre-prepare
node-8 2022/01/05 22:51:53.772389 node.go:52: do prepare
node-8 2022/01/05 22:51:53.772389 node.go:52: do prepare
node-8 2022/01/05 22:51:53.772389 node.go:52: do prepare
node-8 2022/01/05 22:51:53.777019 node.go:52: do prepare
node-8 2022/01/05 22:51:53.777019 node.go:52: do prepare
node-8 2022/01/05 22:51:53.777019 node.go:52: do commit
node-8 2022/01/05 22:51:53.777019 node.go:52: do commit
node-8 2022/01/05 22:51:53.777019 node.go:52: do commit
node-8 2022/01/05 22:51:53.777019 node.go:52: do commit
node-8 2022/01/05 22:51:53.779021 node.go:52: do prepare
node-8 2022/01/05 22:51:53.779021 node.go:52: do commit
node-8 2022/01/05 22:51:53.779021 node.go:134: Committed value: node-5, 1641394311, Test, 1641394271284264140
node-8 2022/01/05 22:51:53.779021 node.go:134: Committed value: node-6, 1641394312, Test, 1641394271284264141
node-8 2022/01/05 22:51:53.779021 node.go:134: Committed value: node-1, 1641394313, Test, 1641394271284264142
node-8 2022/01/05 22:51:53.779021 node.go:136: 
node-8 2022/01/05 22:51:53.779021 node.go:140: Reply Finished!
node-8 2022/01/05 22:51:53.780022 node.go:52: do commit
node-8 2022/01/05 22:51:53.781016 node.go:52: do commit
node-8 2022/01/05 22:51:54.787506 node.go:52: do pre-prepare
node-8 2022/01/05 22:51:54.788498 node.go:52: do prepare
node-8 2022/01/05 22:51:54.788498 node.go:52: do prepare
node-8 2022/01/05 22:51:54.788498 node.go:52: do prepare
node-8 2022/01/05 22:51:54.788498 node.go:52: do commit
node-8 2022/01/05 22:51:54.789494 node.go:52: do commit
node-8 2022/01/05 22:51:54.790492 node.go:52: do commit
node-8 2022/01/05 22:51:54.791489 node.go:52: do prepare
node-8 2022/01/05 22:51:54.792496 node.go:52: do prepare
node-8 2022/01/05 22:51:54.793483 node.go:52: do prepare
node-8 2022/01/05 22:51:54.793483 node.go:52: do commit
node-8 2022/01/05 22:51:54.793483 node.go:134: Committed value: node-5, 1641394311, Test, 1641394271284264140
node-8 2022/01/05 22:51:54.794479 node.go:134: Committed value: node-6, 1641394312, Test, 1641394271284264141
node-8 2022/01/05 22:51:54.794479 node.go:134: Committed value: node-1, 1641394313, Test, 1641394271284264142
node-8 2022/01/05 22:51:54.794479 node.go:134: Committed value: node-4, 1641394314, Test, 1641394271284264143
node-8 2022/01/05 22:51:54.794479 node.go:136: 
node-8 2022/01/05 22:51:54.794899 node.go:140: Reply Finished!
node-8 2022/01/05 22:51:54.795897 node.go:52: do commit
node-8 2022/01/05 22:51:54.796895 node.go:52: do commit
node-8 2022/01/05 22:51:54.796895 node.go:52: do commit
node-8 2022/01/05 22:51:55.797952 node.go:52: do pre-prepare
node-8 2022/01/05 22:51:55.798945 node.go:52: do prepare
node-8 2022/01/05 22:51:55.798945 node.go:52: do prepare
node-8 2022/01/05 22:51:55.798945 node.go:52: do prepare
node-8 2022/01/05 22:51:55.799941 node.go:52: do prepare
node-8 2022/01/05 22:51:55.799941 node.go:52: do commit
node-8 2022/01/05 22:51:55.799941 node.go:52: do commit
node-8 2022/01/05 22:51:55.799941 node.go:134: Committed value: node-5, 1641394311, Test, 1641394271284264140
node-8 2022/01/05 22:51:55.799941 node.go:134: Committed value: node-6, 1641394312, Test, 1641394271284264141
node-8 2022/01/05 22:51:55.799941 node.go:134: Committed value: node-1, 1641394313, Test, 1641394271284264142
node-8 2022/01/05 22:51:55.799941 node.go:134: Committed value: node-4, 1641394314, Test, 1641394271284264143
node-8 2022/01/05 22:51:55.799941 node.go:134: Committed value: node-3, 1641394315, Test, 1641394271284264144
node-8 2022/01/05 22:51:55.799941 node.go:136: 
node-8 2022/01/05 22:51:55.799941 node.go:140: Reply Finished!
node-8 2022/01/05 22:51:55.799941 node.go:52: do prepare
node-8 2022/01/05 22:51:55.799941 node.go:52: do commit
node-8 2022/01/05 22:51:55.801813 node.go:52: do commit
node-8 2022/01/05 22:51:55.801813 node.go:52: do commit
node-8 2022/01/05 22:51:55.803095 node.go:52: do prepare
node-8 2022/01/05 22:51:55.804095 node.go:52: do commit
node-8 2022/01/05 22:51:55.805092 node.go:52: do commit
node-8 2022/01/05 22:51:56.810949 node.go:52: do pre-prepare
node-8 2022/01/05 22:51:56.811924 node.go:52: do prepare
node-8 2022/01/05 22:51:56.812920 node.go:52: do commit
node-8 2022/01/05 22:51:56.812920 node.go:52: do commit
node-8 2022/01/05 22:51:56.812920 node.go:52: do commit
node-8 2022/01/05 22:51:56.813918 node.go:52: do commit
node-8 2022/01/05 22:51:56.813918 node.go:52: do prepare
node-8 2022/01/05 22:51:56.813918 node.go:52: do prepare
node-8 2022/01/05 22:51:56.815760 node.go:52: do prepare
node-8 2022/01/05 22:51:56.815760 node.go:52: do prepare
node-8 2022/01/05 22:51:56.816102 node.go:52: do commit
node-8 2022/01/05 22:51:56.816102 node.go:52: do prepare
node-8 2022/01/05 22:51:56.818188 node.go:52: do commit
node-8 2022/01/05 22:51:56.818188 node.go:134: Committed value: node-5, 1641394311, Test, 1641394271284264140
node-8 2022/01/05 22:51:56.818188 node.go:134: Committed value: node-6, 1641394312, Test, 1641394271284264141
node-8 2022/01/05 22:51:56.818188 node.go:134: Committed value: node-1, 1641394313, Test, 1641394271284264142
node-8 2022/01/05 22:51:56.818188 node.go:134: Committed value: node-4, 1641394314, Test, 1641394271284264143
node-8 2022/01/05 22:51:56.818188 node.go:134: Committed value: node-3, 1641394315, Test, 1641394271284264144
node-8 2022/01/05 22:51:56.818188 node.go:134: Committed value: node-5, 1641394316, Test, 1641394271284264145
node-8 2022/01/05 22:51:56.818188 node.go:136: 
node-8 2022/01/05 22:51:56.818188 node.go:140: Reply Finished!
node-8 2022/01/05 22:51:56.818700 node.go:52: do commit
node-8 2022/01/05 22:51:57.821341 node.go:52: do pre-prepare
node-8 2022/01/05 22:51:57.821341 node.go:52: do prepare
node-8 2022/01/05 22:51:57.822336 node.go:52: do prepare
node-8 2022/01/05 22:51:57.822336 node.go:52: do prepare
node-8 2022/01/05 22:51:57.822336 node.go:52: do commit
node-8 2022/01/05 22:51:57.825971 node.go:52: do prepare
node-8 2022/01/05 22:51:57.825971 node.go:52: do prepare
node-8 2022/01/05 22:51:57.825971 node.go:52: do prepare
node-8 2022/01/05 22:51:57.825971 node.go:52: do commit
node-8 2022/01/05 22:51:57.825971 node.go:52: do commit
node-8 2022/01/05 22:51:57.826971 node.go:52: do commit
node-8 2022/01/05 22:51:57.826971 node.go:52: do commit
node-8 2022/01/05 22:51:57.826971 node.go:134: Committed value: node-5, 1641394311, Test, 1641394271284264140
node-8 2022/01/05 22:51:57.826971 node.go:134: Committed value: node-6, 1641394312, Test, 1641394271284264141
node-8 2022/01/05 22:51:57.826971 node.go:134: Committed value: node-1, 1641394313, Test, 1641394271284264142
node-8 2022/01/05 22:51:57.826971 node.go:134: Committed value: node-4, 1641394314, Test, 1641394271284264143
node-8 2022/01/05 22:51:57.826971 node.go:134: Committed value: node-3, 1641394315, Test, 1641394271284264144
node-8 2022/01/05 22:51:57.826971 node.go:134: Committed value: node-5, 1641394316, Test, 1641394271284264145
node-8 2022/01/05 22:51:57.826971 node.go:134: Committed value: node-1, 1641394317, Test, 1641394271284264146
node-8 2022/01/05 22:51:57.826971 node.go:136: 
node-8 2022/01/05 22:51:57.826971 node.go:140: Reply Finished!
node-8 2022/01/05 22:51:57.826971 node.go:52: do commit
node-8 2022/01/05 22:51:57.826971 node.go:52: do commit
node-8 2022/01/05 22:51:58.830124 node.go:52: do pre-prepare
node-8 2022/01/05 22:51:58.831120 node.go:52: do prepare
node-8 2022/01/05 22:51:58.831120 node.go:52: do prepare
node-8 2022/01/05 22:51:58.832117 node.go:52: do prepare
node-8 2022/01/05 22:51:58.833333 node.go:52: do prepare
node-8 2022/01/05 22:51:58.833333 node.go:52: do commit
node-8 2022/01/05 22:51:58.835064 node.go:52: do prepare
node-8 2022/01/05 22:51:58.836063 node.go:52: do prepare
node-8 2022/01/05 22:51:58.836063 node.go:52: do commit
node-8 2022/01/05 22:51:58.836063 node.go:52: do commit
node-8 2022/01/05 22:51:58.837060 node.go:52: do commit
node-8 2022/01/05 22:51:58.837060 node.go:134: Committed value: node-5, 1641394311, Test, 1641394271284264140
node-8 2022/01/05 22:51:58.837060 node.go:134: Committed value: node-6, 1641394312, Test, 1641394271284264141
node-8 2022/01/05 22:51:58.837060 node.go:134: Committed value: node-1, 1641394313, Test, 1641394271284264142
node-8 2022/01/05 22:51:58.837060 node.go:134: Committed value: node-4, 1641394314, Test, 1641394271284264143
node-8 2022/01/05 22:51:58.837060 node.go:134: Committed value: node-3, 1641394315, Test, 1641394271284264144
node-8 2022/01/05 22:51:58.837060 node.go:134: Committed value: node-5, 1641394316, Test, 1641394271284264145
node-8 2022/01/05 22:51:58.837060 node.go:134: Committed value: node-1, 1641394317, Test, 1641394271284264146
node-8 2022/01/05 22:51:58.837060 node.go:134: Committed value: node-1, 1641394318, Test, 1641394271284264147
node-8 2022/01/05 22:51:58.837060 node.go:136: 
node-8 2022/01/05 22:51:58.837060 node.go:140: Reply Finished!
node-8 2022/01/05 22:51:58.837060 node.go:52: do commit
node-8 2022/01/05 22:51:58.838058 node.go:52: do commit
node-8 2022/01/05 22:51:58.839056 node.go:52: do commit
node-8 2022/01/05 22:51:59.840877 node.go:52: do pre-prepare
node-8 2022/01/05 22:51:59.840877 node.go:52: do prepare
node-8 2022/01/05 22:51:59.841871 node.go:52: do prepare
node-8 2022/01/05 22:51:59.841871 node.go:52: do prepare
node-8 2022/01/05 22:51:59.841871 node.go:52: do prepare
node-8 2022/01/05 22:51:59.841871 node.go:52: do commit
node-8 2022/01/05 22:51:59.841871 node.go:52: do commit
node-8 2022/01/05 22:51:59.842868 node.go:52: do prepare
node-8 2022/01/05 22:51:59.843867 node.go:52: do prepare
node-8 2022/01/05 22:51:59.844863 node.go:52: do commit
node-8 2022/01/05 22:51:59.844863 node.go:134: Committed value: node-5, 1641394311, Test, 1641394271284264140
node-8 2022/01/05 22:51:59.844863 node.go:134: Committed value: node-6, 1641394312, Test, 1641394271284264141
node-8 2022/01/05 22:51:59.844863 node.go:134: Committed value: node-1, 1641394313, Test, 1641394271284264142
node-8 2022/01/05 22:51:59.844863 node.go:134: Committed value: node-4, 1641394314, Test, 1641394271284264143
node-8 2022/01/05 22:51:59.844863 node.go:134: Committed value: node-3, 1641394315, Test, 1641394271284264144
node-8 2022/01/05 22:51:59.844863 node.go:134: Committed value: node-5, 1641394316, Test, 1641394271284264145
node-8 2022/01/05 22:51:59.844863 node.go:134: Committed value: node-1, 1641394317, Test, 1641394271284264146
node-8 2022/01/05 22:51:59.844863 node.go:134: Committed value: node-1, 1641394318, Test, 1641394271284264147
node-8 2022/01/05 22:51:59.844863 node.go:134: Committed value: node-4, 1641394319, Test, 1641394271284264148
node-8 2022/01/05 22:51:59.844863 node.go:136: 
node-8 2022/01/05 22:51:59.844863 node.go:140: Reply Finished!
node-8 2022/01/05 22:51:59.845860 node.go:52: do commit
node-8 2022/01/05 22:51:59.846858 node.go:52: do commit
node-8 2022/01/05 22:51:59.846858 node.go:52: do commit
node-8 2022/01/05 22:51:59.847856 node.go:52: do commit
node-8 2022/01/05 22:52:00.852176 node.go:52: do pre-prepare
node-8 2022/01/05 22:52:00.852176 node.go:52: do prepare
node-8 2022/01/05 22:52:00.852176 node.go:52: do prepare
node-8 2022/01/05 22:52:00.852176 node.go:52: do commit
node-8 2022/01/05 22:52:00.853172 node.go:52: do prepare
node-8 2022/01/05 22:52:00.853172 node.go:52: do prepare
node-8 2022/01/05 22:52:00.854175 node.go:52: do prepare
node-8 2022/01/05 22:52:00.855166 node.go:52: do commit
node-8 2022/01/05 22:52:00.855166 node.go:134: Committed value: node-5, 1641394311, Test, 1641394271284264140
node-8 2022/01/05 22:52:00.855166 node.go:134: Committed value: node-6, 1641394312, Test, 1641394271284264141
node-8 2022/01/05 22:52:00.855166 node.go:134: Committed value: node-1, 1641394313, Test, 1641394271284264142
node-8 2022/01/05 22:52:00.855166 node.go:134: Committed value: node-4, 1641394314, Test, 1641394271284264143
node-8 2022/01/05 22:52:00.855166 node.go:134: Committed value: node-3, 1641394315, Test, 1641394271284264144
node-8 2022/01/05 22:52:00.855166 node.go:134: Committed value: node-5, 1641394316, Test, 1641394271284264145
node-8 2022/01/05 22:52:00.855166 node.go:134: Committed value: node-1, 1641394317, Test, 1641394271284264146
node-8 2022/01/05 22:52:00.855166 node.go:134: Committed value: node-1, 1641394318, Test, 1641394271284264147
node-8 2022/01/05 22:52:00.855166 node.go:134: Committed value: node-4, 1641394319, Test, 1641394271284264148
node-8 2022/01/05 22:52:00.855166 node.go:134: Committed value: node-4, 1641394320, Test, 1641394271284264149
node-8 2022/01/05 22:52:00.855166 node.go:136: 
node-8 2022/01/05 22:52:00.855166 node.go:140: Reply Finished!
node-8 2022/01/05 22:52:00.855166 node.go:52: do prepare
node-8 2022/01/05 22:52:00.856163 node.go:52: do commit
node-8 2022/01/05 22:52:00.856163 node.go:52: do commit
node-8 2022/01/05 22:52:00.858159 node.go:52: do commit
node-8 2022/01/05 22:52:00.858159 node.go:52: do commit
node-8 2022/01/05 22:52:00.859157 node.go:52: do commit
node-8 2022/01/05 22:52:01.865781 node.go:52: do add
node-8 2022/01/05 22:52:01.865781 node.go:582: f: 3 ; 2f: 6
node-8 2022/01/05 22:52:01.866781 node.go:52: do pre-prepare
node-8 2022/01/05 22:52:01.868776 node.go:52: do prepare
node-8 2022/01/05 22:52:01.868776 node.go:52: do prepare
node-8 2022/01/05 22:52:01.868776 node.go:52: do prepare
node-8 2022/01/05 22:52:01.868776 node.go:52: do prepare
node-8 2022/01/05 22:52:01.868776 node.go:52: do prepare
node-8 2022/01/05 22:52:01.869772 node.go:52: do commit
node-8 2022/01/05 22:52:01.869772 node.go:52: do prepare
node-8 2022/01/05 22:52:01.869772 node.go:52: do commit
node-8 2022/01/05 22:52:01.869772 node.go:52: do commit
node-8 2022/01/05 22:52:01.869772 node.go:52: do prepare
node-8 2022/01/05 22:52:01.870769 node.go:52: do commit
node-8 2022/01/05 22:52:01.870769 node.go:52: do commit
node-8 2022/01/05 22:52:01.870769 node.go:52: do commit
node-8 2022/01/05 22:52:01.870769 node.go:134: Committed value: node-5, 1641394311, Test, 1641394271284264140
node-8 2022/01/05 22:52:01.870769 node.go:134: Committed value: node-6, 1641394312, Test, 1641394271284264141
node-8 2022/01/05 22:52:01.870769 node.go:134: Committed value: node-1, 1641394313, Test, 1641394271284264142
node-8 2022/01/05 22:52:01.870769 node.go:134: Committed value: node-4, 1641394314, Test, 1641394271284264143
node-8 2022/01/05 22:52:01.870769 node.go:134: Committed value: node-3, 1641394315, Test, 1641394271284264144
node-8 2022/01/05 22:52:01.870769 node.go:134: Committed value: node-5, 1641394316, Test, 1641394271284264145
node-8 2022/01/05 22:52:01.870769 node.go:134: Committed value: node-1, 1641394317, Test, 1641394271284264146
node-8 2022/01/05 22:52:01.870769 node.go:134: Committed value: node-1, 1641394318, Test, 1641394271284264147
node-8 2022/01/05 22:52:01.870769 node.go:134: Committed value: node-4, 1641394319, Test, 1641394271284264148
node-8 2022/01/05 22:52:01.870769 node.go:134: Committed value: node-4, 1641394320, Test, 1641394271284264149
node-8 2022/01/05 22:52:01.870769 node.go:134: Committed value: node-4, 1641394321, Test, 1641394271284264150
node-8 2022/01/05 22:52:01.870769 node.go:136: 
node-8 2022/01/05 22:52:01.870769 node.go:140: Reply Finished!
node-8 2022/01/05 22:52:01.871767 node.go:52: do commit
node-8 2022/01/05 22:52:01.871767 node.go:52: do commit
node-8 2022/01/05 22:52:02.878146 node.go:52: do prepare
node-8 2022/01/05 22:52:02.878146 node.go:52: do commit
node-8 2022/01/05 22:52:02.878146 node.go:52: do pre-prepare
node-8 2022/01/05 22:52:02.878146 node.go:52: do prepare
node-8 2022/01/05 22:52:02.878146 node.go:52: do prepare
node-8 2022/01/05 22:52:02.879142 node.go:52: do prepare
node-8 2022/01/05 22:52:02.882569 node.go:52: do prepare
node-8 2022/01/05 22:52:02.883568 node.go:52: do prepare
node-8 2022/01/05 22:52:02.883568 node.go:52: do prepare
node-8 2022/01/05 22:52:02.884566 node.go:52: do commit
node-8 2022/01/05 22:52:02.884566 node.go:52: do commit
node-8 2022/01/05 22:52:02.885563 node.go:52: do commit
node-8 2022/01/05 22:52:02.885563 node.go:52: do commit
node-8 2022/01/05 22:52:02.885563 node.go:134: Committed value: node-5, 1641394311, Test, 1641394271284264140
node-8 2022/01/05 22:52:02.885563 node.go:134: Committed value: node-6, 1641394312, Test, 1641394271284264141
node-8 2022/01/05 22:52:02.885563 node.go:134: Committed value: node-1, 1641394313, Test, 1641394271284264142
node-8 2022/01/05 22:52:02.885563 node.go:134: Committed value: node-4, 1641394314, Test, 1641394271284264143
node-8 2022/01/05 22:52:02.885563 node.go:134: Committed value: node-3, 1641394315, Test, 1641394271284264144
node-8 2022/01/05 22:52:02.885563 node.go:134: Committed value: node-5, 1641394316, Test, 1641394271284264145
node-8 2022/01/05 22:52:02.885563 node.go:134: Committed value: node-1, 1641394317, Test, 1641394271284264146
node-8 2022/01/05 22:52:02.885563 node.go:134: Committed value: node-1, 1641394318, Test, 1641394271284264147
node-8 2022/01/05 22:52:02.885563 node.go:134: Committed value: node-4, 1641394319, Test, 1641394271284264148
node-8 2022/01/05 22:52:02.885563 node.go:134: Committed value: node-4, 1641394320, Test, 1641394271284264149
node-8 2022/01/05 22:52:02.885563 node.go:134: Committed value: node-4, 1641394321, Test, 1641394271284264150
node-8 2022/01/05 22:52:02.885563 node.go:134: Committed value: node-2, 1641394322, Test, 1641394271284264151
node-8 2022/01/05 22:52:02.885563 node.go:136: 
node-8 2022/01/05 22:52:02.885563 node.go:140: Reply Finished!
node-8 2022/01/05 22:52:02.886561 node.go:52: do commit
node-8 2022/01/05 22:52:02.886946 node.go:52: do commit
node-8 2022/01/05 22:52:02.887945 node.go:52: do commit
node-8 2022/01/05 22:52:03.891435 node.go:52: do pre-prepare
node-8 2022/01/05 22:52:03.891435 node.go:52: do prepare
node-8 2022/01/05 22:52:03.892436 node.go:52: do prepare
node-8 2022/01/05 22:52:03.892436 node.go:52: do prepare
node-8 2022/01/05 22:52:03.896419 node.go:52: do prepare
node-8 2022/01/05 22:52:03.896419 node.go:52: do commit
node-8 2022/01/05 22:52:03.896419 node.go:52: do commit
node-8 2022/01/05 22:52:03.896419 node.go:52: do commit
node-8 2022/01/05 22:52:03.896419 node.go:52: do prepare
node-8 2022/01/05 22:52:03.896419 node.go:52: do prepare
node-8 2022/01/05 22:52:03.897417 node.go:52: do commit
node-8 2022/01/05 22:52:03.898414 node.go:52: do commit
node-8 2022/01/05 22:52:03.898414 node.go:52: do commit
node-8 2022/01/05 22:52:03.898414 node.go:134: Committed value: node-5, 1641394311, Test, 1641394271284264140
node-8 2022/01/05 22:52:03.898414 node.go:134: Committed value: node-6, 1641394312, Test, 1641394271284264141
node-8 2022/01/05 22:52:03.898414 node.go:134: Committed value: node-1, 1641394313, Test, 1641394271284264142
node-8 2022/01/05 22:52:03.898414 node.go:134: Committed value: node-4, 1641394314, Test, 1641394271284264143
node-8 2022/01/05 22:52:03.898414 node.go:134: Committed value: node-3, 1641394315, Test, 1641394271284264144
node-8 2022/01/05 22:52:03.898414 node.go:134: Committed value: node-5, 1641394316, Test, 1641394271284264145
node-8 2022/01/05 22:52:03.898414 node.go:134: Committed value: node-1, 1641394317, Test, 1641394271284264146
node-8 2022/01/05 22:52:03.898414 node.go:134: Committed value: node-1, 1641394318, Test, 1641394271284264147
node-8 2022/01/05 22:52:03.898414 node.go:134: Committed value: node-4, 1641394319, Test, 1641394271284264148
node-8 2022/01/05 22:52:03.898414 node.go:134: Committed value: node-4, 1641394320, Test, 1641394271284264149
node-8 2022/01/05 22:52:03.898414 node.go:134: Committed value: node-4, 1641394321, Test, 1641394271284264150
node-8 2022/01/05 22:52:03.898414 node.go:134: Committed value: node-2, 1641394322, Test, 1641394271284264151
node-8 2022/01/05 22:52:03.898414 node.go:134: Committed value: node-4, 1641394323, Test, 1641394271284264152
node-8 2022/01/05 22:52:03.898414 node.go:136: 
node-8 2022/01/05 22:52:03.898414 node.go:140: Reply Finished!
node-8 2022/01/05 22:52:03.899437 node.go:52: do prepare
node-8 2022/01/05 22:52:03.900437 node.go:52: do commit
node-8 2022/01/05 22:52:03.900437 node.go:52: do commit
node-8 2022/01/05 22:52:04.902717 node.go:52: do pre-prepare
node-8 2022/01/05 22:52:04.903712 node.go:52: do prepare
node-8 2022/01/05 22:52:04.903712 node.go:52: do prepare
node-8 2022/01/05 22:52:04.903712 node.go:52: do commit
node-8 2022/01/05 22:52:04.904709 node.go:52: do prepare
node-8 2022/01/05 22:52:04.904709 node.go:52: do commit
node-8 2022/01/05 22:52:04.905708 node.go:52: do prepare
node-8 2022/01/05 22:52:04.905708 node.go:52: do prepare
node-8 2022/01/05 22:52:04.906706 node.go:52: do commit
node-8 2022/01/05 22:52:04.907703 node.go:52: do commit
node-8 2022/01/05 22:52:04.907703 node.go:134: Committed value: node-5, 1641394311, Test, 1641394271284264140
node-8 2022/01/05 22:52:04.907703 node.go:134: Committed value: node-6, 1641394312, Test, 1641394271284264141
node-8 2022/01/05 22:52:04.907703 node.go:134: Committed value: node-1, 1641394313, Test, 1641394271284264142
node-8 2022/01/05 22:52:04.907703 node.go:134: Committed value: node-4, 1641394314, Test, 1641394271284264143
node-8 2022/01/05 22:52:04.907703 node.go:134: Committed value: node-3, 1641394315, Test, 1641394271284264144
node-8 2022/01/05 22:52:04.907703 node.go:134: Committed value: node-5, 1641394316, Test, 1641394271284264145
node-8 2022/01/05 22:52:04.907703 node.go:134: Committed value: node-1, 1641394317, Test, 1641394271284264146
node-8 2022/01/05 22:52:04.907703 node.go:134: Committed value: node-1, 1641394318, Test, 1641394271284264147
node-8 2022/01/05 22:52:04.907703 node.go:134: Committed value: node-4, 1641394319, Test, 1641394271284264148
node-8 2022/01/05 22:52:04.907703 node.go:134: Committed value: node-4, 1641394320, Test, 1641394271284264149
node-8 2022/01/05 22:52:04.907703 node.go:134: Committed value: node-4, 1641394321, Test, 1641394271284264150
node-8 2022/01/05 22:52:04.907703 node.go:134: Committed value: node-2, 1641394322, Test, 1641394271284264151
node-8 2022/01/05 22:52:04.907703 node.go:134: Committed value: node-4, 1641394323, Test, 1641394271284264152
node-8 2022/01/05 22:52:04.907703 node.go:134: Committed value: node-3, 1641394324, Test, 1641394271284264153
node-8 2022/01/05 22:52:04.907703 node.go:136: 
node-8 2022/01/05 22:52:04.907703 node.go:140: Reply Finished!
node-8 2022/01/05 22:52:04.907703 node.go:52: do prepare
node-8 2022/01/05 22:52:04.907703 node.go:52: do commit
node-8 2022/01/05 22:52:04.907703 node.go:52: do prepare
node-8 2022/01/05 22:52:04.909696 node.go:52: do commit
node-8 2022/01/05 22:52:04.910659 node.go:52: do commit
node-8 2022/01/05 22:52:04.911650 node.go:52: do commit
node-8 2022/01/05 22:52:05.915395 node.go:52: do prepare
node-8 2022/01/05 22:52:05.915395 node.go:52: do prepare
node-8 2022/01/05 22:52:05.915395 node.go:52: do commit
node-8 2022/01/05 22:52:05.915395 node.go:52: do prepare
node-8 2022/01/05 22:52:05.915395 node.go:52: do prepare
node-8 2022/01/05 22:52:05.915395 node.go:52: do pre-prepare
node-8 2022/01/05 22:52:05.916397 node.go:52: do commit
node-8 2022/01/05 22:52:05.919384 node.go:52: do prepare
node-8 2022/01/05 22:52:05.919384 node.go:52: do commit
node-8 2022/01/05 22:52:05.919384 node.go:52: do commit
node-8 2022/01/05 22:52:05.919384 node.go:52: do commit
node-8 2022/01/05 22:52:05.920382 node.go:52: do prepare
node-8 2022/01/05 22:52:05.920382 node.go:134: Committed value: node-5, 1641394311, Test, 1641394271284264140
node-8 2022/01/05 22:52:05.920382 node.go:134: Committed value: node-6, 1641394312, Test, 1641394271284264141
node-8 2022/01/05 22:52:05.920382 node.go:134: Committed value: node-1, 1641394313, Test, 1641394271284264142
node-8 2022/01/05 22:52:05.920382 node.go:134: Committed value: node-4, 1641394314, Test, 1641394271284264143
node-8 2022/01/05 22:52:05.920382 node.go:134: Committed value: node-3, 1641394315, Test, 1641394271284264144
node-8 2022/01/05 22:52:05.920382 node.go:134: Committed value: node-5, 1641394316, Test, 1641394271284264145
node-8 2022/01/05 22:52:05.920382 node.go:134: Committed value: node-1, 1641394317, Test, 1641394271284264146
node-8 2022/01/05 22:52:05.920382 node.go:134: Committed value: node-1, 1641394318, Test, 1641394271284264147
node-8 2022/01/05 22:52:05.920382 node.go:134: Committed value: node-4, 1641394319, Test, 1641394271284264148
node-8 2022/01/05 22:52:05.920382 node.go:134: Committed value: node-4, 1641394320, Test, 1641394271284264149
node-8 2022/01/05 22:52:05.920382 node.go:134: Committed value: node-4, 1641394321, Test, 1641394271284264150
node-8 2022/01/05 22:52:05.920382 node.go:134: Committed value: node-2, 1641394322, Test, 1641394271284264151
node-8 2022/01/05 22:52:05.920382 node.go:134: Committed value: node-4, 1641394323, Test, 1641394271284264152
node-8 2022/01/05 22:52:05.920382 node.go:134: Committed value: node-3, 1641394324, Test, 1641394271284264153
node-8 2022/01/05 22:52:05.920382 node.go:134: Committed value: node-7, 1641394325, Test, 1641394271284264154
node-8 2022/01/05 22:52:05.920382 node.go:136: 
node-8 2022/01/05 22:52:05.920382 node.go:140: Reply Finished!
node-8 2022/01/05 22:52:05.921380 node.go:52: do prepare
node-8 2022/01/05 22:52:05.921380 node.go:52: do commit
node-8 2022/01/05 22:52:05.923005 node.go:52: do commit
node-8 2022/01/05 22:52:05.924004 node.go:52: do commit
node-8 2022/01/05 22:52:06.928905 node.go:52: do pre-prepare
node-8 2022/01/05 22:52:06.929899 node.go:52: do prepare
node-8 2022/01/05 22:52:06.929899 node.go:52: do commit
node-8 2022/01/05 22:52:06.929899 node.go:52: do prepare
node-8 2022/01/05 22:52:06.933183 node.go:52: do prepare
node-8 2022/01/05 22:52:06.933183 node.go:52: do prepare
node-8 2022/01/05 22:52:06.934182 node.go:52: do commit
node-8 2022/01/05 22:52:06.934182 node.go:52: do prepare
node-8 2022/01/05 22:52:06.934182 node.go:52: do prepare
node-8 2022/01/05 22:52:06.934182 node.go:52: do commit
node-8 2022/01/05 22:52:06.935179 node.go:52: do commit
node-8 2022/01/05 22:52:06.935179 node.go:134: Committed value: node-5, 1641394311, Test, 1641394271284264140
node-8 2022/01/05 22:52:06.935179 node.go:134: Committed value: node-6, 1641394312, Test, 1641394271284264141
node-8 2022/01/05 22:52:06.935179 node.go:134: Committed value: node-1, 1641394313, Test, 1641394271284264142
node-8 2022/01/05 22:52:06.935179 node.go:134: Committed value: node-4, 1641394314, Test, 1641394271284264143
node-8 2022/01/05 22:52:06.935179 node.go:134: Committed value: node-3, 1641394315, Test, 1641394271284264144
node-8 2022/01/05 22:52:06.935179 node.go:134: Committed value: node-5, 1641394316, Test, 1641394271284264145
node-8 2022/01/05 22:52:06.935179 node.go:134: Committed value: node-1, 1641394317, Test, 1641394271284264146
node-8 2022/01/05 22:52:06.935179 node.go:134: Committed value: node-1, 1641394318, Test, 1641394271284264147
node-8 2022/01/05 22:52:06.935179 node.go:52: do commit
node-8 2022/01/05 22:52:06.935179 node.go:134: Committed value: node-4, 1641394319, Test, 1641394271284264148
node-8 2022/01/05 22:52:06.935179 node.go:134: Committed value: node-4, 1641394320, Test, 1641394271284264149
node-8 2022/01/05 22:52:06.935179 node.go:134: Committed value: node-4, 1641394321, Test, 1641394271284264150
node-8 2022/01/05 22:52:06.935179 node.go:134: Committed value: node-2, 1641394322, Test, 1641394271284264151
node-8 2022/01/05 22:52:06.935179 node.go:134: Committed value: node-4, 1641394323, Test, 1641394271284264152
node-8 2022/01/05 22:52:06.935179 node.go:134: Committed value: node-3, 1641394324, Test, 1641394271284264153
node-8 2022/01/05 22:52:06.935179 node.go:134: Committed value: node-7, 1641394325, Test, 1641394271284264154
node-8 2022/01/05 22:52:06.935179 node.go:134: Committed value: node-1, 1641394326, Test, 1641394271284264155
node-8 2022/01/05 22:52:06.935179 node.go:136: 
node-8 2022/01/05 22:52:06.935179 node.go:140: Reply Finished!
node-8 2022/01/05 22:52:06.935179 node.go:52: do prepare
node-8 2022/01/05 22:52:06.937973 node.go:52: do commit
node-8 2022/01/05 22:52:06.937973 node.go:52: do commit
node-8 2022/01/05 22:52:06.937973 node.go:52: do commit
node-8 2022/01/05 22:52:07.944350 node.go:52: do commit
node-8 2022/01/05 22:52:07.944350 node.go:52: do commit
node-8 2022/01/05 22:52:07.945348 node.go:52: do pre-prepare
node-8 2022/01/05 22:52:07.945348 node.go:52: do prepare
node-8 2022/01/05 22:52:07.945348 node.go:52: do prepare
node-8 2022/01/05 22:52:07.947440 node.go:52: do prepare
node-8 2022/01/05 22:52:07.948340 node.go:52: do prepare
node-8 2022/01/05 22:52:07.949337 node.go:52: do commit
node-8 2022/01/05 22:52:07.949337 node.go:52: do commit
node-8 2022/01/05 22:52:07.949337 node.go:52: do prepare
node-8 2022/01/05 22:52:07.949337 node.go:134: Committed value: node-5, 1641394311, Test, 1641394271284264140
node-8 2022/01/05 22:52:07.949337 node.go:134: Committed value: node-6, 1641394312, Test, 1641394271284264141
node-8 2022/01/05 22:52:07.949337 node.go:134: Committed value: node-1, 1641394313, Test, 1641394271284264142
node-8 2022/01/05 22:52:07.949337 node.go:134: Committed value: node-4, 1641394314, Test, 1641394271284264143
node-8 2022/01/05 22:52:07.949337 node.go:134: Committed value: node-3, 1641394315, Test, 1641394271284264144
node-8 2022/01/05 22:52:07.949337 node.go:134: Committed value: node-5, 1641394316, Test, 1641394271284264145
node-8 2022/01/05 22:52:07.949337 node.go:134: Committed value: node-1, 1641394317, Test, 1641394271284264146
node-8 2022/01/05 22:52:07.949337 node.go:134: Committed value: node-1, 1641394318, Test, 1641394271284264147
node-8 2022/01/05 22:52:07.949337 node.go:134: Committed value: node-4, 1641394319, Test, 1641394271284264148
node-8 2022/01/05 22:52:07.949337 node.go:134: Committed value: node-4, 1641394320, Test, 1641394271284264149
node-8 2022/01/05 22:52:07.949337 node.go:134: Committed value: node-4, 1641394321, Test, 1641394271284264150
node-8 2022/01/05 22:52:07.949337 node.go:134: Committed value: node-2, 1641394322, Test, 1641394271284264151
node-8 2022/01/05 22:52:07.949337 node.go:134: Committed value: node-4, 1641394323, Test, 1641394271284264152
node-8 2022/01/05 22:52:07.949337 node.go:134: Committed value: node-3, 1641394324, Test, 1641394271284264153
node-8 2022/01/05 22:52:07.949337 node.go:134: Committed value: node-7, 1641394325, Test, 1641394271284264154
node-8 2022/01/05 22:52:07.949337 node.go:134: Committed value: node-1, 1641394326, Test, 1641394271284264155
node-8 2022/01/05 22:52:07.949337 node.go:134: Committed value: node-4, 1641394327, Test, 1641394271284264156
node-8 2022/01/05 22:52:07.949337 node.go:136: 
node-8 2022/01/05 22:52:07.949337 node.go:140: Reply Finished!
node-8 2022/01/05 22:52:07.949337 node.go:52: do prepare
node-8 2022/01/05 22:52:07.950336 node.go:52: do prepare
node-8 2022/01/05 22:52:07.951333 node.go:52: do commit
node-8 2022/01/05 22:52:07.951333 node.go:52: do commit
node-8 2022/01/05 22:52:07.951333 node.go:52: do commit
node-8 2022/01/05 22:52:07.952134 node.go:52: do commit
node-8 2022/01/05 22:52:08.955056 node.go:52: do pre-prepare
node-8 2022/01/05 22:52:08.955056 node.go:52: do prepare
node-8 2022/01/05 22:52:08.956052 node.go:52: do commit
node-8 2022/01/05 22:52:08.956052 node.go:52: do prepare
node-8 2022/01/05 22:52:08.957051 node.go:52: do prepare
node-8 2022/01/05 22:52:08.958369 node.go:52: do prepare
node-8 2022/01/05 22:52:08.958369 node.go:52: do prepare
node-8 2022/01/05 22:52:08.959368 node.go:52: do commit
node-8 2022/01/05 22:52:08.959368 node.go:52: do commit
node-8 2022/01/05 22:52:08.959368 node.go:52: do commit
node-8 2022/01/05 22:52:08.960365 node.go:52: do commit
node-8 2022/01/05 22:52:08.960365 node.go:52: do prepare
node-8 2022/01/05 22:52:08.960365 node.go:52: do commit
node-8 2022/01/05 22:52:08.960365 node.go:52: do commit
node-8 2022/01/05 22:52:08.960365 node.go:134: Committed value: node-5, 1641394311, Test, 1641394271284264140
node-8 2022/01/05 22:52:08.960365 node.go:134: Committed value: node-6, 1641394312, Test, 1641394271284264141
node-8 2022/01/05 22:52:08.960365 node.go:134: Committed value: node-1, 1641394313, Test, 1641394271284264142
node-8 2022/01/05 22:52:08.960365 node.go:134: Committed value: node-4, 1641394314, Test, 1641394271284264143
node-8 2022/01/05 22:52:08.960365 node.go:134: Committed value: node-3, 1641394315, Test, 1641394271284264144
node-8 2022/01/05 22:52:08.960365 node.go:134: Committed value: node-5, 1641394316, Test, 1641394271284264145
node-8 2022/01/05 22:52:08.960365 node.go:134: Committed value: node-1, 1641394317, Test, 1641394271284264146
node-8 2022/01/05 22:52:08.960365 node.go:134: Committed value: node-1, 1641394318, Test, 1641394271284264147
node-8 2022/01/05 22:52:08.960365 node.go:134: Committed value: node-4, 1641394319, Test, 1641394271284264148
node-8 2022/01/05 22:52:08.960365 node.go:134: Committed value: node-4, 1641394320, Test, 1641394271284264149
node-8 2022/01/05 22:52:08.960365 node.go:134: Committed value: node-4, 1641394321, Test, 1641394271284264150
node-8 2022/01/05 22:52:08.960365 node.go:134: Committed value: node-2, 1641394322, Test, 1641394271284264151
node-8 2022/01/05 22:52:08.960365 node.go:134: Committed value: node-4, 1641394323, Test, 1641394271284264152
node-8 2022/01/05 22:52:08.960365 node.go:134: Committed value: node-3, 1641394324, Test, 1641394271284264153
node-8 2022/01/05 22:52:08.960365 node.go:134: Committed value: node-7, 1641394325, Test, 1641394271284264154
node-8 2022/01/05 22:52:08.960365 node.go:134: Committed value: node-1, 1641394326, Test, 1641394271284264155
node-8 2022/01/05 22:52:08.960365 node.go:134: Committed value: node-4, 1641394327, Test, 1641394271284264156
node-8 2022/01/05 22:52:08.960365 node.go:134: Committed value: node-2, 1641394328, Test, 1641394271284264157
node-8 2022/01/05 22:52:08.960365 node.go:136: 
node-8 2022/01/05 22:52:08.960365 node.go:140: Reply Finished!
node-8 2022/01/05 22:52:08.961363 node.go:52: do prepare
node-8 2022/01/05 22:52:08.962361 node.go:52: do commit
node-8 2022/01/05 22:52:09.965746 node.go:52: do pre-prepare
node-8 2022/01/05 22:52:09.966743 node.go:52: do prepare
node-8 2022/01/05 22:52:09.967740 node.go:52: do prepare
node-8 2022/01/05 22:52:09.968738 node.go:52: do prepare
node-8 2022/01/05 22:52:09.968738 node.go:52: do prepare
node-8 2022/01/05 22:52:09.970369 node.go:52: do commit
node-8 2022/01/05 22:52:09.970369 node.go:52: do prepare
node-8 2022/01/05 22:52:09.971369 node.go:52: do commit
node-8 2022/01/05 22:52:09.971369 node.go:52: do commit
node-8 2022/01/05 22:52:09.971369 node.go:52: do commit
node-8 2022/01/05 22:52:09.972734 node.go:52: do commit
node-8 2022/01/05 22:52:09.972734 node.go:52: do prepare
node-8 2022/01/05 22:52:09.972734 node.go:52: do commit
node-8 2022/01/05 22:52:09.973733 node.go:52: do commit
node-8 2022/01/05 22:52:09.973733 node.go:134: Committed value: node-5, 1641394311, Test, 1641394271284264140
node-8 2022/01/05 22:52:09.973733 node.go:134: Committed value: node-6, 1641394312, Test, 1641394271284264141
node-8 2022/01/05 22:52:09.973733 node.go:134: Committed value: node-1, 1641394313, Test, 1641394271284264142
node-8 2022/01/05 22:52:09.973733 node.go:134: Committed value: node-4, 1641394314, Test, 1641394271284264143
node-8 2022/01/05 22:52:09.973733 node.go:134: Committed value: node-3, 1641394315, Test, 1641394271284264144
node-8 2022/01/05 22:52:09.973733 node.go:134: Committed value: node-5, 1641394316, Test, 1641394271284264145
node-8 2022/01/05 22:52:09.973733 node.go:134: Committed value: node-1, 1641394317, Test, 1641394271284264146
node-8 2022/01/05 22:52:09.973733 node.go:134: Committed value: node-1, 1641394318, Test, 1641394271284264147
node-8 2022/01/05 22:52:09.973733 node.go:134: Committed value: node-4, 1641394319, Test, 1641394271284264148
node-8 2022/01/05 22:52:09.973733 node.go:134: Committed value: node-4, 1641394320, Test, 1641394271284264149
node-8 2022/01/05 22:52:09.973733 node.go:134: Committed value: node-4, 1641394321, Test, 1641394271284264150
node-8 2022/01/05 22:52:09.973733 node.go:134: Committed value: node-2, 1641394322, Test, 1641394271284264151
node-8 2022/01/05 22:52:09.973733 node.go:134: Committed value: node-4, 1641394323, Test, 1641394271284264152
node-8 2022/01/05 22:52:09.973733 node.go:134: Committed value: node-3, 1641394324, Test, 1641394271284264153
node-8 2022/01/05 22:52:09.973733 node.go:134: Committed value: node-7, 1641394325, Test, 1641394271284264154
node-8 2022/01/05 22:52:09.973733 node.go:134: Committed value: node-1, 1641394326, Test, 1641394271284264155
node-8 2022/01/05 22:52:09.973733 node.go:134: Committed value: node-4, 1641394327, Test, 1641394271284264156
node-8 2022/01/05 22:52:09.973733 node.go:134: Committed value: node-2, 1641394328, Test, 1641394271284264157
node-8 2022/01/05 22:52:09.973733 node.go:134: Committed value: node-5, 1641394329, Test, 1641394271284264158
node-8 2022/01/05 22:52:09.973733 node.go:136: 
node-8 2022/01/05 22:52:09.973733 node.go:52: do prepare
node-8 2022/01/05 22:52:09.973733 node.go:140: Reply Finished!
node-8 2022/01/05 22:52:09.975728 node.go:52: do commit
node-8 2022/01/05 22:52:10.975423 node.go:52: do client
node-8 2022/01/05 22:52:10.975423 node.go:111: Start request as Client, time: 1641394330975423
node-8 2022/01/05 22:52:10.976432 node.go:52: do pre-prepare
node-8 2022/01/05 22:52:10.977426 node.go:52: do prepare
node-8 2022/01/05 22:52:10.977426 node.go:52: do prepare
node-8 2022/01/05 22:52:10.977426 node.go:52: do prepare
node-8 2022/01/05 22:52:10.977426 node.go:52: do prepare
node-8 2022/01/05 22:52:10.977426 node.go:52: do commit
node-8 2022/01/05 22:52:10.978425 node.go:52: do prepare
node-8 2022/01/05 22:52:10.978425 node.go:52: do prepare
node-8 2022/01/05 22:52:10.978425 node.go:52: do prepare
node-8 2022/01/05 22:52:10.980539 node.go:52: do commit
node-8 2022/01/05 22:52:10.981472 node.go:52: do commit
node-8 2022/01/05 22:52:10.981472 node.go:52: do commit
node-8 2022/01/05 22:52:10.982472 node.go:52: do reply
node-8 2022/01/05 22:52:10.982472 node.go:123: Result: Executed by node-1
node-8 2022/01/05 22:52:10.982472 node.go:52: do reply
node-8 2022/01/05 22:52:10.982472 node.go:123: Result: Executed by node-5
node-8 2022/01/05 22:52:10.982472 node.go:52: do reply
node-8 2022/01/05 22:52:10.982472 node.go:123: Result: Executed by node-7
node-8 2022/01/05 22:52:10.982472 node.go:52: do commit
node-8 2022/01/05 22:52:10.983470 node.go:52: do reply
node-8 2022/01/05 22:52:10.983470 node.go:123: Result: Executed by node-4
node-8 2022/01/05 22:52:10.983470 node.go:116: Request Finished! Delay: 8047
node-8 2022/01/05 22:52:10.983470 node.go:117: 1641394330975423 1641394330983470
node-8 2022/01/05 22:52:10.984467 node.go:52: do reply
node-8 2022/01/05 22:52:10.984467 node.go:123: Result: Executed by node-9
node-8 2022/01/05 22:52:10.984467 node.go:52: do commit
node-8 2022/01/05 22:52:10.984467 node.go:134: Committed value: node-5, 1641394311, Test, 1641394271284264140
node-8 2022/01/05 22:52:10.984467 node.go:134: Committed value: node-6, 1641394312, Test, 1641394271284264141
node-8 2022/01/05 22:52:10.984467 node.go:134: Committed value: node-1, 1641394313, Test, 1641394271284264142
node-8 2022/01/05 22:52:10.984467 node.go:134: Committed value: node-4, 1641394314, Test, 1641394271284264143
node-8 2022/01/05 22:52:10.984467 node.go:134: Committed value: node-3, 1641394315, Test, 1641394271284264144
node-8 2022/01/05 22:52:10.984467 node.go:134: Committed value: node-5, 1641394316, Test, 1641394271284264145
node-8 2022/01/05 22:52:10.984467 node.go:134: Committed value: node-1, 1641394317, Test, 1641394271284264146
node-8 2022/01/05 22:52:10.984467 node.go:134: Committed value: node-1, 1641394318, Test, 1641394271284264147
node-8 2022/01/05 22:52:10.984467 node.go:134: Committed value: node-4, 1641394319, Test, 1641394271284264148
node-8 2022/01/05 22:52:10.984467 node.go:134: Committed value: node-4, 1641394320, Test, 1641394271284264149
node-8 2022/01/05 22:52:10.984467 node.go:134: Committed value: node-4, 1641394321, Test, 1641394271284264150
node-8 2022/01/05 22:52:10.984467 node.go:134: Committed value: node-2, 1641394322, Test, 1641394271284264151
node-8 2022/01/05 22:52:10.984467 node.go:134: Committed value: node-4, 1641394323, Test, 1641394271284264152
node-8 2022/01/05 22:52:10.984467 node.go:134: Committed value: node-3, 1641394324, Test, 1641394271284264153
node-8 2022/01/05 22:52:10.984467 node.go:134: Committed value: node-7, 1641394325, Test, 1641394271284264154
node-8 2022/01/05 22:52:10.984467 node.go:134: Committed value: node-1, 1641394326, Test, 1641394271284264155
node-8 2022/01/05 22:52:10.984467 node.go:134: Committed value: node-4, 1641394327, Test, 1641394271284264156
node-8 2022/01/05 22:52:10.984467 node.go:134: Committed value: node-2, 1641394328, Test, 1641394271284264157
node-8 2022/01/05 22:52:10.984467 node.go:134: Committed value: node-5, 1641394329, Test, 1641394271284264158
node-8 2022/01/05 22:52:10.984467 node.go:134: Committed value: node-8, 1641394330, Test, 1641394271284264159
node-8 2022/01/05 22:52:10.984467 node.go:136: 
node-8 2022/01/05 22:52:10.984467 node.go:140: Reply Finished!
node-8 2022/01/05 22:52:10.984467 node.go:52: do commit
node-8 2022/01/05 22:52:10.984467 node.go:52: do reply
node-8 2022/01/05 22:52:10.984467 node.go:123: Result: Executed by node-8
node-8 2022/01/05 22:52:10.984467 node.go:52: do reply
node-8 2022/01/05 22:52:10.984467 node.go:123: Result: Executed by node-6
node-8 2022/01/05 22:52:10.984467 node.go:52: do commit
node-8 2022/01/05 22:52:10.985463 node.go:52: do reply
node-8 2022/01/05 22:52:10.985463 node.go:123: Result: Executed by node-2
node-8 2022/01/05 22:52:10.985463 node.go:52: do reply
node-8 2022/01/05 22:52:10.985463 node.go:123: Result: Executed by node-3
node-8 2022/01/05 22:52:11.988119 node.go:52: do add
node-8 2022/01/05 22:52:11.988119 node.go:582: f: 3 ; 2f: 6
node-8 2022/01/05 22:52:11.988553 node.go:52: do client
node-8 2022/01/05 22:52:11.988553 node.go:111: Start request as Client, time: 1641394331988553
node-8 2022/01/05 22:52:11.989553 node.go:52: do pre-prepare
node-8 2022/01/05 22:52:11.989553 node.go:52: do prepare
node-8 2022/01/05 22:52:11.990549 node.go:52: do prepare
node-8 2022/01/05 22:52:11.990549 node.go:52: do prepare
node-8 2022/01/05 22:52:11.992547 node.go:52: do prepare
node-8 2022/01/05 22:52:11.992547 node.go:52: do prepare
node-8 2022/01/05 22:52:11.992547 node.go:52: do prepare
node-8 2022/01/05 22:52:11.993542 node.go:52: do commit
node-8 2022/01/05 22:52:11.993542 node.go:52: do reply
node-8 2022/01/05 22:52:11.993542 node.go:123: Result: Executed by node-7
node-8 2022/01/05 22:52:11.994540 node.go:52: do reply
node-8 2022/01/05 22:52:11.994540 node.go:123: Result: Executed by node-1
node-8 2022/01/05 22:52:11.995537 node.go:52: do commit
node-8 2022/01/05 22:52:11.995537 node.go:52: do commit
node-8 2022/01/05 22:52:11.996533 node.go:52: do commit
node-8 2022/01/05 22:52:11.996533 node.go:52: do prepare
node-8 2022/01/05 22:52:11.996533 node.go:52: do reply
node-8 2022/01/05 22:52:11.996533 node.go:123: Result: Executed by node-2
node-8 2022/01/05 22:52:11.996533 node.go:52: do reply
node-8 2022/01/05 22:52:11.996533 node.go:123: Result: Executed by node-4
node-8 2022/01/05 22:52:11.996533 node.go:116: Request Finished! Delay: 7980
node-8 2022/01/05 22:52:11.996533 node.go:117: 1641394331988553 1641394331996533
node-8 2022/01/05 22:52:11.996533 node.go:52: do reply
node-8 2022/01/05 22:52:11.996533 node.go:123: Result: Executed by node-6
node-8 2022/01/05 22:52:11.997532 node.go:52: do commit
node-8 2022/01/05 22:52:11.997532 node.go:134: Committed value: node-5, 1641394311, Test, 1641394271284264140
node-8 2022/01/05 22:52:11.997532 node.go:134: Committed value: node-6, 1641394312, Test, 1641394271284264141
node-8 2022/01/05 22:52:11.997532 node.go:134: Committed value: node-1, 1641394313, Test, 1641394271284264142
node-8 2022/01/05 22:52:11.997532 node.go:134: Committed value: node-4, 1641394314, Test, 1641394271284264143
node-8 2022/01/05 22:52:11.997532 node.go:134: Committed value: node-3, 1641394315, Test, 1641394271284264144
node-8 2022/01/05 22:52:11.997532 node.go:134: Committed value: node-5, 1641394316, Test, 1641394271284264145
node-8 2022/01/05 22:52:11.997532 node.go:134: Committed value: node-1, 1641394317, Test, 1641394271284264146
node-8 2022/01/05 22:52:11.997532 node.go:134: Committed value: node-1, 1641394318, Test, 1641394271284264147
node-8 2022/01/05 22:52:11.997532 node.go:134: Committed value: node-4, 1641394319, Test, 1641394271284264148
node-8 2022/01/05 22:52:11.997532 node.go:134: Committed value: node-4, 1641394320, Test, 1641394271284264149
node-8 2022/01/05 22:52:11.997532 node.go:134: Committed value: node-4, 1641394321, Test, 1641394271284264150
node-8 2022/01/05 22:52:11.997532 node.go:134: Committed value: node-2, 1641394322, Test, 1641394271284264151
node-8 2022/01/05 22:52:11.997532 node.go:134: Committed value: node-4, 1641394323, Test, 1641394271284264152
node-8 2022/01/05 22:52:11.997532 node.go:134: Committed value: node-3, 1641394324, Test, 1641394271284264153
node-8 2022/01/05 22:52:11.997532 node.go:134: Committed value: node-7, 1641394325, Test, 1641394271284264154
node-8 2022/01/05 22:52:11.997532 node.go:134: Committed value: node-1, 1641394326, Test, 1641394271284264155
node-8 2022/01/05 22:52:11.997532 node.go:134: Committed value: node-4, 1641394327, Test, 1641394271284264156
node-8 2022/01/05 22:52:11.997532 node.go:134: Committed value: node-2, 1641394328, Test, 1641394271284264157
node-8 2022/01/05 22:52:11.997532 node.go:134: Committed value: node-5, 1641394329, Test, 1641394271284264158
node-8 2022/01/05 22:52:11.997532 node.go:134: Committed value: node-8, 1641394330, Test, 1641394271284264159
node-8 2022/01/05 22:52:11.997532 node.go:134: Committed value: node-8, 1641394331, Test, 1641394271284264160
node-8 2022/01/05 22:52:11.997532 node.go:136: 
node-8 2022/01/05 22:52:11.997532 node.go:140: Reply Finished!
node-8 2022/01/05 22:52:11.997532 node.go:52: do prepare
node-8 2022/01/05 22:52:11.997532 node.go:52: do commit
node-8 2022/01/05 22:52:11.997532 node.go:52: do reply
node-8 2022/01/05 22:52:11.997532 node.go:123: Result: Executed by node-10
node-8 2022/01/05 22:52:11.998529 node.go:52: do reply
node-8 2022/01/05 22:52:11.998529 node.go:123: Result: Executed by node-3
node-8 2022/01/05 22:52:11.998529 node.go:52: do reply
node-8 2022/01/05 22:52:11.998529 node.go:123: Result: Executed by node-5
node-8 2022/01/05 22:52:11.998529 node.go:52: do commit
node-8 2022/01/05 22:52:11.998529 node.go:52: do commit
node-8 2022/01/05 22:52:11.999526 node.go:52: do commit
node-8 2022/01/05 22:52:11.999526 node.go:52: do reply
node-8 2022/01/05 22:52:11.999526 node.go:123: Result: Executed by node-9
node-8 2022/01/05 22:52:12.000524 node.go:52: do reply
node-8 2022/01/05 22:52:12.000524 node.go:123: Result: Executed by node-8
node-8 2022/01/05 22:52:13.000857 node.go:52: do pre-prepare
node-8 2022/01/05 22:52:13.002854 node.go:52: do prepare
node-8 2022/01/05 22:52:13.002854 node.go:52: do prepare
node-8 2022/01/05 22:52:13.002854 node.go:52: do commit
node-8 2022/01/05 22:52:13.002854 node.go:52: do prepare
node-8 2022/01/05 22:52:13.002854 node.go:52: do prepare
node-8 2022/01/05 22:52:13.003851 node.go:52: do commit
node-8 2022/01/05 22:52:13.003851 node.go:52: do prepare
node-8 2022/01/05 22:52:13.003851 node.go:52: do prepare
node-8 2022/01/05 22:52:13.004850 node.go:52: do commit
node-8 2022/01/05 22:52:13.006260 node.go:52: do commit
node-8 2022/01/05 22:52:13.006260 node.go:134: Committed value: node-5, 1641394311, Test, 1641394271284264140
node-8 2022/01/05 22:52:13.006260 node.go:134: Committed value: node-6, 1641394312, Test, 1641394271284264141
node-8 2022/01/05 22:52:13.006260 node.go:134: Committed value: node-1, 1641394313, Test, 1641394271284264142
node-8 2022/01/05 22:52:13.006260 node.go:134: Committed value: node-4, 1641394314, Test, 1641394271284264143
node-8 2022/01/05 22:52:13.006260 node.go:134: Committed value: node-3, 1641394315, Test, 1641394271284264144
node-8 2022/01/05 22:52:13.006260 node.go:134: Committed value: node-5, 1641394316, Test, 1641394271284264145
node-8 2022/01/05 22:52:13.006260 node.go:134: Committed value: node-1, 1641394317, Test, 1641394271284264146
node-8 2022/01/05 22:52:13.006260 node.go:134: Committed value: node-1, 1641394318, Test, 1641394271284264147
node-8 2022/01/05 22:52:13.006260 node.go:134: Committed value: node-4, 1641394319, Test, 1641394271284264148
node-8 2022/01/05 22:52:13.006260 node.go:134: Committed value: node-4, 1641394320, Test, 1641394271284264149
node-8 2022/01/05 22:52:13.006260 node.go:134: Committed value: node-4, 1641394321, Test, 1641394271284264150
node-8 2022/01/05 22:52:13.006260 node.go:134: Committed value: node-2, 1641394322, Test, 1641394271284264151
node-8 2022/01/05 22:52:13.006260 node.go:134: Committed value: node-4, 1641394323, Test, 1641394271284264152
node-8 2022/01/05 22:52:13.006260 node.go:52: do commit
node-8 2022/01/05 22:52:13.006260 node.go:134: Committed value: node-3, 1641394324, Test, 1641394271284264153
node-8 2022/01/05 22:52:13.006260 node.go:134: Committed value: node-7, 1641394325, Test, 1641394271284264154
node-8 2022/01/05 22:52:13.006260 node.go:52: do prepare
node-8 2022/01/05 22:52:13.006260 node.go:134: Committed value: node-1, 1641394326, Test, 1641394271284264155
node-8 2022/01/05 22:52:13.006260 node.go:134: Committed value: node-4, 1641394327, Test, 1641394271284264156
node-8 2022/01/05 22:52:13.006260 node.go:134: Committed value: node-2, 1641394328, Test, 1641394271284264157
node-8 2022/01/05 22:52:13.006260 node.go:134: Committed value: node-5, 1641394329, Test, 1641394271284264158
node-8 2022/01/05 22:52:13.006260 node.go:134: Committed value: node-8, 1641394330, Test, 1641394271284264159
node-8 2022/01/05 22:52:13.006260 node.go:134: Committed value: node-8, 1641394331, Test, 1641394271284264160
node-8 2022/01/05 22:52:13.006260 node.go:134: Committed value: node-10, 1641394333, Test, 1641394271284264161
node-8 2022/01/05 22:52:13.006260 node.go:136: 
node-8 2022/01/05 22:52:13.006260 node.go:140: Reply Finished!
node-8 2022/01/05 22:52:13.007259 node.go:52: do commit
node-8 2022/01/05 22:52:13.007259 node.go:52: do prepare
node-8 2022/01/05 22:52:13.007259 node.go:52: do commit
node-8 2022/01/05 22:52:13.011122 node.go:52: do commit
node-8 2022/01/05 22:52:13.011122 node.go:52: do commit
node-8 2022/01/05 22:52:14.021936 node.go:52: do pre-prepare
node-8 2022/01/05 22:52:14.022930 node.go:52: do prepare
node-8 2022/01/05 22:52:14.022930 node.go:52: do commit
node-8 2022/01/05 22:52:14.024924 node.go:52: do prepare
node-8 2022/01/05 22:52:14.024924 node.go:52: do prepare
node-8 2022/01/05 22:52:14.024924 node.go:52: do prepare
node-8 2022/01/05 22:52:14.024924 node.go:52: do commit
node-8 2022/01/05 22:52:14.024924 node.go:52: do prepare
node-8 2022/01/05 22:52:14.024924 node.go:52: do commit
node-8 2022/01/05 22:52:14.025921 node.go:52: do prepare
node-8 2022/01/05 22:52:14.028914 node.go:52: do prepare
node-8 2022/01/05 22:52:14.029360 node.go:52: do commit
node-8 2022/01/05 22:52:14.029360 node.go:134: Committed value: node-5, 1641394311, Test, 1641394271284264140
node-8 2022/01/05 22:52:14.029360 node.go:134: Committed value: node-6, 1641394312, Test, 1641394271284264141
node-8 2022/01/05 22:52:14.029360 node.go:134: Committed value: node-1, 1641394313, Test, 1641394271284264142
node-8 2022/01/05 22:52:14.029360 node.go:134: Committed value: node-4, 1641394314, Test, 1641394271284264143
node-8 2022/01/05 22:52:14.029360 node.go:134: Committed value: node-3, 1641394315, Test, 1641394271284264144
node-8 2022/01/05 22:52:14.029360 node.go:134: Committed value: node-5, 1641394316, Test, 1641394271284264145
node-8 2022/01/05 22:52:14.029360 node.go:134: Committed value: node-1, 1641394317, Test, 1641394271284264146
node-8 2022/01/05 22:52:14.029360 node.go:134: Committed value: node-1, 1641394318, Test, 1641394271284264147
node-8 2022/01/05 22:52:14.029360 node.go:134: Committed value: node-4, 1641394319, Test, 1641394271284264148
node-8 2022/01/05 22:52:14.029360 node.go:134: Committed value: node-4, 1641394320, Test, 1641394271284264149
node-8 2022/01/05 22:52:14.029360 node.go:134: Committed value: node-4, 1641394321, Test, 1641394271284264150
node-8 2022/01/05 22:52:14.029360 node.go:134: Committed value: node-2, 1641394322, Test, 1641394271284264151
node-8 2022/01/05 22:52:14.029360 node.go:134: Committed value: node-4, 1641394323, Test, 1641394271284264152
node-8 2022/01/05 22:52:14.029360 node.go:134: Committed value: node-3, 1641394324, Test, 1641394271284264153
node-8 2022/01/05 22:52:14.029360 node.go:134: Committed value: node-7, 1641394325, Test, 1641394271284264154
node-8 2022/01/05 22:52:14.029360 node.go:134: Committed value: node-1, 1641394326, Test, 1641394271284264155
node-8 2022/01/05 22:52:14.029360 node.go:134: Committed value: node-4, 1641394327, Test, 1641394271284264156
node-8 2022/01/05 22:52:14.029360 node.go:134: Committed value: node-2, 1641394328, Test, 1641394271284264157
node-8 2022/01/05 22:52:14.029360 node.go:134: Committed value: node-5, 1641394329, Test, 1641394271284264158
node-8 2022/01/05 22:52:14.029360 node.go:134: Committed value: node-8, 1641394330, Test, 1641394271284264159
node-8 2022/01/05 22:52:14.029360 node.go:134: Committed value: node-8, 1641394331, Test, 1641394271284264160
node-8 2022/01/05 22:52:14.029360 node.go:134: Committed value: node-10, 1641394333, Test, 1641394271284264161
node-8 2022/01/05 22:52:14.029360 node.go:134: Committed value: node-1, 1641394334, Test, 1641394271284264162
node-8 2022/01/05 22:52:14.029360 node.go:136: 
node-8 2022/01/05 22:52:14.029360 node.go:140: Reply Finished!
node-8 2022/01/05 22:52:14.031358 node.go:52: do prepare
node-8 2022/01/05 22:52:14.031358 node.go:52: do commit
node-8 2022/01/05 22:52:14.031358 node.go:52: do commit
node-8 2022/01/05 22:52:14.033352 node.go:52: do commit
node-8 2022/01/05 22:52:14.033352 node.go:52: do commit
node-8 2022/01/05 22:52:14.034350 node.go:52: do commit
node-8 2022/01/05 22:52:15.033402 node.go:52: do pre-prepare
node-8 2022/01/05 22:52:15.034400 node.go:52: do prepare
node-8 2022/01/05 22:52:15.035394 node.go:52: do prepare
node-8 2022/01/05 22:52:15.035394 node.go:52: do commit
node-8 2022/01/05 22:52:15.035394 node.go:52: do commit
node-8 2022/01/05 22:52:15.035394 node.go:52: do prepare
node-8 2022/01/05 22:52:15.038387 node.go:52: do commit
node-8 2022/01/05 22:52:15.038387 node.go:52: do prepare
node-8 2022/01/05 22:52:15.039384 node.go:52: do commit
node-8 2022/01/05 22:52:15.039384 node.go:52: do commit
node-8 2022/01/05 22:52:15.039384 node.go:52: do commit
node-8 2022/01/05 22:52:15.040381 node.go:52: do commit
node-8 2022/01/05 22:52:15.040381 node.go:52: do prepare
node-8 2022/01/05 22:52:15.041378 node.go:52: do prepare
node-8 2022/01/05 22:52:15.041378 node.go:52: do prepare
node-8 2022/01/05 22:52:15.041378 node.go:52: do prepare
node-8 2022/01/05 22:52:15.043374 node.go:134: Committed value: node-5, 1641394311, Test, 1641394271284264140
node-8 2022/01/05 22:52:15.043374 node.go:134: Committed value: node-6, 1641394312, Test, 1641394271284264141
node-8 2022/01/05 22:52:15.043374 node.go:134: Committed value: node-1, 1641394313, Test, 1641394271284264142
node-8 2022/01/05 22:52:15.043374 node.go:134: Committed value: node-4, 1641394314, Test, 1641394271284264143
node-8 2022/01/05 22:52:15.043374 node.go:134: Committed value: node-3, 1641394315, Test, 1641394271284264144
node-8 2022/01/05 22:52:15.043374 node.go:134: Committed value: node-5, 1641394316, Test, 1641394271284264145
node-8 2022/01/05 22:52:15.043374 node.go:134: Committed value: node-1, 1641394317, Test, 1641394271284264146
node-8 2022/01/05 22:52:15.043374 node.go:134: Committed value: node-1, 1641394318, Test, 1641394271284264147
node-8 2022/01/05 22:52:15.043374 node.go:134: Committed value: node-4, 1641394319, Test, 1641394271284264148
node-8 2022/01/05 22:52:15.043374 node.go:134: Committed value: node-4, 1641394320, Test, 1641394271284264149
node-8 2022/01/05 22:52:15.043374 node.go:134: Committed value: node-4, 1641394321, Test, 1641394271284264150
node-8 2022/01/05 22:52:15.043374 node.go:134: Committed value: node-2, 1641394322, Test, 1641394271284264151
node-8 2022/01/05 22:52:15.043374 node.go:134: Committed value: node-4, 1641394323, Test, 1641394271284264152
node-8 2022/01/05 22:52:15.043374 node.go:134: Committed value: node-3, 1641394324, Test, 1641394271284264153
node-8 2022/01/05 22:52:15.043374 node.go:134: Committed value: node-7, 1641394325, Test, 1641394271284264154
node-8 2022/01/05 22:52:15.043374 node.go:134: Committed value: node-1, 1641394326, Test, 1641394271284264155
node-8 2022/01/05 22:52:15.043374 node.go:134: Committed value: node-4, 1641394327, Test, 1641394271284264156
node-8 2022/01/05 22:52:15.043374 node.go:134: Committed value: node-2, 1641394328, Test, 1641394271284264157
node-8 2022/01/05 22:52:15.043374 node.go:134: Committed value: node-5, 1641394329, Test, 1641394271284264158
node-8 2022/01/05 22:52:15.043374 node.go:134: Committed value: node-8, 1641394330, Test, 1641394271284264159
node-8 2022/01/05 22:52:15.043374 node.go:134: Committed value: node-8, 1641394331, Test, 1641394271284264160
node-8 2022/01/05 22:52:15.043374 node.go:134: Committed value: node-10, 1641394333, Test, 1641394271284264161
node-8 2022/01/05 22:52:15.043374 node.go:134: Committed value: node-1, 1641394334, Test, 1641394271284264162
node-8 2022/01/05 22:52:15.043374 node.go:134: Committed value: node-10, 1641394335, Test, 1641394271284264163
node-8 2022/01/05 22:52:15.043374 node.go:136: 
node-8 2022/01/05 22:52:15.043374 node.go:140: Reply Finished!
node-8 2022/01/05 22:52:15.043374 node.go:52: do commit
node-8 2022/01/05 22:52:15.043374 node.go:52: do commit
node-8 2022/01/05 22:52:16.045857 node.go:52: do client
node-8 2022/01/05 22:52:16.045857 node.go:111: Start request as Client, time: 1641394336045857
node-8 2022/01/05 22:52:16.046780 node.go:52: do pre-prepare
node-8 2022/01/05 22:52:16.047774 node.go:52: do prepare
node-8 2022/01/05 22:52:16.047774 node.go:52: do prepare
node-8 2022/01/05 22:52:16.047774 node.go:52: do prepare
node-8 2022/01/05 22:52:16.048770 node.go:52: do prepare
node-8 2022/01/05 22:52:16.048770 node.go:52: do prepare
node-8 2022/01/05 22:52:16.048770 node.go:52: do prepare
node-8 2022/01/05 22:52:16.048770 node.go:52: do commit
node-8 2022/01/05 22:52:16.049768 node.go:134: Committed value: node-5, 1641394311, Test, 1641394271284264140
node-8 2022/01/05 22:52:16.049768 node.go:134: Committed value: node-6, 1641394312, Test, 1641394271284264141
node-8 2022/01/05 22:52:16.049768 node.go:134: Committed value: node-1, 1641394313, Test, 1641394271284264142
node-8 2022/01/05 22:52:16.049768 node.go:134: Committed value: node-4, 1641394314, Test, 1641394271284264143
node-8 2022/01/05 22:52:16.049768 node.go:134: Committed value: node-3, 1641394315, Test, 1641394271284264144
node-8 2022/01/05 22:52:16.049768 node.go:134: Committed value: node-5, 1641394316, Test, 1641394271284264145
node-8 2022/01/05 22:52:16.049768 node.go:134: Committed value: node-1, 1641394317, Test, 1641394271284264146
node-8 2022/01/05 22:52:16.049768 node.go:134: Committed value: node-1, 1641394318, Test, 1641394271284264147
node-8 2022/01/05 22:52:16.049768 node.go:134: Committed value: node-4, 1641394319, Test, 1641394271284264148
node-8 2022/01/05 22:52:16.049768 node.go:134: Committed value: node-4, 1641394320, Test, 1641394271284264149
node-8 2022/01/05 22:52:16.049768 node.go:134: Committed value: node-4, 1641394321, Test, 1641394271284264150
node-8 2022/01/05 22:52:16.049768 node.go:134: Committed value: node-2, 1641394322, Test, 1641394271284264151
node-8 2022/01/05 22:52:16.049768 node.go:134: Committed value: node-4, 1641394323, Test, 1641394271284264152
node-8 2022/01/05 22:52:16.049768 node.go:134: Committed value: node-3, 1641394324, Test, 1641394271284264153
node-8 2022/01/05 22:52:16.049768 node.go:134: Committed value: node-7, 1641394325, Test, 1641394271284264154
node-8 2022/01/05 22:52:16.049768 node.go:134: Committed value: node-1, 1641394326, Test, 1641394271284264155
node-8 2022/01/05 22:52:16.049768 node.go:134: Committed value: node-4, 1641394327, Test, 1641394271284264156
node-8 2022/01/05 22:52:16.049768 node.go:134: Committed value: node-2, 1641394328, Test, 1641394271284264157
node-8 2022/01/05 22:52:16.049768 node.go:134: Committed value: node-5, 1641394329, Test, 1641394271284264158
node-8 2022/01/05 22:52:16.049768 node.go:134: Committed value: node-8, 1641394330, Test, 1641394271284264159
node-8 2022/01/05 22:52:16.049768 node.go:134: Committed value: node-8, 1641394331, Test, 1641394271284264160
node-8 2022/01/05 22:52:16.049768 node.go:134: Committed value: node-10, 1641394333, Test, 1641394271284264161
node-8 2022/01/05 22:52:16.049768 node.go:134: Committed value: node-1, 1641394334, Test, 1641394271284264162
node-8 2022/01/05 22:52:16.049768 node.go:134: Committed value: node-10, 1641394335, Test, 1641394271284264163
node-8 2022/01/05 22:52:16.049768 node.go:134: Committed value: node-8, 1641394336, Test, 1641394271284264164
node-8 2022/01/05 22:52:16.049768 node.go:136: 
node-8 2022/01/05 22:52:16.049768 node.go:140: Reply Finished!
node-8 2022/01/05 22:52:16.049768 node.go:52: do reply
node-8 2022/01/05 22:52:16.049768 node.go:52: do commit
node-8 2022/01/05 22:52:16.049768 node.go:123: Result: Executed by node-8
node-8 2022/01/05 22:52:16.049768 node.go:52: do commit
node-8 2022/01/05 22:52:16.049768 node.go:52: do reply
node-8 2022/01/05 22:52:16.049768 node.go:123: Result: Executed by node-2
node-8 2022/01/05 22:52:16.051583 node.go:52: do prepare
node-8 2022/01/05 22:52:16.051583 node.go:52: do commit
node-8 2022/01/05 22:52:16.051583 node.go:52: do commit
node-8 2022/01/05 22:52:16.052584 node.go:52: do reply
node-8 2022/01/05 22:52:16.052584 node.go:123: Result: Executed by node-3
node-8 2022/01/05 22:52:16.052584 node.go:52: do prepare
node-8 2022/01/05 22:52:16.052584 node.go:52: do reply
node-8 2022/01/05 22:52:16.052584 node.go:123: Result: Executed by node-4
node-8 2022/01/05 22:52:16.052584 node.go:116: Request Finished! Delay: 6727
node-8 2022/01/05 22:52:16.052584 node.go:117: 1641394336045857 1641394336052584
node-8 2022/01/05 22:52:16.053590 node.go:52: do reply
node-8 2022/01/05 22:52:16.053590 node.go:123: Result: Executed by node-6
node-8 2022/01/05 22:52:16.053590 node.go:52: do commit
node-8 2022/01/05 22:52:16.054577 node.go:52: do commit
node-8 2022/01/05 22:52:16.055575 node.go:52: do reply
node-8 2022/01/05 22:52:16.055575 node.go:123: Result: Executed by node-1
node-8 2022/01/05 22:52:16.055575 node.go:52: do reply
node-8 2022/01/05 22:52:16.055575 node.go:123: Result: Executed by node-9
node-8 2022/01/05 22:52:16.055575 node.go:52: do reply
node-8 2022/01/05 22:52:16.055575 node.go:123: Result: Executed by node-10
node-8 2022/01/05 22:52:16.056572 node.go:52: do commit
node-8 2022/01/05 22:52:16.056572 node.go:52: do commit
node-8 2022/01/05 22:52:16.056572 node.go:52: do reply
node-8 2022/01/05 22:52:16.056572 node.go:123: Result: Executed by node-7
node-8 2022/01/05 22:52:16.056572 node.go:52: do reply
node-8 2022/01/05 22:52:16.056572 node.go:123: Result: Executed by node-5
node-8 2022/01/05 22:52:17.058084 node.go:52: do pre-prepare
node-8 2022/01/05 22:52:17.058084 node.go:52: do prepare
node-8 2022/01/05 22:52:17.058084 node.go:52: do prepare
node-8 2022/01/05 22:52:17.058084 node.go:52: do prepare
node-8 2022/01/05 22:52:17.064737 node.go:52: do commit
node-8 2022/01/05 22:52:17.064737 node.go:52: do commit
node-8 2022/01/05 22:52:17.064737 node.go:52: do prepare
node-8 2022/01/05 22:52:17.067045 node.go:52: do commit
node-8 2022/01/05 22:52:17.067045 node.go:52: do prepare
node-8 2022/01/05 22:52:17.068046 node.go:52: do prepare
node-8 2022/01/05 22:52:17.068046 node.go:52: do commit
node-8 2022/01/05 22:52:17.068046 node.go:134: Committed value: node-5, 1641394311, Test, 1641394271284264140
node-8 2022/01/05 22:52:17.068046 node.go:134: Committed value: node-6, 1641394312, Test, 1641394271284264141
node-8 2022/01/05 22:52:17.068046 node.go:134: Committed value: node-1, 1641394313, Test, 1641394271284264142
node-8 2022/01/05 22:52:17.068046 node.go:134: Committed value: node-4, 1641394314, Test, 1641394271284264143
node-8 2022/01/05 22:52:17.068046 node.go:134: Committed value: node-3, 1641394315, Test, 1641394271284264144
node-8 2022/01/05 22:52:17.068046 node.go:134: Committed value: node-5, 1641394316, Test, 1641394271284264145
node-8 2022/01/05 22:52:17.068046 node.go:134: Committed value: node-1, 1641394317, Test, 1641394271284264146
node-8 2022/01/05 22:52:17.068046 node.go:134: Committed value: node-1, 1641394318, Test, 1641394271284264147
node-8 2022/01/05 22:52:17.068046 node.go:134: Committed value: node-4, 1641394319, Test, 1641394271284264148
node-8 2022/01/05 22:52:17.068046 node.go:134: Committed value: node-4, 1641394320, Test, 1641394271284264149
node-8 2022/01/05 22:52:17.068046 node.go:134: Committed value: node-4, 1641394321, Test, 1641394271284264150
node-8 2022/01/05 22:52:17.068046 node.go:134: Committed value: node-2, 1641394322, Test, 1641394271284264151
node-8 2022/01/05 22:52:17.068046 node.go:134: Committed value: node-4, 1641394323, Test, 1641394271284264152
node-8 2022/01/05 22:52:17.068046 node.go:134: Committed value: node-3, 1641394324, Test, 1641394271284264153
node-8 2022/01/05 22:52:17.068046 node.go:134: Committed value: node-7, 1641394325, Test, 1641394271284264154
node-8 2022/01/05 22:52:17.068046 node.go:134: Committed value: node-1, 1641394326, Test, 1641394271284264155
node-8 2022/01/05 22:52:17.068046 node.go:134: Committed value: node-4, 1641394327, Test, 1641394271284264156
node-8 2022/01/05 22:52:17.068046 node.go:134: Committed value: node-2, 1641394328, Test, 1641394271284264157
node-8 2022/01/05 22:52:17.068046 node.go:134: Committed value: node-5, 1641394329, Test, 1641394271284264158
node-8 2022/01/05 22:52:17.068046 node.go:134: Committed value: node-8, 1641394330, Test, 1641394271284264159
node-8 2022/01/05 22:52:17.068046 node.go:134: Committed value: node-8, 1641394331, Test, 1641394271284264160
node-8 2022/01/05 22:52:17.068046 node.go:134: Committed value: node-10, 1641394333, Test, 1641394271284264161
node-8 2022/01/05 22:52:17.068046 node.go:134: Committed value: node-1, 1641394334, Test, 1641394271284264162
node-8 2022/01/05 22:52:17.068046 node.go:134: Committed value: node-10, 1641394335, Test, 1641394271284264163
node-8 2022/01/05 22:52:17.068046 node.go:134: Committed value: node-8, 1641394336, Test, 1641394271284264164
node-8 2022/01/05 22:52:17.068046 node.go:134: Committed value: node-2, 1641394337, Test, 1641394271284264165
node-8 2022/01/05 22:52:17.068046 node.go:136: 
node-8 2022/01/05 22:52:17.068046 node.go:140: Reply Finished!
node-8 2022/01/05 22:52:17.068046 node.go:52: do commit
node-8 2022/01/05 22:52:17.068903 node.go:52: do commit
node-8 2022/01/05 22:52:17.068903 node.go:52: do commit
node-8 2022/01/05 22:52:17.068903 node.go:52: do commit
node-8 2022/01/05 22:52:17.068903 node.go:52: do prepare
node-8 2022/01/05 22:52:17.069904 node.go:52: do commit
node-8 2022/01/05 22:52:17.069904 node.go:52: do prepare
node-8 2022/01/05 22:52:18.070926 node.go:52: do client
node-8 2022/01/05 22:52:18.070926 node.go:111: Start request as Client, time: 1641394338070926
node-8 2022/01/05 22:52:18.072802 node.go:52: do pre-prepare
node-8 2022/01/05 22:52:18.072802 node.go:52: do prepare
node-8 2022/01/05 22:52:18.072802 node.go:52: do prepare
node-8 2022/01/05 22:52:18.073799 node.go:52: do commit
node-8 2022/01/05 22:52:18.073799 node.go:52: do commit
node-8 2022/01/05 22:52:18.074796 node.go:52: do prepare
node-8 2022/01/05 22:52:18.074796 node.go:52: do prepare
node-8 2022/01/05 22:52:18.075794 node.go:52: do commit
node-8 2022/01/05 22:52:18.076791 node.go:52: do prepare
node-8 2022/01/05 22:52:18.076791 node.go:52: do reply
node-8 2022/01/05 22:52:18.076791 node.go:123: Result: Executed by node-7
node-8 2022/01/05 22:52:18.076791 node.go:52: do prepare
node-8 2022/01/05 22:52:18.076791 node.go:52: do reply
node-8 2022/01/05 22:52:18.076791 node.go:123: Result: Executed by node-9
node-8 2022/01/05 22:52:18.076791 node.go:52: do prepare
node-8 2022/01/05 22:52:18.077789 node.go:52: do reply
node-8 2022/01/05 22:52:18.077789 node.go:123: Result: Executed by node-3
node-8 2022/01/05 22:52:18.077789 node.go:52: do prepare
node-8 2022/01/05 22:52:18.079421 node.go:52: do commit
node-8 2022/01/05 22:52:18.079421 node.go:134: Committed value: node-5, 1641394311, Test, 1641394271284264140
node-8 2022/01/05 22:52:18.079421 node.go:134: Committed value: node-6, 1641394312, Test, 1641394271284264141
node-8 2022/01/05 22:52:18.079421 node.go:134: Committed value: node-1, 1641394313, Test, 1641394271284264142
node-8 2022/01/05 22:52:18.079421 node.go:134: Committed value: node-4, 1641394314, Test, 1641394271284264143
node-8 2022/01/05 22:52:18.079421 node.go:134: Committed value: node-3, 1641394315, Test, 1641394271284264144
node-8 2022/01/05 22:52:18.079421 node.go:134: Committed value: node-5, 1641394316, Test, 1641394271284264145
node-8 2022/01/05 22:52:18.079421 node.go:134: Committed value: node-1, 1641394317, Test, 1641394271284264146
node-8 2022/01/05 22:52:18.079421 node.go:134: Committed value: node-1, 1641394318, Test, 1641394271284264147
node-8 2022/01/05 22:52:18.079421 node.go:134: Committed value: node-4, 1641394319, Test, 1641394271284264148
node-8 2022/01/05 22:52:18.079421 node.go:134: Committed value: node-4, 1641394320, Test, 1641394271284264149
node-8 2022/01/05 22:52:18.079421 node.go:134: Committed value: node-4, 1641394321, Test, 1641394271284264150
node-8 2022/01/05 22:52:18.079421 node.go:134: Committed value: node-2, 1641394322, Test, 1641394271284264151
node-8 2022/01/05 22:52:18.079421 node.go:134: Committed value: node-4, 1641394323, Test, 1641394271284264152
node-8 2022/01/05 22:52:18.079421 node.go:134: Committed value: node-3, 1641394324, Test, 1641394271284264153
node-8 2022/01/05 22:52:18.079421 node.go:134: Committed value: node-7, 1641394325, Test, 1641394271284264154
node-8 2022/01/05 22:52:18.079421 node.go:134: Committed value: node-1, 1641394326, Test, 1641394271284264155
node-8 2022/01/05 22:52:18.079421 node.go:134: Committed value: node-4, 1641394327, Test, 1641394271284264156
node-8 2022/01/05 22:52:18.079421 node.go:134: Committed value: node-2, 1641394328, Test, 1641394271284264157
node-8 2022/01/05 22:52:18.079421 node.go:134: Committed value: node-5, 1641394329, Test, 1641394271284264158
node-8 2022/01/05 22:52:18.079421 node.go:134: Committed value: node-8, 1641394330, Test, 1641394271284264159
node-8 2022/01/05 22:52:18.079421 node.go:134: Committed value: node-8, 1641394331, Test, 1641394271284264160
node-8 2022/01/05 22:52:18.079421 node.go:134: Committed value: node-10, 1641394333, Test, 1641394271284264161
node-8 2022/01/05 22:52:18.079421 node.go:134: Committed value: node-1, 1641394334, Test, 1641394271284264162
node-8 2022/01/05 22:52:18.079421 node.go:134: Committed value: node-10, 1641394335, Test, 1641394271284264163
node-8 2022/01/05 22:52:18.079421 node.go:134: Committed value: node-8, 1641394336, Test, 1641394271284264164
node-8 2022/01/05 22:52:18.079421 node.go:134: Committed value: node-2, 1641394337, Test, 1641394271284264165
node-8 2022/01/05 22:52:18.079421 node.go:134: Committed value: node-8, 1641394338, Test, 1641394271284264166
node-8 2022/01/05 22:52:18.079421 node.go:136: 
node-8 2022/01/05 22:52:18.079421 node.go:140: Reply Finished!
node-8 2022/01/05 22:52:18.079421 node.go:52: do reply
node-8 2022/01/05 22:52:18.079421 node.go:123: Result: Executed by node-10
node-8 2022/01/05 22:52:18.079421 node.go:116: Request Finished! Delay: 8495
node-8 2022/01/05 22:52:18.079421 node.go:117: 1641394338070926 1641394338079421
node-8 2022/01/05 22:52:18.080422 node.go:52: do reply
node-8 2022/01/05 22:52:18.080422 node.go:123: Result: Executed by node-1
node-8 2022/01/05 22:52:18.080422 node.go:52: do reply
node-8 2022/01/05 22:52:18.080422 node.go:123: Result: Executed by node-5
node-8 2022/01/05 22:52:18.080422 node.go:52: do commit
node-8 2022/01/05 22:52:18.080422 node.go:52: do reply
node-8 2022/01/05 22:52:18.080422 node.go:123: Result: Executed by node-2
node-8 2022/01/05 22:52:18.080422 node.go:52: do commit
node-8 2022/01/05 22:52:18.081419 node.go:52: do reply
node-8 2022/01/05 22:52:18.081419 node.go:123: Result: Executed by node-4
node-8 2022/01/05 22:52:18.081419 node.go:52: do commit
node-8 2022/01/05 22:52:18.081419 node.go:52: do commit
node-8 2022/01/05 22:52:18.081419 node.go:52: do reply
node-8 2022/01/05 22:52:18.081419 node.go:123: Result: Executed by node-6
node-8 2022/01/05 22:52:18.082415 node.go:52: do commit
node-8 2022/01/05 22:52:18.082415 node.go:52: do reply
node-8 2022/01/05 22:52:18.082415 node.go:123: Result: Executed by node-8
node-8 2022/01/05 22:52:19.085345 node.go:52: do pre-prepare
node-8 2022/01/05 22:52:19.087337 node.go:52: do commit
node-8 2022/01/05 22:52:19.087337 node.go:52: do prepare
node-8 2022/01/05 22:52:19.089332 node.go:52: do prepare
node-8 2022/01/05 22:52:19.091416 node.go:52: do prepare
node-8 2022/01/05 22:52:19.092224 node.go:52: do prepare
node-8 2022/01/05 22:52:19.093233 node.go:52: do prepare
node-8 2022/01/05 22:52:19.093233 node.go:52: do prepare
node-8 2022/01/05 22:52:19.094222 node.go:134: Committed value: node-5, 1641394311, Test, 1641394271284264140
node-8 2022/01/05 22:52:19.094222 node.go:134: Committed value: node-6, 1641394312, Test, 1641394271284264141
node-8 2022/01/05 22:52:19.094222 node.go:134: Committed value: node-1, 1641394313, Test, 1641394271284264142
node-8 2022/01/05 22:52:19.094222 node.go:134: Committed value: node-4, 1641394314, Test, 1641394271284264143
node-8 2022/01/05 22:52:19.094222 node.go:134: Committed value: node-3, 1641394315, Test, 1641394271284264144
node-8 2022/01/05 22:52:19.094222 node.go:134: Committed value: node-5, 1641394316, Test, 1641394271284264145
node-8 2022/01/05 22:52:19.094222 node.go:134: Committed value: node-1, 1641394317, Test, 1641394271284264146
node-8 2022/01/05 22:52:19.094222 node.go:134: Committed value: node-1, 1641394318, Test, 1641394271284264147
node-8 2022/01/05 22:52:19.094222 node.go:134: Committed value: node-4, 1641394319, Test, 1641394271284264148
node-8 2022/01/05 22:52:19.094222 node.go:134: Committed value: node-4, 1641394320, Test, 1641394271284264149
node-8 2022/01/05 22:52:19.094222 node.go:134: Committed value: node-4, 1641394321, Test, 1641394271284264150
node-8 2022/01/05 22:52:19.094222 node.go:134: Committed value: node-2, 1641394322, Test, 1641394271284264151
node-8 2022/01/05 22:52:19.094222 node.go:134: Committed value: node-4, 1641394323, Test, 1641394271284264152
node-8 2022/01/05 22:52:19.094222 node.go:134: Committed value: node-3, 1641394324, Test, 1641394271284264153
node-8 2022/01/05 22:52:19.094222 node.go:134: Committed value: node-7, 1641394325, Test, 1641394271284264154
node-8 2022/01/05 22:52:19.094222 node.go:134: Committed value: node-1, 1641394326, Test, 1641394271284264155
node-8 2022/01/05 22:52:19.094222 node.go:134: Committed value: node-4, 1641394327, Test, 1641394271284264156
node-8 2022/01/05 22:52:19.094222 node.go:134: Committed value: node-2, 1641394328, Test, 1641394271284264157
node-8 2022/01/05 22:52:19.094222 node.go:134: Committed value: node-5, 1641394329, Test, 1641394271284264158
node-8 2022/01/05 22:52:19.094222 node.go:134: Committed value: node-8, 1641394330, Test, 1641394271284264159
node-8 2022/01/05 22:52:19.094222 node.go:134: Committed value: node-8, 1641394331, Test, 1641394271284264160
node-8 2022/01/05 22:52:19.094222 node.go:134: Committed value: node-10, 1641394333, Test, 1641394271284264161
node-8 2022/01/05 22:52:19.094222 node.go:134: Committed value: node-1, 1641394334, Test, 1641394271284264162
node-8 2022/01/05 22:52:19.094222 node.go:134: Committed value: node-10, 1641394335, Test, 1641394271284264163
node-8 2022/01/05 22:52:19.094222 node.go:134: Committed value: node-8, 1641394336, Test, 1641394271284264164
node-8 2022/01/05 22:52:19.094222 node.go:134: Committed value: node-2, 1641394337, Test, 1641394271284264165
node-8 2022/01/05 22:52:19.094222 node.go:134: Committed value: node-8, 1641394338, Test, 1641394271284264166
node-8 2022/01/05 22:52:19.094222 node.go:134: Committed value: node-9, 1641394339, Test, 1641394271284264167
node-8 2022/01/05 22:52:19.094222 node.go:136: 
node-8 2022/01/05 22:52:19.094222 node.go:140: Reply Finished!
node-8 2022/01/05 22:52:19.094222 node.go:52: do commit
node-8 2022/01/05 22:52:19.094222 node.go:52: do commit
node-8 2022/01/05 22:52:19.095218 node.go:52: do commit
node-8 2022/01/05 22:52:19.095218 node.go:52: do commit
node-8 2022/01/05 22:52:19.095218 node.go:52: do prepare
node-8 2022/01/05 22:52:19.095218 node.go:52: do prepare
node-8 2022/01/05 22:52:19.096216 node.go:52: do commit
node-8 2022/01/05 22:52:19.097214 node.go:52: do commit
node-8 2022/01/05 22:52:19.097214 node.go:52: do commit
node-8 2022/01/05 22:52:19.098211 node.go:52: do commit
node-8 2022/01/05 22:52:20.095699 node.go:52: do pre-prepare
node-8 2022/01/05 22:52:20.095699 node.go:52: do prepare
node-8 2022/01/05 22:52:20.096697 node.go:52: do prepare
node-8 2022/01/05 22:52:20.096697 node.go:52: do prepare
node-8 2022/01/05 22:52:20.097694 node.go:52: do prepare
node-8 2022/01/05 22:52:20.097694 node.go:52: do commit
node-8 2022/01/05 22:52:20.097694 node.go:134: Committed value: node-5, 1641394311, Test, 1641394271284264140
node-8 2022/01/05 22:52:20.097694 node.go:134: Committed value: node-6, 1641394312, Test, 1641394271284264141
node-8 2022/01/05 22:52:20.097694 node.go:134: Committed value: node-1, 1641394313, Test, 1641394271284264142
node-8 2022/01/05 22:52:20.097694 node.go:134: Committed value: node-4, 1641394314, Test, 1641394271284264143
node-8 2022/01/05 22:52:20.097694 node.go:134: Committed value: node-3, 1641394315, Test, 1641394271284264144
node-8 2022/01/05 22:52:20.097694 node.go:134: Committed value: node-5, 1641394316, Test, 1641394271284264145
node-8 2022/01/05 22:52:20.097694 node.go:134: Committed value: node-1, 1641394317, Test, 1641394271284264146
node-8 2022/01/05 22:52:20.097694 node.go:134: Committed value: node-1, 1641394318, Test, 1641394271284264147
node-8 2022/01/05 22:52:20.097694 node.go:134: Committed value: node-4, 1641394319, Test, 1641394271284264148
node-8 2022/01/05 22:52:20.097694 node.go:134: Committed value: node-4, 1641394320, Test, 1641394271284264149
node-8 2022/01/05 22:52:20.097694 node.go:134: Committed value: node-4, 1641394321, Test, 1641394271284264150
node-8 2022/01/05 22:52:20.097694 node.go:134: Committed value: node-2, 1641394322, Test, 1641394271284264151
node-8 2022/01/05 22:52:20.097694 node.go:134: Committed value: node-4, 1641394323, Test, 1641394271284264152
node-8 2022/01/05 22:52:20.097694 node.go:134: Committed value: node-3, 1641394324, Test, 1641394271284264153
node-8 2022/01/05 22:52:20.097694 node.go:134: Committed value: node-7, 1641394325, Test, 1641394271284264154
node-8 2022/01/05 22:52:20.097694 node.go:134: Committed value: node-1, 1641394326, Test, 1641394271284264155
node-8 2022/01/05 22:52:20.097694 node.go:134: Committed value: node-4, 1641394327, Test, 1641394271284264156
node-8 2022/01/05 22:52:20.097694 node.go:134: Committed value: node-2, 1641394328, Test, 1641394271284264157
node-8 2022/01/05 22:52:20.097694 node.go:134: Committed value: node-5, 1641394329, Test, 1641394271284264158
node-8 2022/01/05 22:52:20.097694 node.go:134: Committed value: node-8, 1641394330, Test, 1641394271284264159
node-8 2022/01/05 22:52:20.097694 node.go:134: Committed value: node-8, 1641394331, Test, 1641394271284264160
node-8 2022/01/05 22:52:20.097694 node.go:134: Committed value: node-10, 1641394333, Test, 1641394271284264161
node-8 2022/01/05 22:52:20.097694 node.go:134: Committed value: node-1, 1641394334, Test, 1641394271284264162
node-8 2022/01/05 22:52:20.097694 node.go:134: Committed value: node-10, 1641394335, Test, 1641394271284264163
node-8 2022/01/05 22:52:20.097694 node.go:134: Committed value: node-8, 1641394336, Test, 1641394271284264164
node-8 2022/01/05 22:52:20.097694 node.go:134: Committed value: node-2, 1641394337, Test, 1641394271284264165
node-8 2022/01/05 22:52:20.097694 node.go:134: Committed value: node-8, 1641394338, Test, 1641394271284264166
node-8 2022/01/05 22:52:20.097694 node.go:134: Committed value: node-9, 1641394339, Test, 1641394271284264167
node-8 2022/01/05 22:52:20.097694 node.go:134: Committed value: node-1, 1641394340, Test, 1641394271284264168
node-8 2022/01/05 22:52:20.097694 node.go:136: 
node-8 2022/01/05 22:52:20.097694 node.go:140: Reply Finished!
node-8 2022/01/05 22:52:20.097694 node.go:52: do prepare
node-8 2022/01/05 22:52:20.098690 node.go:52: do commit
node-8 2022/01/05 22:52:20.100685 node.go:52: do commit
node-8 2022/01/05 22:52:20.100685 node.go:52: do prepare
node-8 2022/01/05 22:52:20.103131 node.go:52: do commit
node-8 2022/01/05 22:52:20.104131 node.go:52: do commit
node-8 2022/01/05 22:52:20.104131 node.go:52: do commit
node-8 2022/01/05 22:52:20.104131 node.go:52: do commit
node-8 2022/01/05 22:52:20.105127 node.go:52: do prepare
node-8 2022/01/05 22:52:20.105127 node.go:52: do prepare
node-8 2022/01/05 22:52:20.105127 node.go:52: do commit
node-8 2022/01/05 22:52:20.106126 node.go:52: do commit
node-8 2022/01/05 22:52:21.108797 node.go:52: do pre-prepare
node-8 2022/01/05 22:52:21.109788 node.go:52: do prepare
node-8 2022/01/05 22:52:21.109788 node.go:52: do prepare
node-8 2022/01/05 22:52:21.110785 node.go:52: do commit
node-8 2022/01/05 22:52:21.110785 node.go:134: Committed value: node-5, 1641394311, Test, 1641394271284264140
node-8 2022/01/05 22:52:21.110785 node.go:134: Committed value: node-6, 1641394312, Test, 1641394271284264141
node-8 2022/01/05 22:52:21.110785 node.go:134: Committed value: node-1, 1641394313, Test, 1641394271284264142
node-8 2022/01/05 22:52:21.110785 node.go:134: Committed value: node-4, 1641394314, Test, 1641394271284264143
node-8 2022/01/05 22:52:21.110785 node.go:134: Committed value: node-3, 1641394315, Test, 1641394271284264144
node-8 2022/01/05 22:52:21.110785 node.go:134: Committed value: node-5, 1641394316, Test, 1641394271284264145
node-8 2022/01/05 22:52:21.110785 node.go:134: Committed value: node-1, 1641394317, Test, 1641394271284264146
node-8 2022/01/05 22:52:21.110785 node.go:134: Committed value: node-1, 1641394318, Test, 1641394271284264147
node-8 2022/01/05 22:52:21.110785 node.go:134: Committed value: node-4, 1641394319, Test, 1641394271284264148
node-8 2022/01/05 22:52:21.110785 node.go:134: Committed value: node-4, 1641394320, Test, 1641394271284264149
node-8 2022/01/05 22:52:21.110785 node.go:134: Committed value: node-4, 1641394321, Test, 1641394271284264150
node-8 2022/01/05 22:52:21.110785 node.go:134: Committed value: node-2, 1641394322, Test, 1641394271284264151
node-8 2022/01/05 22:52:21.110785 node.go:134: Committed value: node-4, 1641394323, Test, 1641394271284264152
node-8 2022/01/05 22:52:21.110785 node.go:134: Committed value: node-3, 1641394324, Test, 1641394271284264153
node-8 2022/01/05 22:52:21.110785 node.go:134: Committed value: node-7, 1641394325, Test, 1641394271284264154
node-8 2022/01/05 22:52:21.110785 node.go:134: Committed value: node-1, 1641394326, Test, 1641394271284264155
node-8 2022/01/05 22:52:21.110785 node.go:134: Committed value: node-4, 1641394327, Test, 1641394271284264156
node-8 2022/01/05 22:52:21.110785 node.go:134: Committed value: node-2, 1641394328, Test, 1641394271284264157
node-8 2022/01/05 22:52:21.110785 node.go:134: Committed value: node-5, 1641394329, Test, 1641394271284264158
node-8 2022/01/05 22:52:21.110785 node.go:134: Committed value: node-8, 1641394330, Test, 1641394271284264159
node-8 2022/01/05 22:52:21.110785 node.go:134: Committed value: node-8, 1641394331, Test, 1641394271284264160
node-8 2022/01/05 22:52:21.110785 node.go:134: Committed value: node-10, 1641394333, Test, 1641394271284264161
node-8 2022/01/05 22:52:21.110785 node.go:134: Committed value: node-1, 1641394334, Test, 1641394271284264162
node-8 2022/01/05 22:52:21.110785 node.go:134: Committed value: node-10, 1641394335, Test, 1641394271284264163
node-8 2022/01/05 22:52:21.110785 node.go:134: Committed value: node-8, 1641394336, Test, 1641394271284264164
node-8 2022/01/05 22:52:21.110785 node.go:134: Committed value: node-2, 1641394337, Test, 1641394271284264165
node-8 2022/01/05 22:52:21.110785 node.go:134: Committed value: node-8, 1641394338, Test, 1641394271284264166
node-8 2022/01/05 22:52:21.110785 node.go:134: Committed value: node-9, 1641394339, Test, 1641394271284264167
node-8 2022/01/05 22:52:21.110785 node.go:134: Committed value: node-1, 1641394340, Test, 1641394271284264168
node-8 2022/01/05 22:52:21.110785 node.go:134: Committed value: node-6, 1641394341, Test, 1641394271284264169
node-8 2022/01/05 22:52:21.110785 node.go:136: 
node-8 2022/01/05 22:52:21.110785 node.go:140: Reply Finished!
node-8 2022/01/05 22:52:21.111784 node.go:52: do prepare
node-8 2022/01/05 22:52:21.111784 node.go:52: do commit
node-8 2022/01/05 22:52:21.111784 node.go:52: do commit
node-8 2022/01/05 22:52:21.112785 node.go:52: do prepare
node-8 2022/01/05 22:52:21.112785 node.go:52: do commit
node-8 2022/01/05 22:52:21.113777 node.go:52: do commit
node-8 2022/01/05 22:52:21.114590 node.go:52: do prepare
node-8 2022/01/05 22:52:21.115593 node.go:52: do prepare
node-8 2022/01/05 22:52:21.115593 node.go:52: do commit
node-8 2022/01/05 22:52:21.115593 node.go:52: do commit
node-8 2022/01/05 22:52:21.116348 node.go:52: do commit
node-8 2022/01/05 22:52:21.116348 node.go:52: do prepare
node-8 2022/01/05 22:52:21.117360 node.go:52: do prepare
node-8 2022/01/05 22:52:21.118350 node.go:52: do commit
