node-11 2022/01/05 21:00:05.982138 node.go:52: do add
node-11 2022/01/05 21:00:05.982138 node.go:582: f: 0 ; 2f: 0
node-11 2022/01/05 21:00:05.983139 node.go:52: do setF
node-11 2022/01/05 21:00:05.983139 node.go:582: f: 4 ; 2f: 7
node-11 2022/01/05 21:00:05.984136 node.go:52: do prepare
node-11 2022/01/05 21:00:05.985133 node.go:52: do prepare
node-11 2022/01/05 21:00:05.988125 node.go:52: do prepare
node-11 2022/01/05 21:00:05.989607 node.go:52: do commit
node-11 2022/01/05 21:00:05.990611 node.go:52: do pre-prepare
node-11 2022/01/05 21:00:05.990611 node.go:52: do prepare
node-11 2022/01/05 21:00:05.990611 node.go:52: do commit
node-11 2022/01/05 21:00:05.991604 node.go:52: do commit
node-11 2022/01/05 21:00:05.992612 node.go:52: do commit
node-11 2022/01/05 21:00:05.992612 node.go:52: do prepare
node-11 2022/01/05 21:00:05.992612 node.go:52: do prepare
node-11 2022/01/05 21:00:05.993613 node.go:52: do prepare
node-11 2022/01/05 21:00:05.993613 node.go:52: do commit
node-11 2022/01/05 21:00:05.994610 node.go:52: do commit
node-11 2022/01/05 21:00:05.994610 node.go:52: do prepare
node-11 2022/01/05 21:00:05.994610 node.go:52: do commit
node-11 2022/01/05 21:00:05.994610 node.go:134: Committed value: node-7, 1641387605, Test, 1641387535121580870
node-11 2022/01/05 21:00:05.994610 node.go:136: 
node-11 2022/01/05 21:00:05.994610 node.go:140: Reply Finished!
node-11 2022/01/05 21:00:05.994610 node.go:52: do commit
node-11 2022/01/05 21:00:05.994610 node.go:52: do prepare
node-11 2022/01/05 21:00:05.997602 node.go:52: do commit
node-11 2022/01/05 21:00:05.997602 node.go:52: do commit
node-11 2022/01/05 21:00:07.006516 node.go:52: do prepare
node-11 2022/01/05 21:00:07.006516 node.go:52: do prepare
node-11 2022/01/05 21:00:07.007511 node.go:52: do prepare
node-11 2022/01/05 21:00:07.007511 node.go:52: do prepare
node-11 2022/01/05 21:00:07.007511 node.go:52: do prepare
node-11 2022/01/05 21:00:07.007511 node.go:52: do commit
node-11 2022/01/05 21:00:07.008509 node.go:52: do prepare
node-11 2022/01/05 21:00:07.008509 node.go:52: do pre-prepare
node-11 2022/01/05 21:00:07.011309 node.go:52: do prepare
node-11 2022/01/05 21:00:07.013254 node.go:52: do commit
node-11 2022/01/05 21:00:07.013254 node.go:52: do commit
node-11 2022/01/05 21:00:07.014253 node.go:52: do commit
node-11 2022/01/05 21:00:07.015250 node.go:52: do commit
node-11 2022/01/05 21:00:07.015250 node.go:52: do prepare
node-11 2022/01/05 21:00:07.015250 node.go:52: do commit
node-11 2022/01/05 21:00:07.015250 node.go:134: Committed value: node-7, 1641387605, Test, 1641387535121580870
node-11 2022/01/05 21:00:07.015250 node.go:134: Committed value: node-6, 1641387607, Test, 1641387535121580871
node-11 2022/01/05 21:00:07.015250 node.go:136: 
node-11 2022/01/05 21:00:07.015250 node.go:140: Reply Finished!
node-11 2022/01/05 21:00:07.015250 node.go:52: do prepare
node-11 2022/01/05 21:00:07.015250 node.go:52: do commit
node-11 2022/01/05 21:00:07.016247 node.go:52: do commit
node-11 2022/01/05 21:00:07.016247 node.go:52: do commit
node-11 2022/01/05 21:00:07.016247 node.go:52: do commit
node-11 2022/01/05 21:00:08.016994 node.go:52: do pre-prepare
node-11 2022/01/05 21:00:08.018991 node.go:52: do commit
node-11 2022/01/05 21:00:08.018991 node.go:52: do prepare
node-11 2022/01/05 21:00:08.018991 node.go:52: do prepare
node-11 2022/01/05 21:00:08.018991 node.go:52: do prepare
node-11 2022/01/05 21:00:08.021989 node.go:52: do prepare
node-11 2022/01/05 21:00:08.021989 node.go:52: do prepare
node-11 2022/01/05 21:00:08.021989 node.go:52: do commit
node-11 2022/01/05 21:00:08.022980 node.go:52: do commit
node-11 2022/01/05 21:00:08.022980 node.go:52: do commit
node-11 2022/01/05 21:00:08.023978 node.go:52: do prepare
node-11 2022/01/05 21:00:08.024975 node.go:52: do commit
node-11 2022/01/05 21:00:08.024975 node.go:52: do prepare
node-11 2022/01/05 21:00:08.025972 node.go:52: do prepare
node-11 2022/01/05 21:00:08.025972 node.go:52: do commit
node-11 2022/01/05 21:00:08.025972 node.go:134: Committed value: node-7, 1641387605, Test, 1641387535121580870
node-11 2022/01/05 21:00:08.025972 node.go:134: Committed value: node-6, 1641387607, Test, 1641387535121580871
node-11 2022/01/05 21:00:08.025972 node.go:134: Committed value: node-1, 1641387608, Test, 1641387535121580872
node-11 2022/01/05 21:00:08.025972 node.go:136: 
node-11 2022/01/05 21:00:08.025972 node.go:140: Reply Finished!
node-11 2022/01/05 21:00:08.026970 node.go:52: do commit
node-11 2022/01/05 21:00:08.027967 node.go:52: do prepare
node-11 2022/01/05 21:00:08.028965 node.go:52: do commit
node-11 2022/01/05 21:00:08.030960 node.go:52: do commit
node-11 2022/01/05 21:00:08.030960 node.go:52: do commit
node-11 2022/01/05 21:00:09.041649 node.go:52: do pre-prepare
node-11 2022/01/05 21:00:09.042646 node.go:52: do prepare
node-11 2022/01/05 21:00:09.043643 node.go:52: do prepare
node-11 2022/01/05 21:00:09.043643 node.go:52: do commit
node-11 2022/01/05 21:00:09.043643 node.go:52: do prepare
node-11 2022/01/05 21:00:09.044641 node.go:52: do prepare
node-11 2022/01/05 21:00:09.045638 node.go:52: do commit
node-11 2022/01/05 21:00:09.046635 node.go:52: do prepare
node-11 2022/01/05 21:00:09.047632 node.go:52: do prepare
node-11 2022/01/05 21:00:09.047632 node.go:52: do commit
node-11 2022/01/05 21:00:09.047632 node.go:52: do commit
node-11 2022/01/05 21:00:09.048630 node.go:52: do prepare
node-11 2022/01/05 21:00:09.048630 node.go:52: do prepare
node-11 2022/01/05 21:00:09.048630 node.go:52: do commit
node-11 2022/01/05 21:00:09.048630 node.go:52: do commit
node-11 2022/01/05 21:00:09.049627 node.go:134: Committed value: node-7, 1641387605, Test, 1641387535121580870
node-11 2022/01/05 21:00:09.049627 node.go:134: Committed value: node-6, 1641387607, Test, 1641387535121580871
node-11 2022/01/05 21:00:09.049627 node.go:134: Committed value: node-1, 1641387608, Test, 1641387535121580872
node-11 2022/01/05 21:00:09.049627 node.go:134: Committed value: node-8, 1641387609, Test, 1641387535121580873
node-11 2022/01/05 21:00:09.049627 node.go:136: 
node-11 2022/01/05 21:00:09.049627 node.go:140: Reply Finished!
node-11 2022/01/05 21:00:09.049627 node.go:52: do commit
node-11 2022/01/05 21:00:09.049627 node.go:52: do prepare
node-11 2022/01/05 21:00:09.050626 node.go:52: do commit
node-11 2022/01/05 21:00:09.051624 node.go:52: do commit
node-11 2022/01/05 21:00:09.054613 node.go:52: do commit
node-11 2022/01/05 21:00:10.053406 node.go:52: do pre-prepare
node-11 2022/01/05 21:00:10.054403 node.go:52: do prepare
node-11 2022/01/05 21:00:10.054403 node.go:52: do prepare
node-11 2022/01/05 21:00:10.058041 node.go:52: do commit
node-11 2022/01/05 21:00:10.059041 node.go:52: do prepare
node-11 2022/01/05 21:00:10.059041 node.go:52: do commit
node-11 2022/01/05 21:00:10.059041 node.go:52: do prepare
node-11 2022/01/05 21:00:10.059041 node.go:52: do prepare
node-11 2022/01/05 21:00:10.062034 node.go:52: do prepare
node-11 2022/01/05 21:00:10.062034 node.go:52: do commit
node-11 2022/01/05 21:00:10.063037 node.go:52: do commit
node-11 2022/01/05 21:00:10.063037 node.go:52: do prepare
node-11 2022/01/05 21:00:10.063037 node.go:52: do prepare
node-11 2022/01/05 21:00:10.064028 node.go:52: do prepare
node-11 2022/01/05 21:00:10.064028 node.go:52: do commit
node-11 2022/01/05 21:00:10.064028 node.go:134: Committed value: node-7, 1641387605, Test, 1641387535121580870
node-11 2022/01/05 21:00:10.064028 node.go:134: Committed value: node-6, 1641387607, Test, 1641387535121580871
node-11 2022/01/05 21:00:10.064028 node.go:134: Committed value: node-1, 1641387608, Test, 1641387535121580872
node-11 2022/01/05 21:00:10.064028 node.go:134: Committed value: node-8, 1641387609, Test, 1641387535121580873
node-11 2022/01/05 21:00:10.064028 node.go:134: Committed value: node-10, 1641387610, Test, 1641387535121580874
node-11 2022/01/05 21:00:10.064028 node.go:136: 
node-11 2022/01/05 21:00:10.064028 node.go:140: Reply Finished!
node-11 2022/01/05 21:00:10.065024 node.go:52: do commit
node-11 2022/01/05 21:00:10.065024 node.go:52: do commit
node-11 2022/01/05 21:00:10.065024 node.go:52: do commit
node-11 2022/01/05 21:00:10.065024 node.go:52: do commit
node-11 2022/01/05 21:00:10.065024 node.go:52: do commit
node-11 2022/01/05 21:00:11.066325 node.go:52: do prepare
node-11 2022/01/05 21:00:11.066325 node.go:52: do prepare
node-11 2022/01/05 21:00:11.067323 node.go:52: do prepare
node-11 2022/01/05 21:00:11.069316 node.go:52: do prepare
node-11 2022/01/05 21:00:11.069316 node.go:52: do pre-prepare
node-11 2022/01/05 21:00:11.070312 node.go:52: do prepare
node-11 2022/01/05 21:00:11.071310 node.go:52: do prepare
node-11 2022/01/05 21:00:11.073304 node.go:52: do commit
node-11 2022/01/05 21:00:11.074422 node.go:52: do prepare
node-11 2022/01/05 21:00:11.074985 node.go:52: do prepare
node-11 2022/01/05 21:00:11.074985 node.go:52: do commit
node-11 2022/01/05 21:00:11.074985 node.go:134: Committed value: node-7, 1641387605, Test, 1641387535121580870
node-11 2022/01/05 21:00:11.074985 node.go:134: Committed value: node-6, 1641387607, Test, 1641387535121580871
node-11 2022/01/05 21:00:11.074985 node.go:134: Committed value: node-1, 1641387608, Test, 1641387535121580872
node-11 2022/01/05 21:00:11.074985 node.go:134: Committed value: node-8, 1641387609, Test, 1641387535121580873
node-11 2022/01/05 21:00:11.075984 node.go:134: Committed value: node-10, 1641387610, Test, 1641387535121580874
node-11 2022/01/05 21:00:11.075984 node.go:134: Committed value: node-3, 1641387611, Test, 1641387535121580875
node-11 2022/01/05 21:00:11.075984 node.go:136: 
node-11 2022/01/05 21:00:11.075984 node.go:140: Reply Finished!
node-11 2022/01/05 21:00:11.076981 node.go:52: do prepare
node-11 2022/01/05 21:00:11.076981 node.go:52: do commit
node-11 2022/01/05 21:00:11.077979 node.go:52: do commit
node-11 2022/01/05 21:00:11.079973 node.go:52: do commit
node-11 2022/01/05 21:00:11.079973 node.go:52: do commit
node-11 2022/01/05 21:00:11.079973 node.go:52: do commit
node-11 2022/01/05 21:00:11.079973 node.go:52: do commit
node-11 2022/01/05 21:00:11.080971 node.go:52: do commit
node-11 2022/01/05 21:00:11.080971 node.go:52: do commit
node-11 2022/01/05 21:00:12.092487 node.go:52: do pre-prepare
node-11 2022/01/05 21:00:12.093469 node.go:52: do prepare
node-11 2022/01/05 21:00:12.094466 node.go:52: do prepare
node-11 2022/01/05 21:00:12.094466 node.go:52: do prepare
node-11 2022/01/05 21:00:12.095463 node.go:52: do prepare
node-11 2022/01/05 21:00:12.095463 node.go:52: do prepare
node-11 2022/01/05 21:00:12.099451 node.go:52: do commit
node-11 2022/01/05 21:00:12.099451 node.go:52: do commit
node-11 2022/01/05 21:00:12.099451 node.go:52: do commit
node-11 2022/01/05 21:00:12.099451 node.go:52: do prepare
node-11 2022/01/05 21:00:12.099451 node.go:52: do commit
node-11 2022/01/05 21:00:12.099451 node.go:52: do commit
node-11 2022/01/05 21:00:12.101447 node.go:52: do prepare
node-11 2022/01/05 21:00:12.101447 node.go:52: do prepare
node-11 2022/01/05 21:00:12.101447 node.go:52: do prepare
node-11 2022/01/05 21:00:12.102442 node.go:134: Committed value: node-7, 1641387605, Test, 1641387535121580870
node-11 2022/01/05 21:00:12.102442 node.go:134: Committed value: node-6, 1641387607, Test, 1641387535121580871
node-11 2022/01/05 21:00:12.102442 node.go:134: Committed value: node-1, 1641387608, Test, 1641387535121580872
node-11 2022/01/05 21:00:12.102442 node.go:134: Committed value: node-8, 1641387609, Test, 1641387535121580873
node-11 2022/01/05 21:00:12.102442 node.go:134: Committed value: node-10, 1641387610, Test, 1641387535121580874
node-11 2022/01/05 21:00:12.102442 node.go:134: Committed value: node-3, 1641387611, Test, 1641387535121580875
node-11 2022/01/05 21:00:12.102442 node.go:134: Committed value: node-7, 1641387612, Test, 1641387535121580876
node-11 2022/01/05 21:00:12.102442 node.go:136: 
node-11 2022/01/05 21:00:12.102442 node.go:140: Reply Finished!
node-11 2022/01/05 21:00:12.102442 node.go:52: do commit
node-11 2022/01/05 21:00:12.102442 node.go:52: do commit
node-11 2022/01/05 21:00:12.102442 node.go:52: do commit
node-11 2022/01/05 21:00:12.102442 node.go:52: do commit
node-11 2022/01/05 21:00:12.104438 node.go:52: do commit
node-11 2022/01/05 21:00:13.103551 node.go:52: do pre-prepare
node-11 2022/01/05 21:00:13.103551 node.go:52: do prepare
node-11 2022/01/05 21:00:13.104547 node.go:52: do prepare
node-11 2022/01/05 21:00:13.104547 node.go:52: do prepare
node-11 2022/01/05 21:00:13.104547 node.go:52: do prepare
node-11 2022/01/05 21:00:13.105544 node.go:52: do prepare
node-11 2022/01/05 21:00:13.107539 node.go:52: do commit
node-11 2022/01/05 21:00:13.108536 node.go:134: Committed value: node-7, 1641387605, Test, 1641387535121580870
node-11 2022/01/05 21:00:13.108536 node.go:134: Committed value: node-6, 1641387607, Test, 1641387535121580871
node-11 2022/01/05 21:00:13.108536 node.go:134: Committed value: node-1, 1641387608, Test, 1641387535121580872
node-11 2022/01/05 21:00:13.108536 node.go:134: Committed value: node-8, 1641387609, Test, 1641387535121580873
node-11 2022/01/05 21:00:13.108536 node.go:134: Committed value: node-10, 1641387610, Test, 1641387535121580874
node-11 2022/01/05 21:00:13.108536 node.go:134: Committed value: node-3, 1641387611, Test, 1641387535121580875
node-11 2022/01/05 21:00:13.108536 node.go:134: Committed value: node-7, 1641387612, Test, 1641387535121580876
node-11 2022/01/05 21:00:13.108536 node.go:134: Committed value: node-9, 1641387613, Test, 1641387535121580877
node-11 2022/01/05 21:00:13.108536 node.go:136: 
node-11 2022/01/05 21:00:13.108536 node.go:140: Reply Finished!
node-11 2022/01/05 21:00:13.108536 node.go:52: do prepare
node-11 2022/01/05 21:00:13.109533 node.go:52: do prepare
node-11 2022/01/05 21:00:13.109533 node.go:52: do commit
node-11 2022/01/05 21:00:13.110532 node.go:52: do commit
node-11 2022/01/05 21:00:13.110532 node.go:52: do commit
node-11 2022/01/05 21:00:13.110532 node.go:52: do prepare
node-11 2022/01/05 21:00:13.110532 node.go:52: do commit
node-11 2022/01/05 21:00:13.112525 node.go:52: do prepare
node-11 2022/01/05 21:00:13.113523 node.go:52: do commit
node-11 2022/01/05 21:00:13.114520 node.go:52: do commit
node-11 2022/01/05 21:00:13.114520 node.go:52: do commit
node-11 2022/01/05 21:00:13.114520 node.go:52: do commit
node-11 2022/01/05 21:00:13.115518 node.go:52: do commit
node-11 2022/01/05 21:00:14.115054 node.go:52: do prepare
node-11 2022/01/05 21:00:14.117048 node.go:52: do commit
node-11 2022/01/05 21:00:14.117048 node.go:52: do prepare
node-11 2022/01/05 21:00:14.118045 node.go:52: do pre-prepare
node-11 2022/01/05 21:00:14.118045 node.go:52: do prepare
node-11 2022/01/05 21:00:14.118045 node.go:52: do prepare
node-11 2022/01/05 21:00:14.119042 node.go:52: do commit
node-11 2022/01/05 21:00:14.122187 node.go:52: do commit
node-11 2022/01/05 21:00:14.122187 node.go:52: do commit
node-11 2022/01/05 21:00:14.123186 node.go:52: do prepare
node-11 2022/01/05 21:00:14.123186 node.go:52: do prepare
node-11 2022/01/05 21:00:14.123186 node.go:52: do commit
node-11 2022/01/05 21:00:14.123186 node.go:134: Committed value: node-7, 1641387605, Test, 1641387535121580870
node-11 2022/01/05 21:00:14.123186 node.go:134: Committed value: node-6, 1641387607, Test, 1641387535121580871
node-11 2022/01/05 21:00:14.123186 node.go:134: Committed value: node-1, 1641387608, Test, 1641387535121580872
node-11 2022/01/05 21:00:14.123186 node.go:134: Committed value: node-8, 1641387609, Test, 1641387535121580873
node-11 2022/01/05 21:00:14.123186 node.go:134: Committed value: node-10, 1641387610, Test, 1641387535121580874
node-11 2022/01/05 21:00:14.123186 node.go:134: Committed value: node-3, 1641387611, Test, 1641387535121580875
node-11 2022/01/05 21:00:14.123186 node.go:134: Committed value: node-7, 1641387612, Test, 1641387535121580876
node-11 2022/01/05 21:00:14.123186 node.go:134: Committed value: node-9, 1641387613, Test, 1641387535121580877
node-11 2022/01/05 21:00:14.123186 node.go:134: Committed value: node-4, 1641387614, Test, 1641387535121580878
node-11 2022/01/05 21:00:14.123186 node.go:136: 
node-11 2022/01/05 21:00:14.123186 node.go:140: Reply Finished!
node-11 2022/01/05 21:00:14.123186 node.go:52: do commit
node-11 2022/01/05 21:00:14.124189 node.go:52: do prepare
node-11 2022/01/05 21:00:14.124189 node.go:52: do prepare
node-11 2022/01/05 21:00:14.126036 node.go:52: do prepare
node-11 2022/01/05 21:00:14.127037 node.go:52: do commit
node-11 2022/01/05 21:00:14.127037 node.go:52: do commit
node-11 2022/01/05 21:00:14.127037 node.go:52: do commit
node-11 2022/01/05 21:00:14.127037 node.go:52: do commit
node-11 2022/01/05 21:00:15.141451 node.go:52: do pre-prepare
node-11 2022/01/05 21:00:15.142448 node.go:52: do prepare
node-11 2022/01/05 21:00:15.143445 node.go:52: do prepare
node-11 2022/01/05 21:00:15.143445 node.go:52: do commit
node-11 2022/01/05 21:00:15.144442 node.go:52: do prepare
node-11 2022/01/05 21:00:15.145439 node.go:52: do prepare
node-11 2022/01/05 21:00:15.145439 node.go:52: do prepare
node-11 2022/01/05 21:00:15.148434 node.go:52: do prepare
node-11 2022/01/05 21:00:15.148434 node.go:52: do commit
node-11 2022/01/05 21:00:15.148434 node.go:52: do prepare
node-11 2022/01/05 21:00:15.148434 node.go:52: do commit
node-11 2022/01/05 21:00:15.148434 node.go:52: do commit
node-11 2022/01/05 21:00:15.148434 node.go:52: do prepare
node-11 2022/01/05 21:00:15.149429 node.go:52: do commit
node-11 2022/01/05 21:00:15.149429 node.go:52: do prepare
node-11 2022/01/05 21:00:15.149429 node.go:134: Committed value: node-7, 1641387605, Test, 1641387535121580870
node-11 2022/01/05 21:00:15.149429 node.go:134: Committed value: node-6, 1641387607, Test, 1641387535121580871
node-11 2022/01/05 21:00:15.149429 node.go:134: Committed value: node-1, 1641387608, Test, 1641387535121580872
node-11 2022/01/05 21:00:15.149429 node.go:134: Committed value: node-8, 1641387609, Test, 1641387535121580873
node-11 2022/01/05 21:00:15.149429 node.go:134: Committed value: node-10, 1641387610, Test, 1641387535121580874
node-11 2022/01/05 21:00:15.149429 node.go:134: Committed value: node-3, 1641387611, Test, 1641387535121580875
node-11 2022/01/05 21:00:15.149429 node.go:134: Committed value: node-7, 1641387612, Test, 1641387535121580876
node-11 2022/01/05 21:00:15.149429 node.go:134: Committed value: node-9, 1641387613, Test, 1641387535121580877
node-11 2022/01/05 21:00:15.149429 node.go:134: Committed value: node-4, 1641387614, Test, 1641387535121580878
node-11 2022/01/05 21:00:15.149429 node.go:134: Committed value: node-6, 1641387615, Test, 1641387535121580879
node-11 2022/01/05 21:00:15.149429 node.go:136: 
node-11 2022/01/05 21:00:15.149429 node.go:140: Reply Finished!
node-11 2022/01/05 21:00:15.149429 node.go:52: do commit
node-11 2022/01/05 21:00:15.149429 node.go:52: do commit
node-11 2022/01/05 21:00:15.150426 node.go:52: do commit
node-11 2022/01/05 21:00:15.150426 node.go:52: do commit
node-11 2022/01/05 21:00:15.151423 node.go:52: do commit
node-11 2022/01/05 21:00:16.160831 node.go:52: do add
node-11 2022/01/05 21:00:16.160831 node.go:582: f: 4 ; 2f: 8
node-11 2022/01/05 21:00:16.162733 node.go:52: do pre-prepare
node-11 2022/01/05 21:00:16.163834 node.go:52: do prepare
node-11 2022/01/05 21:00:16.164349 node.go:52: do prepare
node-11 2022/01/05 21:00:16.164861 node.go:52: do prepare
node-11 2022/01/05 21:00:16.164861 node.go:52: do prepare
node-11 2022/01/05 21:00:16.165409 node.go:52: do prepare
node-11 2022/01/05 21:00:16.165409 node.go:52: do prepare
node-11 2022/01/05 21:00:16.167021 node.go:52: do prepare
node-11 2022/01/05 21:00:16.168558 node.go:52: do commit
node-11 2022/01/05 21:00:16.169069 node.go:52: do commit
node-11 2022/01/05 21:00:16.169069 node.go:52: do commit
node-11 2022/01/05 21:00:16.169671 node.go:52: do commit
node-11 2022/01/05 21:00:16.170181 node.go:52: do prepare
node-11 2022/01/05 21:00:16.170731 node.go:52: do commit
node-11 2022/01/05 21:00:16.171242 node.go:52: do commit
node-11 2022/01/05 21:00:16.171763 node.go:52: do commit
node-11 2022/01/05 21:00:16.171763 node.go:134: Committed value: node-7, 1641387605, Test, 1641387535121580870
node-11 2022/01/05 21:00:16.171763 node.go:134: Committed value: node-6, 1641387607, Test, 1641387535121580871
node-11 2022/01/05 21:00:16.171763 node.go:134: Committed value: node-1, 1641387608, Test, 1641387535121580872
node-11 2022/01/05 21:00:16.171763 node.go:134: Committed value: node-8, 1641387609, Test, 1641387535121580873
node-11 2022/01/05 21:00:16.171763 node.go:134: Committed value: node-10, 1641387610, Test, 1641387535121580874
node-11 2022/01/05 21:00:16.171763 node.go:134: Committed value: node-3, 1641387611, Test, 1641387535121580875
node-11 2022/01/05 21:00:16.171763 node.go:134: Committed value: node-7, 1641387612, Test, 1641387535121580876
node-11 2022/01/05 21:00:16.171763 node.go:134: Committed value: node-9, 1641387613, Test, 1641387535121580877
node-11 2022/01/05 21:00:16.171763 node.go:134: Committed value: node-4, 1641387614, Test, 1641387535121580878
node-11 2022/01/05 21:00:16.171763 node.go:134: Committed value: node-6, 1641387615, Test, 1641387535121580879
node-11 2022/01/05 21:00:16.171763 node.go:134: Committed value: node-2, 1641387616, Test, 1641387535121580880
node-11 2022/01/05 21:00:16.171763 node.go:136: 
node-11 2022/01/05 21:00:16.171763 node.go:140: Reply Finished!
node-11 2022/01/05 21:00:16.172280 node.go:52: do prepare
node-11 2022/01/05 21:00:16.172280 node.go:52: do prepare
node-11 2022/01/05 21:00:16.172827 node.go:52: do commit
node-11 2022/01/05 21:00:16.173852 node.go:52: do commit
node-11 2022/01/05 21:00:16.174361 node.go:52: do commit
node-11 2022/01/05 21:00:16.176008 node.go:52: do commit
node-11 2022/01/05 21:00:17.176282 node.go:52: do pre-prepare
node-11 2022/01/05 21:00:17.178265 node.go:52: do prepare
node-11 2022/01/05 21:00:17.181362 node.go:52: do prepare
node-11 2022/01/05 21:00:17.183347 node.go:52: do prepare
node-11 2022/01/05 21:00:17.183347 node.go:52: do prepare
node-11 2022/01/05 21:00:17.183347 node.go:52: do commit
node-11 2022/01/05 21:00:17.183347 node.go:52: do prepare
node-11 2022/01/05 21:00:17.184344 node.go:52: do prepare
node-11 2022/01/05 21:00:17.184344 node.go:52: do prepare
node-11 2022/01/05 21:00:17.185348 node.go:52: do commit
node-11 2022/01/05 21:00:17.186349 node.go:52: do prepare
node-11 2022/01/05 21:00:17.186349 node.go:52: do commit
node-11 2022/01/05 21:00:17.187336 node.go:52: do commit
node-11 2022/01/05 21:00:17.187336 node.go:52: do prepare
node-11 2022/01/05 21:00:17.188333 node.go:52: do prepare
node-11 2022/01/05 21:00:17.190328 node.go:52: do commit
node-11 2022/01/05 21:00:17.190328 node.go:134: Committed value: node-7, 1641387605, Test, 1641387535121580870
node-11 2022/01/05 21:00:17.190328 node.go:134: Committed value: node-6, 1641387607, Test, 1641387535121580871
node-11 2022/01/05 21:00:17.190328 node.go:134: Committed value: node-1, 1641387608, Test, 1641387535121580872
node-11 2022/01/05 21:00:17.190328 node.go:134: Committed value: node-8, 1641387609, Test, 1641387535121580873
node-11 2022/01/05 21:00:17.190328 node.go:134: Committed value: node-10, 1641387610, Test, 1641387535121580874
node-11 2022/01/05 21:00:17.190328 node.go:134: Committed value: node-3, 1641387611, Test, 1641387535121580875
node-11 2022/01/05 21:00:17.190328 node.go:134: Committed value: node-7, 1641387612, Test, 1641387535121580876
node-11 2022/01/05 21:00:17.190328 node.go:134: Committed value: node-9, 1641387613, Test, 1641387535121580877
node-11 2022/01/05 21:00:17.190328 node.go:134: Committed value: node-4, 1641387614, Test, 1641387535121580878
node-11 2022/01/05 21:00:17.190328 node.go:134: Committed value: node-6, 1641387615, Test, 1641387535121580879
node-11 2022/01/05 21:00:17.190328 node.go:134: Committed value: node-2, 1641387616, Test, 1641387535121580880
node-11 2022/01/05 21:00:17.190328 node.go:134: Committed value: node-5, 1641387617, Test, 1641387535121580881
node-11 2022/01/05 21:00:17.190328 node.go:136: 
node-11 2022/01/05 21:00:17.190328 node.go:140: Reply Finished!
node-11 2022/01/05 21:00:17.191325 node.go:52: do commit
node-11 2022/01/05 21:00:17.192324 node.go:52: do commit
node-11 2022/01/05 21:00:17.192324 node.go:52: do commit
node-11 2022/01/05 21:00:17.192324 node.go:52: do commit
node-11 2022/01/05 21:00:17.193321 node.go:52: do commit
node-11 2022/01/05 21:00:17.193321 node.go:52: do commit
node-11 2022/01/05 21:00:18.201937 node.go:52: do pre-prepare
node-11 2022/01/05 21:00:18.202932 node.go:52: do prepare
node-11 2022/01/05 21:00:18.204927 node.go:52: do prepare
node-11 2022/01/05 21:00:18.205924 node.go:52: do prepare
node-11 2022/01/05 21:00:18.205924 node.go:52: do prepare
node-11 2022/01/05 21:00:18.206921 node.go:52: do commit
node-11 2022/01/05 21:00:18.206921 node.go:52: do prepare
node-11 2022/01/05 21:00:18.206921 node.go:52: do commit
node-11 2022/01/05 21:00:18.206921 node.go:52: do prepare
node-11 2022/01/05 21:00:18.206921 node.go:52: do commit
node-11 2022/01/05 21:00:18.207919 node.go:52: do prepare
node-11 2022/01/05 21:00:18.207919 node.go:52: do prepare
node-11 2022/01/05 21:00:18.207919 node.go:52: do commit
node-11 2022/01/05 21:00:18.207919 node.go:134: Committed value: node-7, 1641387605, Test, 1641387535121580870
node-11 2022/01/05 21:00:18.207919 node.go:134: Committed value: node-6, 1641387607, Test, 1641387535121580871
node-11 2022/01/05 21:00:18.207919 node.go:134: Committed value: node-1, 1641387608, Test, 1641387535121580872
node-11 2022/01/05 21:00:18.207919 node.go:134: Committed value: node-8, 1641387609, Test, 1641387535121580873
node-11 2022/01/05 21:00:18.207919 node.go:134: Committed value: node-10, 1641387610, Test, 1641387535121580874
node-11 2022/01/05 21:00:18.207919 node.go:134: Committed value: node-3, 1641387611, Test, 1641387535121580875
node-11 2022/01/05 21:00:18.207919 node.go:134: Committed value: node-7, 1641387612, Test, 1641387535121580876
node-11 2022/01/05 21:00:18.207919 node.go:134: Committed value: node-9, 1641387613, Test, 1641387535121580877
node-11 2022/01/05 21:00:18.207919 node.go:134: Committed value: node-4, 1641387614, Test, 1641387535121580878
node-11 2022/01/05 21:00:18.207919 node.go:134: Committed value: node-6, 1641387615, Test, 1641387535121580879
node-11 2022/01/05 21:00:18.207919 node.go:134: Committed value: node-2, 1641387616, Test, 1641387535121580880
node-11 2022/01/05 21:00:18.207919 node.go:134: Committed value: node-5, 1641387617, Test, 1641387535121580881
node-11 2022/01/05 21:00:18.207919 node.go:134: Committed value: node-6, 1641387618, Test, 1641387535121580882
node-11 2022/01/05 21:00:18.207919 node.go:136: 
node-11 2022/01/05 21:00:18.207919 node.go:140: Reply Finished!
node-11 2022/01/05 21:00:18.208916 node.go:52: do commit
node-11 2022/01/05 21:00:18.208916 node.go:52: do prepare
node-11 2022/01/05 21:00:18.209915 node.go:52: do commit
node-11 2022/01/05 21:00:18.209915 node.go:52: do commit
node-11 2022/01/05 21:00:18.209915 node.go:52: do commit
node-11 2022/01/05 21:00:18.210912 node.go:52: do prepare
node-11 2022/01/05 21:00:18.211910 node.go:52: do commit
node-11 2022/01/05 21:00:18.212906 node.go:52: do commit
node-11 2022/01/05 21:00:18.213904 node.go:52: do commit
node-11 2022/01/05 21:00:19.228638 node.go:52: do pre-prepare
node-11 2022/01/05 21:00:19.228638 node.go:52: do prepare
node-11 2022/01/05 21:00:19.230632 node.go:52: do prepare
node-11 2022/01/05 21:00:19.230632 node.go:52: do prepare
node-11 2022/01/05 21:00:19.230632 node.go:52: do commit
node-11 2022/01/05 21:00:19.230632 node.go:52: do prepare
node-11 2022/01/05 21:00:19.231708 node.go:52: do prepare
node-11 2022/01/05 21:00:19.231708 node.go:52: do prepare
node-11 2022/01/05 21:00:19.231708 node.go:52: do commit
node-11 2022/01/05 21:00:19.232627 node.go:52: do commit
node-11 2022/01/05 21:00:19.232627 node.go:52: do commit
node-11 2022/01/05 21:00:19.232627 node.go:52: do commit
node-11 2022/01/05 21:00:19.234622 node.go:52: do prepare
node-11 2022/01/05 21:00:19.234622 node.go:52: do prepare
node-11 2022/01/05 21:00:19.234622 node.go:52: do prepare
node-11 2022/01/05 21:00:19.234622 node.go:52: do commit
node-11 2022/01/05 21:00:19.234622 node.go:134: Committed value: node-7, 1641387605, Test, 1641387535121580870
node-11 2022/01/05 21:00:19.234622 node.go:134: Committed value: node-6, 1641387607, Test, 1641387535121580871
node-11 2022/01/05 21:00:19.234622 node.go:134: Committed value: node-1, 1641387608, Test, 1641387535121580872
node-11 2022/01/05 21:00:19.234622 node.go:134: Committed value: node-8, 1641387609, Test, 1641387535121580873
node-11 2022/01/05 21:00:19.234622 node.go:134: Committed value: node-10, 1641387610, Test, 1641387535121580874
node-11 2022/01/05 21:00:19.234622 node.go:134: Committed value: node-3, 1641387611, Test, 1641387535121580875
node-11 2022/01/05 21:00:19.234622 node.go:134: Committed value: node-7, 1641387612, Test, 1641387535121580876
node-11 2022/01/05 21:00:19.234622 node.go:134: Committed value: node-9, 1641387613, Test, 1641387535121580877
node-11 2022/01/05 21:00:19.234622 node.go:134: Committed value: node-4, 1641387614, Test, 1641387535121580878
node-11 2022/01/05 21:00:19.234622 node.go:134: Committed value: node-6, 1641387615, Test, 1641387535121580879
node-11 2022/01/05 21:00:19.234622 node.go:134: Committed value: node-2, 1641387616, Test, 1641387535121580880
node-11 2022/01/05 21:00:19.234622 node.go:134: Committed value: node-5, 1641387617, Test, 1641387535121580881
node-11 2022/01/05 21:00:19.234622 node.go:134: Committed value: node-6, 1641387618, Test, 1641387535121580882
node-11 2022/01/05 21:00:19.234622 node.go:134: Committed value: node-8, 1641387619, Test, 1641387535121580883
node-11 2022/01/05 21:00:19.234622 node.go:136: 
node-11 2022/01/05 21:00:19.234622 node.go:140: Reply Finished!
node-11 2022/01/05 21:00:19.235619 node.go:52: do commit
node-11 2022/01/05 21:00:19.235619 node.go:52: do commit
node-11 2022/01/05 21:00:19.237615 node.go:52: do prepare
node-11 2022/01/05 21:00:19.237615 node.go:52: do commit
node-11 2022/01/05 21:00:19.237615 node.go:52: do commit
node-11 2022/01/05 21:00:19.238612 node.go:52: do commit
node-11 2022/01/05 21:00:20.238950 node.go:52: do pre-prepare
node-11 2022/01/05 21:00:20.240945 node.go:52: do prepare
node-11 2022/01/05 21:00:20.240945 node.go:52: do prepare
node-11 2022/01/05 21:00:20.242939 node.go:52: do prepare
node-11 2022/01/05 21:00:20.242939 node.go:52: do prepare
node-11 2022/01/05 21:00:20.243936 node.go:52: do prepare
node-11 2022/01/05 21:00:20.243936 node.go:52: do commit
node-11 2022/01/05 21:00:20.243936 node.go:52: do prepare
node-11 2022/01/05 21:00:20.244935 node.go:52: do commit
node-11 2022/01/05 21:00:20.245938 node.go:52: do commit
node-11 2022/01/05 21:00:20.245938 node.go:52: do commit
node-11 2022/01/05 21:00:20.245938 node.go:52: do commit
node-11 2022/01/05 21:00:20.245938 node.go:52: do prepare
node-11 2022/01/05 21:00:20.246938 node.go:52: do prepare
node-11 2022/01/05 21:00:20.246938 node.go:52: do commit
node-11 2022/01/05 21:00:20.247925 node.go:134: Committed value: node-7, 1641387605, Test, 1641387535121580870
node-11 2022/01/05 21:00:20.247925 node.go:134: Committed value: node-6, 1641387607, Test, 1641387535121580871
node-11 2022/01/05 21:00:20.247925 node.go:134: Committed value: node-1, 1641387608, Test, 1641387535121580872
node-11 2022/01/05 21:00:20.247925 node.go:134: Committed value: node-8, 1641387609, Test, 1641387535121580873
node-11 2022/01/05 21:00:20.247925 node.go:134: Committed value: node-10, 1641387610, Test, 1641387535121580874
node-11 2022/01/05 21:00:20.247925 node.go:134: Committed value: node-3, 1641387611, Test, 1641387535121580875
node-11 2022/01/05 21:00:20.247925 node.go:134: Committed value: node-7, 1641387612, Test, 1641387535121580876
node-11 2022/01/05 21:00:20.247925 node.go:134: Committed value: node-9, 1641387613, Test, 1641387535121580877
node-11 2022/01/05 21:00:20.247925 node.go:134: Committed value: node-4, 1641387614, Test, 1641387535121580878
node-11 2022/01/05 21:00:20.247925 node.go:134: Committed value: node-6, 1641387615, Test, 1641387535121580879
node-11 2022/01/05 21:00:20.247925 node.go:134: Committed value: node-2, 1641387616, Test, 1641387535121580880
node-11 2022/01/05 21:00:20.247925 node.go:134: Committed value: node-5, 1641387617, Test, 1641387535121580881
node-11 2022/01/05 21:00:20.247925 node.go:134: Committed value: node-6, 1641387618, Test, 1641387535121580882
node-11 2022/01/05 21:00:20.247925 node.go:134: Committed value: node-8, 1641387619, Test, 1641387535121580883
node-11 2022/01/05 21:00:20.247925 node.go:134: Committed value: node-3, 1641387620, Test, 1641387535121580884
node-11 2022/01/05 21:00:20.247925 node.go:136: 
node-11 2022/01/05 21:00:20.247925 node.go:140: Reply Finished!
node-11 2022/01/05 21:00:20.247925 node.go:52: do commit
node-11 2022/01/05 21:00:20.249886 node.go:52: do prepare
node-11 2022/01/05 21:00:20.267503 node.go:52: do prepare
node-11 2022/01/05 21:00:20.268515 node.go:52: do commit
node-11 2022/01/05 21:00:20.270108 node.go:52: do commit
node-11 2022/01/05 21:00:20.270622 node.go:52: do commit
node-11 2022/01/05 21:00:20.272154 node.go:52: do commit
node-11 2022/01/05 21:00:21.250489 node.go:52: do pre-prepare
node-11 2022/01/05 21:00:21.252479 node.go:52: do prepare
node-11 2022/01/05 21:00:21.252479 node.go:52: do prepare
node-11 2022/01/05 21:00:21.253474 node.go:52: do prepare
node-11 2022/01/05 21:00:21.253474 node.go:52: do prepare
node-11 2022/01/05 21:00:21.253474 node.go:52: do prepare
node-11 2022/01/05 21:00:21.253474 node.go:52: do prepare
node-11 2022/01/05 21:00:21.255470 node.go:52: do prepare
node-11 2022/01/05 21:00:21.255470 node.go:52: do commit
node-11 2022/01/05 21:00:21.255470 node.go:52: do commit
node-11 2022/01/05 21:00:21.255470 node.go:52: do commit
node-11 2022/01/05 21:00:21.256467 node.go:52: do commit
node-11 2022/01/05 21:00:21.256467 node.go:52: do prepare
node-11 2022/01/05 21:00:21.256467 node.go:52: do commit
node-11 2022/01/05 21:00:21.256467 node.go:52: do commit
node-11 2022/01/05 21:00:21.256467 node.go:134: Committed value: node-7, 1641387605, Test, 1641387535121580870
node-11 2022/01/05 21:00:21.256467 node.go:134: Committed value: node-6, 1641387607, Test, 1641387535121580871
node-11 2022/01/05 21:00:21.257464 node.go:134: Committed value: node-1, 1641387608, Test, 1641387535121580872
node-11 2022/01/05 21:00:21.257464 node.go:134: Committed value: node-8, 1641387609, Test, 1641387535121580873
node-11 2022/01/05 21:00:21.257464 node.go:134: Committed value: node-10, 1641387610, Test, 1641387535121580874
node-11 2022/01/05 21:00:21.257464 node.go:134: Committed value: node-3, 1641387611, Test, 1641387535121580875
node-11 2022/01/05 21:00:21.257464 node.go:134: Committed value: node-7, 1641387612, Test, 1641387535121580876
node-11 2022/01/05 21:00:21.257464 node.go:134: Committed value: node-9, 1641387613, Test, 1641387535121580877
node-11 2022/01/05 21:00:21.257464 node.go:134: Committed value: node-4, 1641387614, Test, 1641387535121580878
node-11 2022/01/05 21:00:21.257464 node.go:134: Committed value: node-6, 1641387615, Test, 1641387535121580879
node-11 2022/01/05 21:00:21.257464 node.go:134: Committed value: node-2, 1641387616, Test, 1641387535121580880
node-11 2022/01/05 21:00:21.257464 node.go:134: Committed value: node-5, 1641387617, Test, 1641387535121580881
node-11 2022/01/05 21:00:21.257464 node.go:134: Committed value: node-6, 1641387618, Test, 1641387535121580882
node-11 2022/01/05 21:00:21.257464 node.go:134: Committed value: node-8, 1641387619, Test, 1641387535121580883
node-11 2022/01/05 21:00:21.257464 node.go:134: Committed value: node-3, 1641387620, Test, 1641387535121580884
node-11 2022/01/05 21:00:21.257464 node.go:134: Committed value: node-1, 1641387621, Test, 1641387535121580885
node-11 2022/01/05 21:00:21.257464 node.go:136: 
node-11 2022/01/05 21:00:21.257464 node.go:140: Reply Finished!
node-11 2022/01/05 21:00:21.257464 node.go:52: do prepare
node-11 2022/01/05 21:00:21.258463 node.go:52: do commit
node-11 2022/01/05 21:00:21.259458 node.go:52: do commit
node-11 2022/01/05 21:00:21.259458 node.go:52: do prepare
node-11 2022/01/05 21:00:21.261453 node.go:52: do commit
node-11 2022/01/05 21:00:21.262450 node.go:52: do commit
node-11 2022/01/05 21:00:21.262450 node.go:52: do commit
node-11 2022/01/05 21:00:22.272943 node.go:52: do pre-prepare
node-11 2022/01/05 21:00:22.274938 node.go:52: do prepare
node-11 2022/01/05 21:00:22.275936 node.go:52: do prepare
node-11 2022/01/05 21:00:22.275936 node.go:52: do prepare
node-11 2022/01/05 21:00:22.275936 node.go:52: do prepare
node-11 2022/01/05 21:00:22.276933 node.go:52: do prepare
node-11 2022/01/05 21:00:22.277930 node.go:52: do commit
node-11 2022/01/05 21:00:22.277930 node.go:52: do prepare
node-11 2022/01/05 21:00:22.277930 node.go:52: do commit
node-11 2022/01/05 21:00:22.277930 node.go:52: do prepare
node-11 2022/01/05 21:00:22.278928 node.go:52: do commit
node-11 2022/01/05 21:00:22.279926 node.go:52: do commit
node-11 2022/01/05 21:00:22.279926 node.go:134: Committed value: node-7, 1641387605, Test, 1641387535121580870
node-11 2022/01/05 21:00:22.279926 node.go:134: Committed value: node-6, 1641387607, Test, 1641387535121580871
node-11 2022/01/05 21:00:22.279926 node.go:134: Committed value: node-1, 1641387608, Test, 1641387535121580872
node-11 2022/01/05 21:00:22.279926 node.go:134: Committed value: node-8, 1641387609, Test, 1641387535121580873
node-11 2022/01/05 21:00:22.279926 node.go:134: Committed value: node-10, 1641387610, Test, 1641387535121580874
node-11 2022/01/05 21:00:22.279926 node.go:134: Committed value: node-3, 1641387611, Test, 1641387535121580875
node-11 2022/01/05 21:00:22.279926 node.go:134: Committed value: node-7, 1641387612, Test, 1641387535121580876
node-11 2022/01/05 21:00:22.279926 node.go:134: Committed value: node-9, 1641387613, Test, 1641387535121580877
node-11 2022/01/05 21:00:22.279926 node.go:134: Committed value: node-4, 1641387614, Test, 1641387535121580878
node-11 2022/01/05 21:00:22.279926 node.go:134: Committed value: node-6, 1641387615, Test, 1641387535121580879
node-11 2022/01/05 21:00:22.279926 node.go:134: Committed value: node-2, 1641387616, Test, 1641387535121580880
node-11 2022/01/05 21:00:22.279926 node.go:134: Committed value: node-5, 1641387617, Test, 1641387535121580881
node-11 2022/01/05 21:00:22.279926 node.go:134: Committed value: node-6, 1641387618, Test, 1641387535121580882
node-11 2022/01/05 21:00:22.279926 node.go:134: Committed value: node-8, 1641387619, Test, 1641387535121580883
node-11 2022/01/05 21:00:22.279926 node.go:134: Committed value: node-3, 1641387620, Test, 1641387535121580884
node-11 2022/01/05 21:00:22.279926 node.go:134: Committed value: node-1, 1641387621, Test, 1641387535121580885
node-11 2022/01/05 21:00:22.279926 node.go:134: Committed value: node-5, 1641387622, Test, 1641387535121580886
node-11 2022/01/05 21:00:22.279926 node.go:136: 
node-11 2022/01/05 21:00:22.279926 node.go:140: Reply Finished!
node-11 2022/01/05 21:00:22.279926 node.go:52: do prepare
node-11 2022/01/05 21:00:22.279926 node.go:52: do commit
node-11 2022/01/05 21:00:22.280922 node.go:52: do commit
node-11 2022/01/05 21:00:22.281920 node.go:52: do commit
node-11 2022/01/05 21:00:22.281920 node.go:52: do prepare
node-11 2022/01/05 21:00:22.281920 node.go:52: do commit
node-11 2022/01/05 21:00:22.281920 node.go:52: do commit
node-11 2022/01/05 21:00:22.282917 node.go:52: do prepare
node-11 2022/01/05 21:00:22.284913 node.go:52: do commit
node-11 2022/01/05 21:00:22.284913 node.go:52: do commit
node-11 2022/01/05 21:00:23.289128 node.go:52: do prepare
node-11 2022/01/05 21:00:23.289128 node.go:52: do prepare
node-11 2022/01/05 21:00:23.291123 node.go:52: do prepare
node-11 2022/01/05 21:00:23.291123 node.go:52: do prepare
node-11 2022/01/05 21:00:23.292119 node.go:52: do prepare
node-11 2022/01/05 21:00:23.292119 node.go:52: do prepare
node-11 2022/01/05 21:00:23.293131 node.go:52: do pre-prepare
node-11 2022/01/05 21:00:23.294115 node.go:52: do commit
node-11 2022/01/05 21:00:23.294115 node.go:52: do prepare
node-11 2022/01/05 21:00:23.295111 node.go:52: do commit
node-11 2022/01/05 21:00:23.295111 node.go:52: do commit
node-11 2022/01/05 21:00:23.295111 node.go:52: do prepare
node-11 2022/01/05 21:00:23.296108 node.go:134: Committed value: node-7, 1641387605, Test, 1641387535121580870
node-11 2022/01/05 21:00:23.296108 node.go:134: Committed value: node-6, 1641387607, Test, 1641387535121580871
node-11 2022/01/05 21:00:23.296108 node.go:134: Committed value: node-1, 1641387608, Test, 1641387535121580872
node-11 2022/01/05 21:00:23.296108 node.go:134: Committed value: node-8, 1641387609, Test, 1641387535121580873
node-11 2022/01/05 21:00:23.296108 node.go:134: Committed value: node-10, 1641387610, Test, 1641387535121580874
node-11 2022/01/05 21:00:23.296108 node.go:134: Committed value: node-3, 1641387611, Test, 1641387535121580875
node-11 2022/01/05 21:00:23.296108 node.go:134: Committed value: node-7, 1641387612, Test, 1641387535121580876
node-11 2022/01/05 21:00:23.296108 node.go:134: Committed value: node-9, 1641387613, Test, 1641387535121580877
node-11 2022/01/05 21:00:23.296108 node.go:134: Committed value: node-4, 1641387614, Test, 1641387535121580878
node-11 2022/01/05 21:00:23.296108 node.go:134: Committed value: node-6, 1641387615, Test, 1641387535121580879
node-11 2022/01/05 21:00:23.296108 node.go:134: Committed value: node-2, 1641387616, Test, 1641387535121580880
node-11 2022/01/05 21:00:23.296108 node.go:134: Committed value: node-5, 1641387617, Test, 1641387535121580881
node-11 2022/01/05 21:00:23.296108 node.go:134: Committed value: node-6, 1641387618, Test, 1641387535121580882
node-11 2022/01/05 21:00:23.296108 node.go:134: Committed value: node-8, 1641387619, Test, 1641387535121580883
node-11 2022/01/05 21:00:23.296108 node.go:134: Committed value: node-3, 1641387620, Test, 1641387535121580884
node-11 2022/01/05 21:00:23.296108 node.go:134: Committed value: node-1, 1641387621, Test, 1641387535121580885
node-11 2022/01/05 21:00:23.296108 node.go:134: Committed value: node-5, 1641387622, Test, 1641387535121580886
node-11 2022/01/05 21:00:23.296108 node.go:134: Committed value: node-12, 1641387623, Test, 1641387535121580887
node-11 2022/01/05 21:00:23.296108 node.go:136: 
node-11 2022/01/05 21:00:23.296108 node.go:140: Reply Finished!
node-11 2022/01/05 21:00:23.296108 node.go:52: do commit
node-11 2022/01/05 21:00:23.297106 node.go:52: do commit
node-11 2022/01/05 21:00:23.297106 node.go:52: do prepare
node-11 2022/01/05 21:00:23.297106 node.go:52: do commit
node-11 2022/01/05 21:00:23.298104 node.go:52: do commit
node-11 2022/01/05 21:00:23.298104 node.go:52: do commit
node-11 2022/01/05 21:00:23.300098 node.go:52: do commit
node-11 2022/01/05 21:00:23.301771 node.go:52: do prepare
node-11 2022/01/05 21:00:23.302773 node.go:52: do commit
node-11 2022/01/05 21:00:23.302773 node.go:52: do commit
node-11 2022/01/05 21:00:24.316737 node.go:52: do pre-prepare
node-11 2022/01/05 21:00:24.316737 node.go:52: do prepare
node-11 2022/01/05 21:00:24.317734 node.go:52: do prepare
node-11 2022/01/05 21:00:24.317734 node.go:52: do commit
node-11 2022/01/05 21:00:24.317734 node.go:52: do prepare
node-11 2022/01/05 21:00:24.319729 node.go:52: do prepare
node-11 2022/01/05 21:00:24.319729 node.go:52: do prepare
node-11 2022/01/05 21:00:24.319729 node.go:52: do commit
node-11 2022/01/05 21:00:24.319729 node.go:52: do prepare
node-11 2022/01/05 21:00:24.320726 node.go:52: do prepare
node-11 2022/01/05 21:00:24.321723 node.go:52: do commit
node-11 2022/01/05 21:00:24.321723 node.go:52: do prepare
node-11 2022/01/05 21:00:24.321723 node.go:52: do commit
node-11 2022/01/05 21:00:24.322720 node.go:52: do prepare
node-11 2022/01/05 21:00:24.322720 node.go:134: Committed value: node-7, 1641387605, Test, 1641387535121580870
node-11 2022/01/05 21:00:24.322720 node.go:134: Committed value: node-6, 1641387607, Test, 1641387535121580871
node-11 2022/01/05 21:00:24.322720 node.go:134: Committed value: node-1, 1641387608, Test, 1641387535121580872
node-11 2022/01/05 21:00:24.322720 node.go:134: Committed value: node-8, 1641387609, Test, 1641387535121580873
node-11 2022/01/05 21:00:24.322720 node.go:134: Committed value: node-10, 1641387610, Test, 1641387535121580874
node-11 2022/01/05 21:00:24.322720 node.go:134: Committed value: node-3, 1641387611, Test, 1641387535121580875
node-11 2022/01/05 21:00:24.322720 node.go:134: Committed value: node-7, 1641387612, Test, 1641387535121580876
node-11 2022/01/05 21:00:24.322720 node.go:134: Committed value: node-9, 1641387613, Test, 1641387535121580877
node-11 2022/01/05 21:00:24.322720 node.go:134: Committed value: node-4, 1641387614, Test, 1641387535121580878
node-11 2022/01/05 21:00:24.322720 node.go:134: Committed value: node-6, 1641387615, Test, 1641387535121580879
node-11 2022/01/05 21:00:24.322720 node.go:134: Committed value: node-2, 1641387616, Test, 1641387535121580880
node-11 2022/01/05 21:00:24.322720 node.go:134: Committed value: node-5, 1641387617, Test, 1641387535121580881
node-11 2022/01/05 21:00:24.322720 node.go:134: Committed value: node-6, 1641387618, Test, 1641387535121580882
node-11 2022/01/05 21:00:24.322720 node.go:134: Committed value: node-8, 1641387619, Test, 1641387535121580883
node-11 2022/01/05 21:00:24.322720 node.go:134: Committed value: node-3, 1641387620, Test, 1641387535121580884
node-11 2022/01/05 21:00:24.322720 node.go:134: Committed value: node-1, 1641387621, Test, 1641387535121580885
node-11 2022/01/05 21:00:24.322720 node.go:134: Committed value: node-5, 1641387622, Test, 1641387535121580886
node-11 2022/01/05 21:00:24.322720 node.go:134: Committed value: node-12, 1641387623, Test, 1641387535121580887
node-11 2022/01/05 21:00:24.322720 node.go:134: Committed value: node-12, 1641387624, Test, 1641387535121580888
node-11 2022/01/05 21:00:24.322720 node.go:136: 
node-11 2022/01/05 21:00:24.322720 node.go:140: Reply Finished!
node-11 2022/01/05 21:00:24.323718 node.go:52: do commit
node-11 2022/01/05 21:00:24.323718 node.go:52: do commit
node-11 2022/01/05 21:00:24.325713 node.go:52: do prepare
node-11 2022/01/05 21:00:24.326715 node.go:52: do commit
node-11 2022/01/05 21:00:24.326715 node.go:52: do commit
node-11 2022/01/05 21:00:24.327707 node.go:52: do commit
node-11 2022/01/05 21:00:24.327707 node.go:52: do commit
node-11 2022/01/05 21:00:24.328704 node.go:52: do commit
node-11 2022/01/05 21:00:25.329174 node.go:52: do pre-prepare
node-11 2022/01/05 21:00:25.332165 node.go:52: do prepare
node-11 2022/01/05 21:00:25.333162 node.go:52: do prepare
node-11 2022/01/05 21:00:25.333162 node.go:52: do prepare
node-11 2022/01/05 21:00:25.339146 node.go:52: do prepare
node-11 2022/01/05 21:00:25.339146 node.go:52: do prepare
node-11 2022/01/05 21:00:25.339146 node.go:52: do prepare
node-11 2022/01/05 21:00:25.340150 node.go:52: do commit
node-11 2022/01/05 21:00:25.340150 node.go:52: do prepare
node-11 2022/01/05 21:00:25.340150 node.go:52: do commit
node-11 2022/01/05 21:00:25.340150 node.go:52: do commit
node-11 2022/01/05 21:00:25.340150 node.go:52: do commit
node-11 2022/01/05 21:00:25.341141 node.go:52: do commit
node-11 2022/01/05 21:00:25.341141 node.go:52: do prepare
node-11 2022/01/05 21:00:25.341141 node.go:52: do commit
node-11 2022/01/05 21:00:25.342142 node.go:52: do prepare
node-11 2022/01/05 21:00:25.343136 node.go:52: do commit
node-11 2022/01/05 21:00:25.343136 node.go:134: Committed value: node-7, 1641387605, Test, 1641387535121580870
node-11 2022/01/05 21:00:25.343136 node.go:134: Committed value: node-6, 1641387607, Test, 1641387535121580871
node-11 2022/01/05 21:00:25.343136 node.go:134: Committed value: node-1, 1641387608, Test, 1641387535121580872
node-11 2022/01/05 21:00:25.343136 node.go:134: Committed value: node-8, 1641387609, Test, 1641387535121580873
node-11 2022/01/05 21:00:25.343136 node.go:134: Committed value: node-10, 1641387610, Test, 1641387535121580874
node-11 2022/01/05 21:00:25.343136 node.go:134: Committed value: node-3, 1641387611, Test, 1641387535121580875
node-11 2022/01/05 21:00:25.343136 node.go:134: Committed value: node-7, 1641387612, Test, 1641387535121580876
node-11 2022/01/05 21:00:25.343136 node.go:134: Committed value: node-9, 1641387613, Test, 1641387535121580877
node-11 2022/01/05 21:00:25.343136 node.go:134: Committed value: node-4, 1641387614, Test, 1641387535121580878
node-11 2022/01/05 21:00:25.343136 node.go:134: Committed value: node-6, 1641387615, Test, 1641387535121580879
node-11 2022/01/05 21:00:25.343136 node.go:134: Committed value: node-2, 1641387616, Test, 1641387535121580880
node-11 2022/01/05 21:00:25.343136 node.go:134: Committed value: node-5, 1641387617, Test, 1641387535121580881
node-11 2022/01/05 21:00:25.343136 node.go:134: Committed value: node-6, 1641387618, Test, 1641387535121580882
node-11 2022/01/05 21:00:25.343136 node.go:134: Committed value: node-8, 1641387619, Test, 1641387535121580883
node-11 2022/01/05 21:00:25.343136 node.go:134: Committed value: node-3, 1641387620, Test, 1641387535121580884
node-11 2022/01/05 21:00:25.343136 node.go:134: Committed value: node-1, 1641387621, Test, 1641387535121580885
node-11 2022/01/05 21:00:25.343136 node.go:134: Committed value: node-5, 1641387622, Test, 1641387535121580886
node-11 2022/01/05 21:00:25.343136 node.go:134: Committed value: node-12, 1641387623, Test, 1641387535121580887
node-11 2022/01/05 21:00:25.343136 node.go:134: Committed value: node-12, 1641387624, Test, 1641387535121580888
node-11 2022/01/05 21:00:25.343136 node.go:134: Committed value: node-6, 1641387625, Test, 1641387535121580889
node-11 2022/01/05 21:00:25.343136 node.go:136: 
node-11 2022/01/05 21:00:25.343136 node.go:140: Reply Finished!
node-11 2022/01/05 21:00:25.343136 node.go:52: do commit
node-11 2022/01/05 21:00:25.344134 node.go:52: do commit
node-11 2022/01/05 21:00:25.345131 node.go:52: do prepare
node-11 2022/01/05 21:00:25.348123 node.go:52: do commit
node-11 2022/01/05 21:00:25.348123 node.go:52: do commit
node-11 2022/01/05 21:00:26.355412 node.go:52: do add
node-11 2022/01/05 21:00:26.355412 node.go:582: f: 4 ; 2f: 8
node-11 2022/01/05 21:00:26.356408 node.go:52: do pre-prepare
node-11 2022/01/05 21:00:26.357405 node.go:52: do prepare
node-11 2022/01/05 21:00:26.360397 node.go:52: do prepare
node-11 2022/01/05 21:00:26.361394 node.go:52: do prepare
node-11 2022/01/05 21:00:26.362392 node.go:52: do prepare
node-11 2022/01/05 21:00:26.363390 node.go:52: do prepare
node-11 2022/01/05 21:00:26.363390 node.go:52: do commit
node-11 2022/01/05 21:00:26.364388 node.go:52: do commit
node-11 2022/01/05 21:00:26.365384 node.go:52: do commit
node-11 2022/01/05 21:00:26.366381 node.go:52: do prepare
node-11 2022/01/05 21:00:26.366381 node.go:52: do prepare
node-11 2022/01/05 21:00:26.367378 node.go:52: do commit
