node-8 2022/01/05 20:54:34.859191 node.go:52: do add
node-8 2022/01/05 20:54:34.859191 node.go:582: f: 0 ; 2f: 0
node-8 2022/01/05 20:54:34.859459 node.go:52: do setF
node-8 2022/01/05 20:54:34.859459 node.go:582: f: 3 ; 2f: 5
node-8 2022/01/05 20:54:34.859779 node.go:52: do pre-prepare
node-8 2022/01/05 20:54:34.860780 node.go:52: do prepare
node-8 2022/01/05 20:54:34.860780 node.go:52: do prepare
node-8 2022/01/05 20:54:34.861775 node.go:52: do commit
node-8 2022/01/05 20:54:34.861775 node.go:52: do prepare
node-8 2022/01/05 20:54:34.861775 node.go:52: do commit
node-8 2022/01/05 20:54:34.862774 node.go:52: do prepare
node-8 2022/01/05 20:54:34.862774 node.go:52: do prepare
node-8 2022/01/05 20:54:34.863770 node.go:52: do commit
node-8 2022/01/05 20:54:34.863770 node.go:52: do commit
node-8 2022/01/05 20:54:34.863770 node.go:52: do commit
node-8 2022/01/05 20:54:34.864771 node.go:134: Committed value: node-5, 1641387274, Test, 1641387234421321240
node-8 2022/01/05 20:54:34.864771 node.go:136: 
node-8 2022/01/05 20:54:34.864771 node.go:140: Reply Finished!
node-8 2022/01/05 20:54:34.865764 node.go:52: do prepare
node-8 2022/01/05 20:54:34.865764 node.go:52: do commit
node-8 2022/01/05 20:54:34.866762 node.go:52: do commit
node-8 2022/01/05 20:54:35.868892 node.go:52: do pre-prepare
node-8 2022/01/05 20:54:35.869886 node.go:52: do prepare
node-8 2022/01/05 20:54:35.869886 node.go:52: do prepare
node-8 2022/01/05 20:54:35.869886 node.go:52: do prepare
node-8 2022/01/05 20:54:35.869886 node.go:52: do commit
node-8 2022/01/05 20:54:35.872880 node.go:52: do prepare
node-8 2022/01/05 20:54:35.873875 node.go:52: do commit
node-8 2022/01/05 20:54:35.873875 node.go:52: do commit
node-8 2022/01/05 20:54:35.873875 node.go:52: do commit
node-8 2022/01/05 20:54:35.873875 node.go:134: Committed value: node-5, 1641387274, Test, 1641387234421321240
node-8 2022/01/05 20:54:35.873875 node.go:134: Committed value: node-6, 1641387275, Test, 1641387234421321241
node-8 2022/01/05 20:54:35.873875 node.go:136: 
node-8 2022/01/05 20:54:35.873875 node.go:140: Reply Finished!
node-8 2022/01/05 20:54:35.875870 node.go:52: do prepare
node-8 2022/01/05 20:54:35.875870 node.go:52: do commit
node-8 2022/01/05 20:54:35.875870 node.go:52: do prepare
node-8 2022/01/05 20:54:35.875870 node.go:52: do commit
node-8 2022/01/05 20:54:35.877384 node.go:52: do commit
node-8 2022/01/05 20:54:36.882418 node.go:52: do pre-prepare
node-8 2022/01/05 20:54:36.884356 node.go:52: do prepare
node-8 2022/01/05 20:54:36.884356 node.go:52: do prepare
node-8 2022/01/05 20:54:36.884356 node.go:52: do prepare
node-8 2022/01/05 20:54:36.884356 node.go:52: do prepare
node-8 2022/01/05 20:54:36.885355 node.go:52: do commit
node-8 2022/01/05 20:54:36.885355 node.go:52: do commit
node-8 2022/01/05 20:54:36.885355 node.go:52: do prepare
node-8 2022/01/05 20:54:36.886349 node.go:52: do commit
node-8 2022/01/05 20:54:36.886349 node.go:52: do commit
node-8 2022/01/05 20:54:36.886349 node.go:52: do commit
node-8 2022/01/05 20:54:36.886349 node.go:52: do commit
node-8 2022/01/05 20:54:36.886349 node.go:134: Committed value: node-5, 1641387274, Test, 1641387234421321240
node-8 2022/01/05 20:54:36.886349 node.go:134: Committed value: node-6, 1641387275, Test, 1641387234421321241
node-8 2022/01/05 20:54:36.886349 node.go:134: Committed value: node-1, 1641387276, Test, 1641387234421321242
node-8 2022/01/05 20:54:36.886349 node.go:136: 
node-8 2022/01/05 20:54:36.886349 node.go:140: Reply Finished!
node-8 2022/01/05 20:54:36.889342 node.go:52: do prepare
node-8 2022/01/05 20:54:36.890340 node.go:52: do commit
node-8 2022/01/05 20:54:37.893753 node.go:52: do pre-prepare
node-8 2022/01/05 20:54:37.894749 node.go:52: do prepare
node-8 2022/01/05 20:54:37.894749 node.go:52: do prepare
node-8 2022/01/05 20:54:37.894749 node.go:52: do prepare
node-8 2022/01/05 20:54:37.894749 node.go:52: do prepare
node-8 2022/01/05 20:54:37.894749 node.go:52: do commit
node-8 2022/01/05 20:54:37.895746 node.go:52: do prepare
node-8 2022/01/05 20:54:37.896743 node.go:52: do commit
node-8 2022/01/05 20:54:37.898645 node.go:52: do prepare
node-8 2022/01/05 20:54:37.898645 node.go:52: do commit
node-8 2022/01/05 20:54:37.901442 node.go:52: do commit
node-8 2022/01/05 20:54:37.901442 node.go:52: do commit
node-8 2022/01/05 20:54:37.901442 node.go:134: Committed value: node-5, 1641387274, Test, 1641387234421321240
node-8 2022/01/05 20:54:37.901442 node.go:134: Committed value: node-6, 1641387275, Test, 1641387234421321241
node-8 2022/01/05 20:54:37.901442 node.go:134: Committed value: node-1, 1641387276, Test, 1641387234421321242
node-8 2022/01/05 20:54:37.901442 node.go:134: Committed value: node-4, 1641387277, Test, 1641387234421321243
node-8 2022/01/05 20:54:37.901442 node.go:136: 
node-8 2022/01/05 20:54:37.901442 node.go:140: Reply Finished!
node-8 2022/01/05 20:54:37.902442 node.go:52: do commit
node-8 2022/01/05 20:54:37.902442 node.go:52: do commit
node-8 2022/01/05 20:54:38.918475 node.go:52: do prepare
node-8 2022/01/05 20:54:38.918475 node.go:52: do prepare
node-8 2022/01/05 20:54:38.919473 node.go:52: do prepare
node-8 2022/01/05 20:54:38.919473 node.go:52: do pre-prepare
node-8 2022/01/05 20:54:38.919473 node.go:52: do commit
node-8 2022/01/05 20:54:38.919473 node.go:52: do prepare
node-8 2022/01/05 20:54:38.920468 node.go:52: do prepare
node-8 2022/01/05 20:54:38.921538 node.go:52: do commit
node-8 2022/01/05 20:54:38.921538 node.go:52: do commit
node-8 2022/01/05 20:54:38.922538 node.go:52: do prepare
node-8 2022/01/05 20:54:38.922538 node.go:52: do commit
node-8 2022/01/05 20:54:38.922538 node.go:134: Committed value: node-5, 1641387274, Test, 1641387234421321240
node-8 2022/01/05 20:54:38.922538 node.go:134: Committed value: node-6, 1641387275, Test, 1641387234421321241
node-8 2022/01/05 20:54:38.922538 node.go:134: Committed value: node-1, 1641387276, Test, 1641387234421321242
node-8 2022/01/05 20:54:38.922538 node.go:134: Committed value: node-4, 1641387277, Test, 1641387234421321243
node-8 2022/01/05 20:54:38.922538 node.go:134: Committed value: node-3, 1641387278, Test, 1641387234421321244
node-8 2022/01/05 20:54:38.922538 node.go:136: 
node-8 2022/01/05 20:54:38.922538 node.go:140: Reply Finished!
node-8 2022/01/05 20:54:38.923537 node.go:52: do commit
node-8 2022/01/05 20:54:38.924533 node.go:52: do commit
node-8 2022/01/05 20:54:38.924533 node.go:52: do commit
node-8 2022/01/05 20:54:39.925188 node.go:52: do pre-prepare
node-8 2022/01/05 20:54:39.925188 node.go:52: do prepare
node-8 2022/01/05 20:54:39.925188 node.go:52: do commit
node-8 2022/01/05 20:54:39.926185 node.go:52: do prepare
node-8 2022/01/05 20:54:39.927183 node.go:52: do commit
node-8 2022/01/05 20:54:39.928749 node.go:52: do prepare
node-8 2022/01/05 20:54:39.929833 node.go:52: do prepare
node-8 2022/01/05 20:54:39.929833 node.go:52: do prepare
node-8 2022/01/05 20:54:39.929833 node.go:52: do commit
node-8 2022/01/05 20:54:39.930832 node.go:52: do commit
node-8 2022/01/05 20:54:39.930832 node.go:134: Committed value: node-5, 1641387274, Test, 1641387234421321240
node-8 2022/01/05 20:54:39.930832 node.go:134: Committed value: node-6, 1641387275, Test, 1641387234421321241
node-8 2022/01/05 20:54:39.930832 node.go:134: Committed value: node-1, 1641387276, Test, 1641387234421321242
node-8 2022/01/05 20:54:39.930832 node.go:134: Committed value: node-4, 1641387277, Test, 1641387234421321243
node-8 2022/01/05 20:54:39.930832 node.go:134: Committed value: node-3, 1641387278, Test, 1641387234421321244
node-8 2022/01/05 20:54:39.930832 node.go:134: Committed value: node-5, 1641387279, Test, 1641387234421321245
node-8 2022/01/05 20:54:39.930832 node.go:136: 
node-8 2022/01/05 20:54:39.930832 node.go:140: Reply Finished!
node-8 2022/01/05 20:54:39.930832 node.go:52: do commit
node-8 2022/01/05 20:54:39.930832 node.go:52: do prepare
node-8 2022/01/05 20:54:39.932826 node.go:52: do commit
node-8 2022/01/05 20:54:39.932826 node.go:52: do commit
node-8 2022/01/05 20:54:40.934041 node.go:52: do pre-prepare
node-8 2022/01/05 20:54:40.936031 node.go:52: do commit
node-8 2022/01/05 20:54:40.936031 node.go:52: do prepare
node-8 2022/01/05 20:54:40.936031 node.go:52: do prepare
node-8 2022/01/05 20:54:40.936031 node.go:52: do commit
node-8 2022/01/05 20:54:40.937029 node.go:52: do commit
node-8 2022/01/05 20:54:40.937029 node.go:52: do prepare
node-8 2022/01/05 20:54:40.939323 node.go:52: do prepare
node-8 2022/01/05 20:54:40.939323 node.go:52: do commit
node-8 2022/01/05 20:54:40.939323 node.go:134: Committed value: node-5, 1641387274, Test, 1641387234421321240
node-8 2022/01/05 20:54:40.939323 node.go:134: Committed value: node-6, 1641387275, Test, 1641387234421321241
node-8 2022/01/05 20:54:40.939323 node.go:134: Committed value: node-1, 1641387276, Test, 1641387234421321242
node-8 2022/01/05 20:54:40.939323 node.go:134: Committed value: node-4, 1641387277, Test, 1641387234421321243
node-8 2022/01/05 20:54:40.939323 node.go:134: Committed value: node-3, 1641387278, Test, 1641387234421321244
node-8 2022/01/05 20:54:40.939323 node.go:134: Committed value: node-5, 1641387279, Test, 1641387234421321245
node-8 2022/01/05 20:54:40.939323 node.go:134: Committed value: node-1, 1641387280, Test, 1641387234421321246
node-8 2022/01/05 20:54:40.939323 node.go:136: 
node-8 2022/01/05 20:54:40.939323 node.go:140: Reply Finished!
node-8 2022/01/05 20:54:40.939323 node.go:52: do commit
node-8 2022/01/05 20:54:40.939323 node.go:52: do commit
node-8 2022/01/05 20:54:40.939323 node.go:52: do prepare
node-8 2022/01/05 20:54:40.941322 node.go:52: do prepare
node-8 2022/01/05 20:54:40.941322 node.go:52: do commit
node-8 2022/01/05 20:54:41.943650 node.go:52: do pre-prepare
node-8 2022/01/05 20:54:41.945636 node.go:52: do prepare
node-8 2022/01/05 20:54:41.945636 node.go:52: do prepare
node-8 2022/01/05 20:54:41.945636 node.go:52: do prepare
node-8 2022/01/05 20:54:41.946637 node.go:52: do prepare
node-8 2022/01/05 20:54:41.948041 node.go:52: do prepare
node-8 2022/01/05 20:54:41.948041 node.go:52: do commit
node-8 2022/01/05 20:54:41.948552 node.go:52: do commit
node-8 2022/01/05 20:54:41.949092 node.go:52: do commit
node-8 2022/01/05 20:54:41.949630 node.go:52: do commit
node-8 2022/01/05 20:54:41.949630 node.go:52: do prepare
node-8 2022/01/05 20:54:41.949630 node.go:52: do commit
node-8 2022/01/05 20:54:41.949630 node.go:134: Committed value: node-5, 1641387274, Test, 1641387234421321240
node-8 2022/01/05 20:54:41.949630 node.go:134: Committed value: node-6, 1641387275, Test, 1641387234421321241
node-8 2022/01/05 20:54:41.949630 node.go:134: Committed value: node-1, 1641387276, Test, 1641387234421321242
node-8 2022/01/05 20:54:41.949630 node.go:134: Committed value: node-4, 1641387277, Test, 1641387234421321243
node-8 2022/01/05 20:54:41.949630 node.go:134: Committed value: node-3, 1641387278, Test, 1641387234421321244
node-8 2022/01/05 20:54:41.949630 node.go:134: Committed value: node-5, 1641387279, Test, 1641387234421321245
node-8 2022/01/05 20:54:41.949630 node.go:134: Committed value: node-1, 1641387280, Test, 1641387234421321246
node-8 2022/01/05 20:54:41.949630 node.go:134: Committed value: node-1, 1641387281, Test, 1641387234421321247
node-8 2022/01/05 20:54:41.949630 node.go:136: 
node-8 2022/01/05 20:54:41.949630 node.go:140: Reply Finished!
node-8 2022/01/05 20:54:41.949630 node.go:52: do commit
node-8 2022/01/05 20:54:41.949630 node.go:52: do commit
node-8 2022/01/05 20:54:42.961787 node.go:52: do pre-prepare
node-8 2022/01/05 20:54:42.962790 node.go:52: do prepare
node-8 2022/01/05 20:54:42.962790 node.go:52: do prepare
node-8 2022/01/05 20:54:42.962790 node.go:52: do commit
node-8 2022/01/05 20:54:42.963784 node.go:52: do prepare
node-8 2022/01/05 20:54:42.964785 node.go:52: do commit
node-8 2022/01/05 20:54:42.964785 node.go:52: do commit
node-8 2022/01/05 20:54:42.965778 node.go:52: do commit
node-8 2022/01/05 20:54:42.965778 node.go:52: do prepare
node-8 2022/01/05 20:54:42.965778 node.go:52: do prepare
node-8 2022/01/05 20:54:42.966777 node.go:52: do prepare
node-8 2022/01/05 20:54:42.967774 node.go:52: do commit
node-8 2022/01/05 20:54:42.967774 node.go:134: Committed value: node-5, 1641387274, Test, 1641387234421321240
node-8 2022/01/05 20:54:42.967774 node.go:134: Committed value: node-6, 1641387275, Test, 1641387234421321241
node-8 2022/01/05 20:54:42.967774 node.go:134: Committed value: node-1, 1641387276, Test, 1641387234421321242
node-8 2022/01/05 20:54:42.967774 node.go:134: Committed value: node-4, 1641387277, Test, 1641387234421321243
node-8 2022/01/05 20:54:42.967774 node.go:134: Committed value: node-3, 1641387278, Test, 1641387234421321244
node-8 2022/01/05 20:54:42.967774 node.go:134: Committed value: node-5, 1641387279, Test, 1641387234421321245
node-8 2022/01/05 20:54:42.967774 node.go:134: Committed value: node-1, 1641387280, Test, 1641387234421321246
node-8 2022/01/05 20:54:42.967774 node.go:134: Committed value: node-1, 1641387281, Test, 1641387234421321247
node-8 2022/01/05 20:54:42.967774 node.go:134: Committed value: node-4, 1641387282, Test, 1641387234421321248
node-8 2022/01/05 20:54:42.967774 node.go:136: 
node-8 2022/01/05 20:54:42.967774 node.go:140: Reply Finished!
node-8 2022/01/05 20:54:42.968772 node.go:52: do commit
node-8 2022/01/05 20:54:42.968772 node.go:52: do commit
node-8 2022/01/05 20:54:43.969573 node.go:52: do pre-prepare
node-8 2022/01/05 20:54:43.970568 node.go:52: do prepare
node-8 2022/01/05 20:54:43.971564 node.go:52: do prepare
node-8 2022/01/05 20:54:43.972562 node.go:52: do prepare
node-8 2022/01/05 20:54:43.972562 node.go:52: do commit
node-8 2022/01/05 20:54:43.973359 node.go:52: do commit
node-8 2022/01/05 20:54:43.974659 node.go:52: do commit
node-8 2022/01/05 20:54:43.974659 node.go:52: do prepare
node-8 2022/01/05 20:54:43.974659 node.go:52: do prepare
node-8 2022/01/05 20:54:43.975658 node.go:52: do commit
node-8 2022/01/05 20:54:43.975658 node.go:52: do commit
node-8 2022/01/05 20:54:43.975658 node.go:52: do commit
node-8 2022/01/05 20:54:43.975658 node.go:134: Committed value: node-5, 1641387274, Test, 1641387234421321240
node-8 2022/01/05 20:54:43.975658 node.go:134: Committed value: node-6, 1641387275, Test, 1641387234421321241
node-8 2022/01/05 20:54:43.975658 node.go:134: Committed value: node-1, 1641387276, Test, 1641387234421321242
node-8 2022/01/05 20:54:43.975658 node.go:134: Committed value: node-4, 1641387277, Test, 1641387234421321243
node-8 2022/01/05 20:54:43.975658 node.go:134: Committed value: node-3, 1641387278, Test, 1641387234421321244
node-8 2022/01/05 20:54:43.975658 node.go:134: Committed value: node-5, 1641387279, Test, 1641387234421321245
node-8 2022/01/05 20:54:43.975658 node.go:134: Committed value: node-1, 1641387280, Test, 1641387234421321246
node-8 2022/01/05 20:54:43.975658 node.go:134: Committed value: node-1, 1641387281, Test, 1641387234421321247
node-8 2022/01/05 20:54:43.975658 node.go:134: Committed value: node-4, 1641387282, Test, 1641387234421321248
node-8 2022/01/05 20:54:43.975658 node.go:134: Committed value: node-4, 1641387283, Test, 1641387234421321249
node-8 2022/01/05 20:54:43.975658 node.go:136: 
node-8 2022/01/05 20:54:43.975658 node.go:140: Reply Finished!
node-8 2022/01/05 20:54:43.975658 node.go:52: do prepare
node-8 2022/01/05 20:54:43.976659 node.go:52: do commit
node-8 2022/01/05 20:54:44.978947 node.go:52: do add
node-8 2022/01/05 20:54:44.978947 node.go:582: f: 3 ; 2f: 6
node-8 2022/01/05 20:54:44.979948 node.go:52: do pre-prepare
node-8 2022/01/05 20:54:44.980943 node.go:52: do prepare
node-8 2022/01/05 20:54:44.980943 node.go:52: do commit
node-8 2022/01/05 20:54:44.980943 node.go:52: do prepare
node-8 2022/01/05 20:54:44.980943 node.go:52: do commit
node-8 2022/01/05 20:54:44.980943 node.go:52: do prepare
node-8 2022/01/05 20:54:44.980943 node.go:52: do prepare
node-8 2022/01/05 20:54:44.981942 node.go:52: do prepare
node-8 2022/01/05 20:54:44.981942 node.go:52: do prepare
node-8 2022/01/05 20:54:44.981942 node.go:52: do prepare
node-8 2022/01/05 20:54:44.981942 node.go:52: do commit
node-8 2022/01/05 20:54:44.982943 node.go:52: do commit
node-8 2022/01/05 20:54:44.982943 node.go:52: do commit
node-8 2022/01/05 20:54:44.982943 node.go:134: Committed value: node-5, 1641387274, Test, 1641387234421321240
node-8 2022/01/05 20:54:44.982943 node.go:134: Committed value: node-6, 1641387275, Test, 1641387234421321241
node-8 2022/01/05 20:54:44.982943 node.go:134: Committed value: node-1, 1641387276, Test, 1641387234421321242
node-8 2022/01/05 20:54:44.982943 node.go:134: Committed value: node-4, 1641387277, Test, 1641387234421321243
node-8 2022/01/05 20:54:44.982943 node.go:134: Committed value: node-3, 1641387278, Test, 1641387234421321244
node-8 2022/01/05 20:54:44.982943 node.go:134: Committed value: node-5, 1641387279, Test, 1641387234421321245
node-8 2022/01/05 20:54:44.982943 node.go:134: Committed value: node-1, 1641387280, Test, 1641387234421321246
node-8 2022/01/05 20:54:44.982943 node.go:134: Committed value: node-1, 1641387281, Test, 1641387234421321247
node-8 2022/01/05 20:54:44.982943 node.go:134: Committed value: node-4, 1641387282, Test, 1641387234421321248
node-8 2022/01/05 20:54:44.982943 node.go:134: Committed value: node-4, 1641387283, Test, 1641387234421321249
node-8 2022/01/05 20:54:44.982943 node.go:134: Committed value: node-4, 1641387284, Test, 1641387234421321250
node-8 2022/01/05 20:54:44.982943 node.go:136: 
node-8 2022/01/05 20:54:44.982943 node.go:140: Reply Finished!
node-8 2022/01/05 20:54:44.984197 node.go:52: do commit
node-8 2022/01/05 20:54:44.985198 node.go:52: do commit
node-8 2022/01/05 20:54:44.986193 node.go:52: do commit
node-8 2022/01/05 20:54:45.997804 node.go:52: do pre-prepare
node-8 2022/01/05 20:54:45.999809 node.go:52: do prepare
node-8 2022/01/05 20:54:46.002800 node.go:52: do prepare
node-8 2022/01/05 20:54:46.003796 node.go:52: do commit
node-8 2022/01/05 20:54:46.003796 node.go:52: do prepare
node-8 2022/01/05 20:54:46.003796 node.go:52: do prepare
node-8 2022/01/05 20:54:46.003796 node.go:52: do commit
node-8 2022/01/05 20:54:46.003796 node.go:52: do prepare
node-8 2022/01/05 20:54:46.004793 node.go:52: do commit
node-8 2022/01/05 20:54:46.004793 node.go:52: do prepare
node-8 2022/01/05 20:54:46.005790 node.go:52: do prepare
node-8 2022/01/05 20:54:46.005790 node.go:52: do commit
node-8 2022/01/05 20:54:46.007344 node.go:52: do commit
node-8 2022/01/05 20:54:46.007344 node.go:52: do commit
node-8 2022/01/05 20:54:46.007344 node.go:52: do commit
node-8 2022/01/05 20:54:46.007344 node.go:134: Committed value: node-5, 1641387274, Test, 1641387234421321240
node-8 2022/01/05 20:54:46.007344 node.go:134: Committed value: node-6, 1641387275, Test, 1641387234421321241
node-8 2022/01/05 20:54:46.007344 node.go:134: Committed value: node-1, 1641387276, Test, 1641387234421321242
node-8 2022/01/05 20:54:46.007344 node.go:134: Committed value: node-4, 1641387277, Test, 1641387234421321243
node-8 2022/01/05 20:54:46.007344 node.go:134: Committed value: node-3, 1641387278, Test, 1641387234421321244
node-8 2022/01/05 20:54:46.007344 node.go:134: Committed value: node-5, 1641387279, Test, 1641387234421321245
node-8 2022/01/05 20:54:46.007344 node.go:134: Committed value: node-1, 1641387280, Test, 1641387234421321246
node-8 2022/01/05 20:54:46.007344 node.go:134: Committed value: node-1, 1641387281, Test, 1641387234421321247
node-8 2022/01/05 20:54:46.007344 node.go:134: Committed value: node-4, 1641387282, Test, 1641387234421321248
node-8 2022/01/05 20:54:46.007344 node.go:134: Committed value: node-4, 1641387283, Test, 1641387234421321249
node-8 2022/01/05 20:54:46.007344 node.go:134: Committed value: node-4, 1641387284, Test, 1641387234421321250
node-8 2022/01/05 20:54:46.007344 node.go:134: Committed value: node-2, 1641387285, Test, 1641387234421321251
node-8 2022/01/05 20:54:46.007344 node.go:136: 
node-8 2022/01/05 20:54:46.007344 node.go:140: Reply Finished!
node-8 2022/01/05 20:54:46.008340 node.go:52: do commit
node-8 2022/01/05 20:54:47.011579 node.go:52: do pre-prepare
node-8 2022/01/05 20:54:47.011579 node.go:52: do prepare
node-8 2022/01/05 20:54:47.012575 node.go:52: do prepare
node-8 2022/01/05 20:54:47.015876 node.go:52: do prepare
node-8 2022/01/05 20:54:47.015876 node.go:52: do prepare
node-8 2022/01/05 20:54:47.015876 node.go:52: do prepare
node-8 2022/01/05 20:54:47.016877 node.go:52: do commit
node-8 2022/01/05 20:54:47.016877 node.go:52: do prepare
node-8 2022/01/05 20:54:47.016877 node.go:52: do commit
node-8 2022/01/05 20:54:47.016877 node.go:52: do prepare
node-8 2022/01/05 20:54:47.016877 node.go:52: do commit
node-8 2022/01/05 20:54:47.016877 node.go:52: do commit
node-8 2022/01/05 20:54:47.017872 node.go:52: do commit
node-8 2022/01/05 20:54:47.017872 node.go:134: Committed value: node-5, 1641387274, Test, 1641387234421321240
node-8 2022/01/05 20:54:47.017872 node.go:134: Committed value: node-6, 1641387275, Test, 1641387234421321241
node-8 2022/01/05 20:54:47.017872 node.go:134: Committed value: node-1, 1641387276, Test, 1641387234421321242
node-8 2022/01/05 20:54:47.017872 node.go:134: Committed value: node-4, 1641387277, Test, 1641387234421321243
node-8 2022/01/05 20:54:47.017872 node.go:134: Committed value: node-3, 1641387278, Test, 1641387234421321244
node-8 2022/01/05 20:54:47.017872 node.go:134: Committed value: node-5, 1641387279, Test, 1641387234421321245
node-8 2022/01/05 20:54:47.017872 node.go:134: Committed value: node-1, 1641387280, Test, 1641387234421321246
node-8 2022/01/05 20:54:47.017872 node.go:134: Committed value: node-1, 1641387281, Test, 1641387234421321247
node-8 2022/01/05 20:54:47.017872 node.go:134: Committed value: node-4, 1641387282, Test, 1641387234421321248
node-8 2022/01/05 20:54:47.017872 node.go:134: Committed value: node-4, 1641387283, Test, 1641387234421321249
node-8 2022/01/05 20:54:47.017872 node.go:134: Committed value: node-4, 1641387284, Test, 1641387234421321250
node-8 2022/01/05 20:54:47.017872 node.go:134: Committed value: node-2, 1641387285, Test, 1641387234421321251
node-8 2022/01/05 20:54:47.017872 node.go:134: Committed value: node-4, 1641387287, Test, 1641387234421321252
node-8 2022/01/05 20:54:47.017872 node.go:136: 
node-8 2022/01/05 20:54:47.017872 node.go:140: Reply Finished!
node-8 2022/01/05 20:54:47.017872 node.go:52: do commit
node-8 2022/01/05 20:54:47.017872 node.go:52: do commit
node-8 2022/01/05 20:54:47.018875 node.go:52: do commit
node-8 2022/01/05 20:54:48.022217 node.go:52: do pre-prepare
node-8 2022/01/05 20:54:48.023214 node.go:52: do prepare
node-8 2022/01/05 20:54:48.025210 node.go:52: do commit
node-8 2022/01/05 20:54:48.026205 node.go:52: do prepare
node-8 2022/01/05 20:54:48.026951 node.go:52: do prepare
node-8 2022/01/05 20:54:48.026951 node.go:52: do prepare
node-8 2022/01/05 20:54:48.027951 node.go:52: do prepare
node-8 2022/01/05 20:54:48.027951 node.go:52: do commit
node-8 2022/01/05 20:54:48.027951 node.go:52: do prepare
node-8 2022/01/05 20:54:48.027951 node.go:52: do commit
node-8 2022/01/05 20:54:48.027951 node.go:52: do commit
node-8 2022/01/05 20:54:48.027951 node.go:134: Committed value: node-5, 1641387274, Test, 1641387234421321240
node-8 2022/01/05 20:54:48.027951 node.go:134: Committed value: node-6, 1641387275, Test, 1641387234421321241
node-8 2022/01/05 20:54:48.027951 node.go:134: Committed value: node-1, 1641387276, Test, 1641387234421321242
node-8 2022/01/05 20:54:48.027951 node.go:134: Committed value: node-4, 1641387277, Test, 1641387234421321243
node-8 2022/01/05 20:54:48.027951 node.go:134: Committed value: node-3, 1641387278, Test, 1641387234421321244
node-8 2022/01/05 20:54:48.027951 node.go:134: Committed value: node-5, 1641387279, Test, 1641387234421321245
node-8 2022/01/05 20:54:48.027951 node.go:134: Committed value: node-1, 1641387280, Test, 1641387234421321246
node-8 2022/01/05 20:54:48.027951 node.go:134: Committed value: node-1, 1641387281, Test, 1641387234421321247
node-8 2022/01/05 20:54:48.027951 node.go:134: Committed value: node-4, 1641387282, Test, 1641387234421321248
node-8 2022/01/05 20:54:48.028948 node.go:134: Committed value: node-4, 1641387283, Test, 1641387234421321249
node-8 2022/01/05 20:54:48.028948 node.go:134: Committed value: node-4, 1641387284, Test, 1641387234421321250
node-8 2022/01/05 20:54:48.028948 node.go:134: Committed value: node-2, 1641387285, Test, 1641387234421321251
node-8 2022/01/05 20:54:48.028948 node.go:134: Committed value: node-4, 1641387287, Test, 1641387234421321252
node-8 2022/01/05 20:54:48.028948 node.go:134: Committed value: node-3, 1641387288, Test, 1641387234421321253
node-8 2022/01/05 20:54:48.028948 node.go:136: 
node-8 2022/01/05 20:54:48.028948 node.go:140: Reply Finished!
node-8 2022/01/05 20:54:48.029945 node.go:52: do prepare
node-8 2022/01/05 20:54:48.030942 node.go:52: do commit
node-8 2022/01/05 20:54:48.031940 node.go:52: do commit
node-8 2022/01/05 20:54:48.031940 node.go:52: do commit
node-8 2022/01/05 20:54:48.032936 node.go:52: do commit
node-8 2022/01/05 20:54:49.033788 node.go:52: do pre-prepare
node-8 2022/01/05 20:54:49.034781 node.go:52: do prepare
node-8 2022/01/05 20:54:49.034781 node.go:52: do commit
node-8 2022/01/05 20:54:49.034781 node.go:52: do prepare
node-8 2022/01/05 20:54:49.035791 node.go:52: do prepare
node-8 2022/01/05 20:54:49.036776 node.go:52: do commit
node-8 2022/01/05 20:54:49.036776 node.go:52: do prepare
node-8 2022/01/05 20:54:49.037773 node.go:52: do commit
node-8 2022/01/05 20:54:49.037773 node.go:52: do commit
node-8 2022/01/05 20:54:49.037773 node.go:134: Committed value: node-5, 1641387274, Test, 1641387234421321240
node-8 2022/01/05 20:54:49.037773 node.go:134: Committed value: node-6, 1641387275, Test, 1641387234421321241
node-8 2022/01/05 20:54:49.037773 node.go:134: Committed value: node-1, 1641387276, Test, 1641387234421321242
node-8 2022/01/05 20:54:49.037773 node.go:134: Committed value: node-4, 1641387277, Test, 1641387234421321243
node-8 2022/01/05 20:54:49.037773 node.go:134: Committed value: node-3, 1641387278, Test, 1641387234421321244
node-8 2022/01/05 20:54:49.037773 node.go:134: Committed value: node-5, 1641387279, Test, 1641387234421321245
node-8 2022/01/05 20:54:49.037773 node.go:134: Committed value: node-1, 1641387280, Test, 1641387234421321246
node-8 2022/01/05 20:54:49.037773 node.go:134: Committed value: node-1, 1641387281, Test, 1641387234421321247
node-8 2022/01/05 20:54:49.037773 node.go:134: Committed value: node-4, 1641387282, Test, 1641387234421321248
node-8 2022/01/05 20:54:49.037773 node.go:134: Committed value: node-4, 1641387283, Test, 1641387234421321249
node-8 2022/01/05 20:54:49.037773 node.go:134: Committed value: node-4, 1641387284, Test, 1641387234421321250
node-8 2022/01/05 20:54:49.037773 node.go:134: Committed value: node-2, 1641387285, Test, 1641387234421321251
node-8 2022/01/05 20:54:49.037773 node.go:134: Committed value: node-4, 1641387287, Test, 1641387234421321252
node-8 2022/01/05 20:54:49.037773 node.go:134: Committed value: node-3, 1641387288, Test, 1641387234421321253
node-8 2022/01/05 20:54:49.037773 node.go:134: Committed value: node-7, 1641387289, Test, 1641387234421321254
node-8 2022/01/05 20:54:49.037773 node.go:136: 
node-8 2022/01/05 20:54:49.037773 node.go:140: Reply Finished!
node-8 2022/01/05 20:54:49.038770 node.go:52: do prepare
node-8 2022/01/05 20:54:49.038770 node.go:52: do commit
node-8 2022/01/05 20:54:49.038770 node.go:52: do commit
node-8 2022/01/05 20:54:49.038770 node.go:52: do prepare
node-8 2022/01/05 20:54:49.039772 node.go:52: do prepare
node-8 2022/01/05 20:54:49.042760 node.go:52: do commit
node-8 2022/01/05 20:54:49.042760 node.go:52: do commit
node-8 2022/01/05 20:54:50.045043 node.go:52: do pre-prepare
node-8 2022/01/05 20:54:50.047046 node.go:52: do prepare
node-8 2022/01/05 20:54:50.047046 node.go:52: do prepare
node-8 2022/01/05 20:54:50.047046 node.go:52: do commit
node-8 2022/01/05 20:54:50.047046 node.go:52: do commit
node-8 2022/01/05 20:54:50.050092 node.go:52: do prepare
node-8 2022/01/05 20:54:50.050092 node.go:52: do prepare
node-8 2022/01/05 20:54:50.050092 node.go:52: do prepare
node-8 2022/01/05 20:54:50.050092 node.go:52: do commit
node-8 2022/01/05 20:54:50.050092 node.go:134: Committed value: node-5, 1641387274, Test, 1641387234421321240
node-8 2022/01/05 20:54:50.050092 node.go:134: Committed value: node-6, 1641387275, Test, 1641387234421321241
node-8 2022/01/05 20:54:50.050092 node.go:134: Committed value: node-1, 1641387276, Test, 1641387234421321242
node-8 2022/01/05 20:54:50.050092 node.go:134: Committed value: node-4, 1641387277, Test, 1641387234421321243
node-8 2022/01/05 20:54:50.050092 node.go:134: Committed value: node-3, 1641387278, Test, 1641387234421321244
node-8 2022/01/05 20:54:50.051036 node.go:134: Committed value: node-5, 1641387279, Test, 1641387234421321245
node-8 2022/01/05 20:54:50.051036 node.go:134: Committed value: node-1, 1641387280, Test, 1641387234421321246
node-8 2022/01/05 20:54:50.051036 node.go:134: Committed value: node-1, 1641387281, Test, 1641387234421321247
node-8 2022/01/05 20:54:50.051036 node.go:134: Committed value: node-4, 1641387282, Test, 1641387234421321248
node-8 2022/01/05 20:54:50.051036 node.go:134: Committed value: node-4, 1641387283, Test, 1641387234421321249
node-8 2022/01/05 20:54:50.051036 node.go:134: Committed value: node-4, 1641387284, Test, 1641387234421321250
node-8 2022/01/05 20:54:50.051036 node.go:134: Committed value: node-2, 1641387285, Test, 1641387234421321251
node-8 2022/01/05 20:54:50.051036 node.go:134: Committed value: node-4, 1641387287, Test, 1641387234421321252
node-8 2022/01/05 20:54:50.051036 node.go:134: Committed value: node-3, 1641387288, Test, 1641387234421321253
node-8 2022/01/05 20:54:50.051036 node.go:134: Committed value: node-7, 1641387289, Test, 1641387234421321254
node-8 2022/01/05 20:54:50.051036 node.go:134: Committed value: node-1, 1641387290, Test, 1641387234421321255
node-8 2022/01/05 20:54:50.051036 node.go:136: 
node-8 2022/01/05 20:54:50.051036 node.go:140: Reply Finished!
node-8 2022/01/05 20:54:50.051804 node.go:52: do commit
node-8 2022/01/05 20:54:50.051804 node.go:52: do prepare
node-8 2022/01/05 20:54:50.051804 node.go:52: do commit
node-8 2022/01/05 20:54:50.052804 node.go:52: do commit
node-8 2022/01/05 20:54:50.052804 node.go:52: do prepare
node-8 2022/01/05 20:54:50.053802 node.go:52: do commit
node-8 2022/01/05 20:54:50.054799 node.go:52: do commit
node-8 2022/01/05 20:54:51.060188 node.go:52: do pre-prepare
node-8 2022/01/05 20:54:51.063173 node.go:52: do prepare
node-8 2022/01/05 20:54:51.064172 node.go:52: do prepare
node-8 2022/01/05 20:54:51.065169 node.go:52: do commit
node-8 2022/01/05 20:54:51.065169 node.go:52: do prepare
node-8 2022/01/05 20:54:51.065169 node.go:52: do prepare
node-8 2022/01/05 20:54:51.065169 node.go:52: do commit
node-8 2022/01/05 20:54:51.065169 node.go:52: do prepare
node-8 2022/01/05 20:54:51.065169 node.go:52: do commit
node-8 2022/01/05 20:54:51.066165 node.go:52: do prepare
node-8 2022/01/05 20:54:51.067171 node.go:52: do commit
node-8 2022/01/05 20:54:51.067171 node.go:134: Committed value: node-5, 1641387274, Test, 1641387234421321240
node-8 2022/01/05 20:54:51.067171 node.go:134: Committed value: node-6, 1641387275, Test, 1641387234421321241
node-8 2022/01/05 20:54:51.067171 node.go:134: Committed value: node-1, 1641387276, Test, 1641387234421321242
node-8 2022/01/05 20:54:51.067171 node.go:134: Committed value: node-4, 1641387277, Test, 1641387234421321243
node-8 2022/01/05 20:54:51.067171 node.go:134: Committed value: node-3, 1641387278, Test, 1641387234421321244
node-8 2022/01/05 20:54:51.067171 node.go:134: Committed value: node-5, 1641387279, Test, 1641387234421321245
node-8 2022/01/05 20:54:51.067171 node.go:134: Committed value: node-1, 1641387280, Test, 1641387234421321246
node-8 2022/01/05 20:54:51.067171 node.go:134: Committed value: node-1, 1641387281, Test, 1641387234421321247
node-8 2022/01/05 20:54:51.067171 node.go:134: Committed value: node-4, 1641387282, Test, 1641387234421321248
node-8 2022/01/05 20:54:51.067171 node.go:134: Committed value: node-4, 1641387283, Test, 1641387234421321249
node-8 2022/01/05 20:54:51.067171 node.go:134: Committed value: node-4, 1641387284, Test, 1641387234421321250
node-8 2022/01/05 20:54:51.067171 node.go:134: Committed value: node-2, 1641387285, Test, 1641387234421321251
node-8 2022/01/05 20:54:51.067171 node.go:134: Committed value: node-4, 1641387287, Test, 1641387234421321252
node-8 2022/01/05 20:54:51.067171 node.go:134: Committed value: node-3, 1641387288, Test, 1641387234421321253
node-8 2022/01/05 20:54:51.067171 node.go:134: Committed value: node-7, 1641387289, Test, 1641387234421321254
node-8 2022/01/05 20:54:51.067171 node.go:134: Committed value: node-1, 1641387290, Test, 1641387234421321255
node-8 2022/01/05 20:54:51.067171 node.go:134: Committed value: node-4, 1641387291, Test, 1641387234421321256
node-8 2022/01/05 20:54:51.067171 node.go:136: 
node-8 2022/01/05 20:54:51.067171 node.go:140: Reply Finished!
node-8 2022/01/05 20:54:51.070156 node.go:52: do prepare
node-8 2022/01/05 20:54:51.070156 node.go:52: do commit
node-8 2022/01/05 20:54:51.070156 node.go:52: do commit
node-8 2022/01/05 20:54:51.071160 node.go:52: do commit
node-8 2022/01/05 20:54:51.071160 node.go:52: do commit
node-8 2022/01/05 20:54:52.082888 node.go:52: do pre-prepare
node-8 2022/01/05 20:54:52.084881 node.go:52: do commit
node-8 2022/01/05 20:54:52.084881 node.go:52: do prepare
node-8 2022/01/05 20:54:52.084881 node.go:52: do prepare
node-8 2022/01/05 20:54:52.084881 node.go:52: do prepare
node-8 2022/01/05 20:54:52.085877 node.go:52: do prepare
node-8 2022/01/05 20:54:52.085877 node.go:52: do commit
node-8 2022/01/05 20:54:52.085877 node.go:52: do prepare
node-8 2022/01/05 20:54:52.085877 node.go:52: do prepare
node-8 2022/01/05 20:54:52.085877 node.go:134: Committed value: node-5, 1641387274, Test, 1641387234421321240
node-8 2022/01/05 20:54:52.085877 node.go:134: Committed value: node-6, 1641387275, Test, 1641387234421321241
node-8 2022/01/05 20:54:52.085877 node.go:134: Committed value: node-1, 1641387276, Test, 1641387234421321242
node-8 2022/01/05 20:54:52.085877 node.go:134: Committed value: node-4, 1641387277, Test, 1641387234421321243
node-8 2022/01/05 20:54:52.085877 node.go:134: Committed value: node-3, 1641387278, Test, 1641387234421321244
node-8 2022/01/05 20:54:52.085877 node.go:134: Committed value: node-5, 1641387279, Test, 1641387234421321245
node-8 2022/01/05 20:54:52.085877 node.go:134: Committed value: node-1, 1641387280, Test, 1641387234421321246
node-8 2022/01/05 20:54:52.085877 node.go:134: Committed value: node-1, 1641387281, Test, 1641387234421321247
node-8 2022/01/05 20:54:52.086874 node.go:134: Committed value: node-4, 1641387282, Test, 1641387234421321248
node-8 2022/01/05 20:54:52.086874 node.go:134: Committed value: node-4, 1641387283, Test, 1641387234421321249
node-8 2022/01/05 20:54:52.086874 node.go:134: Committed value: node-4, 1641387284, Test, 1641387234421321250
node-8 2022/01/05 20:54:52.086874 node.go:134: Committed value: node-2, 1641387285, Test, 1641387234421321251
node-8 2022/01/05 20:54:52.086874 node.go:134: Committed value: node-4, 1641387287, Test, 1641387234421321252
node-8 2022/01/05 20:54:52.086874 node.go:134: Committed value: node-3, 1641387288, Test, 1641387234421321253
node-8 2022/01/05 20:54:52.086874 node.go:134: Committed value: node-7, 1641387289, Test, 1641387234421321254
node-8 2022/01/05 20:54:52.086874 node.go:134: Committed value: node-1, 1641387290, Test, 1641387234421321255
node-8 2022/01/05 20:54:52.086874 node.go:134: Committed value: node-4, 1641387291, Test, 1641387234421321256
node-8 2022/01/05 20:54:52.086874 node.go:134: Committed value: node-2, 1641387292, Test, 1641387234421321257
node-8 2022/01/05 20:54:52.086874 node.go:136: 
node-8 2022/01/05 20:54:52.086874 node.go:140: Reply Finished!
node-8 2022/01/05 20:54:52.086874 node.go:52: do commit
node-8 2022/01/05 20:54:52.086874 node.go:52: do commit
node-8 2022/01/05 20:54:52.086874 node.go:52: do commit
node-8 2022/01/05 20:54:52.086874 node.go:52: do commit
node-8 2022/01/05 20:54:52.088869 node.go:52: do prepare
node-8 2022/01/05 20:54:52.089866 node.go:52: do commit
node-8 2022/01/05 20:54:52.091861 node.go:52: do commit
node-8 2022/01/05 20:54:53.094525 node.go:52: do prepare
node-8 2022/01/05 20:54:53.094525 node.go:52: do prepare
node-8 2022/01/05 20:54:53.094525 node.go:52: do pre-prepare
node-8 2022/01/05 20:54:53.095522 node.go:52: do prepare
node-8 2022/01/05 20:54:53.097097 node.go:52: do prepare
node-8 2022/01/05 20:54:53.098691 node.go:52: do prepare
node-8 2022/01/05 20:54:53.100688 node.go:52: do commit
node-8 2022/01/05 20:54:53.100688 node.go:134: Committed value: node-5, 1641387274, Test, 1641387234421321240
node-8 2022/01/05 20:54:53.100688 node.go:134: Committed value: node-6, 1641387275, Test, 1641387234421321241
node-8 2022/01/05 20:54:53.100688 node.go:134: Committed value: node-1, 1641387276, Test, 1641387234421321242
node-8 2022/01/05 20:54:53.100688 node.go:134: Committed value: node-4, 1641387277, Test, 1641387234421321243
node-8 2022/01/05 20:54:53.100688 node.go:134: Committed value: node-3, 1641387278, Test, 1641387234421321244
node-8 2022/01/05 20:54:53.100688 node.go:134: Committed value: node-5, 1641387279, Test, 1641387234421321245
node-8 2022/01/05 20:54:53.100688 node.go:134: Committed value: node-1, 1641387280, Test, 1641387234421321246
node-8 2022/01/05 20:54:53.100688 node.go:134: Committed value: node-1, 1641387281, Test, 1641387234421321247
node-8 2022/01/05 20:54:53.100688 node.go:134: Committed value: node-4, 1641387282, Test, 1641387234421321248
node-8 2022/01/05 20:54:53.100688 node.go:134: Committed value: node-4, 1641387283, Test, 1641387234421321249
node-8 2022/01/05 20:54:53.100688 node.go:134: Committed value: node-4, 1641387284, Test, 1641387234421321250
node-8 2022/01/05 20:54:53.100688 node.go:134: Committed value: node-2, 1641387285, Test, 1641387234421321251
node-8 2022/01/05 20:54:53.100688 node.go:134: Committed value: node-4, 1641387287, Test, 1641387234421321252
node-8 2022/01/05 20:54:53.100688 node.go:134: Committed value: node-3, 1641387288, Test, 1641387234421321253
node-8 2022/01/05 20:54:53.100688 node.go:134: Committed value: node-7, 1641387289, Test, 1641387234421321254
node-8 2022/01/05 20:54:53.100688 node.go:134: Committed value: node-1, 1641387290, Test, 1641387234421321255
node-8 2022/01/05 20:54:53.100688 node.go:134: Committed value: node-4, 1641387291, Test, 1641387234421321256
node-8 2022/01/05 20:54:53.100688 node.go:134: Committed value: node-2, 1641387292, Test, 1641387234421321257
node-8 2022/01/05 20:54:53.100688 node.go:134: Committed value: node-5, 1641387293, Test, 1641387234421321258
node-8 2022/01/05 20:54:53.100688 node.go:136: 
node-8 2022/01/05 20:54:53.100688 node.go:140: Reply Finished!
node-8 2022/01/05 20:54:53.100688 node.go:52: do commit
node-8 2022/01/05 20:54:53.100688 node.go:52: do prepare
node-8 2022/01/05 20:54:53.100688 node.go:52: do prepare
node-8 2022/01/05 20:54:53.101686 node.go:52: do commit
node-8 2022/01/05 20:54:53.102682 node.go:52: do commit
node-8 2022/01/05 20:54:53.102682 node.go:52: do commit
node-8 2022/01/05 20:54:53.103625 node.go:52: do commit
node-8 2022/01/05 20:54:53.103625 node.go:52: do commit
node-8 2022/01/05 20:54:53.104625 node.go:52: do commit
node-8 2022/01/05 20:54:54.117068 node.go:52: do client
node-8 2022/01/05 20:54:54.117068 node.go:111: Start request as Client, time: 1641387294117068
node-8 2022/01/05 20:54:54.118882 node.go:52: do pre-prepare
node-8 2022/01/05 20:54:54.118882 node.go:52: do prepare
node-8 2022/01/05 20:54:54.118882 node.go:52: do prepare
node-8 2022/01/05 20:54:54.119878 node.go:52: do commit
node-8 2022/01/05 20:54:54.120876 node.go:52: do prepare
node-8 2022/01/05 20:54:54.121873 node.go:52: do prepare
node-8 2022/01/05 20:54:54.122870 node.go:52: do commit
node-8 2022/01/05 20:54:54.122870 node.go:52: do commit
node-8 2022/01/05 20:54:54.122870 node.go:52: do commit
node-8 2022/01/05 20:54:54.122870 node.go:52: do reply
node-8 2022/01/05 20:54:54.122870 node.go:123: Result: Executed by node-1
node-8 2022/01/05 20:54:54.123868 node.go:52: do commit
node-8 2022/01/05 20:54:54.123868 node.go:52: do prepare
node-8 2022/01/05 20:54:54.123868 node.go:52: do prepare
node-8 2022/01/05 20:54:54.123868 node.go:52: do commit
node-8 2022/01/05 20:54:54.123868 node.go:134: Committed value: node-5, 1641387274, Test, 1641387234421321240
node-8 2022/01/05 20:54:54.123868 node.go:134: Committed value: node-6, 1641387275, Test, 1641387234421321241
node-8 2022/01/05 20:54:54.123868 node.go:134: Committed value: node-1, 1641387276, Test, 1641387234421321242
node-8 2022/01/05 20:54:54.123868 node.go:134: Committed value: node-4, 1641387277, Test, 1641387234421321243
node-8 2022/01/05 20:54:54.123868 node.go:134: Committed value: node-3, 1641387278, Test, 1641387234421321244
node-8 2022/01/05 20:54:54.123868 node.go:134: Committed value: node-5, 1641387279, Test, 1641387234421321245
node-8 2022/01/05 20:54:54.123868 node.go:134: Committed value: node-1, 1641387280, Test, 1641387234421321246
node-8 2022/01/05 20:54:54.123868 node.go:134: Committed value: node-1, 1641387281, Test, 1641387234421321247
node-8 2022/01/05 20:54:54.123868 node.go:134: Committed value: node-4, 1641387282, Test, 1641387234421321248
node-8 2022/01/05 20:54:54.123868 node.go:134: Committed value: node-4, 1641387283, Test, 1641387234421321249
node-8 2022/01/05 20:54:54.123868 node.go:134: Committed value: node-4, 1641387284, Test, 1641387234421321250
node-8 2022/01/05 20:54:54.123868 node.go:134: Committed value: node-2, 1641387285, Test, 1641387234421321251
node-8 2022/01/05 20:54:54.123868 node.go:134: Committed value: node-4, 1641387287, Test, 1641387234421321252
node-8 2022/01/05 20:54:54.123868 node.go:134: Committed value: node-3, 1641387288, Test, 1641387234421321253
node-8 2022/01/05 20:54:54.123868 node.go:134: Committed value: node-7, 1641387289, Test, 1641387234421321254
node-8 2022/01/05 20:54:54.123868 node.go:134: Committed value: node-1, 1641387290, Test, 1641387234421321255
node-8 2022/01/05 20:54:54.123868 node.go:134: Committed value: node-4, 1641387291, Test, 1641387234421321256
node-8 2022/01/05 20:54:54.123868 node.go:134: Committed value: node-2, 1641387292, Test, 1641387234421321257
node-8 2022/01/05 20:54:54.123868 node.go:134: Committed value: node-5, 1641387293, Test, 1641387234421321258
node-8 2022/01/05 20:54:54.123868 node.go:134: Committed value: node-8, 1641387294, Test, 1641387234421321259
node-8 2022/01/05 20:54:54.123868 node.go:136: 
node-8 2022/01/05 20:54:54.123868 node.go:140: Reply Finished!
node-8 2022/01/05 20:54:54.123868 node.go:52: do commit
node-8 2022/01/05 20:54:54.123868 node.go:52: do commit
node-8 2022/01/05 20:54:54.124864 node.go:52: do reply
node-8 2022/01/05 20:54:54.124864 node.go:123: Result: Executed by node-4
node-8 2022/01/05 20:54:54.125601 node.go:52: do prepare
node-8 2022/01/05 20:54:54.126649 node.go:52: do reply
node-8 2022/01/05 20:54:54.126649 node.go:123: Result: Executed by node-3
node-8 2022/01/05 20:54:54.126649 node.go:52: do reply
node-8 2022/01/05 20:54:54.126649 node.go:123: Result: Executed by node-9
node-8 2022/01/05 20:54:54.126649 node.go:116: Request Finished! Delay: 9581
node-8 2022/01/05 20:54:54.126649 node.go:117: 1641387294117068 1641387294126649
node-8 2022/01/05 20:54:54.126649 node.go:52: do reply
node-8 2022/01/05 20:54:54.126649 node.go:123: Result: Executed by node-6
node-8 2022/01/05 20:54:54.126649 node.go:52: do reply
node-8 2022/01/05 20:54:54.126649 node.go:123: Result: Executed by node-8
node-8 2022/01/05 20:54:54.126649 node.go:52: do reply
node-8 2022/01/05 20:54:54.126649 node.go:123: Result: Executed by node-7
node-8 2022/01/05 20:54:54.126649 node.go:52: do reply
node-8 2022/01/05 20:54:54.126649 node.go:123: Result: Executed by node-5
node-8 2022/01/05 20:54:54.126649 node.go:52: do reply
node-8 2022/01/05 20:54:54.126649 node.go:123: Result: Executed by node-2
node-8 2022/01/05 20:54:55.141470 node.go:52: do add
node-8 2022/01/05 20:54:55.141470 node.go:582: f: 3 ; 2f: 6
node-8 2022/01/05 20:54:55.142623 node.go:52: do client
node-8 2022/01/05 20:54:55.142623 node.go:111: Start request as Client, time: 1641387295142623
node-8 2022/01/05 20:54:55.142623 node.go:52: do pre-prepare
node-8 2022/01/05 20:54:55.143623 node.go:52: do prepare
node-8 2022/01/05 20:54:55.144621 node.go:52: do prepare
node-8 2022/01/05 20:54:55.144621 node.go:52: do prepare
node-8 2022/01/05 20:54:55.144621 node.go:52: do commit
node-8 2022/01/05 20:54:55.144621 node.go:52: do commit
node-8 2022/01/05 20:54:55.145618 node.go:52: do prepare
node-8 2022/01/05 20:54:55.145618 node.go:52: do prepare
node-8 2022/01/05 20:54:55.146614 node.go:52: do prepare
node-8 2022/01/05 20:54:55.146614 node.go:52: do reply
node-8 2022/01/05 20:54:55.146614 node.go:123: Result: Executed by node-1
node-8 2022/01/05 20:54:55.146614 node.go:52: do prepare
node-8 2022/01/05 20:54:55.146614 node.go:52: do commit
node-8 2022/01/05 20:54:55.146614 node.go:52: do commit
node-8 2022/01/05 20:54:55.147611 node.go:52: do reply
node-8 2022/01/05 20:54:55.147611 node.go:123: Result: Executed by node-7
node-8 2022/01/05 20:54:55.147611 node.go:52: do commit
node-8 2022/01/05 20:54:55.147611 node.go:134: Committed value: node-5, 1641387274, Test, 1641387234421321240
node-8 2022/01/05 20:54:55.147611 node.go:134: Committed value: node-6, 1641387275, Test, 1641387234421321241
node-8 2022/01/05 20:54:55.147611 node.go:134: Committed value: node-1, 1641387276, Test, 1641387234421321242
node-8 2022/01/05 20:54:55.147611 node.go:134: Committed value: node-4, 1641387277, Test, 1641387234421321243
node-8 2022/01/05 20:54:55.147611 node.go:134: Committed value: node-3, 1641387278, Test, 1641387234421321244
node-8 2022/01/05 20:54:55.147611 node.go:134: Committed value: node-5, 1641387279, Test, 1641387234421321245
node-8 2022/01/05 20:54:55.147611 node.go:134: Committed value: node-1, 1641387280, Test, 1641387234421321246
node-8 2022/01/05 20:54:55.147611 node.go:134: Committed value: node-1, 1641387281, Test, 1641387234421321247
node-8 2022/01/05 20:54:55.147611 node.go:134: Committed value: node-4, 1641387282, Test, 1641387234421321248
node-8 2022/01/05 20:54:55.147611 node.go:134: Committed value: node-4, 1641387283, Test, 1641387234421321249
node-8 2022/01/05 20:54:55.147611 node.go:134: Committed value: node-4, 1641387284, Test, 1641387234421321250
node-8 2022/01/05 20:54:55.147611 node.go:134: Committed value: node-2, 1641387285, Test, 1641387234421321251
node-8 2022/01/05 20:54:55.147611 node.go:134: Committed value: node-4, 1641387287, Test, 1641387234421321252
node-8 2022/01/05 20:54:55.147611 node.go:134: Committed value: node-3, 1641387288, Test, 1641387234421321253
node-8 2022/01/05 20:54:55.147611 node.go:134: Committed value: node-7, 1641387289, Test, 1641387234421321254
node-8 2022/01/05 20:54:55.147611 node.go:134: Committed value: node-1, 1641387290, Test, 1641387234421321255
node-8 2022/01/05 20:54:55.147611 node.go:134: Committed value: node-4, 1641387291, Test, 1641387234421321256
node-8 2022/01/05 20:54:55.147611 node.go:134: Committed value: node-2, 1641387292, Test, 1641387234421321257
node-8 2022/01/05 20:54:55.147611 node.go:134: Committed value: node-5, 1641387293, Test, 1641387234421321258
node-8 2022/01/05 20:54:55.147611 node.go:134: Committed value: node-8, 1641387294, Test, 1641387234421321259
node-8 2022/01/05 20:54:55.147611 node.go:134: Committed value: node-8, 1641387295, Test, 1641387234421321260
node-8 2022/01/05 20:54:55.147611 node.go:136: 
node-8 2022/01/05 20:54:55.147611 node.go:140: Reply Finished!
node-8 2022/01/05 20:54:55.147611 node.go:52: do commit
node-8 2022/01/05 20:54:55.147611 node.go:52: do prepare
node-8 2022/01/05 20:54:55.148609 node.go:52: do commit
node-8 2022/01/05 20:54:55.148609 node.go:52: do reply
node-8 2022/01/05 20:54:55.148609 node.go:123: Result: Executed by node-10
node-8 2022/01/05 20:54:55.148609 node.go:52: do reply
node-8 2022/01/05 20:54:55.148609 node.go:123: Result: Executed by node-3
node-8 2022/01/05 20:54:55.148609 node.go:116: Request Finished! Delay: 5986
node-8 2022/01/05 20:54:55.148609 node.go:117: 1641387295142623 1641387295148609
node-8 2022/01/05 20:54:55.148609 node.go:52: do reply
node-8 2022/01/05 20:54:55.148609 node.go:123: Result: Executed by node-4
node-8 2022/01/05 20:54:55.149607 node.go:52: do commit
node-8 2022/01/05 20:54:55.150614 node.go:52: do reply
node-8 2022/01/05 20:54:55.150614 node.go:123: Result: Executed by node-6
node-8 2022/01/05 20:54:55.151601 node.go:52: do commit
node-8 2022/01/05 20:54:55.151601 node.go:52: do reply
node-8 2022/01/05 20:54:55.151601 node.go:123: Result: Executed by node-2
node-8 2022/01/05 20:54:55.151601 node.go:52: do reply
node-8 2022/01/05 20:54:55.151601 node.go:123: Result: Executed by node-8
node-8 2022/01/05 20:54:55.152599 node.go:52: do reply
node-8 2022/01/05 20:54:55.152599 node.go:123: Result: Executed by node-9
node-8 2022/01/05 20:54:55.152599 node.go:52: do reply
node-8 2022/01/05 20:54:55.152599 node.go:123: Result: Executed by node-5
node-8 2022/01/05 20:54:56.150325 node.go:52: do pre-prepare
node-8 2022/01/05 20:54:56.151312 node.go:52: do prepare
node-8 2022/01/05 20:54:56.151312 node.go:52: do prepare
node-8 2022/01/05 20:54:56.151312 node.go:52: do prepare
node-8 2022/01/05 20:54:56.152308 node.go:52: do commit
node-8 2022/01/05 20:54:56.152308 node.go:52: do prepare
node-8 2022/01/05 20:54:56.152308 node.go:52: do prepare
node-8 2022/01/05 20:54:56.152308 node.go:52: do commit
node-8 2022/01/05 20:54:56.152308 node.go:52: do prepare
node-8 2022/01/05 20:54:56.155308 node.go:52: do commit
node-8 2022/01/05 20:54:56.155308 node.go:134: Committed value: node-5, 1641387274, Test, 1641387234421321240
node-8 2022/01/05 20:54:56.155308 node.go:134: Committed value: node-6, 1641387275, Test, 1641387234421321241
node-8 2022/01/05 20:54:56.155308 node.go:134: Committed value: node-1, 1641387276, Test, 1641387234421321242
node-8 2022/01/05 20:54:56.155308 node.go:134: Committed value: node-4, 1641387277, Test, 1641387234421321243
node-8 2022/01/05 20:54:56.155308 node.go:134: Committed value: node-3, 1641387278, Test, 1641387234421321244
node-8 2022/01/05 20:54:56.155308 node.go:134: Committed value: node-5, 1641387279, Test, 1641387234421321245
node-8 2022/01/05 20:54:56.155308 node.go:134: Committed value: node-1, 1641387280, Test, 1641387234421321246
node-8 2022/01/05 20:54:56.155308 node.go:134: Committed value: node-1, 1641387281, Test, 1641387234421321247
node-8 2022/01/05 20:54:56.155308 node.go:134: Committed value: node-4, 1641387282, Test, 1641387234421321248
node-8 2022/01/05 20:54:56.155308 node.go:134: Committed value: node-4, 1641387283, Test, 1641387234421321249
node-8 2022/01/05 20:54:56.155308 node.go:134: Committed value: node-4, 1641387284, Test, 1641387234421321250
node-8 2022/01/05 20:54:56.155308 node.go:134: Committed value: node-2, 1641387285, Test, 1641387234421321251
node-8 2022/01/05 20:54:56.155308 node.go:134: Committed value: node-4, 1641387287, Test, 1641387234421321252
node-8 2022/01/05 20:54:56.155308 node.go:134: Committed value: node-3, 1641387288, Test, 1641387234421321253
node-8 2022/01/05 20:54:56.155308 node.go:134: Committed value: node-7, 1641387289, Test, 1641387234421321254
node-8 2022/01/05 20:54:56.155308 node.go:134: Committed value: node-1, 1641387290, Test, 1641387234421321255
node-8 2022/01/05 20:54:56.155308 node.go:134: Committed value: node-4, 1641387291, Test, 1641387234421321256
node-8 2022/01/05 20:54:56.155308 node.go:134: Committed value: node-2, 1641387292, Test, 1641387234421321257
node-8 2022/01/05 20:54:56.155308 node.go:134: Committed value: node-5, 1641387293, Test, 1641387234421321258
node-8 2022/01/05 20:54:56.155308 node.go:134: Committed value: node-8, 1641387294, Test, 1641387234421321259
node-8 2022/01/05 20:54:56.155308 node.go:134: Committed value: node-8, 1641387295, Test, 1641387234421321260
node-8 2022/01/05 20:54:56.155308 node.go:134: Committed value: node-10, 1641387296, Test, 1641387234421321261
node-8 2022/01/05 20:54:56.155308 node.go:136: 
node-8 2022/01/05 20:54:56.155308 node.go:140: Reply Finished!
node-8 2022/01/05 20:54:56.157294 node.go:52: do commit
node-8 2022/01/05 20:54:56.157294 node.go:52: do prepare
node-8 2022/01/05 20:54:56.158292 node.go:52: do commit
node-8 2022/01/05 20:54:56.158292 node.go:52: do prepare
node-8 2022/01/05 20:54:56.159290 node.go:52: do commit
node-8 2022/01/05 20:54:56.159290 node.go:52: do commit
node-8 2022/01/05 20:54:56.159290 node.go:52: do commit
node-8 2022/01/05 20:54:56.159290 node.go:52: do commit
node-8 2022/01/05 20:54:57.161954 node.go:52: do pre-prepare
node-8 2022/01/05 20:54:57.161954 node.go:52: do prepare
node-8 2022/01/05 20:54:57.161954 node.go:52: do prepare
node-8 2022/01/05 20:54:57.161954 node.go:52: do prepare
node-8 2022/01/05 20:54:57.165184 node.go:52: do prepare
node-8 2022/01/05 20:54:57.165184 node.go:52: do prepare
node-8 2022/01/05 20:54:57.166182 node.go:52: do commit
node-8 2022/01/05 20:54:57.166182 node.go:134: Committed value: node-5, 1641387274, Test, 1641387234421321240
node-8 2022/01/05 20:54:57.166182 node.go:134: Committed value: node-6, 1641387275, Test, 1641387234421321241
node-8 2022/01/05 20:54:57.166182 node.go:134: Committed value: node-1, 1641387276, Test, 1641387234421321242
node-8 2022/01/05 20:54:57.166182 node.go:134: Committed value: node-4, 1641387277, Test, 1641387234421321243
node-8 2022/01/05 20:54:57.166182 node.go:134: Committed value: node-3, 1641387278, Test, 1641387234421321244
node-8 2022/01/05 20:54:57.166182 node.go:134: Committed value: node-5, 1641387279, Test, 1641387234421321245
node-8 2022/01/05 20:54:57.166182 node.go:134: Committed value: node-1, 1641387280, Test, 1641387234421321246
node-8 2022/01/05 20:54:57.166182 node.go:134: Committed value: node-1, 1641387281, Test, 1641387234421321247
node-8 2022/01/05 20:54:57.166182 node.go:134: Committed value: node-4, 1641387282, Test, 1641387234421321248
node-8 2022/01/05 20:54:57.166182 node.go:134: Committed value: node-4, 1641387283, Test, 1641387234421321249
node-8 2022/01/05 20:54:57.166182 node.go:134: Committed value: node-4, 1641387284, Test, 1641387234421321250
node-8 2022/01/05 20:54:57.166182 node.go:134: Committed value: node-2, 1641387285, Test, 1641387234421321251
node-8 2022/01/05 20:54:57.166182 node.go:134: Committed value: node-4, 1641387287, Test, 1641387234421321252
node-8 2022/01/05 20:54:57.166182 node.go:134: Committed value: node-3, 1641387288, Test, 1641387234421321253
node-8 2022/01/05 20:54:57.166182 node.go:134: Committed value: node-7, 1641387289, Test, 1641387234421321254
node-8 2022/01/05 20:54:57.166182 node.go:134: Committed value: node-1, 1641387290, Test, 1641387234421321255
node-8 2022/01/05 20:54:57.166182 node.go:134: Committed value: node-4, 1641387291, Test, 1641387234421321256
node-8 2022/01/05 20:54:57.166182 node.go:134: Committed value: node-2, 1641387292, Test, 1641387234421321257
node-8 2022/01/05 20:54:57.166182 node.go:134: Committed value: node-5, 1641387293, Test, 1641387234421321258
node-8 2022/01/05 20:54:57.166182 node.go:134: Committed value: node-8, 1641387294, Test, 1641387234421321259
node-8 2022/01/05 20:54:57.166182 node.go:134: Committed value: node-8, 1641387295, Test, 1641387234421321260
node-8 2022/01/05 20:54:57.166182 node.go:134: Committed value: node-10, 1641387296, Test, 1641387234421321261
node-8 2022/01/05 20:54:57.166182 node.go:134: Committed value: node-1, 1641387297, Test, 1641387234421321262
node-8 2022/01/05 20:54:57.166182 node.go:136: 
node-8 2022/01/05 20:54:57.166182 node.go:140: Reply Finished!
node-8 2022/01/05 20:54:57.166182 node.go:52: do commit
node-8 2022/01/05 20:54:57.167189 node.go:52: do prepare
node-8 2022/01/05 20:54:57.167189 node.go:52: do commit
node-8 2022/01/05 20:54:57.167189 node.go:52: do commit
node-8 2022/01/05 20:54:57.167189 node.go:52: do commit
node-8 2022/01/05 20:54:57.167189 node.go:52: do commit
node-8 2022/01/05 20:54:57.168177 node.go:52: do commit
node-8 2022/01/05 20:54:57.168177 node.go:52: do prepare
node-8 2022/01/05 20:54:57.169178 node.go:52: do commit
node-8 2022/01/05 20:54:57.169178 node.go:52: do prepare
node-8 2022/01/05 20:54:57.170173 node.go:52: do commit
node-8 2022/01/05 20:54:58.174971 node.go:52: do prepare
node-8 2022/01/05 20:54:58.175968 node.go:52: do prepare
node-8 2022/01/05 20:54:58.175968 node.go:52: do prepare
node-8 2022/01/05 20:54:58.177749 node.go:52: do prepare
node-8 2022/01/05 20:54:58.178750 node.go:52: do commit
node-8 2022/01/05 20:54:58.179746 node.go:52: do prepare
node-8 2022/01/05 20:54:58.179746 node.go:52: do pre-prepare
node-8 2022/01/05 20:54:58.179746 node.go:52: do prepare
node-8 2022/01/05 20:54:58.179746 node.go:52: do prepare
node-8 2022/01/05 20:54:58.179746 node.go:52: do commit
node-8 2022/01/05 20:54:58.179746 node.go:52: do commit
node-8 2022/01/05 20:54:58.180743 node.go:52: do commit
node-8 2022/01/05 20:54:58.180743 node.go:134: Committed value: node-5, 1641387274, Test, 1641387234421321240
node-8 2022/01/05 20:54:58.180743 node.go:134: Committed value: node-6, 1641387275, Test, 1641387234421321241
node-8 2022/01/05 20:54:58.180743 node.go:134: Committed value: node-1, 1641387276, Test, 1641387234421321242
node-8 2022/01/05 20:54:58.180743 node.go:134: Committed value: node-4, 1641387277, Test, 1641387234421321243
node-8 2022/01/05 20:54:58.180743 node.go:134: Committed value: node-3, 1641387278, Test, 1641387234421321244
node-8 2022/01/05 20:54:58.180743 node.go:134: Committed value: node-5, 1641387279, Test, 1641387234421321245
node-8 2022/01/05 20:54:58.180743 node.go:134: Committed value: node-1, 1641387280, Test, 1641387234421321246
node-8 2022/01/05 20:54:58.180743 node.go:134: Committed value: node-1, 1641387281, Test, 1641387234421321247
node-8 2022/01/05 20:54:58.180743 node.go:134: Committed value: node-4, 1641387282, Test, 1641387234421321248
node-8 2022/01/05 20:54:58.180743 node.go:134: Committed value: node-4, 1641387283, Test, 1641387234421321249
node-8 2022/01/05 20:54:58.180743 node.go:134: Committed value: node-4, 1641387284, Test, 1641387234421321250
node-8 2022/01/05 20:54:58.180743 node.go:134: Committed value: node-2, 1641387285, Test, 1641387234421321251
node-8 2022/01/05 20:54:58.180743 node.go:134: Committed value: node-4, 1641387287, Test, 1641387234421321252
node-8 2022/01/05 20:54:58.180743 node.go:134: Committed value: node-3, 1641387288, Test, 1641387234421321253
node-8 2022/01/05 20:54:58.180743 node.go:134: Committed value: node-7, 1641387289, Test, 1641387234421321254
node-8 2022/01/05 20:54:58.180743 node.go:134: Committed value: node-1, 1641387290, Test, 1641387234421321255
node-8 2022/01/05 20:54:58.180743 node.go:134: Committed value: node-4, 1641387291, Test, 1641387234421321256
node-8 2022/01/05 20:54:58.180743 node.go:134: Committed value: node-2, 1641387292, Test, 1641387234421321257
node-8 2022/01/05 20:54:58.180743 node.go:134: Committed value: node-5, 1641387293, Test, 1641387234421321258
node-8 2022/01/05 20:54:58.180743 node.go:134: Committed value: node-8, 1641387294, Test, 1641387234421321259
node-8 2022/01/05 20:54:58.180743 node.go:134: Committed value: node-8, 1641387295, Test, 1641387234421321260
node-8 2022/01/05 20:54:58.180743 node.go:134: Committed value: node-10, 1641387296, Test, 1641387234421321261
node-8 2022/01/05 20:54:58.180743 node.go:134: Committed value: node-1, 1641387297, Test, 1641387234421321262
node-8 2022/01/05 20:54:58.180743 node.go:134: Committed value: node-10, 1641387298, Test, 1641387234421321263
node-8 2022/01/05 20:54:58.180743 node.go:136: 
node-8 2022/01/05 20:54:58.180743 node.go:140: Reply Finished!
node-8 2022/01/05 20:54:58.181740 node.go:52: do commit
node-8 2022/01/05 20:54:58.182738 node.go:52: do prepare
node-8 2022/01/05 20:54:58.182738 node.go:52: do commit
node-8 2022/01/05 20:54:58.183735 node.go:52: do commit
node-8 2022/01/05 20:54:58.183735 node.go:52: do commit
node-8 2022/01/05 20:54:58.183735 node.go:52: do commit
node-8 2022/01/05 20:54:59.198043 node.go:52: do client
node-8 2022/01/05 20:54:59.198043 node.go:111: Start request as Client, time: 1641387299198043
node-8 2022/01/05 20:54:59.200054 node.go:52: do prepare
node-8 2022/01/05 20:54:59.200054 node.go:52: do commit
node-8 2022/01/05 20:54:59.200054 node.go:52: do pre-prepare
node-8 2022/01/05 20:54:59.201049 node.go:52: do prepare
node-8 2022/01/05 20:54:59.203045 node.go:52: do prepare
node-8 2022/01/05 20:54:59.204042 node.go:52: do prepare
node-8 2022/01/05 20:54:59.204042 node.go:52: do commit
node-8 2022/01/05 20:54:59.204042 node.go:52: do prepare
node-8 2022/01/05 20:54:59.204042 node.go:52: do reply
node-8 2022/01/05 20:54:59.204042 node.go:123: Result: Executed by node-6
node-8 2022/01/05 20:54:59.205040 node.go:52: do reply
node-8 2022/01/05 20:54:59.205040 node.go:123: Result: Executed by node-10
node-8 2022/01/05 20:54:59.205040 node.go:52: do commit
node-8 2022/01/05 20:54:59.206036 node.go:52: do prepare
node-8 2022/01/05 20:54:59.206036 node.go:52: do reply
node-8 2022/01/05 20:54:59.206036 node.go:123: Result: Executed by node-7
node-8 2022/01/05 20:54:59.206036 node.go:52: do reply
node-8 2022/01/05 20:54:59.206036 node.go:123: Result: Executed by node-9
node-8 2022/01/05 20:54:59.206036 node.go:52: do reply
node-8 2022/01/05 20:54:59.206036 node.go:123: Result: Executed by node-3
node-8 2022/01/05 20:54:59.206036 node.go:116: Request Finished! Delay: 7993
node-8 2022/01/05 20:54:59.206036 node.go:117: 1641387299198043 1641387299206036
node-8 2022/01/05 20:54:59.207033 node.go:52: do prepare
node-8 2022/01/05 20:54:59.207033 node.go:52: do prepare
node-8 2022/01/05 20:54:59.209027 node.go:134: Committed value: node-5, 1641387274, Test, 1641387234421321240
node-8 2022/01/05 20:54:59.209027 node.go:134: Committed value: node-6, 1641387275, Test, 1641387234421321241
node-8 2022/01/05 20:54:59.209027 node.go:134: Committed value: node-1, 1641387276, Test, 1641387234421321242
node-8 2022/01/05 20:54:59.209027 node.go:134: Committed value: node-4, 1641387277, Test, 1641387234421321243
node-8 2022/01/05 20:54:59.209027 node.go:134: Committed value: node-3, 1641387278, Test, 1641387234421321244
node-8 2022/01/05 20:54:59.209027 node.go:134: Committed value: node-5, 1641387279, Test, 1641387234421321245
node-8 2022/01/05 20:54:59.209027 node.go:134: Committed value: node-1, 1641387280, Test, 1641387234421321246
node-8 2022/01/05 20:54:59.209027 node.go:134: Committed value: node-1, 1641387281, Test, 1641387234421321247
node-8 2022/01/05 20:54:59.209027 node.go:134: Committed value: node-4, 1641387282, Test, 1641387234421321248
node-8 2022/01/05 20:54:59.209027 node.go:134: Committed value: node-4, 1641387283, Test, 1641387234421321249
node-8 2022/01/05 20:54:59.209027 node.go:134: Committed value: node-4, 1641387284, Test, 1641387234421321250
node-8 2022/01/05 20:54:59.209027 node.go:134: Committed value: node-2, 1641387285, Test, 1641387234421321251
node-8 2022/01/05 20:54:59.209027 node.go:134: Committed value: node-4, 1641387287, Test, 1641387234421321252
node-8 2022/01/05 20:54:59.209027 node.go:134: Committed value: node-3, 1641387288, Test, 1641387234421321253
node-8 2022/01/05 20:54:59.209027 node.go:134: Committed value: node-7, 1641387289, Test, 1641387234421321254
node-8 2022/01/05 20:54:59.209027 node.go:134: Committed value: node-1, 1641387290, Test, 1641387234421321255
node-8 2022/01/05 20:54:59.209027 node.go:134: Committed value: node-4, 1641387291, Test, 1641387234421321256
node-8 2022/01/05 20:54:59.209027 node.go:134: Committed value: node-2, 1641387292, Test, 1641387234421321257
node-8 2022/01/05 20:54:59.209027 node.go:134: Committed value: node-5, 1641387293, Test, 1641387234421321258
node-8 2022/01/05 20:54:59.209027 node.go:134: Committed value: node-8, 1641387294, Test, 1641387234421321259
node-8 2022/01/05 20:54:59.209027 node.go:134: Committed value: node-8, 1641387295, Test, 1641387234421321260
node-8 2022/01/05 20:54:59.209027 node.go:134: Committed value: node-10, 1641387296, Test, 1641387234421321261
node-8 2022/01/05 20:54:59.209027 node.go:134: Committed value: node-1, 1641387297, Test, 1641387234421321262
node-8 2022/01/05 20:54:59.209027 node.go:134: Committed value: node-10, 1641387298, Test, 1641387234421321263
node-8 2022/01/05 20:54:59.209027 node.go:134: Committed value: node-8, 1641387299, Test, 1641387234421321264
node-8 2022/01/05 20:54:59.209027 node.go:136: 
node-8 2022/01/05 20:54:59.209027 node.go:140: Reply Finished!
node-8 2022/01/05 20:54:59.209027 node.go:52: do commit
node-8 2022/01/05 20:54:59.209027 node.go:52: do commit
node-8 2022/01/05 20:54:59.209027 node.go:52: do reply
node-8 2022/01/05 20:54:59.209027 node.go:123: Result: Executed by node-8
node-8 2022/01/05 20:54:59.209027 node.go:52: do reply
node-8 2022/01/05 20:54:59.209027 node.go:123: Result: Executed by node-2
node-8 2022/01/05 20:54:59.209027 node.go:52: do commit
node-8 2022/01/05 20:54:59.209027 node.go:52: do reply
node-8 2022/01/05 20:54:59.209027 node.go:123: Result: Executed by node-4
node-8 2022/01/05 20:54:59.209027 node.go:52: do reply
node-8 2022/01/05 20:54:59.209027 node.go:123: Result: Executed by node-1
node-8 2022/01/05 20:54:59.210025 node.go:52: do commit
node-8 2022/01/05 20:54:59.210025 node.go:52: do reply
node-8 2022/01/05 20:54:59.210025 node.go:123: Result: Executed by node-5
node-8 2022/01/05 20:54:59.210025 node.go:52: do commit
node-8 2022/01/05 20:54:59.210025 node.go:52: do commit
node-8 2022/01/05 20:55:00.213098 node.go:52: do pre-prepare
node-8 2022/01/05 20:55:00.213098 node.go:52: do prepare
node-8 2022/01/05 20:55:00.214095 node.go:52: do prepare
node-8 2022/01/05 20:55:00.214095 node.go:52: do prepare
node-8 2022/01/05 20:55:00.217087 node.go:52: do prepare
node-8 2022/01/05 20:55:00.218083 node.go:52: do prepare
node-8 2022/01/05 20:55:00.218083 node.go:52: do prepare
node-8 2022/01/05 20:55:00.219081 node.go:52: do commit
node-8 2022/01/05 20:55:00.219081 node.go:134: Committed value: node-5, 1641387274, Test, 1641387234421321240
node-8 2022/01/05 20:55:00.219081 node.go:134: Committed value: node-6, 1641387275, Test, 1641387234421321241
node-8 2022/01/05 20:55:00.219081 node.go:134: Committed value: node-1, 1641387276, Test, 1641387234421321242
node-8 2022/01/05 20:55:00.219081 node.go:134: Committed value: node-4, 1641387277, Test, 1641387234421321243
node-8 2022/01/05 20:55:00.219081 node.go:134: Committed value: node-3, 1641387278, Test, 1641387234421321244
node-8 2022/01/05 20:55:00.219081 node.go:134: Committed value: node-5, 1641387279, Test, 1641387234421321245
node-8 2022/01/05 20:55:00.219081 node.go:134: Committed value: node-1, 1641387280, Test, 1641387234421321246
node-8 2022/01/05 20:55:00.219081 node.go:134: Committed value: node-1, 1641387281, Test, 1641387234421321247
node-8 2022/01/05 20:55:00.219081 node.go:134: Committed value: node-4, 1641387282, Test, 1641387234421321248
node-8 2022/01/05 20:55:00.219081 node.go:134: Committed value: node-4, 1641387283, Test, 1641387234421321249
node-8 2022/01/05 20:55:00.219081 node.go:134: Committed value: node-4, 1641387284, Test, 1641387234421321250
node-8 2022/01/05 20:55:00.219081 node.go:134: Committed value: node-2, 1641387285, Test, 1641387234421321251
node-8 2022/01/05 20:55:00.219081 node.go:134: Committed value: node-4, 1641387287, Test, 1641387234421321252
node-8 2022/01/05 20:55:00.219081 node.go:134: Committed value: node-3, 1641387288, Test, 1641387234421321253
node-8 2022/01/05 20:55:00.219081 node.go:134: Committed value: node-7, 1641387289, Test, 1641387234421321254
node-8 2022/01/05 20:55:00.219081 node.go:134: Committed value: node-1, 1641387290, Test, 1641387234421321255
node-8 2022/01/05 20:55:00.219081 node.go:134: Committed value: node-4, 1641387291, Test, 1641387234421321256
node-8 2022/01/05 20:55:00.219081 node.go:52: do commit
node-8 2022/01/05 20:55:00.219081 node.go:134: Committed value: node-2, 1641387292, Test, 1641387234421321257
node-8 2022/01/05 20:55:00.219081 node.go:134: Committed value: node-5, 1641387293, Test, 1641387234421321258
node-8 2022/01/05 20:55:00.219081 node.go:134: Committed value: node-8, 1641387294, Test, 1641387234421321259
node-8 2022/01/05 20:55:00.219081 node.go:134: Committed value: node-8, 1641387295, Test, 1641387234421321260
node-8 2022/01/05 20:55:00.219081 node.go:134: Committed value: node-10, 1641387296, Test, 1641387234421321261
node-8 2022/01/05 20:55:00.219081 node.go:134: Committed value: node-1, 1641387297, Test, 1641387234421321262
node-8 2022/01/05 20:55:00.219081 node.go:134: Committed value: node-10, 1641387298, Test, 1641387234421321263
node-8 2022/01/05 20:55:00.219081 node.go:134: Committed value: node-8, 1641387299, Test, 1641387234421321264
node-8 2022/01/05 20:55:00.219081 node.go:134: Committed value: node-2, 1641387300, Test, 1641387234421321265
node-8 2022/01/05 20:55:00.219081 node.go:136: 
node-8 2022/01/05 20:55:00.219081 node.go:140: Reply Finished!
node-8 2022/01/05 20:55:00.221355 node.go:52: do prepare
node-8 2022/01/05 20:55:00.221846 node.go:52: do commit
node-8 2022/01/05 20:55:00.221846 node.go:52: do prepare
node-8 2022/01/05 20:55:00.222845 node.go:52: do commit
node-8 2022/01/05 20:55:00.222845 node.go:52: do commit
node-8 2022/01/05 20:55:00.223859 node.go:52: do commit
node-8 2022/01/05 20:55:00.223859 node.go:52: do commit
node-8 2022/01/05 20:55:00.224649 node.go:52: do commit
node-8 2022/01/05 20:55:00.224649 node.go:52: do commit
node-8 2022/01/05 20:55:01.231684 node.go:52: do client
node-8 2022/01/05 20:55:01.231684 node.go:111: Start request as Client, time: 1641387301231684
node-8 2022/01/05 20:55:01.231684 node.go:52: do pre-prepare
node-8 2022/01/05 20:55:01.233693 node.go:52: do prepare
node-8 2022/01/05 20:55:01.233693 node.go:52: do prepare
node-8 2022/01/05 20:55:01.233693 node.go:52: do prepare
node-8 2022/01/05 20:55:01.234690 node.go:52: do prepare
node-8 2022/01/05 20:55:01.234690 node.go:52: do prepare
node-8 2022/01/05 20:55:01.235687 node.go:52: do prepare
node-8 2022/01/05 20:55:01.235687 node.go:52: do prepare
node-8 2022/01/05 20:55:01.235687 node.go:52: do prepare
node-8 2022/01/05 20:55:01.236685 node.go:52: do commit
node-8 2022/01/05 20:55:01.236685 node.go:134: Committed value: node-5, 1641387274, Test, 1641387234421321240
node-8 2022/01/05 20:55:01.236685 node.go:134: Committed value: node-6, 1641387275, Test, 1641387234421321241
node-8 2022/01/05 20:55:01.236685 node.go:134: Committed value: node-1, 1641387276, Test, 1641387234421321242
node-8 2022/01/05 20:55:01.236685 node.go:134: Committed value: node-4, 1641387277, Test, 1641387234421321243
node-8 2022/01/05 20:55:01.236685 node.go:134: Committed value: node-3, 1641387278, Test, 1641387234421321244
node-8 2022/01/05 20:55:01.236685 node.go:134: Committed value: node-5, 1641387279, Test, 1641387234421321245
node-8 2022/01/05 20:55:01.236685 node.go:134: Committed value: node-1, 1641387280, Test, 1641387234421321246
node-8 2022/01/05 20:55:01.236685 node.go:134: Committed value: node-1, 1641387281, Test, 1641387234421321247
node-8 2022/01/05 20:55:01.236685 node.go:134: Committed value: node-4, 1641387282, Test, 1641387234421321248
node-8 2022/01/05 20:55:01.236685 node.go:134: Committed value: node-4, 1641387283, Test, 1641387234421321249
node-8 2022/01/05 20:55:01.236685 node.go:134: Committed value: node-4, 1641387284, Test, 1641387234421321250
node-8 2022/01/05 20:55:01.236685 node.go:134: Committed value: node-2, 1641387285, Test, 1641387234421321251
node-8 2022/01/05 20:55:01.236685 node.go:134: Committed value: node-4, 1641387287, Test, 1641387234421321252
node-8 2022/01/05 20:55:01.236685 node.go:134: Committed value: node-3, 1641387288, Test, 1641387234421321253
node-8 2022/01/05 20:55:01.236685 node.go:134: Committed value: node-7, 1641387289, Test, 1641387234421321254
node-8 2022/01/05 20:55:01.236685 node.go:134: Committed value: node-1, 1641387290, Test, 1641387234421321255
node-8 2022/01/05 20:55:01.236685 node.go:134: Committed value: node-4, 1641387291, Test, 1641387234421321256
node-8 2022/01/05 20:55:01.236685 node.go:134: Committed value: node-2, 1641387292, Test, 1641387234421321257
node-8 2022/01/05 20:55:01.236685 node.go:134: Committed value: node-5, 1641387293, Test, 1641387234421321258
node-8 2022/01/05 20:55:01.236685 node.go:134: Committed value: node-8, 1641387294, Test, 1641387234421321259
node-8 2022/01/05 20:55:01.236685 node.go:134: Committed value: node-8, 1641387295, Test, 1641387234421321260
node-8 2022/01/05 20:55:01.236685 node.go:134: Committed value: node-10, 1641387296, Test, 1641387234421321261
node-8 2022/01/05 20:55:01.236685 node.go:134: Committed value: node-1, 1641387297, Test, 1641387234421321262
node-8 2022/01/05 20:55:01.236685 node.go:134: Committed value: node-10, 1641387298, Test, 1641387234421321263
node-8 2022/01/05 20:55:01.236685 node.go:134: Committed value: node-8, 1641387299, Test, 1641387234421321264
node-8 2022/01/05 20:55:01.236685 node.go:134: Committed value: node-2, 1641387300, Test, 1641387234421321265
node-8 2022/01/05 20:55:01.236685 node.go:134: Committed value: node-8, 1641387301, Test, 1641387234421321266
node-8 2022/01/05 20:55:01.236685 node.go:136: 
node-8 2022/01/05 20:55:01.236685 node.go:140: Reply Finished!
node-8 2022/01/05 20:55:01.237691 node.go:52: do reply
node-8 2022/01/05 20:55:01.237691 node.go:52: do commit
node-8 2022/01/05 20:55:01.237691 node.go:123: Result: Executed by node-10
node-8 2022/01/05 20:55:01.237691 node.go:52: do reply
node-8 2022/01/05 20:55:01.237691 node.go:123: Result: Executed by node-6
node-8 2022/01/05 20:55:01.237691 node.go:52: do commit
node-8 2022/01/05 20:55:01.238679 node.go:52: do reply
node-8 2022/01/05 20:55:01.238679 node.go:123: Result: Executed by node-9
node-8 2022/01/05 20:55:01.238679 node.go:52: do commit
node-8 2022/01/05 20:55:01.239681 node.go:52: do commit
node-8 2022/01/05 20:55:01.239681 node.go:52: do reply
node-8 2022/01/05 20:55:01.239681 node.go:123: Result: Executed by node-5
node-8 2022/01/05 20:55:01.239681 node.go:116: Request Finished! Delay: 7997
node-8 2022/01/05 20:55:01.239681 node.go:117: 1641387301231684 1641387301239681
node-8 2022/01/05 20:55:01.239681 node.go:52: do reply
node-8 2022/01/05 20:55:01.239681 node.go:123: Result: Executed by node-3
node-8 2022/01/05 20:55:01.240675 node.go:52: do commit
node-8 2022/01/05 20:55:01.241672 node.go:52: do commit
node-8 2022/01/05 20:55:01.241672 node.go:52: do reply
node-8 2022/01/05 20:55:01.241672 node.go:123: Result: Executed by node-2
node-8 2022/01/05 20:55:01.241672 node.go:52: do commit
node-8 2022/01/05 20:55:01.241672 node.go:52: do commit
node-8 2022/01/05 20:55:01.242670 node.go:52: do reply
node-8 2022/01/05 20:55:01.242670 node.go:123: Result: Executed by node-8
node-8 2022/01/05 20:55:01.242670 node.go:52: do reply
node-8 2022/01/05 20:55:01.242670 node.go:123: Result: Executed by node-4
node-8 2022/01/05 20:55:01.242670 node.go:52: do reply
node-8 2022/01/05 20:55:01.242670 node.go:123: Result: Executed by node-1
node-8 2022/01/05 20:55:01.242670 node.go:52: do reply
node-8 2022/01/05 20:55:01.242670 node.go:123: Result: Executed by node-7
node-8 2022/01/05 20:55:02.247850 node.go:52: do pre-prepare
node-8 2022/01/05 20:55:02.247850 node.go:52: do prepare
node-8 2022/01/05 20:55:02.247850 node.go:52: do prepare
node-8 2022/01/05 20:55:02.247850 node.go:52: do prepare
node-8 2022/01/05 20:55:02.248849 node.go:52: do prepare
node-8 2022/01/05 20:55:02.248849 node.go:52: do prepare
node-8 2022/01/05 20:55:02.249845 node.go:52: do commit
node-8 2022/01/05 20:55:02.249845 node.go:134: Committed value: node-5, 1641387274, Test, 1641387234421321240
node-8 2022/01/05 20:55:02.249845 node.go:134: Committed value: node-6, 1641387275, Test, 1641387234421321241
node-8 2022/01/05 20:55:02.249845 node.go:134: Committed value: node-1, 1641387276, Test, 1641387234421321242
node-8 2022/01/05 20:55:02.249845 node.go:134: Committed value: node-4, 1641387277, Test, 1641387234421321243
node-8 2022/01/05 20:55:02.249845 node.go:134: Committed value: node-3, 1641387278, Test, 1641387234421321244
node-8 2022/01/05 20:55:02.249845 node.go:134: Committed value: node-5, 1641387279, Test, 1641387234421321245
node-8 2022/01/05 20:55:02.249845 node.go:134: Committed value: node-1, 1641387280, Test, 1641387234421321246
node-8 2022/01/05 20:55:02.249845 node.go:134: Committed value: node-1, 1641387281, Test, 1641387234421321247
node-8 2022/01/05 20:55:02.249845 node.go:134: Committed value: node-4, 1641387282, Test, 1641387234421321248
node-8 2022/01/05 20:55:02.249845 node.go:134: Committed value: node-4, 1641387283, Test, 1641387234421321249
node-8 2022/01/05 20:55:02.249845 node.go:134: Committed value: node-4, 1641387284, Test, 1641387234421321250
node-8 2022/01/05 20:55:02.249845 node.go:134: Committed value: node-2, 1641387285, Test, 1641387234421321251
node-8 2022/01/05 20:55:02.249845 node.go:134: Committed value: node-4, 1641387287, Test, 1641387234421321252
node-8 2022/01/05 20:55:02.249845 node.go:134: Committed value: node-3, 1641387288, Test, 1641387234421321253
node-8 2022/01/05 20:55:02.249845 node.go:134: Committed value: node-7, 1641387289, Test, 1641387234421321254
node-8 2022/01/05 20:55:02.249845 node.go:134: Committed value: node-1, 1641387290, Test, 1641387234421321255
node-8 2022/01/05 20:55:02.249845 node.go:134: Committed value: node-4, 1641387291, Test, 1641387234421321256
node-8 2022/01/05 20:55:02.249845 node.go:134: Committed value: node-2, 1641387292, Test, 1641387234421321257
node-8 2022/01/05 20:55:02.249845 node.go:134: Committed value: node-5, 1641387293, Test, 1641387234421321258
node-8 2022/01/05 20:55:02.249845 node.go:134: Committed value: node-8, 1641387294, Test, 1641387234421321259
node-8 2022/01/05 20:55:02.249845 node.go:134: Committed value: node-8, 1641387295, Test, 1641387234421321260
node-8 2022/01/05 20:55:02.249845 node.go:134: Committed value: node-10, 1641387296, Test, 1641387234421321261
node-8 2022/01/05 20:55:02.249845 node.go:134: Committed value: node-1, 1641387297, Test, 1641387234421321262
node-8 2022/01/05 20:55:02.249845 node.go:134: Committed value: node-10, 1641387298, Test, 1641387234421321263
node-8 2022/01/05 20:55:02.249845 node.go:134: Committed value: node-8, 1641387299, Test, 1641387234421321264
node-8 2022/01/05 20:55:02.249845 node.go:134: Committed value: node-2, 1641387300, Test, 1641387234421321265
node-8 2022/01/05 20:55:02.249845 node.go:134: Committed value: node-8, 1641387301, Test, 1641387234421321266
node-8 2022/01/05 20:55:02.249845 node.go:134: Committed value: node-9, 1641387302, Test, 1641387234421321267
node-8 2022/01/05 20:55:02.249845 node.go:136: 
node-8 2022/01/05 20:55:02.249845 node.go:140: Reply Finished!
node-8 2022/01/05 20:55:02.249845 node.go:52: do commit
node-8 2022/01/05 20:55:02.249845 node.go:52: do commit
node-8 2022/01/05 20:55:02.250843 node.go:52: do commit
node-8 2022/01/05 20:55:02.251839 node.go:52: do commit
node-8 2022/01/05 20:55:02.251839 node.go:52: do prepare
node-8 2022/01/05 20:55:02.252836 node.go:52: do commit
node-8 2022/01/05 20:55:02.252836 node.go:52: do commit
node-8 2022/01/05 20:55:02.252836 node.go:52: do prepare
node-8 2022/01/05 20:55:02.252836 node.go:52: do commit
node-8 2022/01/05 20:55:02.252836 node.go:52: do prepare
node-8 2022/01/05 20:55:02.256826 node.go:52: do commit
node-8 2022/01/05 20:55:03.259256 node.go:52: do pre-prepare
node-8 2022/01/05 20:55:03.260242 node.go:52: do prepare
node-8 2022/01/05 20:55:03.260242 node.go:52: do prepare
node-8 2022/01/05 20:55:03.260242 node.go:52: do commit
node-8 2022/01/05 20:55:03.261239 node.go:52: do commit
node-8 2022/01/05 20:55:03.263528 node.go:52: do prepare
node-8 2022/01/05 20:55:03.264659 node.go:52: do prepare
node-8 2022/01/05 20:55:03.265162 node.go:52: do commit
node-8 2022/01/05 20:55:03.265715 node.go:134: Committed value: node-5, 1641387274, Test, 1641387234421321240
node-8 2022/01/05 20:55:03.265715 node.go:134: Committed value: node-6, 1641387275, Test, 1641387234421321241
node-8 2022/01/05 20:55:03.265715 node.go:134: Committed value: node-1, 1641387276, Test, 1641387234421321242
node-8 2022/01/05 20:55:03.265715 node.go:134: Committed value: node-4, 1641387277, Test, 1641387234421321243
node-8 2022/01/05 20:55:03.265715 node.go:134: Committed value: node-3, 1641387278, Test, 1641387234421321244
node-8 2022/01/05 20:55:03.265715 node.go:134: Committed value: node-5, 1641387279, Test, 1641387234421321245
node-8 2022/01/05 20:55:03.265715 node.go:134: Committed value: node-1, 1641387280, Test, 1641387234421321246
node-8 2022/01/05 20:55:03.265715 node.go:134: Committed value: node-1, 1641387281, Test, 1641387234421321247
node-8 2022/01/05 20:55:03.265715 node.go:134: Committed value: node-4, 1641387282, Test, 1641387234421321248
node-8 2022/01/05 20:55:03.265715 node.go:134: Committed value: node-4, 1641387283, Test, 1641387234421321249
node-8 2022/01/05 20:55:03.265715 node.go:134: Committed value: node-4, 1641387284, Test, 1641387234421321250
node-8 2022/01/05 20:55:03.265715 node.go:134: Committed value: node-2, 1641387285, Test, 1641387234421321251
node-8 2022/01/05 20:55:03.265715 node.go:134: Committed value: node-4, 1641387287, Test, 1641387234421321252
node-8 2022/01/05 20:55:03.265715 node.go:134: Committed value: node-3, 1641387288, Test, 1641387234421321253
node-8 2022/01/05 20:55:03.265715 node.go:134: Committed value: node-7, 1641387289, Test, 1641387234421321254
node-8 2022/01/05 20:55:03.265715 node.go:134: Committed value: node-1, 1641387290, Test, 1641387234421321255
node-8 2022/01/05 20:55:03.265715 node.go:52: do prepare
node-8 2022/01/05 20:55:03.265715 node.go:134: Committed value: node-4, 1641387291, Test, 1641387234421321256
node-8 2022/01/05 20:55:03.265715 node.go:134: Committed value: node-2, 1641387292, Test, 1641387234421321257
node-8 2022/01/05 20:55:03.265715 node.go:134: Committed value: node-5, 1641387293, Test, 1641387234421321258
node-8 2022/01/05 20:55:03.265715 node.go:134: Committed value: node-8, 1641387294, Test, 1641387234421321259
node-8 2022/01/05 20:55:03.265715 node.go:134: Committed value: node-8, 1641387295, Test, 1641387234421321260
node-8 2022/01/05 20:55:03.265715 node.go:134: Committed value: node-10, 1641387296, Test, 1641387234421321261
node-8 2022/01/05 20:55:03.265715 node.go:134: Committed value: node-1, 1641387297, Test, 1641387234421321262
node-8 2022/01/05 20:55:03.266220 node.go:134: Committed value: node-10, 1641387298, Test, 1641387234421321263
node-8 2022/01/05 20:55:03.266220 node.go:134: Committed value: node-8, 1641387299, Test, 1641387234421321264
node-8 2022/01/05 20:55:03.266220 node.go:134: Committed value: node-2, 1641387300, Test, 1641387234421321265
node-8 2022/01/05 20:55:03.266220 node.go:134: Committed value: node-8, 1641387301, Test, 1641387234421321266
node-8 2022/01/05 20:55:03.266220 node.go:134: Committed value: node-9, 1641387302, Test, 1641387234421321267
node-8 2022/01/05 20:55:03.266220 node.go:134: Committed value: node-1, 1641387303, Test, 1641387234421321268
node-8 2022/01/05 20:55:03.266220 node.go:136: 
node-8 2022/01/05 20:55:03.266220 node.go:140: Reply Finished!
node-8 2022/01/05 20:55:03.265715 node.go:52: do commit
node-8 2022/01/05 20:55:03.266220 node.go:52: do commit
node-8 2022/01/05 20:55:03.268173 node.go:52: do prepare
node-8 2022/01/05 20:55:03.268173 node.go:52: do prepare
node-8 2022/01/05 20:55:03.268701 node.go:52: do commit
node-8 2022/01/05 20:55:03.268701 node.go:52: do commit
node-8 2022/01/05 20:55:03.269731 node.go:52: do prepare
node-8 2022/01/05 20:55:03.269789 node.go:52: do commit
node-8 2022/01/05 20:55:03.270801 node.go:52: do commit
node-8 2022/01/05 20:55:04.273437 node.go:52: do pre-prepare
node-8 2022/01/05 20:55:04.275275 node.go:52: do prepare
node-8 2022/01/05 20:55:04.275275 node.go:52: do prepare
node-8 2022/01/05 20:55:04.277271 node.go:52: do commit
node-8 2022/01/05 20:55:04.277271 node.go:52: do prepare
node-8 2022/01/05 20:55:04.277271 node.go:134: Committed value: node-5, 1641387274, Test, 1641387234421321240
node-8 2022/01/05 20:55:04.277271 node.go:134: Committed value: node-6, 1641387275, Test, 1641387234421321241
node-8 2022/01/05 20:55:04.277271 node.go:134: Committed value: node-1, 1641387276, Test, 1641387234421321242
node-8 2022/01/05 20:55:04.277271 node.go:134: Committed value: node-4, 1641387277, Test, 1641387234421321243
node-8 2022/01/05 20:55:04.277271 node.go:134: Committed value: node-3, 1641387278, Test, 1641387234421321244
node-8 2022/01/05 20:55:04.277271 node.go:134: Committed value: node-5, 1641387279, Test, 1641387234421321245
node-8 2022/01/05 20:55:04.277271 node.go:134: Committed value: node-1, 1641387280, Test, 1641387234421321246
node-8 2022/01/05 20:55:04.277271 node.go:134: Committed value: node-1, 1641387281, Test, 1641387234421321247
node-8 2022/01/05 20:55:04.277271 node.go:134: Committed value: node-4, 1641387282, Test, 1641387234421321248
node-8 2022/01/05 20:55:04.277271 node.go:134: Committed value: node-4, 1641387283, Test, 1641387234421321249
node-8 2022/01/05 20:55:04.277271 node.go:134: Committed value: node-4, 1641387284, Test, 1641387234421321250
node-8 2022/01/05 20:55:04.277271 node.go:134: Committed value: node-2, 1641387285, Test, 1641387234421321251
node-8 2022/01/05 20:55:04.277271 node.go:134: Committed value: node-4, 1641387287, Test, 1641387234421321252
node-8 2022/01/05 20:55:04.277271 node.go:134: Committed value: node-3, 1641387288, Test, 1641387234421321253
node-8 2022/01/05 20:55:04.277271 node.go:134: Committed value: node-7, 1641387289, Test, 1641387234421321254
node-8 2022/01/05 20:55:04.277271 node.go:134: Committed value: node-1, 1641387290, Test, 1641387234421321255
node-8 2022/01/05 20:55:04.277271 node.go:134: Committed value: node-4, 1641387291, Test, 1641387234421321256
node-8 2022/01/05 20:55:04.277271 node.go:134: Committed value: node-2, 1641387292, Test, 1641387234421321257
node-8 2022/01/05 20:55:04.277271 node.go:134: Committed value: node-5, 1641387293, Test, 1641387234421321258
node-8 2022/01/05 20:55:04.277271 node.go:134: Committed value: node-8, 1641387294, Test, 1641387234421321259
node-8 2022/01/05 20:55:04.277271 node.go:134: Committed value: node-8, 1641387295, Test, 1641387234421321260
node-8 2022/01/05 20:55:04.277271 node.go:134: Committed value: node-10, 1641387296, Test, 1641387234421321261
node-8 2022/01/05 20:55:04.277271 node.go:134: Committed value: node-1, 1641387297, Test, 1641387234421321262
node-8 2022/01/05 20:55:04.277271 node.go:134: Committed value: node-10, 1641387298, Test, 1641387234421321263
node-8 2022/01/05 20:55:04.277271 node.go:134: Committed value: node-8, 1641387299, Test, 1641387234421321264
node-8 2022/01/05 20:55:04.277271 node.go:134: Committed value: node-2, 1641387300, Test, 1641387234421321265
node-8 2022/01/05 20:55:04.277271 node.go:134: Committed value: node-8, 1641387301, Test, 1641387234421321266
node-8 2022/01/05 20:55:04.277271 node.go:134: Committed value: node-9, 1641387302, Test, 1641387234421321267
node-8 2022/01/05 20:55:04.277271 node.go:134: Committed value: node-1, 1641387303, Test, 1641387234421321268
node-8 2022/01/05 20:55:04.277271 node.go:134: Committed value: node-6, 1641387304, Test, 1641387234421321269
node-8 2022/01/05 20:55:04.277271 node.go:136: 
node-8 2022/01/05 20:55:04.277271 node.go:140: Reply Finished!
node-8 2022/01/05 20:55:04.278266 node.go:52: do prepare
node-8 2022/01/05 20:55:04.278266 node.go:52: do commit
node-8 2022/01/05 20:55:04.278266 node.go:52: do commit
node-8 2022/01/05 20:55:04.279264 node.go:52: do prepare
node-8 2022/01/05 20:55:04.279264 node.go:52: do commit
node-8 2022/01/05 20:55:04.280261 node.go:52: do commit
node-8 2022/01/05 20:55:04.280261 node.go:52: do commit
node-8 2022/01/05 20:55:04.281271 node.go:52: do prepare
node-8 2022/01/05 20:55:04.282256 node.go:52: do commit
node-8 2022/01/05 20:55:04.282256 node.go:52: do prepare
node-8 2022/01/05 20:55:04.283254 node.go:52: do prepare
node-8 2022/01/05 20:55:04.283254 node.go:52: do commit
node-8 2022/01/05 20:55:04.284250 node.go:52: do commit
