node-19 2022/01/06 15:18:56.278754 node.go:52: do add
node-19 2022/01/06 15:18:56.278754 node.go:582: f: 0 ; 2f: 0
node-19 2022/01/06 15:18:56.280634 node.go:52: do setF
node-19 2022/01/06 15:18:56.280634 node.go:582: f: 6 ; 2f: 12
node-19 2022/01/06 15:18:56.282628 node.go:52: do pre-prepare
node-19 2022/01/06 15:18:56.351041 node.go:52: do prepare
node-19 2022/01/06 15:18:56.388791 node.go:52: do prepare
node-19 2022/01/06 15:18:56.390694 node.go:52: do prepare
node-19 2022/01/06 15:18:56.411358 node.go:52: do prepare
node-19 2022/01/06 15:18:56.411868 node.go:52: do prepare
node-19 2022/01/06 15:18:56.412378 node.go:52: do prepare
node-19 2022/01/06 15:18:56.412889 node.go:52: do prepare
node-19 2022/01/06 15:18:56.413399 node.go:52: do prepare
node-19 2022/01/06 15:18:56.414418 node.go:52: do prepare
node-19 2022/01/06 15:18:56.414931 node.go:52: do prepare
node-19 2022/01/06 15:18:56.415950 node.go:52: do prepare
node-19 2022/01/06 15:18:56.416461 node.go:52: do commit
node-19 2022/01/06 15:18:56.416461 node.go:52: do commit
node-19 2022/01/06 15:18:56.417547 node.go:52: do commit
node-19 2022/01/06 15:18:56.418056 node.go:52: do commit
node-19 2022/01/06 15:18:56.418585 node.go:52: do commit
node-19 2022/01/06 15:18:56.419637 node.go:52: do commit
node-19 2022/01/06 15:18:56.420168 node.go:52: do commit
node-19 2022/01/06 15:18:56.425352 node.go:52: do commit
node-19 2022/01/06 15:18:56.425899 node.go:52: do commit
node-19 2022/01/06 15:18:56.426408 node.go:52: do commit
node-19 2022/01/06 15:18:56.426408 node.go:52: do commit
node-19 2022/01/06 15:18:56.426920 node.go:52: do commit
node-19 2022/01/06 15:18:56.427449 node.go:52: do commit
node-19 2022/01/06 15:18:56.428498 node.go:52: do commit
node-19 2022/01/06 15:18:56.428498 node.go:52: do commit
node-19 2022/01/06 15:18:56.826053 node.go:52: do prepare
node-19 2022/01/06 15:18:56.835871 node.go:134: Committed value: node-6, 1641453536, Test, 1641453378759431850
node-19 2022/01/06 15:18:56.835871 node.go:136: 
node-19 2022/01/06 15:18:56.835871 node.go:140: Reply Finished!
node-19 2022/01/06 15:18:56.837880 node.go:52: do commit
node-19 2022/01/06 15:18:57.099805 node.go:52: do prepare
node-19 2022/01/06 15:18:57.101894 node.go:52: do commit
node-19 2022/01/06 15:18:57.101894 node.go:52: do prepare
node-19 2022/01/06 15:18:57.110277 node.go:52: do commit
node-19 2022/01/06 15:18:57.111473 node.go:52: do prepare
node-19 2022/01/06 15:18:57.240201 node.go:52: do prepare
node-19 2022/01/06 15:18:57.311035 node.go:52: do prepare
node-19 2022/01/06 15:18:57.430872 node.go:52: do pre-prepare
node-19 2022/01/06 15:18:57.434425 node.go:52: do prepare
node-19 2022/01/06 15:18:57.448090 node.go:52: do prepare
node-19 2022/01/06 15:18:57.448693 node.go:52: do prepare
node-19 2022/01/06 15:18:57.449848 node.go:52: do prepare
node-19 2022/01/06 15:18:57.450353 node.go:52: do prepare
node-19 2022/01/06 15:18:57.642273 node.go:52: do prepare
node-19 2022/01/06 15:18:57.643272 node.go:52: do prepare
node-19 2022/01/06 15:18:57.644269 node.go:52: do prepare
node-19 2022/01/06 15:18:57.648169 node.go:52: do prepare
node-19 2022/01/06 15:18:57.648718 node.go:52: do prepare
node-19 2022/01/06 15:18:57.650715 node.go:52: do prepare
node-19 2022/01/06 15:18:57.651712 node.go:52: do prepare
node-19 2022/01/06 15:18:57.656161 node.go:52: do commit
node-19 2022/01/06 15:18:57.656161 node.go:134: Committed value: node-6, 1641453536, Test, 1641453378759431850
node-19 2022/01/06 15:18:57.656161 node.go:134: Committed value: node-9, 1641453537, Test, 1641453378759431851
node-19 2022/01/06 15:18:57.656161 node.go:136: 
node-19 2022/01/06 15:18:57.656161 node.go:140: Reply Finished!
node-19 2022/01/06 15:18:57.656701 node.go:52: do commit
node-19 2022/01/06 15:18:57.657763 node.go:52: do commit
node-19 2022/01/06 15:18:57.657763 node.go:52: do commit
node-19 2022/01/06 15:18:57.658922 node.go:52: do commit
node-19 2022/01/06 15:18:57.659425 node.go:52: do commit
node-19 2022/01/06 15:18:57.660423 node.go:52: do commit
node-19 2022/01/06 15:18:57.661421 node.go:52: do commit
node-19 2022/01/06 15:18:57.661421 node.go:52: do commit
node-19 2022/01/06 15:18:57.663415 node.go:52: do commit
node-19 2022/01/06 15:18:57.677555 node.go:52: do commit
node-19 2022/01/06 15:18:57.678080 node.go:52: do commit
node-19 2022/01/06 15:18:57.679115 node.go:52: do commit
node-19 2022/01/06 15:18:57.679630 node.go:52: do commit
node-19 2022/01/06 15:18:57.680145 node.go:52: do commit
node-19 2022/01/06 15:18:57.680145 node.go:52: do commit
node-19 2022/01/06 15:18:57.680657 node.go:52: do commit
node-19 2022/01/06 15:18:57.680657 node.go:52: do commit
node-19 2022/01/06 15:18:58.098486 node.go:52: do prepare
node-19 2022/01/06 15:18:58.098486 node.go:52: do prepare
node-19 2022/01/06 15:18:58.098999 node.go:52: do prepare
node-19 2022/01/06 15:18:58.100021 node.go:52: do prepare
node-19 2022/01/06 15:18:58.100535 node.go:52: do prepare
node-19 2022/01/06 15:18:58.694016 node.go:52: do pre-prepare
node-19 2022/01/06 15:18:58.707671 node.go:52: do prepare
node-19 2022/01/06 15:18:58.710729 node.go:52: do prepare
node-19 2022/01/06 15:18:58.909185 node.go:52: do prepare
node-19 2022/01/06 15:18:58.909721 node.go:52: do prepare
node-19 2022/01/06 15:18:58.910266 node.go:52: do prepare
node-19 2022/01/06 15:18:58.925967 node.go:52: do prepare
node-19 2022/01/06 15:18:58.927018 node.go:52: do prepare
node-19 2022/01/06 15:18:58.928586 node.go:52: do prepare
node-19 2022/01/06 15:18:58.929101 node.go:52: do prepare
node-19 2022/01/06 15:18:58.929101 node.go:52: do prepare
node-19 2022/01/06 15:18:58.929612 node.go:52: do prepare
node-19 2022/01/06 15:18:58.935620 node.go:134: Committed value: node-6, 1641453536, Test, 1641453378759431850
node-19 2022/01/06 15:18:58.935620 node.go:134: Committed value: node-9, 1641453537, Test, 1641453378759431851
node-19 2022/01/06 15:18:58.935620 node.go:134: Committed value: node-18, 1641453538, Test, 1641453378759431852
node-19 2022/01/06 15:18:58.935620 node.go:136: 
node-19 2022/01/06 15:18:58.935620 node.go:140: Reply Finished!
node-19 2022/01/06 15:18:58.944148 node.go:52: do prepare
node-19 2022/01/06 15:18:58.944921 node.go:52: do prepare
node-19 2022/01/06 15:18:58.945920 node.go:52: do prepare
node-19 2022/01/06 15:18:58.947075 node.go:52: do prepare
node-19 2022/01/06 15:18:58.947578 node.go:52: do prepare
node-19 2022/01/06 15:18:58.947702 node.go:52: do prepare
node-19 2022/01/06 15:18:58.948723 node.go:52: do commit
node-19 2022/01/06 15:18:58.949831 node.go:52: do commit
node-19 2022/01/06 15:18:58.950335 node.go:52: do commit
node-19 2022/01/06 15:18:58.951356 node.go:52: do commit
node-19 2022/01/06 15:18:58.952377 node.go:52: do commit
node-19 2022/01/06 15:18:58.952888 node.go:52: do commit
node-19 2022/01/06 15:18:58.953398 node.go:52: do commit
node-19 2022/01/06 15:18:58.953917 node.go:52: do commit
node-19 2022/01/06 15:18:58.954427 node.go:52: do commit
node-19 2022/01/06 15:18:58.954427 node.go:52: do commit
node-19 2022/01/06 15:18:58.954939 node.go:52: do commit
node-19 2022/01/06 15:18:58.955450 node.go:52: do commit
node-19 2022/01/06 15:18:58.955450 node.go:52: do commit
node-19 2022/01/06 15:18:58.956449 node.go:52: do commit
node-19 2022/01/06 15:18:58.956449 node.go:52: do commit
node-19 2022/01/06 15:18:59.353162 node.go:52: do commit
node-19 2022/01/06 15:18:59.353162 node.go:52: do commit
node-19 2022/01/06 15:18:59.354170 node.go:52: do commit
node-19 2022/01/06 15:18:59.962230 node.go:52: do pre-prepare
node-19 2022/01/06 15:18:59.975983 node.go:52: do prepare
node-19 2022/01/06 15:19:00.146967 node.go:52: do prepare
node-19 2022/01/06 15:19:00.147966 node.go:52: do prepare
node-19 2022/01/06 15:19:00.147966 node.go:52: do prepare
node-19 2022/01/06 15:19:00.159256 node.go:52: do prepare
node-19 2022/01/06 15:19:00.159800 node.go:52: do prepare
node-19 2022/01/06 15:19:00.178765 node.go:134: Committed value: node-6, 1641453536, Test, 1641453378759431850
node-19 2022/01/06 15:19:00.178765 node.go:134: Committed value: node-9, 1641453537, Test, 1641453378759431851
node-19 2022/01/06 15:19:00.178765 node.go:134: Committed value: node-18, 1641453538, Test, 1641453378759431852
node-19 2022/01/06 15:19:00.178765 node.go:134: Committed value: node-6, 1641453539, Test, 1641453378759431853
node-19 2022/01/06 15:19:00.178765 node.go:136: 
node-19 2022/01/06 15:19:00.178765 node.go:140: Reply Finished!
node-19 2022/01/06 15:19:00.179124 node.go:52: do prepare
node-19 2022/01/06 15:19:00.179124 node.go:52: do prepare
node-19 2022/01/06 15:19:00.179628 node.go:52: do prepare
node-19 2022/01/06 15:19:00.180139 node.go:52: do prepare
node-19 2022/01/06 15:19:00.180651 node.go:52: do prepare
node-19 2022/01/06 15:19:00.180651 node.go:52: do prepare
node-19 2022/01/06 15:19:00.181162 node.go:52: do prepare
node-19 2022/01/06 15:19:00.181670 node.go:52: do prepare
node-19 2022/01/06 15:19:00.182179 node.go:52: do commit
node-19 2022/01/06 15:19:00.182687 node.go:52: do commit
node-19 2022/01/06 15:19:00.183188 node.go:52: do commit
node-19 2022/01/06 15:19:00.183691 node.go:52: do commit
node-19 2022/01/06 15:19:00.183691 node.go:52: do commit
node-19 2022/01/06 15:19:00.184217 node.go:52: do commit
node-19 2022/01/06 15:19:00.184756 node.go:52: do commit
node-19 2022/01/06 15:19:00.184756 node.go:52: do commit
node-19 2022/01/06 15:19:00.185301 node.go:52: do commit
node-19 2022/01/06 15:19:00.186343 node.go:52: do commit
node-19 2022/01/06 15:19:00.186847 node.go:52: do commit
node-19 2022/01/06 15:19:00.187362 node.go:52: do prepare
node-19 2022/01/06 15:19:00.188387 node.go:52: do prepare
node-19 2022/01/06 15:19:00.188897 node.go:52: do commit
node-19 2022/01/06 15:19:00.189410 node.go:52: do commit
node-19 2022/01/06 15:19:00.189919 node.go:52: do commit
node-19 2022/01/06 15:19:00.190430 node.go:52: do commit
node-19 2022/01/06 15:19:00.655620 node.go:52: do commit
node-19 2022/01/06 15:19:00.656135 node.go:52: do commit
node-19 2022/01/06 15:19:00.656659 node.go:52: do prepare
node-19 2022/01/06 15:19:00.657169 node.go:52: do commit
node-19 2022/01/06 15:19:01.206258 node.go:52: do pre-prepare
node-19 2022/01/06 15:19:01.219618 node.go:52: do prepare
node-19 2022/01/06 15:19:01.219618 node.go:52: do prepare
node-19 2022/01/06 15:19:01.220656 node.go:52: do prepare
node-19 2022/01/06 15:19:01.221170 node.go:52: do prepare
node-19 2022/01/06 15:19:01.265842 node.go:134: Committed value: node-6, 1641453536, Test, 1641453378759431850
node-19 2022/01/06 15:19:01.265842 node.go:134: Committed value: node-9, 1641453537, Test, 1641453378759431851
node-19 2022/01/06 15:19:01.265842 node.go:134: Committed value: node-18, 1641453538, Test, 1641453378759431852
node-19 2022/01/06 15:19:01.265842 node.go:134: Committed value: node-6, 1641453539, Test, 1641453378759431853
node-19 2022/01/06 15:19:01.265842 node.go:134: Committed value: node-11, 1641453541, Test, 1641453378759431854
node-19 2022/01/06 15:19:01.265842 node.go:136: 
node-19 2022/01/06 15:19:01.265842 node.go:140: Reply Finished!
node-19 2022/01/06 15:19:01.417495 node.go:52: do prepare
node-19 2022/01/06 15:19:01.426491 node.go:52: do prepare
node-19 2022/01/06 15:19:01.427033 node.go:52: do prepare
node-19 2022/01/06 15:19:01.438886 node.go:52: do prepare
node-19 2022/01/06 15:19:01.440905 node.go:52: do prepare
node-19 2022/01/06 15:19:01.440905 node.go:52: do prepare
node-19 2022/01/06 15:19:01.441409 node.go:52: do prepare
node-19 2022/01/06 15:19:01.441409 node.go:52: do prepare
node-19 2022/01/06 15:19:01.441409 node.go:52: do prepare
node-19 2022/01/06 15:19:01.441921 node.go:52: do prepare
node-19 2022/01/06 15:19:01.442432 node.go:52: do prepare
node-19 2022/01/06 15:19:01.442432 node.go:52: do prepare
node-19 2022/01/06 15:19:01.442432 node.go:52: do commit
node-19 2022/01/06 15:19:01.442945 node.go:52: do commit
node-19 2022/01/06 15:19:01.442945 node.go:52: do commit
node-19 2022/01/06 15:19:01.443457 node.go:52: do commit
node-19 2022/01/06 15:19:01.443457 node.go:52: do commit
node-19 2022/01/06 15:19:01.443970 node.go:52: do commit
node-19 2022/01/06 15:19:01.443970 node.go:52: do commit
node-19 2022/01/06 15:19:01.444480 node.go:52: do commit
node-19 2022/01/06 15:19:01.444480 node.go:52: do commit
node-19 2022/01/06 15:19:01.449794 node.go:52: do commit
node-19 2022/01/06 15:19:01.449794 node.go:52: do commit
node-19 2022/01/06 15:19:01.450297 node.go:52: do commit
node-19 2022/01/06 15:19:01.450814 node.go:52: do commit
node-19 2022/01/06 15:19:01.450814 node.go:52: do commit
node-19 2022/01/06 15:19:01.451324 node.go:52: do commit
node-19 2022/01/06 15:19:01.451324 node.go:52: do commit
node-19 2022/01/06 15:19:01.451324 node.go:52: do commit
node-19 2022/01/06 15:19:01.452345 node.go:52: do commit
node-19 2022/01/06 15:19:01.803877 node.go:52: do prepare
node-19 2022/01/06 15:19:02.456469 node.go:52: do pre-prepare
node-19 2022/01/06 15:19:02.462770 node.go:52: do prepare
node-19 2022/01/06 15:19:02.471919 node.go:134: Committed value: node-6, 1641453536, Test, 1641453378759431850
node-19 2022/01/06 15:19:02.471919 node.go:134: Committed value: node-9, 1641453537, Test, 1641453378759431851
node-19 2022/01/06 15:19:02.471919 node.go:134: Committed value: node-18, 1641453538, Test, 1641453378759431852
node-19 2022/01/06 15:19:02.471919 node.go:134: Committed value: node-6, 1641453539, Test, 1641453378759431853
node-19 2022/01/06 15:19:02.471919 node.go:134: Committed value: node-11, 1641453541, Test, 1641453378759431854
node-19 2022/01/06 15:19:02.471919 node.go:134: Committed value: node-10, 1641453542, Test, 1641453378759431855
node-19 2022/01/06 15:19:02.471919 node.go:136: 
node-19 2022/01/06 15:19:02.471919 node.go:140: Reply Finished!
node-19 2022/01/06 15:19:02.479064 node.go:52: do prepare
node-19 2022/01/06 15:19:02.479573 node.go:52: do prepare
node-19 2022/01/06 15:19:02.626099 node.go:52: do prepare
node-19 2022/01/06 15:19:02.628213 node.go:52: do prepare
node-19 2022/01/06 15:19:02.664845 node.go:52: do prepare
node-19 2022/01/06 15:19:02.665842 node.go:52: do prepare
node-19 2022/01/06 15:19:02.666839 node.go:52: do commit
node-19 2022/01/06 15:19:02.666839 node.go:52: do commit
node-19 2022/01/06 15:19:02.666839 node.go:52: do commit
node-19 2022/01/06 15:19:02.673821 node.go:52: do commit
node-19 2022/01/06 15:19:02.673821 node.go:52: do commit
node-19 2022/01/06 15:19:02.677810 node.go:52: do commit
node-19 2022/01/06 15:19:02.683933 node.go:52: do commit
node-19 2022/01/06 15:19:02.684954 node.go:52: do commit
node-19 2022/01/06 15:19:02.684954 node.go:52: do commit
node-19 2022/01/06 15:19:02.685470 node.go:52: do commit
node-19 2022/01/06 15:19:02.686491 node.go:52: do commit
node-19 2022/01/06 15:19:02.686998 node.go:52: do commit
node-19 2022/01/06 15:19:02.688019 node.go:52: do commit
node-19 2022/01/06 15:19:02.688530 node.go:52: do commit
node-19 2022/01/06 15:19:02.689041 node.go:52: do commit
node-19 2022/01/06 15:19:02.689551 node.go:52: do commit
node-19 2022/01/06 15:19:02.690060 node.go:52: do commit
node-19 2022/01/06 15:19:02.999807 node.go:52: do prepare
node-19 2022/01/06 15:19:03.000316 node.go:52: do prepare
node-19 2022/01/06 15:19:03.000826 node.go:52: do prepare
node-19 2022/01/06 15:19:03.001337 node.go:52: do prepare
node-19 2022/01/06 15:19:03.001848 node.go:52: do prepare
node-19 2022/01/06 15:19:03.003378 node.go:52: do prepare
node-19 2022/01/06 15:19:03.003378 node.go:52: do commit
node-19 2022/01/06 15:19:03.003378 node.go:52: do prepare
node-19 2022/01/06 15:19:03.005471 node.go:52: do prepare
node-19 2022/01/06 15:19:03.005981 node.go:52: do prepare
node-19 2022/01/06 15:19:03.005981 node.go:52: do prepare
node-19 2022/01/06 15:19:03.746856 node.go:52: do pre-prepare
node-19 2022/01/06 15:19:03.759300 node.go:52: do prepare
node-19 2022/01/06 15:19:03.760315 node.go:52: do prepare
node-19 2022/01/06 15:19:03.760917 node.go:52: do prepare
node-19 2022/01/06 15:19:03.762732 node.go:134: Committed value: node-6, 1641453536, Test, 1641453378759431850
node-19 2022/01/06 15:19:03.762732 node.go:134: Committed value: node-9, 1641453537, Test, 1641453378759431851
node-19 2022/01/06 15:19:03.762732 node.go:134: Committed value: node-18, 1641453538, Test, 1641453378759431852
node-19 2022/01/06 15:19:03.762732 node.go:134: Committed value: node-6, 1641453539, Test, 1641453378759431853
node-19 2022/01/06 15:19:03.762732 node.go:134: Committed value: node-11, 1641453541, Test, 1641453378759431854
node-19 2022/01/06 15:19:03.762732 node.go:134: Committed value: node-10, 1641453542, Test, 1641453378759431855
node-19 2022/01/06 15:19:03.762732 node.go:134: Committed value: node-1, 1641453543, Test, 1641453378759431856
node-19 2022/01/06 15:19:03.762732 node.go:136: 
node-19 2022/01/06 15:19:03.762732 node.go:140: Reply Finished!
node-19 2022/01/06 15:19:03.762732 node.go:52: do prepare
node-19 2022/01/06 15:19:03.764081 node.go:52: do prepare
node-19 2022/01/06 15:19:03.765096 node.go:52: do prepare
node-19 2022/01/06 15:19:03.765608 node.go:52: do prepare
node-19 2022/01/06 15:19:03.765608 node.go:52: do prepare
node-19 2022/01/06 15:19:03.767142 node.go:52: do prepare
node-19 2022/01/06 15:19:03.767142 node.go:52: do prepare
node-19 2022/01/06 15:19:03.767668 node.go:52: do prepare
node-19 2022/01/06 15:19:03.768179 node.go:52: do commit
node-19 2022/01/06 15:19:03.768692 node.go:52: do commit
node-19 2022/01/06 15:19:03.769223 node.go:52: do commit
node-19 2022/01/06 15:19:03.770762 node.go:52: do commit
node-19 2022/01/06 15:19:03.770762 node.go:52: do commit
node-19 2022/01/06 15:19:03.771275 node.go:52: do commit
node-19 2022/01/06 15:19:03.772299 node.go:52: do commit
node-19 2022/01/06 15:19:03.773321 node.go:52: do commit
node-19 2022/01/06 15:19:03.773321 node.go:52: do commit
node-19 2022/01/06 15:19:03.773832 node.go:52: do commit
node-19 2022/01/06 15:19:03.774340 node.go:52: do commit
node-19 2022/01/06 15:19:03.774851 node.go:52: do commit
node-19 2022/01/06 15:19:03.775363 node.go:52: do prepare
node-19 2022/01/06 15:19:03.776387 node.go:52: do prepare
node-19 2022/01/06 15:19:03.777417 node.go:52: do prepare
node-19 2022/01/06 15:19:03.777927 node.go:52: do prepare
node-19 2022/01/06 15:19:03.778438 node.go:52: do prepare
node-19 2022/01/06 15:19:03.778438 node.go:52: do prepare
node-19 2022/01/06 15:19:03.778438 node.go:52: do commit
node-19 2022/01/06 15:19:03.778946 node.go:52: do commit
node-19 2022/01/06 15:19:03.779524 node.go:52: do commit
node-19 2022/01/06 15:19:03.780028 node.go:52: do commit
node-19 2022/01/06 15:19:03.780542 node.go:52: do commit
node-19 2022/01/06 15:19:03.780542 node.go:52: do commit
node-19 2022/01/06 15:19:04.793790 node.go:52: do pre-prepare
node-19 2022/01/06 15:19:04.798305 node.go:52: do prepare
node-19 2022/01/06 15:19:04.862821 node.go:52: do prepare
node-19 2022/01/06 15:19:04.890375 node.go:52: do prepare
node-19 2022/01/06 15:19:04.891373 node.go:52: do prepare
node-19 2022/01/06 15:19:04.893367 node.go:52: do prepare
node-19 2022/01/06 15:19:04.895902 node.go:52: do commit
node-19 2022/01/06 15:19:04.895902 node.go:134: Committed value: node-6, 1641453536, Test, 1641453378759431850
node-19 2022/01/06 15:19:04.895902 node.go:134: Committed value: node-9, 1641453537, Test, 1641453378759431851
node-19 2022/01/06 15:19:04.895902 node.go:134: Committed value: node-18, 1641453538, Test, 1641453378759431852
node-19 2022/01/06 15:19:04.895902 node.go:134: Committed value: node-6, 1641453539, Test, 1641453378759431853
node-19 2022/01/06 15:19:04.895902 node.go:134: Committed value: node-11, 1641453541, Test, 1641453378759431854
node-19 2022/01/06 15:19:04.895902 node.go:134: Committed value: node-10, 1641453542, Test, 1641453378759431855
node-19 2022/01/06 15:19:04.895902 node.go:134: Committed value: node-1, 1641453543, Test, 1641453378759431856
node-19 2022/01/06 15:19:04.895902 node.go:134: Committed value: node-13, 1641453544, Test, 1641453378759431857
node-19 2022/01/06 15:19:04.895902 node.go:136: 
node-19 2022/01/06 15:19:04.895902 node.go:140: Reply Finished!
node-19 2022/01/06 15:19:04.896417 node.go:52: do commit
node-19 2022/01/06 15:19:04.899031 node.go:52: do prepare
node-19 2022/01/06 15:19:04.899031 node.go:52: do commit
node-19 2022/01/06 15:19:04.901026 node.go:52: do commit
node-19 2022/01/06 15:19:04.901026 node.go:52: do prepare
node-19 2022/01/06 15:19:04.903020 node.go:52: do prepare
node-19 2022/01/06 15:19:04.903020 node.go:52: do commit
node-19 2022/01/06 15:19:04.929336 node.go:52: do commit
node-19 2022/01/06 15:19:04.929927 node.go:52: do commit
node-19 2022/01/06 15:19:04.930965 node.go:52: do commit
node-19 2022/01/06 15:19:04.930965 node.go:52: do commit
node-19 2022/01/06 15:19:04.961301 node.go:52: do commit
node-19 2022/01/06 15:19:04.961855 node.go:52: do commit
node-19 2022/01/06 15:19:04.962372 node.go:52: do commit
node-19 2022/01/06 15:19:04.984925 node.go:52: do commit
node-19 2022/01/06 15:19:04.987311 node.go:52: do commit
node-19 2022/01/06 15:19:04.988905 node.go:52: do commit
node-19 2022/01/06 15:19:04.989717 node.go:52: do commit
node-19 2022/01/06 15:19:05.291109 node.go:52: do prepare
node-19 2022/01/06 15:19:05.293158 node.go:52: do prepare
node-19 2022/01/06 15:19:05.293667 node.go:52: do prepare
node-19 2022/01/06 15:19:05.293667 node.go:52: do commit
node-19 2022/01/06 15:19:05.294179 node.go:52: do prepare
node-19 2022/01/06 15:19:05.294689 node.go:52: do prepare
node-19 2022/01/06 15:19:05.295265 node.go:52: do prepare
node-19 2022/01/06 15:19:05.296278 node.go:52: do prepare
node-19 2022/01/06 15:19:05.296788 node.go:52: do prepare
node-19 2022/01/06 15:19:05.296788 node.go:52: do prepare
node-19 2022/01/06 15:19:05.297296 node.go:52: do commit
node-19 2022/01/06 15:19:05.992403 node.go:52: do pre-prepare
node-19 2022/01/06 15:19:05.997331 node.go:52: do prepare
node-19 2022/01/06 15:19:06.006294 node.go:134: Committed value: node-6, 1641453536, Test, 1641453378759431850
node-19 2022/01/06 15:19:06.006294 node.go:134: Committed value: node-9, 1641453537, Test, 1641453378759431851
node-19 2022/01/06 15:19:06.006294 node.go:134: Committed value: node-18, 1641453538, Test, 1641453378759431852
node-19 2022/01/06 15:19:06.006294 node.go:134: Committed value: node-6, 1641453539, Test, 1641453378759431853
node-19 2022/01/06 15:19:06.006294 node.go:134: Committed value: node-11, 1641453541, Test, 1641453378759431854
node-19 2022/01/06 15:19:06.006294 node.go:134: Committed value: node-10, 1641453542, Test, 1641453378759431855
node-19 2022/01/06 15:19:06.006294 node.go:134: Committed value: node-1, 1641453543, Test, 1641453378759431856
node-19 2022/01/06 15:19:06.006294 node.go:134: Committed value: node-13, 1641453544, Test, 1641453378759431857
node-19 2022/01/06 15:19:06.006294 node.go:134: Committed value: node-3, 1641453545, Test, 1641453378759431858
node-19 2022/01/06 15:19:06.006294 node.go:136: 
node-19 2022/01/06 15:19:06.006294 node.go:140: Reply Finished!
node-19 2022/01/06 15:19:06.009521 node.go:52: do prepare
node-19 2022/01/06 15:19:06.163158 node.go:52: do prepare
node-19 2022/01/06 15:19:06.164759 node.go:52: do prepare
node-19 2022/01/06 15:19:06.224023 node.go:52: do prepare
node-19 2022/01/06 15:19:06.225064 node.go:52: do prepare
node-19 2022/01/06 15:19:06.225575 node.go:52: do prepare
node-19 2022/01/06 15:19:06.226597 node.go:52: do prepare
node-19 2022/01/06 15:19:06.228127 node.go:52: do prepare
node-19 2022/01/06 15:19:06.228127 node.go:52: do prepare
node-19 2022/01/06 15:19:06.229681 node.go:52: do prepare
node-19 2022/01/06 15:19:06.230723 node.go:52: do prepare
node-19 2022/01/06 15:19:06.231238 node.go:52: do prepare
node-19 2022/01/06 15:19:06.231748 node.go:52: do prepare
node-19 2022/01/06 15:19:06.233297 node.go:52: do prepare
node-19 2022/01/06 15:19:06.233297 node.go:52: do prepare
node-19 2022/01/06 15:19:06.235350 node.go:52: do prepare
node-19 2022/01/06 15:19:06.236370 node.go:52: do commit
node-19 2022/01/06 15:19:06.236880 node.go:52: do commit
node-19 2022/01/06 15:19:06.237390 node.go:52: do commit
node-19 2022/01/06 15:19:06.238487 node.go:52: do commit
node-19 2022/01/06 15:19:06.240518 node.go:52: do commit
node-19 2022/01/06 15:19:06.242046 node.go:52: do commit
node-19 2022/01/06 15:19:06.243074 node.go:52: do commit
node-19 2022/01/06 15:19:06.243074 node.go:52: do commit
node-19 2022/01/06 15:19:06.245110 node.go:52: do commit
node-19 2022/01/06 15:19:06.245620 node.go:52: do commit
node-19 2022/01/06 15:19:06.246129 node.go:52: do commit
node-19 2022/01/06 15:19:06.247675 node.go:52: do commit
node-19 2022/01/06 15:19:06.248185 node.go:52: do commit
node-19 2022/01/06 15:19:06.249205 node.go:52: do commit
node-19 2022/01/06 15:19:06.249713 node.go:52: do commit
node-19 2022/01/06 15:19:06.250224 node.go:52: do commit
node-19 2022/01/06 15:19:06.250224 node.go:52: do commit
node-19 2022/01/06 15:19:06.251243 node.go:52: do commit
node-19 2022/01/06 15:19:07.273949 node.go:52: do pre-prepare
node-19 2022/01/06 15:19:07.293248 node.go:134: Committed value: node-6, 1641453536, Test, 1641453378759431850
node-19 2022/01/06 15:19:07.293248 node.go:134: Committed value: node-9, 1641453537, Test, 1641453378759431851
node-19 2022/01/06 15:19:07.293248 node.go:134: Committed value: node-18, 1641453538, Test, 1641453378759431852
node-19 2022/01/06 15:19:07.293248 node.go:134: Committed value: node-6, 1641453539, Test, 1641453378759431853
node-19 2022/01/06 15:19:07.293248 node.go:134: Committed value: node-11, 1641453541, Test, 1641453378759431854
node-19 2022/01/06 15:19:07.293248 node.go:134: Committed value: node-10, 1641453542, Test, 1641453378759431855
node-19 2022/01/06 15:19:07.293248 node.go:134: Committed value: node-1, 1641453543, Test, 1641453378759431856
node-19 2022/01/06 15:19:07.293248 node.go:134: Committed value: node-13, 1641453544, Test, 1641453378759431857
node-19 2022/01/06 15:19:07.293248 node.go:134: Committed value: node-3, 1641453545, Test, 1641453378759431858
node-19 2022/01/06 15:19:07.293248 node.go:134: Committed value: node-11, 1641453547, Test, 1641453378759431859
node-19 2022/01/06 15:19:07.293248 node.go:136: 
node-19 2022/01/06 15:19:07.293248 node.go:140: Reply Finished!
node-19 2022/01/06 15:19:07.383454 node.go:52: do prepare
node-19 2022/01/06 15:19:07.414367 node.go:52: do prepare
node-19 2022/01/06 15:19:07.415956 node.go:52: do prepare
node-19 2022/01/06 15:19:07.417553 node.go:52: do prepare
node-19 2022/01/06 15:19:07.417553 node.go:52: do prepare
node-19 2022/01/06 15:19:07.419600 node.go:52: do prepare
node-19 2022/01/06 15:19:07.419600 node.go:52: do prepare
node-19 2022/01/06 15:19:07.420597 node.go:52: do prepare
node-19 2022/01/06 15:19:07.421857 node.go:52: do prepare
node-19 2022/01/06 15:19:07.422360 node.go:52: do commit
node-19 2022/01/06 15:19:07.422870 node.go:52: do prepare
node-19 2022/01/06 15:19:07.423889 node.go:52: do prepare
node-19 2022/01/06 15:19:07.425461 node.go:52: do commit
node-19 2022/01/06 15:19:07.425970 node.go:52: do prepare
node-19 2022/01/06 15:19:07.425970 node.go:52: do commit
node-19 2022/01/06 15:19:07.428531 node.go:52: do prepare
node-19 2022/01/06 15:19:07.429550 node.go:52: do commit
node-19 2022/01/06 15:19:07.429550 node.go:52: do commit
node-19 2022/01/06 15:19:07.431582 node.go:52: do prepare
node-19 2022/01/06 15:19:07.432603 node.go:52: do commit
node-19 2022/01/06 15:19:07.433112 node.go:52: do commit
node-19 2022/01/06 15:19:07.433622 node.go:52: do commit
node-19 2022/01/06 15:19:07.435656 node.go:52: do commit
node-19 2022/01/06 15:19:07.436674 node.go:52: do commit
node-19 2022/01/06 15:19:07.437711 node.go:52: do commit
node-19 2022/01/06 15:19:07.438733 node.go:52: do commit
node-19 2022/01/06 15:19:07.438733 node.go:52: do commit
node-19 2022/01/06 15:19:07.440971 node.go:52: do prepare
node-19 2022/01/06 15:19:07.443007 node.go:52: do commit
node-19 2022/01/06 15:19:07.443518 node.go:52: do commit
node-19 2022/01/06 15:19:07.444028 node.go:52: do commit
node-19 2022/01/06 15:19:07.444541 node.go:52: do commit
node-19 2022/01/06 15:19:07.445050 node.go:52: do prepare
node-19 2022/01/06 15:19:07.445568 node.go:52: do prepare
node-19 2022/01/06 15:19:07.446077 node.go:52: do commit
node-19 2022/01/06 15:19:08.457660 node.go:52: do add
node-19 2022/01/06 15:19:08.457660 node.go:582: f: 7 ; 2f: 13
node-19 2022/01/06 15:19:08.461741 node.go:52: do pre-prepare
node-19 2022/01/06 15:19:08.477155 node.go:52: do prepare
node-19 2022/01/06 15:19:08.478373 node.go:52: do prepare
node-19 2022/01/06 15:19:08.478875 node.go:52: do prepare
node-19 2022/01/06 15:19:08.481609 node.go:52: do prepare
node-19 2022/01/06 15:19:08.486459 node.go:134: Committed value: node-6, 1641453536, Test, 1641453378759431850
node-19 2022/01/06 15:19:08.486459 node.go:134: Committed value: node-9, 1641453537, Test, 1641453378759431851
node-19 2022/01/06 15:19:08.486459 node.go:134: Committed value: node-18, 1641453538, Test, 1641453378759431852
node-19 2022/01/06 15:19:08.486459 node.go:134: Committed value: node-6, 1641453539, Test, 1641453378759431853
node-19 2022/01/06 15:19:08.486459 node.go:134: Committed value: node-11, 1641453541, Test, 1641453378759431854
node-19 2022/01/06 15:19:08.486459 node.go:134: Committed value: node-10, 1641453542, Test, 1641453378759431855
node-19 2022/01/06 15:19:08.486459 node.go:134: Committed value: node-1, 1641453543, Test, 1641453378759431856
node-19 2022/01/06 15:19:08.486459 node.go:134: Committed value: node-13, 1641453544, Test, 1641453378759431857
node-19 2022/01/06 15:19:08.486459 node.go:134: Committed value: node-3, 1641453545, Test, 1641453378759431858
node-19 2022/01/06 15:19:08.486459 node.go:134: Committed value: node-11, 1641453547, Test, 1641453378759431859
node-19 2022/01/06 15:19:08.486459 node.go:134: Committed value: node-2, 1641453548, Test, 1641453378759431860
node-19 2022/01/06 15:19:08.486459 node.go:136: 
node-19 2022/01/06 15:19:08.486459 node.go:140: Reply Finished!
node-19 2022/01/06 15:19:08.653401 node.go:52: do prepare
node-19 2022/01/06 15:19:08.677703 node.go:52: do prepare
node-19 2022/01/06 15:19:08.678253 node.go:52: do prepare
node-19 2022/01/06 15:19:08.678253 node.go:52: do prepare
node-19 2022/01/06 15:19:08.678791 node.go:52: do prepare
node-19 2022/01/06 15:19:08.679883 node.go:52: do prepare
node-19 2022/01/06 15:19:08.680423 node.go:52: do prepare
node-19 2022/01/06 15:19:08.689283 node.go:52: do prepare
node-19 2022/01/06 15:19:08.689810 node.go:52: do prepare
node-19 2022/01/06 15:19:08.690347 node.go:52: do prepare
node-19 2022/01/06 15:19:08.690876 node.go:52: do prepare
node-19 2022/01/06 15:19:08.690876 node.go:52: do prepare
node-19 2022/01/06 15:19:08.691385 node.go:52: do prepare
node-19 2022/01/06 15:19:08.691385 node.go:52: do prepare
node-19 2022/01/06 15:19:08.691922 node.go:52: do commit
node-19 2022/01/06 15:19:08.692454 node.go:52: do commit
node-19 2022/01/06 15:19:08.692967 node.go:52: do commit
node-19 2022/01/06 15:19:08.693488 node.go:52: do commit
node-19 2022/01/06 15:19:08.693488 node.go:52: do commit
node-19 2022/01/06 15:19:08.693999 node.go:52: do commit
node-19 2022/01/06 15:19:08.693999 node.go:52: do commit
node-19 2022/01/06 15:19:08.694510 node.go:52: do commit
node-19 2022/01/06 15:19:08.695029 node.go:52: do commit
node-19 2022/01/06 15:19:08.695029 node.go:52: do commit
node-19 2022/01/06 15:19:08.696051 node.go:52: do commit
node-19 2022/01/06 15:19:08.696566 node.go:52: do commit
node-19 2022/01/06 15:19:08.697097 node.go:52: do commit
node-19 2022/01/06 15:19:08.697608 node.go:52: do commit
node-19 2022/01/06 15:19:08.697608 node.go:52: do commit
node-19 2022/01/06 15:19:08.697608 node.go:52: do commit
node-19 2022/01/06 15:19:08.697608 node.go:52: do commit
node-19 2022/01/06 15:19:08.699071 node.go:52: do commit
node-19 2022/01/06 15:19:08.700070 node.go:52: do commit
node-19 2022/01/06 15:19:09.713382 node.go:52: do pre-prepare
node-19 2022/01/06 15:19:09.713925 node.go:52: do prepare
node-19 2022/01/06 15:19:09.733409 node.go:134: Committed value: node-6, 1641453536, Test, 1641453378759431850
node-19 2022/01/06 15:19:09.733409 node.go:134: Committed value: node-9, 1641453537, Test, 1641453378759431851
node-19 2022/01/06 15:19:09.733409 node.go:134: Committed value: node-18, 1641453538, Test, 1641453378759431852
node-19 2022/01/06 15:19:09.733409 node.go:134: Committed value: node-6, 1641453539, Test, 1641453378759431853
node-19 2022/01/06 15:19:09.733409 node.go:134: Committed value: node-11, 1641453541, Test, 1641453378759431854
node-19 2022/01/06 15:19:09.733409 node.go:134: Committed value: node-10, 1641453542, Test, 1641453378759431855
node-19 2022/01/06 15:19:09.733409 node.go:134: Committed value: node-1, 1641453543, Test, 1641453378759431856
node-19 2022/01/06 15:19:09.733409 node.go:134: Committed value: node-13, 1641453544, Test, 1641453378759431857
node-19 2022/01/06 15:19:09.733409 node.go:134: Committed value: node-3, 1641453545, Test, 1641453378759431858
node-19 2022/01/06 15:19:09.733409 node.go:134: Committed value: node-11, 1641453547, Test, 1641453378759431859
node-19 2022/01/06 15:19:09.733409 node.go:134: Committed value: node-2, 1641453548, Test, 1641453378759431860
node-19 2022/01/06 15:19:09.733409 node.go:134: Committed value: node-16, 1641453549, Test, 1641453378759431861
node-19 2022/01/06 15:19:09.733409 node.go:136: 
node-19 2022/01/06 15:19:09.733409 node.go:140: Reply Finished!
node-19 2022/01/06 15:19:09.734437 node.go:52: do prepare
node-19 2022/01/06 15:19:09.996071 node.go:52: do prepare
node-19 2022/01/06 15:19:09.997106 node.go:52: do prepare
node-19 2022/01/06 15:19:09.998246 node.go:52: do prepare
node-19 2022/01/06 15:19:10.000844 node.go:52: do prepare
node-19 2022/01/06 15:19:10.001394 node.go:52: do prepare
node-19 2022/01/06 15:19:10.002490 node.go:52: do prepare
node-19 2022/01/06 15:19:10.004486 node.go:52: do prepare
node-19 2022/01/06 15:19:10.005483 node.go:52: do prepare
node-19 2022/01/06 15:19:10.019994 node.go:52: do prepare
node-19 2022/01/06 15:19:10.030049 node.go:52: do prepare
node-19 2022/01/06 15:19:10.031087 node.go:52: do prepare
node-19 2022/01/06 15:19:10.031087 node.go:52: do prepare
node-19 2022/01/06 15:19:10.032146 node.go:52: do prepare
node-19 2022/01/06 15:19:10.033201 node.go:52: do prepare
node-19 2022/01/06 15:19:10.033715 node.go:52: do prepare
node-19 2022/01/06 15:19:10.035814 node.go:52: do commit
node-19 2022/01/06 15:19:10.036326 node.go:52: do commit
node-19 2022/01/06 15:19:10.036836 node.go:52: do commit
node-19 2022/01/06 15:19:10.037419 node.go:52: do commit
node-19 2022/01/06 15:19:10.038518 node.go:52: do commit
node-19 2022/01/06 15:19:10.039633 node.go:52: do commit
node-19 2022/01/06 15:19:10.040293 node.go:52: do commit
node-19 2022/01/06 15:19:10.041314 node.go:52: do commit
node-19 2022/01/06 15:19:10.042333 node.go:52: do commit
node-19 2022/01/06 15:19:10.042842 node.go:52: do commit
node-19 2022/01/06 15:19:10.043353 node.go:52: do commit
node-19 2022/01/06 15:19:10.044381 node.go:52: do commit
node-19 2022/01/06 15:19:10.044381 node.go:52: do commit
node-19 2022/01/06 15:19:10.045380 node.go:52: do commit
node-19 2022/01/06 15:19:10.046377 node.go:52: do commit
node-19 2022/01/06 15:19:10.274224 node.go:52: do commit
node-19 2022/01/06 15:19:10.274926 node.go:52: do commit
node-19 2022/01/06 15:19:10.276828 node.go:52: do commit
node-19 2022/01/06 15:19:10.278113 node.go:52: do commit
node-19 2022/01/06 15:19:10.340416 node.go:52: do prepare
node-19 2022/01/06 15:19:11.298351 node.go:52: do pre-prepare
node-19 2022/01/06 15:19:11.327246 node.go:134: Committed value: node-6, 1641453536, Test, 1641453378759431850
node-19 2022/01/06 15:19:11.327246 node.go:134: Committed value: node-9, 1641453537, Test, 1641453378759431851
node-19 2022/01/06 15:19:11.327246 node.go:134: Committed value: node-18, 1641453538, Test, 1641453378759431852
node-19 2022/01/06 15:19:11.327246 node.go:134: Committed value: node-6, 1641453539, Test, 1641453378759431853
node-19 2022/01/06 15:19:11.327246 node.go:134: Committed value: node-11, 1641453541, Test, 1641453378759431854
node-19 2022/01/06 15:19:11.327246 node.go:134: Committed value: node-10, 1641453542, Test, 1641453378759431855
node-19 2022/01/06 15:19:11.327246 node.go:134: Committed value: node-1, 1641453543, Test, 1641453378759431856
node-19 2022/01/06 15:19:11.327246 node.go:134: Committed value: node-13, 1641453544, Test, 1641453378759431857
node-19 2022/01/06 15:19:11.327246 node.go:134: Committed value: node-3, 1641453545, Test, 1641453378759431858
node-19 2022/01/06 15:19:11.327246 node.go:134: Committed value: node-11, 1641453547, Test, 1641453378759431859
node-19 2022/01/06 15:19:11.327246 node.go:134: Committed value: node-2, 1641453548, Test, 1641453378759431860
node-19 2022/01/06 15:19:11.327246 node.go:134: Committed value: node-16, 1641453549, Test, 1641453378759431861
node-19 2022/01/06 15:19:11.327246 node.go:134: Committed value: node-12, 1641453551, Test, 1641453378759431862
node-19 2022/01/06 15:19:11.327246 node.go:136: 
node-19 2022/01/06 15:19:11.327246 node.go:140: Reply Finished!
node-19 2022/01/06 15:19:11.411316 node.go:52: do prepare
node-19 2022/01/06 15:19:11.412396 node.go:52: do prepare
node-19 2022/01/06 15:19:11.412931 node.go:52: do prepare
node-19 2022/01/06 15:19:11.414022 node.go:52: do prepare
node-19 2022/01/06 15:19:11.415095 node.go:52: do prepare
node-19 2022/01/06 15:19:11.423312 node.go:52: do prepare
node-19 2022/01/06 15:19:11.424350 node.go:52: do prepare
node-19 2022/01/06 15:19:11.424350 node.go:52: do prepare
node-19 2022/01/06 15:19:11.425349 node.go:52: do prepare
node-19 2022/01/06 15:19:11.426866 node.go:52: do prepare
node-19 2022/01/06 15:19:11.427368 node.go:52: do commit
node-19 2022/01/06 15:19:11.427882 node.go:52: do prepare
node-19 2022/01/06 15:19:11.428428 node.go:52: do prepare
node-19 2022/01/06 15:19:11.439701 node.go:52: do prepare
node-19 2022/01/06 15:19:11.440239 node.go:52: do prepare
node-19 2022/01/06 15:19:11.440790 node.go:52: do prepare
node-19 2022/01/06 15:19:11.441307 node.go:52: do prepare
node-19 2022/01/06 15:19:11.441307 node.go:52: do prepare
node-19 2022/01/06 15:19:11.441815 node.go:52: do commit
node-19 2022/01/06 15:19:11.441815 node.go:52: do commit
node-19 2022/01/06 15:19:11.442325 node.go:52: do commit
node-19 2022/01/06 15:19:11.442325 node.go:52: do commit
node-19 2022/01/06 15:19:11.442834 node.go:52: do commit
node-19 2022/01/06 15:19:11.442834 node.go:52: do commit
node-19 2022/01/06 15:19:11.443343 node.go:52: do commit
node-19 2022/01/06 15:19:11.443855 node.go:52: do commit
node-19 2022/01/06 15:19:11.443855 node.go:52: do prepare
node-19 2022/01/06 15:19:11.443855 node.go:52: do commit
node-19 2022/01/06 15:19:11.444370 node.go:52: do commit
node-19 2022/01/06 15:19:11.444889 node.go:52: do commit
node-19 2022/01/06 15:19:11.444889 node.go:52: do commit
node-19 2022/01/06 15:19:11.444889 node.go:52: do commit
node-19 2022/01/06 15:19:11.444889 node.go:52: do commit
node-19 2022/01/06 15:19:11.445400 node.go:52: do commit
node-19 2022/01/06 15:19:11.445983 node.go:52: do commit
node-19 2022/01/06 15:19:11.445983 node.go:52: do commit
node-19 2022/01/06 15:19:11.446486 node.go:52: do commit
node-19 2022/01/06 15:19:12.456136 node.go:52: do pre-prepare
node-19 2022/01/06 15:19:12.576410 node.go:134: Committed value: node-6, 1641453536, Test, 1641453378759431850
node-19 2022/01/06 15:19:12.576410 node.go:134: Committed value: node-9, 1641453537, Test, 1641453378759431851
node-19 2022/01/06 15:19:12.576410 node.go:134: Committed value: node-18, 1641453538, Test, 1641453378759431852
node-19 2022/01/06 15:19:12.576410 node.go:134: Committed value: node-6, 1641453539, Test, 1641453378759431853
node-19 2022/01/06 15:19:12.576410 node.go:134: Committed value: node-11, 1641453541, Test, 1641453378759431854
node-19 2022/01/06 15:19:12.576410 node.go:134: Committed value: node-10, 1641453542, Test, 1641453378759431855
node-19 2022/01/06 15:19:12.576410 node.go:134: Committed value: node-1, 1641453543, Test, 1641453378759431856
node-19 2022/01/06 15:19:12.576410 node.go:134: Committed value: node-13, 1641453544, Test, 1641453378759431857
node-19 2022/01/06 15:19:12.576410 node.go:134: Committed value: node-3, 1641453545, Test, 1641453378759431858
node-19 2022/01/06 15:19:12.576410 node.go:134: Committed value: node-11, 1641453547, Test, 1641453378759431859
node-19 2022/01/06 15:19:12.576410 node.go:134: Committed value: node-2, 1641453548, Test, 1641453378759431860
node-19 2022/01/06 15:19:12.576410 node.go:134: Committed value: node-16, 1641453549, Test, 1641453378759431861
node-19 2022/01/06 15:19:12.576410 node.go:134: Committed value: node-12, 1641453551, Test, 1641453378759431862
node-19 2022/01/06 15:19:12.576410 node.go:134: Committed value: node-5, 1641453552, Test, 1641453378759431863
node-19 2022/01/06 15:19:12.576410 node.go:136: 
node-19 2022/01/06 15:19:12.576410 node.go:140: Reply Finished!
node-19 2022/01/06 15:19:12.693722 node.go:52: do prepare
node-19 2022/01/06 15:19:12.714255 node.go:52: do prepare
node-19 2022/01/06 15:19:12.715756 node.go:52: do prepare
node-19 2022/01/06 15:19:12.717952 node.go:52: do prepare
node-19 2022/01/06 15:19:12.720088 node.go:52: do prepare
node-19 2022/01/06 15:19:12.720622 node.go:52: do prepare
node-19 2022/01/06 15:19:12.720622 node.go:52: do prepare
node-19 2022/01/06 15:19:12.721154 node.go:52: do prepare
node-19 2022/01/06 15:19:12.727651 node.go:52: do prepare
node-19 2022/01/06 15:19:12.729646 node.go:52: do prepare
node-19 2022/01/06 15:19:12.731538 node.go:52: do commit
node-19 2022/01/06 15:19:12.732531 node.go:52: do prepare
node-19 2022/01/06 15:19:12.734094 node.go:52: do commit
node-19 2022/01/06 15:19:12.734094 node.go:52: do prepare
node-19 2022/01/06 15:19:12.734604 node.go:52: do prepare
node-19 2022/01/06 15:19:12.734604 node.go:52: do prepare
node-19 2022/01/06 15:19:12.736146 node.go:52: do prepare
node-19 2022/01/06 15:19:12.737168 node.go:52: do commit
node-19 2022/01/06 15:19:12.737735 node.go:52: do commit
node-19 2022/01/06 15:19:12.738748 node.go:52: do commit
node-19 2022/01/06 15:19:12.739258 node.go:52: do commit
node-19 2022/01/06 15:19:12.739768 node.go:52: do commit
node-19 2022/01/06 15:19:12.739768 node.go:52: do commit
node-19 2022/01/06 15:19:12.740788 node.go:52: do commit
node-19 2022/01/06 15:19:12.741299 node.go:52: do commit
node-19 2022/01/06 15:19:12.741810 node.go:52: do commit
node-19 2022/01/06 15:19:12.742321 node.go:52: do commit
node-19 2022/01/06 15:19:12.742831 node.go:52: do commit
node-19 2022/01/06 15:19:12.743851 node.go:52: do commit
node-19 2022/01/06 15:19:12.744363 node.go:52: do commit
node-19 2022/01/06 15:19:12.744872 node.go:52: do commit
node-19 2022/01/06 15:19:12.745895 node.go:52: do commit
node-19 2022/01/06 15:19:13.082699 node.go:52: do commit
node-19 2022/01/06 15:19:13.082699 node.go:52: do commit
node-19 2022/01/06 15:19:13.083210 node.go:52: do prepare
node-19 2022/01/06 15:19:13.083722 node.go:52: do prepare
node-19 2022/01/06 15:19:13.084232 node.go:52: do prepare
node-19 2022/01/06 15:19:13.747379 node.go:52: do pre-prepare
node-19 2022/01/06 15:19:13.759115 node.go:52: do prepare
node-19 2022/01/06 15:19:13.759115 node.go:52: do prepare
node-19 2022/01/06 15:19:13.765003 node.go:52: do prepare
node-19 2022/01/06 15:19:13.834577 node.go:134: Committed value: node-6, 1641453536, Test, 1641453378759431850
node-19 2022/01/06 15:19:13.834577 node.go:134: Committed value: node-9, 1641453537, Test, 1641453378759431851
node-19 2022/01/06 15:19:13.834577 node.go:134: Committed value: node-18, 1641453538, Test, 1641453378759431852
node-19 2022/01/06 15:19:13.834577 node.go:134: Committed value: node-6, 1641453539, Test, 1641453378759431853
node-19 2022/01/06 15:19:13.834577 node.go:134: Committed value: node-11, 1641453541, Test, 1641453378759431854
node-19 2022/01/06 15:19:13.834577 node.go:134: Committed value: node-10, 1641453542, Test, 1641453378759431855
node-19 2022/01/06 15:19:13.834577 node.go:134: Committed value: node-1, 1641453543, Test, 1641453378759431856
node-19 2022/01/06 15:19:13.834577 node.go:134: Committed value: node-13, 1641453544, Test, 1641453378759431857
node-19 2022/01/06 15:19:13.834577 node.go:134: Committed value: node-3, 1641453545, Test, 1641453378759431858
node-19 2022/01/06 15:19:13.834577 node.go:134: Committed value: node-11, 1641453547, Test, 1641453378759431859
node-19 2022/01/06 15:19:13.834577 node.go:134: Committed value: node-2, 1641453548, Test, 1641453378759431860
node-19 2022/01/06 15:19:13.834577 node.go:134: Committed value: node-16, 1641453549, Test, 1641453378759431861
node-19 2022/01/06 15:19:13.834577 node.go:134: Committed value: node-12, 1641453551, Test, 1641453378759431862
node-19 2022/01/06 15:19:13.834577 node.go:134: Committed value: node-5, 1641453552, Test, 1641453378759431863
node-19 2022/01/06 15:19:13.834577 node.go:134: Committed value: node-15, 1641453553, Test, 1641453378759431864
node-19 2022/01/06 15:19:13.834577 node.go:136: 
node-19 2022/01/06 15:19:13.834577 node.go:140: Reply Finished!
node-19 2022/01/06 15:19:14.007217 node.go:52: do prepare
node-19 2022/01/06 15:19:14.009324 node.go:52: do prepare
node-19 2022/01/06 15:19:14.009848 node.go:52: do prepare
node-19 2022/01/06 15:19:14.009848 node.go:52: do prepare
node-19 2022/01/06 15:19:14.010887 node.go:52: do prepare
node-19 2022/01/06 15:19:14.010991 node.go:52: do prepare
node-19 2022/01/06 15:19:14.010991 node.go:52: do prepare
node-19 2022/01/06 15:19:14.011493 node.go:52: do prepare
node-19 2022/01/06 15:19:14.011493 node.go:52: do prepare
node-19 2022/01/06 15:19:14.012458 node.go:52: do prepare
node-19 2022/01/06 15:19:14.012882 node.go:52: do prepare
node-19 2022/01/06 15:19:14.013384 node.go:52: do prepare
node-19 2022/01/06 15:19:14.013384 node.go:52: do commit
node-19 2022/01/06 15:19:14.015523 node.go:52: do commit
node-19 2022/01/06 15:19:14.016522 node.go:52: do commit
node-19 2022/01/06 15:19:14.017519 node.go:52: do commit
node-19 2022/01/06 15:19:14.018517 node.go:52: do commit
node-19 2022/01/06 15:19:14.019514 node.go:52: do commit
node-19 2022/01/06 15:19:14.019514 node.go:52: do commit
node-19 2022/01/06 15:19:14.020511 node.go:52: do commit
node-19 2022/01/06 15:19:14.022759 node.go:52: do commit
node-19 2022/01/06 15:19:14.023561 node.go:52: do commit
node-19 2022/01/06 15:19:14.024131 node.go:52: do commit
node-19 2022/01/06 15:19:14.024131 node.go:52: do commit
node-19 2022/01/06 15:19:14.024131 node.go:52: do commit
node-19 2022/01/06 15:19:14.024634 node.go:52: do commit
node-19 2022/01/06 15:19:14.024634 node.go:52: do commit
node-19 2022/01/06 15:19:14.025145 node.go:52: do commit
node-19 2022/01/06 15:19:14.025145 node.go:52: do commit
node-19 2022/01/06 15:19:14.025672 node.go:52: do commit
node-19 2022/01/06 15:19:14.357887 node.go:52: do prepare
node-19 2022/01/06 15:19:14.357887 node.go:52: do commit
node-19 2022/01/06 15:19:14.358396 node.go:52: do prepare
node-19 2022/01/06 15:19:14.358396 node.go:52: do prepare
node-19 2022/01/06 15:19:15.078755 node.go:52: do pre-prepare
node-19 2022/01/06 15:19:15.082728 node.go:52: do prepare
node-19 2022/01/06 15:19:15.142880 node.go:134: Committed value: node-6, 1641453536, Test, 1641453378759431850
node-19 2022/01/06 15:19:15.142880 node.go:134: Committed value: node-9, 1641453537, Test, 1641453378759431851
node-19 2022/01/06 15:19:15.142880 node.go:134: Committed value: node-18, 1641453538, Test, 1641453378759431852
node-19 2022/01/06 15:19:15.142880 node.go:134: Committed value: node-6, 1641453539, Test, 1641453378759431853
node-19 2022/01/06 15:19:15.142880 node.go:134: Committed value: node-11, 1641453541, Test, 1641453378759431854
node-19 2022/01/06 15:19:15.142880 node.go:134: Committed value: node-10, 1641453542, Test, 1641453378759431855
node-19 2022/01/06 15:19:15.142880 node.go:134: Committed value: node-1, 1641453543, Test, 1641453378759431856
node-19 2022/01/06 15:19:15.142880 node.go:134: Committed value: node-13, 1641453544, Test, 1641453378759431857
node-19 2022/01/06 15:19:15.142880 node.go:134: Committed value: node-3, 1641453545, Test, 1641453378759431858
node-19 2022/01/06 15:19:15.142880 node.go:134: Committed value: node-11, 1641453547, Test, 1641453378759431859
node-19 2022/01/06 15:19:15.142880 node.go:134: Committed value: node-2, 1641453548, Test, 1641453378759431860
node-19 2022/01/06 15:19:15.142880 node.go:134: Committed value: node-16, 1641453549, Test, 1641453378759431861
node-19 2022/01/06 15:19:15.142880 node.go:134: Committed value: node-12, 1641453551, Test, 1641453378759431862
node-19 2022/01/06 15:19:15.142880 node.go:134: Committed value: node-5, 1641453552, Test, 1641453378759431863
node-19 2022/01/06 15:19:15.142880 node.go:134: Committed value: node-15, 1641453553, Test, 1641453378759431864
node-19 2022/01/06 15:19:15.142880 node.go:134: Committed value: node-5, 1641453555, Test, 1641453378759431865
node-19 2022/01/06 15:19:15.142880 node.go:136: 
node-19 2022/01/06 15:19:15.142880 node.go:140: Reply Finished!
node-19 2022/01/06 15:19:15.145569 node.go:52: do prepare
node-19 2022/01/06 15:19:15.146644 node.go:52: do prepare
node-19 2022/01/06 15:19:15.147238 node.go:52: do prepare
node-19 2022/01/06 15:19:15.147238 node.go:52: do prepare
node-19 2022/01/06 15:19:15.149234 node.go:52: do prepare
node-19 2022/01/06 15:19:15.150232 node.go:52: do prepare
node-19 2022/01/06 15:19:15.151229 node.go:52: do prepare
node-19 2022/01/06 15:19:15.178810 node.go:52: do prepare
node-19 2022/01/06 15:19:15.178810 node.go:52: do prepare
node-19 2022/01/06 15:19:15.180398 node.go:52: do commit
node-19 2022/01/06 15:19:15.180910 node.go:52: do commit
node-19 2022/01/06 15:19:15.181422 node.go:52: do commit
node-19 2022/01/06 15:19:15.181932 node.go:52: do commit
node-19 2022/01/06 15:19:15.181932 node.go:52: do commit
node-19 2022/01/06 15:19:15.181932 node.go:52: do commit
node-19 2022/01/06 15:19:15.182443 node.go:52: do commit
node-19 2022/01/06 15:19:15.182953 node.go:52: do commit
node-19 2022/01/06 15:19:15.183975 node.go:52: do prepare
node-19 2022/01/06 15:19:15.183975 node.go:52: do commit
node-19 2022/01/06 15:19:15.184485 node.go:52: do commit
node-19 2022/01/06 15:19:15.185506 node.go:52: do prepare
node-19 2022/01/06 15:19:15.186016 node.go:52: do commit
node-19 2022/01/06 15:19:15.186527 node.go:52: do commit
node-19 2022/01/06 15:19:15.186527 node.go:52: do commit
node-19 2022/01/06 15:19:15.187037 node.go:52: do prepare
node-19 2022/01/06 15:19:15.187550 node.go:52: do prepare
node-19 2022/01/06 15:19:15.188578 node.go:52: do prepare
node-19 2022/01/06 15:19:15.188578 node.go:52: do prepare
node-19 2022/01/06 15:19:15.189108 node.go:52: do prepare
node-19 2022/01/06 15:19:15.189617 node.go:52: do commit
node-19 2022/01/06 15:19:15.190126 node.go:52: do commit
node-19 2022/01/06 15:19:15.190126 node.go:52: do commit
node-19 2022/01/06 15:19:15.190634 node.go:52: do commit
node-19 2022/01/06 15:19:15.191144 node.go:52: do commit
node-19 2022/01/06 15:19:15.191144 node.go:52: do commit
node-19 2022/01/06 15:19:15.625218 node.go:52: do prepare
node-19 2022/01/06 15:19:16.201382 node.go:52: do pre-prepare
node-19 2022/01/06 15:19:16.204510 node.go:52: do prepare
node-19 2022/01/06 15:19:16.210018 node.go:134: Committed value: node-6, 1641453536, Test, 1641453378759431850
node-19 2022/01/06 15:19:16.210018 node.go:134: Committed value: node-9, 1641453537, Test, 1641453378759431851
node-19 2022/01/06 15:19:16.210018 node.go:134: Committed value: node-18, 1641453538, Test, 1641453378759431852
node-19 2022/01/06 15:19:16.210018 node.go:134: Committed value: node-6, 1641453539, Test, 1641453378759431853
node-19 2022/01/06 15:19:16.210018 node.go:134: Committed value: node-11, 1641453541, Test, 1641453378759431854
node-19 2022/01/06 15:19:16.210018 node.go:134: Committed value: node-10, 1641453542, Test, 1641453378759431855
node-19 2022/01/06 15:19:16.210018 node.go:134: Committed value: node-1, 1641453543, Test, 1641453378759431856
node-19 2022/01/06 15:19:16.210018 node.go:134: Committed value: node-13, 1641453544, Test, 1641453378759431857
node-19 2022/01/06 15:19:16.210018 node.go:134: Committed value: node-3, 1641453545, Test, 1641453378759431858
node-19 2022/01/06 15:19:16.210018 node.go:134: Committed value: node-11, 1641453547, Test, 1641453378759431859
node-19 2022/01/06 15:19:16.210018 node.go:134: Committed value: node-2, 1641453548, Test, 1641453378759431860
node-19 2022/01/06 15:19:16.210018 node.go:134: Committed value: node-16, 1641453549, Test, 1641453378759431861
node-19 2022/01/06 15:19:16.210018 node.go:134: Committed value: node-12, 1641453551, Test, 1641453378759431862
node-19 2022/01/06 15:19:16.210018 node.go:134: Committed value: node-5, 1641453552, Test, 1641453378759431863
node-19 2022/01/06 15:19:16.210018 node.go:134: Committed value: node-15, 1641453553, Test, 1641453378759431864
node-19 2022/01/06 15:19:16.210018 node.go:134: Committed value: node-5, 1641453555, Test, 1641453378759431865
node-19 2022/01/06 15:19:16.210018 node.go:134: Committed value: node-4, 1641453556, Test, 1641453378759431866
node-19 2022/01/06 15:19:16.210018 node.go:136: 
node-19 2022/01/06 15:19:16.210018 node.go:140: Reply Finished!
node-19 2022/01/06 15:19:16.447622 node.go:52: do prepare
node-19 2022/01/06 15:19:16.448138 node.go:52: do prepare
node-19 2022/01/06 15:19:16.448138 node.go:52: do prepare
node-19 2022/01/06 15:19:16.464304 node.go:52: do prepare
node-19 2022/01/06 15:19:16.464304 node.go:52: do prepare
node-19 2022/01/06 15:19:16.465324 node.go:52: do prepare
node-19 2022/01/06 15:19:16.465324 node.go:52: do prepare
node-19 2022/01/06 15:19:16.465835 node.go:52: do prepare
node-19 2022/01/06 15:19:16.466854 node.go:52: do prepare
node-19 2022/01/06 15:19:16.467363 node.go:52: do prepare
node-19 2022/01/06 15:19:16.467876 node.go:52: do prepare
node-19 2022/01/06 15:19:16.468386 node.go:52: do prepare
node-19 2022/01/06 15:19:16.469386 node.go:52: do prepare
node-19 2022/01/06 15:19:16.471380 node.go:52: do prepare
node-19 2022/01/06 15:19:16.473790 node.go:52: do prepare
node-19 2022/01/06 15:19:16.474293 node.go:52: do commit
node-19 2022/01/06 15:19:16.474293 node.go:52: do prepare
node-19 2022/01/06 15:19:16.474812 node.go:52: do prepare
node-19 2022/01/06 15:19:16.474812 node.go:52: do commit
node-19 2022/01/06 15:19:16.475323 node.go:52: do commit
node-19 2022/01/06 15:19:16.475834 node.go:52: do commit
node-19 2022/01/06 15:19:16.476345 node.go:52: do commit
node-19 2022/01/06 15:19:16.476345 node.go:52: do commit
node-19 2022/01/06 15:19:16.476857 node.go:52: do commit
node-19 2022/01/06 15:19:16.477367 node.go:52: do commit
node-19 2022/01/06 15:19:16.477367 node.go:52: do commit
node-19 2022/01/06 15:19:16.478388 node.go:52: do commit
node-19 2022/01/06 15:19:16.478899 node.go:52: do commit
node-19 2022/01/06 15:19:16.478899 node.go:52: do commit
node-19 2022/01/06 15:19:16.479409 node.go:52: do commit
node-19 2022/01/06 15:19:16.479921 node.go:52: do commit
node-19 2022/01/06 15:19:16.480430 node.go:52: do commit
node-19 2022/01/06 15:19:16.480430 node.go:52: do commit
node-19 2022/01/06 15:19:16.480430 node.go:52: do commit
node-19 2022/01/06 15:19:16.480948 node.go:52: do commit
node-19 2022/01/06 15:19:16.481971 node.go:52: do commit
node-19 2022/01/06 15:19:17.497496 node.go:52: do pre-prepare
node-19 2022/01/06 15:19:17.519622 node.go:52: do prepare
node-19 2022/01/06 15:19:17.520124 node.go:52: do prepare
node-19 2022/01/06 15:19:17.520667 node.go:52: do prepare
node-19 2022/01/06 15:19:17.520667 node.go:52: do prepare
node-19 2022/01/06 15:19:17.521692 node.go:52: do prepare
node-19 2022/01/06 15:19:17.521692 node.go:52: do prepare
node-19 2022/01/06 15:19:17.531370 node.go:134: Committed value: node-6, 1641453536, Test, 1641453378759431850
node-19 2022/01/06 15:19:17.531370 node.go:134: Committed value: node-9, 1641453537, Test, 1641453378759431851
node-19 2022/01/06 15:19:17.531370 node.go:134: Committed value: node-18, 1641453538, Test, 1641453378759431852
node-19 2022/01/06 15:19:17.531370 node.go:134: Committed value: node-6, 1641453539, Test, 1641453378759431853
node-19 2022/01/06 15:19:17.531370 node.go:134: Committed value: node-11, 1641453541, Test, 1641453378759431854
node-19 2022/01/06 15:19:17.531370 node.go:134: Committed value: node-10, 1641453542, Test, 1641453378759431855
node-19 2022/01/06 15:19:17.531370 node.go:134: Committed value: node-1, 1641453543, Test, 1641453378759431856
node-19 2022/01/06 15:19:17.531370 node.go:134: Committed value: node-13, 1641453544, Test, 1641453378759431857
node-19 2022/01/06 15:19:17.531370 node.go:134: Committed value: node-3, 1641453545, Test, 1641453378759431858
node-19 2022/01/06 15:19:17.531370 node.go:134: Committed value: node-11, 1641453547, Test, 1641453378759431859
node-19 2022/01/06 15:19:17.531370 node.go:134: Committed value: node-2, 1641453548, Test, 1641453378759431860
node-19 2022/01/06 15:19:17.531370 node.go:134: Committed value: node-16, 1641453549, Test, 1641453378759431861
node-19 2022/01/06 15:19:17.531370 node.go:134: Committed value: node-12, 1641453551, Test, 1641453378759431862
node-19 2022/01/06 15:19:17.531370 node.go:134: Committed value: node-5, 1641453552, Test, 1641453378759431863
node-19 2022/01/06 15:19:17.531370 node.go:134: Committed value: node-15, 1641453553, Test, 1641453378759431864
node-19 2022/01/06 15:19:17.531370 node.go:134: Committed value: node-5, 1641453555, Test, 1641453378759431865
node-19 2022/01/06 15:19:17.531370 node.go:134: Committed value: node-4, 1641453556, Test, 1641453378759431866
node-19 2022/01/06 15:19:17.531370 node.go:134: Committed value: node-1, 1641453557, Test, 1641453378759431867
node-19 2022/01/06 15:19:17.531370 node.go:136: 
node-19 2022/01/06 15:19:17.531370 node.go:140: Reply Finished!
node-19 2022/01/06 15:19:17.582800 node.go:52: do prepare
node-19 2022/01/06 15:19:17.584917 node.go:52: do commit
node-19 2022/01/06 15:19:17.584917 node.go:52: do commit
node-19 2022/01/06 15:19:17.585917 node.go:52: do commit
node-19 2022/01/06 15:19:17.586914 node.go:52: do commit
node-19 2022/01/06 15:19:17.586914 node.go:52: do commit
node-19 2022/01/06 15:19:17.587912 node.go:52: do commit
node-19 2022/01/06 15:19:17.629696 node.go:52: do commit
node-19 2022/01/06 15:19:17.630774 node.go:52: do commit
node-19 2022/01/06 15:19:17.630774 node.go:52: do commit
node-19 2022/01/06 15:19:17.631973 node.go:52: do commit
node-19 2022/01/06 15:19:17.640004 node.go:52: do commit
node-19 2022/01/06 15:19:17.678320 node.go:52: do prepare
node-19 2022/01/06 15:19:17.678847 node.go:52: do commit
node-19 2022/01/06 15:19:17.678847 node.go:52: do commit
node-19 2022/01/06 15:19:17.758088 node.go:52: do prepare
node-19 2022/01/06 15:19:17.758088 node.go:52: do prepare
node-19 2022/01/06 15:19:17.758674 node.go:52: do prepare
node-19 2022/01/06 15:19:17.761311 node.go:52: do prepare
node-19 2022/01/06 15:19:17.761311 node.go:52: do commit
node-19 2022/01/06 15:19:17.761859 node.go:52: do commit
node-19 2022/01/06 15:19:17.762924 node.go:52: do commit
node-19 2022/01/06 15:19:17.809916 node.go:52: do prepare
node-19 2022/01/06 15:19:17.810420 node.go:52: do commit
node-19 2022/01/06 15:19:17.810930 node.go:52: do prepare
node-19 2022/01/06 15:19:17.810930 node.go:52: do prepare
node-19 2022/01/06 15:19:17.811952 node.go:52: do prepare
node-19 2022/01/06 15:19:17.812461 node.go:52: do prepare
node-19 2022/01/06 15:19:17.813495 node.go:52: do prepare
node-19 2022/01/06 15:19:17.814004 node.go:52: do commit
node-19 2022/01/06 15:19:17.814513 node.go:52: do commit
node-19 2022/01/06 15:19:18.695036 node.go:52: do pre-prepare
node-19 2022/01/06 15:19:18.697154 node.go:52: do prepare
node-19 2022/01/06 15:19:18.706196 node.go:134: Committed value: node-6, 1641453536, Test, 1641453378759431850
node-19 2022/01/06 15:19:18.706196 node.go:134: Committed value: node-9, 1641453537, Test, 1641453378759431851
node-19 2022/01/06 15:19:18.706196 node.go:134: Committed value: node-18, 1641453538, Test, 1641453378759431852
node-19 2022/01/06 15:19:18.706196 node.go:134: Committed value: node-6, 1641453539, Test, 1641453378759431853
node-19 2022/01/06 15:19:18.706196 node.go:134: Committed value: node-11, 1641453541, Test, 1641453378759431854
node-19 2022/01/06 15:19:18.706196 node.go:134: Committed value: node-10, 1641453542, Test, 1641453378759431855
node-19 2022/01/06 15:19:18.706196 node.go:134: Committed value: node-1, 1641453543, Test, 1641453378759431856
node-19 2022/01/06 15:19:18.706196 node.go:134: Committed value: node-13, 1641453544, Test, 1641453378759431857
node-19 2022/01/06 15:19:18.706196 node.go:134: Committed value: node-3, 1641453545, Test, 1641453378759431858
node-19 2022/01/06 15:19:18.706196 node.go:134: Committed value: node-11, 1641453547, Test, 1641453378759431859
node-19 2022/01/06 15:19:18.706196 node.go:134: Committed value: node-2, 1641453548, Test, 1641453378759431860
node-19 2022/01/06 15:19:18.706196 node.go:134: Committed value: node-16, 1641453549, Test, 1641453378759431861
node-19 2022/01/06 15:19:18.706196 node.go:134: Committed value: node-12, 1641453551, Test, 1641453378759431862
node-19 2022/01/06 15:19:18.706196 node.go:134: Committed value: node-5, 1641453552, Test, 1641453378759431863
node-19 2022/01/06 15:19:18.706196 node.go:134: Committed value: node-15, 1641453553, Test, 1641453378759431864
node-19 2022/01/06 15:19:18.706196 node.go:134: Committed value: node-5, 1641453555, Test, 1641453378759431865
node-19 2022/01/06 15:19:18.706196 node.go:134: Committed value: node-4, 1641453556, Test, 1641453378759431866
node-19 2022/01/06 15:19:18.706196 node.go:134: Committed value: node-1, 1641453557, Test, 1641453378759431867
node-19 2022/01/06 15:19:18.706196 node.go:134: Committed value: node-12, 1641453558, Test, 1641453378759431868
node-19 2022/01/06 15:19:18.706196 node.go:136: 
node-19 2022/01/06 15:19:18.706196 node.go:140: Reply Finished!
node-19 2022/01/06 15:19:18.716151 node.go:52: do prepare
node-19 2022/01/06 15:19:18.826600 node.go:52: do prepare
node-19 2022/01/06 15:19:18.828190 node.go:52: do prepare
node-19 2022/01/06 15:19:18.828721 node.go:52: do commit
node-19 2022/01/06 15:19:18.828721 node.go:52: do commit
node-19 2022/01/06 15:19:18.828721 node.go:52: do prepare
node-19 2022/01/06 15:19:18.829787 node.go:52: do prepare
node-19 2022/01/06 15:19:18.831326 node.go:52: do commit
node-19 2022/01/06 15:19:18.833321 node.go:52: do commit
node-19 2022/01/06 15:19:18.836308 node.go:52: do commit
node-19 2022/01/06 15:19:18.836813 node.go:52: do commit
node-19 2022/01/06 15:19:18.837927 node.go:52: do commit
node-19 2022/01/06 15:19:18.839471 node.go:52: do commit
node-19 2022/01/06 15:19:18.839994 node.go:52: do commit
node-19 2022/01/06 15:19:18.840540 node.go:52: do commit
node-19 2022/01/06 15:19:18.864928 node.go:52: do commit
node-19 2022/01/06 15:19:18.894773 node.go:52: do commit
node-19 2022/01/06 15:19:18.895847 node.go:52: do commit
node-19 2022/01/06 15:19:18.896367 node.go:52: do commit
node-19 2022/01/06 15:19:18.897431 node.go:52: do prepare
node-19 2022/01/06 15:19:18.897980 node.go:52: do prepare
node-19 2022/01/06 15:19:18.897980 node.go:52: do commit
node-19 2022/01/06 15:19:18.898532 node.go:52: do commit
node-19 2022/01/06 15:19:18.899060 node.go:52: do commit
node-19 2022/01/06 15:19:19.239915 node.go:52: do prepare
node-19 2022/01/06 15:19:19.240426 node.go:52: do prepare
node-19 2022/01/06 15:19:19.240939 node.go:52: do prepare
node-19 2022/01/06 15:19:19.241959 node.go:52: do commit
node-19 2022/01/06 15:19:19.247890 node.go:52: do commit
node-19 2022/01/06 15:19:19.294559 node.go:52: do prepare
node-19 2022/01/06 15:19:19.295067 node.go:52: do prepare
node-19 2022/01/06 15:19:19.295586 node.go:52: do prepare
node-19 2022/01/06 15:19:19.295586 node.go:52: do prepare
node-19 2022/01/06 15:19:19.296101 node.go:52: do prepare
node-19 2022/01/06 15:19:19.297118 node.go:52: do prepare
node-19 2022/01/06 15:19:19.297630 node.go:52: do prepare
node-19 2022/01/06 15:19:19.913377 node.go:52: do pre-prepare
node-19 2022/01/06 15:19:19.939579 node.go:134: Committed value: node-6, 1641453536, Test, 1641453378759431850
node-19 2022/01/06 15:19:19.939579 node.go:134: Committed value: node-9, 1641453537, Test, 1641453378759431851
node-19 2022/01/06 15:19:19.939579 node.go:134: Committed value: node-18, 1641453538, Test, 1641453378759431852
node-19 2022/01/06 15:19:19.939579 node.go:134: Committed value: node-6, 1641453539, Test, 1641453378759431853
node-19 2022/01/06 15:19:19.939579 node.go:134: Committed value: node-11, 1641453541, Test, 1641453378759431854
node-19 2022/01/06 15:19:19.939579 node.go:134: Committed value: node-10, 1641453542, Test, 1641453378759431855
node-19 2022/01/06 15:19:19.939579 node.go:134: Committed value: node-1, 1641453543, Test, 1641453378759431856
node-19 2022/01/06 15:19:19.939579 node.go:134: Committed value: node-13, 1641453544, Test, 1641453378759431857
node-19 2022/01/06 15:19:19.939579 node.go:134: Committed value: node-3, 1641453545, Test, 1641453378759431858
node-19 2022/01/06 15:19:19.939579 node.go:134: Committed value: node-11, 1641453547, Test, 1641453378759431859
node-19 2022/01/06 15:19:19.939579 node.go:134: Committed value: node-2, 1641453548, Test, 1641453378759431860
node-19 2022/01/06 15:19:19.939579 node.go:134: Committed value: node-16, 1641453549, Test, 1641453378759431861
node-19 2022/01/06 15:19:19.939579 node.go:134: Committed value: node-12, 1641453551, Test, 1641453378759431862
node-19 2022/01/06 15:19:19.939579 node.go:134: Committed value: node-5, 1641453552, Test, 1641453378759431863
node-19 2022/01/06 15:19:19.939579 node.go:134: Committed value: node-15, 1641453553, Test, 1641453378759431864
node-19 2022/01/06 15:19:19.939579 node.go:134: Committed value: node-5, 1641453555, Test, 1641453378759431865
node-19 2022/01/06 15:19:19.939579 node.go:134: Committed value: node-4, 1641453556, Test, 1641453378759431866
node-19 2022/01/06 15:19:19.939579 node.go:134: Committed value: node-1, 1641453557, Test, 1641453378759431867
node-19 2022/01/06 15:19:19.939579 node.go:134: Committed value: node-12, 1641453558, Test, 1641453378759431868
node-19 2022/01/06 15:19:19.939579 node.go:134: Committed value: node-4, 1641453559, Test, 1641453378759431869
node-19 2022/01/06 15:19:19.939579 node.go:136: 
node-19 2022/01/06 15:19:19.939579 node.go:140: Reply Finished!
node-19 2022/01/06 15:19:19.981039 node.go:52: do prepare
node-19 2022/01/06 15:19:20.017227 node.go:52: do prepare
node-19 2022/01/06 15:19:20.018992 node.go:52: do prepare
node-19 2022/01/06 15:19:20.019500 node.go:52: do prepare
node-19 2022/01/06 15:19:20.022723 node.go:52: do prepare
node-19 2022/01/06 15:19:20.022723 node.go:52: do prepare
node-19 2022/01/06 15:19:20.024775 node.go:52: do prepare
node-19 2022/01/06 15:19:20.025796 node.go:52: do prepare
node-19 2022/01/06 15:19:20.027338 node.go:52: do prepare
node-19 2022/01/06 15:19:20.028360 node.go:52: do prepare
node-19 2022/01/06 15:19:20.030409 node.go:52: do prepare
node-19 2022/01/06 15:19:20.030934 node.go:52: do prepare
node-19 2022/01/06 15:19:20.031444 node.go:52: do prepare
node-19 2022/01/06 15:19:20.032442 node.go:52: do prepare
node-19 2022/01/06 15:19:20.034437 node.go:52: do commit
node-19 2022/01/06 15:19:20.034437 node.go:52: do commit
node-19 2022/01/06 15:19:20.035894 node.go:52: do prepare
node-19 2022/01/06 15:19:20.036923 node.go:52: do commit
node-19 2022/01/06 15:19:20.039502 node.go:52: do commit
node-19 2022/01/06 15:19:20.041554 node.go:52: do commit
node-19 2022/01/06 15:19:20.042064 node.go:52: do commit
node-19 2022/01/06 15:19:20.043629 node.go:52: do commit
node-19 2022/01/06 15:19:20.044154 node.go:52: do commit
node-19 2022/01/06 15:19:20.044664 node.go:52: do commit
node-19 2022/01/06 15:19:20.045173 node.go:52: do commit
node-19 2022/01/06 15:19:20.045682 node.go:52: do commit
node-19 2022/01/06 15:19:20.048744 node.go:52: do commit
node-19 2022/01/06 15:19:20.049770 node.go:52: do commit
node-19 2022/01/06 15:19:20.050353 node.go:52: do prepare
node-19 2022/01/06 15:19:20.050864 node.go:52: do commit
node-19 2022/01/06 15:19:20.051375 node.go:52: do prepare
node-19 2022/01/06 15:19:20.051884 node.go:52: do prepare
node-19 2022/01/06 15:19:20.052394 node.go:52: do commit
node-19 2022/01/06 15:19:20.052916 node.go:52: do commit
node-19 2022/01/06 15:19:20.053426 node.go:52: do commit
node-19 2022/01/06 15:19:20.053936 node.go:52: do commit
node-19 2022/01/06 15:19:20.054444 node.go:52: do commit
node-19 2022/01/06 15:19:21.065922 node.go:52: do add
node-19 2022/01/06 15:19:21.065922 node.go:582: f: 7 ; 2f: 14
node-19 2022/01/06 15:19:21.067916 node.go:52: do pre-prepare
node-19 2022/01/06 15:19:21.104432 node.go:134: Committed value: node-6, 1641453536, Test, 1641453378759431850
node-19 2022/01/06 15:19:21.104432 node.go:134: Committed value: node-9, 1641453537, Test, 1641453378759431851
node-19 2022/01/06 15:19:21.104432 node.go:134: Committed value: node-18, 1641453538, Test, 1641453378759431852
node-19 2022/01/06 15:19:21.104432 node.go:134: Committed value: node-6, 1641453539, Test, 1641453378759431853
node-19 2022/01/06 15:19:21.104432 node.go:134: Committed value: node-11, 1641453541, Test, 1641453378759431854
node-19 2022/01/06 15:19:21.104432 node.go:134: Committed value: node-10, 1641453542, Test, 1641453378759431855
node-19 2022/01/06 15:19:21.104432 node.go:134: Committed value: node-1, 1641453543, Test, 1641453378759431856
node-19 2022/01/06 15:19:21.104432 node.go:134: Committed value: node-13, 1641453544, Test, 1641453378759431857
node-19 2022/01/06 15:19:21.104432 node.go:134: Committed value: node-3, 1641453545, Test, 1641453378759431858
node-19 2022/01/06 15:19:21.104432 node.go:134: Committed value: node-11, 1641453547, Test, 1641453378759431859
node-19 2022/01/06 15:19:21.104432 node.go:134: Committed value: node-2, 1641453548, Test, 1641453378759431860
node-19 2022/01/06 15:19:21.104432 node.go:134: Committed value: node-16, 1641453549, Test, 1641453378759431861
node-19 2022/01/06 15:19:21.104432 node.go:134: Committed value: node-12, 1641453551, Test, 1641453378759431862
node-19 2022/01/06 15:19:21.104432 node.go:134: Committed value: node-5, 1641453552, Test, 1641453378759431863
node-19 2022/01/06 15:19:21.104432 node.go:134: Committed value: node-15, 1641453553, Test, 1641453378759431864
node-19 2022/01/06 15:19:21.104432 node.go:134: Committed value: node-5, 1641453555, Test, 1641453378759431865
node-19 2022/01/06 15:19:21.104432 node.go:134: Committed value: node-4, 1641453556, Test, 1641453378759431866
node-19 2022/01/06 15:19:21.104432 node.go:134: Committed value: node-1, 1641453557, Test, 1641453378759431867
node-19 2022/01/06 15:19:21.104432 node.go:134: Committed value: node-12, 1641453558, Test, 1641453378759431868
node-19 2022/01/06 15:19:21.104432 node.go:134: Committed value: node-4, 1641453559, Test, 1641453378759431869
node-19 2022/01/06 15:19:21.104432 node.go:134: Committed value: node-10, 1641453561, Test, 1641453378759431870
node-19 2022/01/06 15:19:21.104432 node.go:136: 
node-19 2022/01/06 15:19:21.104432 node.go:140: Reply Finished!
node-19 2022/01/06 15:19:21.114494 node.go:52: do prepare
node-19 2022/01/06 15:19:21.154402 node.go:52: do prepare
node-19 2022/01/06 15:19:21.160580 node.go:52: do prepare
node-19 2022/01/06 15:19:21.160580 node.go:52: do prepare
node-19 2022/01/06 15:19:21.161099 node.go:52: do prepare
node-19 2022/01/06 15:19:21.161608 node.go:52: do prepare
node-19 2022/01/06 15:19:21.162688 node.go:52: do prepare
node-19 2022/01/06 15:19:21.163198 node.go:52: do prepare
node-19 2022/01/06 15:19:21.163708 node.go:52: do prepare
node-19 2022/01/06 15:19:21.164786 node.go:52: do prepare
node-19 2022/01/06 15:19:21.166017 node.go:52: do prepare
node-19 2022/01/06 15:19:21.166522 node.go:52: do prepare
node-19 2022/01/06 15:19:21.166676 node.go:52: do prepare
node-19 2022/01/06 15:19:21.167689 node.go:52: do prepare
node-19 2022/01/06 15:19:21.168775 node.go:52: do prepare
node-19 2022/01/06 15:19:21.168775 node.go:52: do commit
node-19 2022/01/06 15:19:21.169793 node.go:52: do prepare
node-19 2022/01/06 15:19:21.170308 node.go:52: do prepare
node-19 2022/01/06 15:19:21.170308 node.go:52: do prepare
node-19 2022/01/06 15:19:21.170826 node.go:52: do commit
node-19 2022/01/06 15:19:21.170826 node.go:52: do commit
node-19 2022/01/06 15:19:21.171338 node.go:52: do commit
node-19 2022/01/06 15:19:21.171338 node.go:52: do commit
node-19 2022/01/06 15:19:21.171928 node.go:52: do commit
node-19 2022/01/06 15:19:21.172943 node.go:52: do commit
node-19 2022/01/06 15:19:21.173454 node.go:52: do prepare
node-19 2022/01/06 15:19:21.174476 node.go:52: do commit
node-19 2022/01/06 15:19:21.174988 node.go:52: do commit
node-19 2022/01/06 15:19:21.176082 node.go:52: do commit
node-19 2022/01/06 15:19:21.176082 node.go:52: do commit
node-19 2022/01/06 15:19:21.176585 node.go:52: do commit
node-19 2022/01/06 15:19:21.177173 node.go:52: do commit
node-19 2022/01/06 15:19:21.177675 node.go:52: do commit
node-19 2022/01/06 15:19:21.177675 node.go:52: do commit
node-19 2022/01/06 15:19:21.178184 node.go:52: do commit
node-19 2022/01/06 15:19:21.178714 node.go:52: do commit
node-19 2022/01/06 15:19:21.178714 node.go:52: do commit
node-19 2022/01/06 15:19:21.897127 node.go:52: do commit
node-19 2022/01/06 15:19:21.897127 node.go:52: do commit
node-19 2022/01/06 15:19:22.199546 node.go:52: do pre-prepare
node-19 2022/01/06 15:19:22.249878 node.go:134: Committed value: node-6, 1641453536, Test, 1641453378759431850
node-19 2022/01/06 15:19:22.249878 node.go:134: Committed value: node-9, 1641453537, Test, 1641453378759431851
node-19 2022/01/06 15:19:22.249878 node.go:134: Committed value: node-18, 1641453538, Test, 1641453378759431852
node-19 2022/01/06 15:19:22.249878 node.go:134: Committed value: node-6, 1641453539, Test, 1641453378759431853
node-19 2022/01/06 15:19:22.249878 node.go:134: Committed value: node-11, 1641453541, Test, 1641453378759431854
node-19 2022/01/06 15:19:22.249878 node.go:134: Committed value: node-10, 1641453542, Test, 1641453378759431855
node-19 2022/01/06 15:19:22.249878 node.go:134: Committed value: node-1, 1641453543, Test, 1641453378759431856
node-19 2022/01/06 15:19:22.249878 node.go:134: Committed value: node-13, 1641453544, Test, 1641453378759431857
node-19 2022/01/06 15:19:22.249878 node.go:134: Committed value: node-3, 1641453545, Test, 1641453378759431858
node-19 2022/01/06 15:19:22.249878 node.go:134: Committed value: node-11, 1641453547, Test, 1641453378759431859
node-19 2022/01/06 15:19:22.249878 node.go:134: Committed value: node-2, 1641453548, Test, 1641453378759431860
node-19 2022/01/06 15:19:22.249878 node.go:134: Committed value: node-16, 1641453549, Test, 1641453378759431861
node-19 2022/01/06 15:19:22.249878 node.go:134: Committed value: node-12, 1641453551, Test, 1641453378759431862
node-19 2022/01/06 15:19:22.249878 node.go:134: Committed value: node-5, 1641453552, Test, 1641453378759431863
node-19 2022/01/06 15:19:22.249878 node.go:134: Committed value: node-15, 1641453553, Test, 1641453378759431864
node-19 2022/01/06 15:19:22.249878 node.go:134: Committed value: node-5, 1641453555, Test, 1641453378759431865
node-19 2022/01/06 15:19:22.249878 node.go:134: Committed value: node-4, 1641453556, Test, 1641453378759431866
node-19 2022/01/06 15:19:22.249878 node.go:134: Committed value: node-1, 1641453557, Test, 1641453378759431867
node-19 2022/01/06 15:19:22.249878 node.go:134: Committed value: node-12, 1641453558, Test, 1641453378759431868
node-19 2022/01/06 15:19:22.249878 node.go:134: Committed value: node-4, 1641453559, Test, 1641453378759431869
node-19 2022/01/06 15:19:22.249878 node.go:134: Committed value: node-10, 1641453561, Test, 1641453378759431870
node-19 2022/01/06 15:19:22.249878 node.go:134: Committed value: node-3, 1641453562, Test, 1641453378759431871
node-19 2022/01/06 15:19:22.249878 node.go:136: 
node-19 2022/01/06 15:19:22.249878 node.go:140: Reply Finished!
node-19 2022/01/06 15:19:22.379149 node.go:52: do prepare
node-19 2022/01/06 15:19:22.409886 node.go:52: do prepare
node-19 2022/01/06 15:19:22.410405 node.go:52: do prepare
node-19 2022/01/06 15:19:22.412514 node.go:52: do prepare
node-19 2022/01/06 15:19:22.419002 node.go:52: do prepare
node-19 2022/01/06 15:19:22.420193 node.go:52: do prepare
node-19 2022/01/06 15:19:22.421214 node.go:52: do prepare
node-19 2022/01/06 15:19:22.421214 node.go:52: do prepare
node-19 2022/01/06 15:19:22.421725 node.go:52: do prepare
node-19 2022/01/06 15:19:22.422235 node.go:52: do prepare
node-19 2022/01/06 15:19:22.423255 node.go:52: do prepare
node-19 2022/01/06 15:19:22.424276 node.go:52: do prepare
node-19 2022/01/06 15:19:22.425304 node.go:52: do prepare
node-19 2022/01/06 15:19:22.425304 node.go:52: do prepare
node-19 2022/01/06 15:19:22.426319 node.go:52: do prepare
node-19 2022/01/06 15:19:22.426827 node.go:52: do prepare
node-19 2022/01/06 15:19:22.427335 node.go:52: do prepare
node-19 2022/01/06 15:19:22.428353 node.go:52: do commit
node-19 2022/01/06 15:19:22.429377 node.go:52: do commit
node-19 2022/01/06 15:19:22.430396 node.go:52: do commit
node-19 2022/01/06 15:19:22.430396 node.go:52: do prepare
node-19 2022/01/06 15:19:22.431416 node.go:52: do commit
node-19 2022/01/06 15:19:22.432436 node.go:52: do prepare
node-19 2022/01/06 15:19:22.432436 node.go:52: do commit
node-19 2022/01/06 15:19:22.433465 node.go:52: do commit
node-19 2022/01/06 15:19:22.434555 node.go:52: do commit
node-19 2022/01/06 15:19:22.434555 node.go:52: do commit
node-19 2022/01/06 15:19:22.436081 node.go:52: do commit
node-19 2022/01/06 15:19:22.436589 node.go:52: do commit
node-19 2022/01/06 15:19:22.437101 node.go:52: do commit
node-19 2022/01/06 15:19:22.438634 node.go:52: do commit
node-19 2022/01/06 15:19:22.439145 node.go:52: do commit
node-19 2022/01/06 15:19:22.439654 node.go:52: do commit
node-19 2022/01/06 15:19:22.440163 node.go:52: do commit
node-19 2022/01/06 15:19:22.440671 node.go:52: do commit
node-19 2022/01/06 15:19:22.441691 node.go:52: do commit
node-19 2022/01/06 15:19:22.441691 node.go:52: do commit
node-19 2022/01/06 15:19:22.442200 node.go:52: do commit
node-19 2022/01/06 15:19:22.443219 node.go:52: do commit
node-19 2022/01/06 15:19:23.450668 node.go:52: do client
node-19 2022/01/06 15:19:23.450668 node.go:111: Start request as Client, time: 1641453563450668
node-19 2022/01/06 15:19:23.454668 node.go:52: do pre-prepare
node-19 2022/01/06 15:19:23.600663 node.go:52: do prepare
node-19 2022/01/06 15:19:23.617661 node.go:52: do prepare
node-19 2022/01/06 15:19:23.635744 node.go:52: do prepare
node-19 2022/01/06 15:19:23.636875 node.go:134: Committed value: node-6, 1641453536, Test, 1641453378759431850
node-19 2022/01/06 15:19:23.636875 node.go:134: Committed value: node-9, 1641453537, Test, 1641453378759431851
node-19 2022/01/06 15:19:23.636875 node.go:134: Committed value: node-18, 1641453538, Test, 1641453378759431852
node-19 2022/01/06 15:19:23.636875 node.go:134: Committed value: node-6, 1641453539, Test, 1641453378759431853
node-19 2022/01/06 15:19:23.636875 node.go:134: Committed value: node-11, 1641453541, Test, 1641453378759431854
node-19 2022/01/06 15:19:23.636875 node.go:134: Committed value: node-10, 1641453542, Test, 1641453378759431855
node-19 2022/01/06 15:19:23.636875 node.go:134: Committed value: node-1, 1641453543, Test, 1641453378759431856
node-19 2022/01/06 15:19:23.636875 node.go:134: Committed value: node-13, 1641453544, Test, 1641453378759431857
node-19 2022/01/06 15:19:23.636875 node.go:134: Committed value: node-3, 1641453545, Test, 1641453378759431858
node-19 2022/01/06 15:19:23.636875 node.go:134: Committed value: node-11, 1641453547, Test, 1641453378759431859
node-19 2022/01/06 15:19:23.636875 node.go:134: Committed value: node-2, 1641453548, Test, 1641453378759431860
node-19 2022/01/06 15:19:23.636875 node.go:134: Committed value: node-16, 1641453549, Test, 1641453378759431861
node-19 2022/01/06 15:19:23.636875 node.go:134: Committed value: node-12, 1641453551, Test, 1641453378759431862
node-19 2022/01/06 15:19:23.636875 node.go:134: Committed value: node-5, 1641453552, Test, 1641453378759431863
node-19 2022/01/06 15:19:23.636875 node.go:134: Committed value: node-15, 1641453553, Test, 1641453378759431864
node-19 2022/01/06 15:19:23.636875 node.go:134: Committed value: node-5, 1641453555, Test, 1641453378759431865
node-19 2022/01/06 15:19:23.636875 node.go:134: Committed value: node-4, 1641453556, Test, 1641453378759431866
node-19 2022/01/06 15:19:23.636875 node.go:134: Committed value: node-1, 1641453557, Test, 1641453378759431867
node-19 2022/01/06 15:19:23.636875 node.go:134: Committed value: node-12, 1641453558, Test, 1641453378759431868
node-19 2022/01/06 15:19:23.636875 node.go:134: Committed value: node-4, 1641453559, Test, 1641453378759431869
node-19 2022/01/06 15:19:23.636875 node.go:134: Committed value: node-10, 1641453561, Test, 1641453378759431870
node-19 2022/01/06 15:19:23.636875 node.go:134: Committed value: node-3, 1641453562, Test, 1641453378759431871
node-19 2022/01/06 15:19:23.636875 node.go:134: Committed value: node-19, 1641453563, Test, 1641453378759431872
node-19 2022/01/06 15:19:23.636875 node.go:136: 
node-19 2022/01/06 15:19:23.636875 node.go:140: Reply Finished!
node-19 2022/01/06 15:19:23.641951 node.go:52: do prepare
node-19 2022/01/06 15:19:23.644747 node.go:52: do prepare
node-19 2022/01/06 15:19:23.644747 node.go:52: do prepare
node-19 2022/01/06 15:19:23.645768 node.go:52: do prepare
node-19 2022/01/06 15:19:23.651724 node.go:52: do prepare
node-19 2022/01/06 15:19:23.653246 node.go:52: do prepare
node-19 2022/01/06 15:19:23.653755 node.go:52: do prepare
node-19 2022/01/06 15:19:23.654775 node.go:52: do prepare
node-19 2022/01/06 15:19:23.655283 node.go:52: do prepare
node-19 2022/01/06 15:19:23.655792 node.go:52: do prepare
node-19 2022/01/06 15:19:23.657324 node.go:52: do prepare
node-19 2022/01/06 15:19:23.657324 node.go:52: do prepare
node-19 2022/01/06 15:19:23.657832 node.go:52: do prepare
node-19 2022/01/06 15:19:23.658853 node.go:52: do prepare
node-19 2022/01/06 15:19:23.659869 node.go:52: do commit
node-19 2022/01/06 15:19:23.660380 node.go:52: do commit
node-19 2022/01/06 15:19:23.660900 node.go:52: do commit
node-19 2022/01/06 15:19:23.661411 node.go:52: do commit
node-19 2022/01/06 15:19:23.662429 node.go:52: do commit
node-19 2022/01/06 15:19:23.662937 node.go:52: do commit
node-19 2022/01/06 15:19:23.662937 node.go:52: do commit
node-19 2022/01/06 15:19:23.662937 node.go:52: do reply
node-19 2022/01/06 15:19:23.662937 node.go:123: Result: Executed by node-10
node-19 2022/01/06 15:19:23.663468 node.go:52: do reply
node-19 2022/01/06 15:19:23.663468 node.go:123: Result: Executed by node-15
node-19 2022/01/06 15:19:23.663468 node.go:52: do reply
node-19 2022/01/06 15:19:23.663468 node.go:123: Result: Executed by node-17
node-19 2022/01/06 15:19:23.663979 node.go:52: do commit
node-19 2022/01/06 15:19:23.663979 node.go:52: do commit
node-19 2022/01/06 15:19:23.666031 node.go:52: do commit
node-19 2022/01/06 15:19:23.666031 node.go:52: do commit
node-19 2022/01/06 15:19:23.666031 node.go:52: do commit
node-19 2022/01/06 15:19:23.667053 node.go:52: do reply
node-19 2022/01/06 15:19:23.667053 node.go:123: Result: Executed by node-8
node-19 2022/01/06 15:19:23.667128 node.go:52: do reply
node-19 2022/01/06 15:19:23.667128 node.go:123: Result: Executed by node-14
node-19 2022/01/06 15:19:23.667128 node.go:52: do commit
node-19 2022/01/06 15:19:23.667128 node.go:52: do commit
node-19 2022/01/06 15:19:23.669173 node.go:52: do commit
node-19 2022/01/06 15:19:23.670192 node.go:52: do reply
node-19 2022/01/06 15:19:23.670192 node.go:123: Result: Executed by node-16
node-19 2022/01/06 15:19:23.670704 node.go:52: do commit
node-19 2022/01/06 15:19:23.671214 node.go:52: do reply
node-19 2022/01/06 15:19:23.671214 node.go:123: Result: Executed by node-4
node-19 2022/01/06 15:19:23.671214 node.go:52: do reply
node-19 2022/01/06 15:19:23.671214 node.go:123: Result: Executed by node-18
node-19 2022/01/06 15:19:23.671214 node.go:116: Request Finished! Delay: 220546
node-19 2022/01/06 15:19:23.671214 node.go:117: 1641453563450668 1641453563671214
node-19 2022/01/06 15:19:23.671214 node.go:52: do reply
node-19 2022/01/06 15:19:23.671214 node.go:123: Result: Executed by node-3
node-19 2022/01/06 15:19:23.671214 node.go:52: do commit
node-19 2022/01/06 15:19:23.671723 node.go:52: do reply
node-19 2022/01/06 15:19:23.671723 node.go:123: Result: Executed by node-20
node-19 2022/01/06 15:19:23.671723 node.go:52: do reply
node-19 2022/01/06 15:19:23.671723 node.go:123: Result: Executed by node-6
node-19 2022/01/06 15:19:23.671723 node.go:52: do commit
node-19 2022/01/06 15:19:23.672231 node.go:52: do reply
node-19 2022/01/06 15:19:23.672231 node.go:123: Result: Executed by node-12
node-19 2022/01/06 15:19:23.672231 node.go:52: do reply
node-19 2022/01/06 15:19:23.672231 node.go:52: do reply
node-19 2022/01/06 15:19:23.672231 node.go:123: Result: Executed by node-2
node-19 2022/01/06 15:19:23.672231 node.go:123: Result: Executed by node-7
node-19 2022/01/06 15:19:23.672231 node.go:52: do reply
node-19 2022/01/06 15:19:23.672231 node.go:123: Result: Executed by node-5
node-19 2022/01/06 15:19:23.672231 node.go:52: do reply
node-19 2022/01/06 15:19:23.672231 node.go:52: do reply
node-19 2022/01/06 15:19:23.672231 node.go:123: Result: Executed by node-13
node-19 2022/01/06 15:19:23.672231 node.go:123: Result: Executed by node-1
node-19 2022/01/06 15:19:23.672231 node.go:52: do reply
node-19 2022/01/06 15:19:23.672231 node.go:123: Result: Executed by node-19
node-19 2022/01/06 15:19:23.672231 node.go:52: do commit
node-19 2022/01/06 15:19:23.672741 node.go:52: do reply
node-19 2022/01/06 15:19:23.672741 node.go:123: Result: Executed by node-21
node-19 2022/01/06 15:19:24.336026 node.go:52: do prepare
node-19 2022/01/06 15:19:24.336026 node.go:52: do prepare
node-19 2022/01/06 15:19:24.336539 node.go:52: do reply
node-19 2022/01/06 15:19:24.336539 node.go:123: Result: Executed by node-11
node-19 2022/01/06 15:19:24.336539 node.go:52: do commit
node-19 2022/01/06 15:19:24.336539 node.go:52: do reply
node-19 2022/01/06 15:19:24.336539 node.go:123: Result: Executed by node-9
node-19 2022/01/06 15:19:24.689879 node.go:52: do pre-prepare
node-19 2022/01/06 15:19:24.690939 node.go:52: do prepare
node-19 2022/01/06 15:19:24.708011 node.go:134: Committed value: node-6, 1641453536, Test, 1641453378759431850
node-19 2022/01/06 15:19:24.708011 node.go:134: Committed value: node-9, 1641453537, Test, 1641453378759431851
node-19 2022/01/06 15:19:24.708011 node.go:134: Committed value: node-18, 1641453538, Test, 1641453378759431852
node-19 2022/01/06 15:19:24.708011 node.go:134: Committed value: node-6, 1641453539, Test, 1641453378759431853
node-19 2022/01/06 15:19:24.708011 node.go:134: Committed value: node-11, 1641453541, Test, 1641453378759431854
node-19 2022/01/06 15:19:24.708011 node.go:134: Committed value: node-10, 1641453542, Test, 1641453378759431855
node-19 2022/01/06 15:19:24.708011 node.go:134: Committed value: node-1, 1641453543, Test, 1641453378759431856
node-19 2022/01/06 15:19:24.708011 node.go:134: Committed value: node-13, 1641453544, Test, 1641453378759431857
node-19 2022/01/06 15:19:24.708011 node.go:134: Committed value: node-3, 1641453545, Test, 1641453378759431858
node-19 2022/01/06 15:19:24.708011 node.go:134: Committed value: node-11, 1641453547, Test, 1641453378759431859
node-19 2022/01/06 15:19:24.708011 node.go:134: Committed value: node-2, 1641453548, Test, 1641453378759431860
node-19 2022/01/06 15:19:24.708011 node.go:134: Committed value: node-16, 1641453549, Test, 1641453378759431861
node-19 2022/01/06 15:19:24.708011 node.go:134: Committed value: node-12, 1641453551, Test, 1641453378759431862
node-19 2022/01/06 15:19:24.708011 node.go:134: Committed value: node-5, 1641453552, Test, 1641453378759431863
node-19 2022/01/06 15:19:24.708011 node.go:134: Committed value: node-15, 1641453553, Test, 1641453378759431864
node-19 2022/01/06 15:19:24.708011 node.go:134: Committed value: node-5, 1641453555, Test, 1641453378759431865
node-19 2022/01/06 15:19:24.708011 node.go:134: Committed value: node-4, 1641453556, Test, 1641453378759431866
node-19 2022/01/06 15:19:24.708011 node.go:134: Committed value: node-1, 1641453557, Test, 1641453378759431867
node-19 2022/01/06 15:19:24.708011 node.go:134: Committed value: node-12, 1641453558, Test, 1641453378759431868
node-19 2022/01/06 15:19:24.708011 node.go:134: Committed value: node-4, 1641453559, Test, 1641453378759431869
node-19 2022/01/06 15:19:24.708011 node.go:134: Committed value: node-10, 1641453561, Test, 1641453378759431870
node-19 2022/01/06 15:19:24.708011 node.go:134: Committed value: node-3, 1641453562, Test, 1641453378759431871
node-19 2022/01/06 15:19:24.708011 node.go:134: Committed value: node-19, 1641453563, Test, 1641453378759431872
node-19 2022/01/06 15:19:24.708011 node.go:134: Committed value: node-2, 1641453564, Test, 1641453378759431873
node-19 2022/01/06 15:19:24.708011 node.go:136: 
node-19 2022/01/06 15:19:24.708011 node.go:140: Reply Finished!
node-19 2022/01/06 15:19:24.709583 node.go:52: do prepare
node-19 2022/01/06 15:19:24.710124 node.go:52: do prepare
node-19 2022/01/06 15:19:24.710124 node.go:52: do prepare
node-19 2022/01/06 15:19:25.341150 node.go:52: do prepare
node-19 2022/01/06 15:19:25.342170 node.go:52: do prepare
node-19 2022/01/06 15:19:25.342682 node.go:52: do prepare
node-19 2022/01/06 15:19:25.343192 node.go:52: do prepare
node-19 2022/01/06 15:19:25.344722 node.go:52: do prepare
node-19 2022/01/06 15:19:25.346409 node.go:52: do commit
node-19 2022/01/06 15:19:25.348446 node.go:52: do commit
node-19 2022/01/06 15:19:25.371966 node.go:52: do prepare
node-19 2022/01/06 15:19:25.371966 node.go:52: do prepare
node-19 2022/01/06 15:19:25.372478 node.go:52: do prepare
node-19 2022/01/06 15:19:25.372478 node.go:52: do prepare
node-19 2022/01/06 15:19:25.373521 node.go:52: do prepare
