node-9 2022/01/05 20:54:44.978335 node.go:52: do add
node-9 2022/01/05 20:54:44.978335 node.go:582: f: 0 ; 2f: 0
node-9 2022/01/05 20:54:44.978947 node.go:52: do setF
node-9 2022/01/05 20:54:44.978947 node.go:582: f: 3 ; 2f: 6
node-9 2022/01/05 20:54:44.979948 node.go:52: do pre-prepare
node-9 2022/01/05 20:54:44.979948 node.go:52: do prepare
node-9 2022/01/05 20:54:44.979948 node.go:52: do prepare
node-9 2022/01/05 20:54:44.980943 node.go:52: do prepare
node-9 2022/01/05 20:54:44.980943 node.go:52: do commit
node-9 2022/01/05 20:54:44.980943 node.go:52: do prepare
node-9 2022/01/05 20:54:44.981942 node.go:52: do prepare
node-9 2022/01/05 20:54:44.981942 node.go:52: do commit
node-9 2022/01/05 20:54:44.981942 node.go:52: do commit
node-9 2022/01/05 20:54:44.982943 node.go:52: do prepare
node-9 2022/01/05 20:54:44.984197 node.go:52: do commit
node-9 2022/01/05 20:54:44.985198 node.go:52: do commit
node-9 2022/01/05 20:54:44.985198 node.go:52: do prepare
node-9 2022/01/05 20:54:44.985198 node.go:52: do commit
node-9 2022/01/05 20:54:44.985198 node.go:134: Committed value: node-4, 1641387284, Test, 1641387234421321250
node-9 2022/01/05 20:54:44.985198 node.go:136: 
node-9 2022/01/05 20:54:44.985198 node.go:140: Reply Finished!
node-9 2022/01/05 20:54:44.986193 node.go:52: do commit
node-9 2022/01/05 20:54:44.986193 node.go:52: do commit
node-9 2022/01/05 20:54:45.999809 node.go:52: do pre-prepare
node-9 2022/01/05 20:54:45.999809 node.go:52: do prepare
node-9 2022/01/05 20:54:45.999809 node.go:52: do prepare
node-9 2022/01/05 20:54:46.000803 node.go:52: do prepare
node-9 2022/01/05 20:54:46.000803 node.go:52: do prepare
node-9 2022/01/05 20:54:46.000803 node.go:52: do commit
node-9 2022/01/05 20:54:46.002800 node.go:52: do prepare
node-9 2022/01/05 20:54:46.002800 node.go:52: do prepare
node-9 2022/01/05 20:54:46.003796 node.go:52: do prepare
node-9 2022/01/05 20:54:46.005790 node.go:52: do commit
node-9 2022/01/05 20:54:46.007344 node.go:52: do commit
node-9 2022/01/05 20:54:46.007344 node.go:52: do commit
node-9 2022/01/05 20:54:46.007344 node.go:52: do commit
node-9 2022/01/05 20:54:46.008340 node.go:134: Committed value: node-4, 1641387284, Test, 1641387234421321250
node-9 2022/01/05 20:54:46.008340 node.go:134: Committed value: node-2, 1641387285, Test, 1641387234421321251
node-9 2022/01/05 20:54:46.008340 node.go:136: 
node-9 2022/01/05 20:54:46.008340 node.go:140: Reply Finished!
node-9 2022/01/05 20:54:46.009338 node.go:52: do commit
node-9 2022/01/05 20:54:46.009338 node.go:52: do commit
node-9 2022/01/05 20:54:46.009338 node.go:52: do commit
node-9 2022/01/05 20:54:47.011579 node.go:52: do pre-prepare
node-9 2022/01/05 20:54:47.011579 node.go:52: do prepare
node-9 2022/01/05 20:54:47.011579 node.go:52: do prepare
node-9 2022/01/05 20:54:47.011579 node.go:52: do prepare
node-9 2022/01/05 20:54:47.011579 node.go:52: do prepare
node-9 2022/01/05 20:54:47.012575 node.go:52: do commit
node-9 2022/01/05 20:54:47.015876 node.go:52: do prepare
node-9 2022/01/05 20:54:47.016877 node.go:52: do commit
node-9 2022/01/05 20:54:47.016877 node.go:52: do prepare
node-9 2022/01/05 20:54:47.016877 node.go:52: do commit
node-9 2022/01/05 20:54:47.016877 node.go:52: do commit
node-9 2022/01/05 20:54:47.016877 node.go:134: Committed value: node-4, 1641387284, Test, 1641387234421321250
node-9 2022/01/05 20:54:47.016877 node.go:134: Committed value: node-2, 1641387285, Test, 1641387234421321251
node-9 2022/01/05 20:54:47.016877 node.go:134: Committed value: node-4, 1641387287, Test, 1641387234421321252
node-9 2022/01/05 20:54:47.016877 node.go:136: 
node-9 2022/01/05 20:54:47.016877 node.go:140: Reply Finished!
node-9 2022/01/05 20:54:47.017872 node.go:52: do prepare
node-9 2022/01/05 20:54:47.017872 node.go:52: do commit
node-9 2022/01/05 20:54:47.018875 node.go:52: do commit
node-9 2022/01/05 20:54:47.018875 node.go:52: do commit
node-9 2022/01/05 20:54:47.019867 node.go:52: do commit
node-9 2022/01/05 20:54:48.021206 node.go:52: do pre-prepare
node-9 2022/01/05 20:54:48.023214 node.go:52: do prepare
node-9 2022/01/05 20:54:48.023214 node.go:52: do prepare
node-9 2022/01/05 20:54:48.024211 node.go:52: do commit
node-9 2022/01/05 20:54:48.026951 node.go:52: do prepare
node-9 2022/01/05 20:54:48.026951 node.go:52: do prepare
node-9 2022/01/05 20:54:48.026951 node.go:52: do prepare
node-9 2022/01/05 20:54:48.027951 node.go:52: do commit
node-9 2022/01/05 20:54:48.027951 node.go:52: do commit
node-9 2022/01/05 20:54:48.027951 node.go:52: do commit
node-9 2022/01/05 20:54:48.027951 node.go:52: do prepare
node-9 2022/01/05 20:54:48.027951 node.go:52: do commit
node-9 2022/01/05 20:54:48.029945 node.go:52: do prepare
node-9 2022/01/05 20:54:48.030942 node.go:52: do commit
node-9 2022/01/05 20:54:48.030942 node.go:134: Committed value: node-4, 1641387284, Test, 1641387234421321250
node-9 2022/01/05 20:54:48.030942 node.go:134: Committed value: node-2, 1641387285, Test, 1641387234421321251
node-9 2022/01/05 20:54:48.030942 node.go:134: Committed value: node-4, 1641387287, Test, 1641387234421321252
node-9 2022/01/05 20:54:48.030942 node.go:134: Committed value: node-3, 1641387288, Test, 1641387234421321253
node-9 2022/01/05 20:54:48.030942 node.go:136: 
node-9 2022/01/05 20:54:48.030942 node.go:140: Reply Finished!
node-9 2022/01/05 20:54:48.031940 node.go:52: do commit
node-9 2022/01/05 20:54:48.032936 node.go:52: do commit
node-9 2022/01/05 20:54:49.033788 node.go:52: do pre-prepare
node-9 2022/01/05 20:54:49.034781 node.go:52: do prepare
node-9 2022/01/05 20:54:49.034781 node.go:52: do prepare
node-9 2022/01/05 20:54:49.034781 node.go:52: do prepare
node-9 2022/01/05 20:54:49.034781 node.go:52: do commit
node-9 2022/01/05 20:54:49.036776 node.go:52: do commit
node-9 2022/01/05 20:54:49.037773 node.go:52: do commit
node-9 2022/01/05 20:54:49.037773 node.go:52: do prepare
node-9 2022/01/05 20:54:49.037773 node.go:52: do prepare
node-9 2022/01/05 20:54:49.038770 node.go:52: do commit
node-9 2022/01/05 20:54:49.038770 node.go:52: do commit
node-9 2022/01/05 20:54:49.039772 node.go:52: do prepare
node-9 2022/01/05 20:54:49.040766 node.go:52: do commit
node-9 2022/01/05 20:54:49.040766 node.go:134: Committed value: node-4, 1641387284, Test, 1641387234421321250
node-9 2022/01/05 20:54:49.040766 node.go:134: Committed value: node-2, 1641387285, Test, 1641387234421321251
node-9 2022/01/05 20:54:49.040766 node.go:134: Committed value: node-4, 1641387287, Test, 1641387234421321252
node-9 2022/01/05 20:54:49.040766 node.go:134: Committed value: node-3, 1641387288, Test, 1641387234421321253
node-9 2022/01/05 20:54:49.040766 node.go:134: Committed value: node-7, 1641387289, Test, 1641387234421321254
node-9 2022/01/05 20:54:49.040766 node.go:136: 
node-9 2022/01/05 20:54:49.040766 node.go:140: Reply Finished!
node-9 2022/01/05 20:54:49.040766 node.go:52: do prepare
node-9 2022/01/05 20:54:49.041763 node.go:52: do commit
node-9 2022/01/05 20:54:49.041763 node.go:52: do commit
node-9 2022/01/05 20:54:50.046063 node.go:52: do pre-prepare
node-9 2022/01/05 20:54:50.046063 node.go:52: do prepare
node-9 2022/01/05 20:54:50.047046 node.go:52: do prepare
node-9 2022/01/05 20:54:50.050092 node.go:52: do commit
node-9 2022/01/05 20:54:50.050092 node.go:52: do commit
node-9 2022/01/05 20:54:50.051036 node.go:52: do commit
node-9 2022/01/05 20:54:50.051804 node.go:52: do prepare
node-9 2022/01/05 20:54:50.051804 node.go:52: do commit
node-9 2022/01/05 20:54:50.051804 node.go:52: do prepare
node-9 2022/01/05 20:54:50.051804 node.go:52: do commit
node-9 2022/01/05 20:54:50.052804 node.go:52: do commit
node-9 2022/01/05 20:54:50.052804 node.go:52: do prepare
node-9 2022/01/05 20:54:50.052804 node.go:52: do commit
node-9 2022/01/05 20:54:50.052804 node.go:134: Committed value: node-4, 1641387284, Test, 1641387234421321250
node-9 2022/01/05 20:54:50.052804 node.go:134: Committed value: node-2, 1641387285, Test, 1641387234421321251
node-9 2022/01/05 20:54:50.052804 node.go:134: Committed value: node-4, 1641387287, Test, 1641387234421321252
node-9 2022/01/05 20:54:50.052804 node.go:134: Committed value: node-3, 1641387288, Test, 1641387234421321253
node-9 2022/01/05 20:54:50.052804 node.go:134: Committed value: node-7, 1641387289, Test, 1641387234421321254
node-9 2022/01/05 20:54:50.052804 node.go:134: Committed value: node-1, 1641387290, Test, 1641387234421321255
node-9 2022/01/05 20:54:50.052804 node.go:136: 
node-9 2022/01/05 20:54:50.052804 node.go:140: Reply Finished!
node-9 2022/01/05 20:54:50.053802 node.go:52: do prepare
node-9 2022/01/05 20:54:50.053802 node.go:52: do commit
node-9 2022/01/05 20:54:50.053802 node.go:52: do prepare
node-9 2022/01/05 20:54:51.061182 node.go:52: do pre-prepare
node-9 2022/01/05 20:54:51.064172 node.go:52: do prepare
node-9 2022/01/05 20:54:51.064172 node.go:52: do prepare
node-9 2022/01/05 20:54:51.064172 node.go:52: do prepare
node-9 2022/01/05 20:54:51.064172 node.go:52: do prepare
node-9 2022/01/05 20:54:51.065169 node.go:52: do prepare
node-9 2022/01/05 20:54:51.065169 node.go:52: do commit
node-9 2022/01/05 20:54:51.065169 node.go:52: do prepare
node-9 2022/01/05 20:54:51.066165 node.go:52: do commit
node-9 2022/01/05 20:54:51.066165 node.go:52: do commit
node-9 2022/01/05 20:54:51.066165 node.go:52: do commit
node-9 2022/01/05 20:54:51.067171 node.go:52: do commit
node-9 2022/01/05 20:54:51.067171 node.go:52: do commit
node-9 2022/01/05 20:54:51.067171 node.go:134: Committed value: node-4, 1641387284, Test, 1641387234421321250
node-9 2022/01/05 20:54:51.067171 node.go:134: Committed value: node-2, 1641387285, Test, 1641387234421321251
node-9 2022/01/05 20:54:51.067171 node.go:134: Committed value: node-4, 1641387287, Test, 1641387234421321252
node-9 2022/01/05 20:54:51.067171 node.go:134: Committed value: node-3, 1641387288, Test, 1641387234421321253
node-9 2022/01/05 20:54:51.067171 node.go:134: Committed value: node-7, 1641387289, Test, 1641387234421321254
node-9 2022/01/05 20:54:51.067171 node.go:134: Committed value: node-1, 1641387290, Test, 1641387234421321255
node-9 2022/01/05 20:54:51.067171 node.go:134: Committed value: node-4, 1641387291, Test, 1641387234421321256
node-9 2022/01/05 20:54:51.067171 node.go:136: 
node-9 2022/01/05 20:54:51.067171 node.go:140: Reply Finished!
node-9 2022/01/05 20:54:51.068160 node.go:52: do prepare
node-9 2022/01/05 20:54:51.070156 node.go:52: do commit
node-9 2022/01/05 20:54:51.070156 node.go:52: do commit
node-9 2022/01/05 20:54:52.083884 node.go:52: do pre-prepare
node-9 2022/01/05 20:54:52.083884 node.go:52: do prepare
node-9 2022/01/05 20:54:52.083884 node.go:52: do prepare
node-9 2022/01/05 20:54:52.084881 node.go:52: do prepare
node-9 2022/01/05 20:54:52.084881 node.go:52: do prepare
node-9 2022/01/05 20:54:52.084881 node.go:52: do commit
node-9 2022/01/05 20:54:52.085877 node.go:52: do commit
node-9 2022/01/05 20:54:52.085877 node.go:52: do prepare
node-9 2022/01/05 20:54:52.085877 node.go:52: do commit
node-9 2022/01/05 20:54:52.086874 node.go:52: do commit
node-9 2022/01/05 20:54:52.086874 node.go:52: do commit
node-9 2022/01/05 20:54:52.088869 node.go:52: do commit
node-9 2022/01/05 20:54:52.089866 node.go:134: Committed value: node-4, 1641387284, Test, 1641387234421321250
node-9 2022/01/05 20:54:52.089866 node.go:134: Committed value: node-2, 1641387285, Test, 1641387234421321251
node-9 2022/01/05 20:54:52.089866 node.go:134: Committed value: node-4, 1641387287, Test, 1641387234421321252
node-9 2022/01/05 20:54:52.089866 node.go:134: Committed value: node-3, 1641387288, Test, 1641387234421321253
node-9 2022/01/05 20:54:52.089866 node.go:134: Committed value: node-7, 1641387289, Test, 1641387234421321254
node-9 2022/01/05 20:54:52.089866 node.go:134: Committed value: node-1, 1641387290, Test, 1641387234421321255
node-9 2022/01/05 20:54:52.089866 node.go:134: Committed value: node-4, 1641387291, Test, 1641387234421321256
node-9 2022/01/05 20:54:52.089866 node.go:134: Committed value: node-2, 1641387292, Test, 1641387234421321257
node-9 2022/01/05 20:54:52.089866 node.go:136: 
node-9 2022/01/05 20:54:52.089866 node.go:140: Reply Finished!
node-9 2022/01/05 20:54:52.089866 node.go:52: do prepare
node-9 2022/01/05 20:54:52.089866 node.go:52: do prepare
node-9 2022/01/05 20:54:52.090864 node.go:52: do commit
node-9 2022/01/05 20:54:52.090864 node.go:52: do commit
node-9 2022/01/05 20:54:53.093534 node.go:52: do pre-prepare
node-9 2022/01/05 20:54:53.094525 node.go:52: do prepare
node-9 2022/01/05 20:54:53.094525 node.go:52: do prepare
node-9 2022/01/05 20:54:53.095522 node.go:52: do prepare
node-9 2022/01/05 20:54:53.095522 node.go:52: do prepare
node-9 2022/01/05 20:54:53.098691 node.go:52: do commit
node-9 2022/01/05 20:54:53.099691 node.go:52: do prepare
node-9 2022/01/05 20:54:53.100688 node.go:52: do commit
node-9 2022/01/05 20:54:53.100688 node.go:52: do commit
node-9 2022/01/05 20:54:53.100688 node.go:52: do commit
node-9 2022/01/05 20:54:53.100688 node.go:52: do prepare
node-9 2022/01/05 20:54:53.101686 node.go:52: do commit
node-9 2022/01/05 20:54:53.101686 node.go:134: Committed value: node-4, 1641387284, Test, 1641387234421321250
node-9 2022/01/05 20:54:53.101686 node.go:134: Committed value: node-2, 1641387285, Test, 1641387234421321251
node-9 2022/01/05 20:54:53.101686 node.go:134: Committed value: node-4, 1641387287, Test, 1641387234421321252
node-9 2022/01/05 20:54:53.101686 node.go:134: Committed value: node-3, 1641387288, Test, 1641387234421321253
node-9 2022/01/05 20:54:53.101686 node.go:134: Committed value: node-7, 1641387289, Test, 1641387234421321254
node-9 2022/01/05 20:54:53.101686 node.go:134: Committed value: node-1, 1641387290, Test, 1641387234421321255
node-9 2022/01/05 20:54:53.101686 node.go:134: Committed value: node-4, 1641387291, Test, 1641387234421321256
node-9 2022/01/05 20:54:53.101686 node.go:134: Committed value: node-2, 1641387292, Test, 1641387234421321257
node-9 2022/01/05 20:54:53.101686 node.go:134: Committed value: node-5, 1641387293, Test, 1641387234421321258
node-9 2022/01/05 20:54:53.101686 node.go:136: 
node-9 2022/01/05 20:54:53.101686 node.go:140: Reply Finished!
node-9 2022/01/05 20:54:53.101686 node.go:52: do commit
node-9 2022/01/05 20:54:53.101686 node.go:52: do commit
node-9 2022/01/05 20:54:53.102682 node.go:52: do commit
node-9 2022/01/05 20:54:53.102682 node.go:52: do prepare
node-9 2022/01/05 20:54:54.117885 node.go:52: do pre-prepare
node-9 2022/01/05 20:54:54.118882 node.go:52: do prepare
node-9 2022/01/05 20:54:54.118882 node.go:52: do prepare
node-9 2022/01/05 20:54:54.119878 node.go:52: do prepare
node-9 2022/01/05 20:54:54.119878 node.go:52: do commit
node-9 2022/01/05 20:54:54.122870 node.go:52: do prepare
node-9 2022/01/05 20:54:54.122870 node.go:52: do commit
node-9 2022/01/05 20:54:54.122870 node.go:52: do prepare
node-9 2022/01/05 20:54:54.122870 node.go:52: do prepare
node-9 2022/01/05 20:54:54.122870 node.go:52: do commit
node-9 2022/01/05 20:54:54.123868 node.go:52: do commit
node-9 2022/01/05 20:54:54.123868 node.go:52: do commit
node-9 2022/01/05 20:54:54.125601 node.go:52: do prepare
node-9 2022/01/05 20:54:54.126649 node.go:52: do commit
node-9 2022/01/05 20:54:54.126649 node.go:134: Committed value: node-4, 1641387284, Test, 1641387234421321250
node-9 2022/01/05 20:54:54.126649 node.go:134: Committed value: node-2, 1641387285, Test, 1641387234421321251
node-9 2022/01/05 20:54:54.126649 node.go:134: Committed value: node-4, 1641387287, Test, 1641387234421321252
node-9 2022/01/05 20:54:54.126649 node.go:134: Committed value: node-3, 1641387288, Test, 1641387234421321253
node-9 2022/01/05 20:54:54.126649 node.go:134: Committed value: node-7, 1641387289, Test, 1641387234421321254
node-9 2022/01/05 20:54:54.126649 node.go:134: Committed value: node-1, 1641387290, Test, 1641387234421321255
node-9 2022/01/05 20:54:54.126649 node.go:134: Committed value: node-4, 1641387291, Test, 1641387234421321256
node-9 2022/01/05 20:54:54.126649 node.go:134: Committed value: node-2, 1641387292, Test, 1641387234421321257
node-9 2022/01/05 20:54:54.126649 node.go:134: Committed value: node-5, 1641387293, Test, 1641387234421321258
node-9 2022/01/05 20:54:54.126649 node.go:134: Committed value: node-8, 1641387294, Test, 1641387234421321259
node-9 2022/01/05 20:54:54.126649 node.go:136: 
node-9 2022/01/05 20:54:54.126649 node.go:140: Reply Finished!
node-9 2022/01/05 20:54:54.126649 node.go:52: do commit
node-9 2022/01/05 20:54:54.126649 node.go:52: do commit
node-9 2022/01/05 20:54:55.141470 node.go:52: do add
node-9 2022/01/05 20:54:55.141470 node.go:582: f: 3 ; 2f: 6
node-9 2022/01/05 20:54:55.142623 node.go:52: do pre-prepare
node-9 2022/01/05 20:54:55.143623 node.go:52: do prepare
node-9 2022/01/05 20:54:55.144621 node.go:52: do prepare
node-9 2022/01/05 20:54:55.144621 node.go:52: do prepare
node-9 2022/01/05 20:54:55.145618 node.go:52: do prepare
node-9 2022/01/05 20:54:55.145618 node.go:52: do prepare
node-9 2022/01/05 20:54:55.146614 node.go:52: do commit
node-9 2022/01/05 20:54:55.146614 node.go:52: do commit
node-9 2022/01/05 20:54:55.146614 node.go:52: do prepare
node-9 2022/01/05 20:54:55.147611 node.go:52: do commit
node-9 2022/01/05 20:54:55.148609 node.go:52: do commit
node-9 2022/01/05 20:54:55.148609 node.go:52: do commit
node-9 2022/01/05 20:54:55.148609 node.go:134: Committed value: node-4, 1641387284, Test, 1641387234421321250
node-9 2022/01/05 20:54:55.148609 node.go:134: Committed value: node-2, 1641387285, Test, 1641387234421321251
node-9 2022/01/05 20:54:55.148609 node.go:134: Committed value: node-4, 1641387287, Test, 1641387234421321252
node-9 2022/01/05 20:54:55.148609 node.go:134: Committed value: node-3, 1641387288, Test, 1641387234421321253
node-9 2022/01/05 20:54:55.148609 node.go:134: Committed value: node-7, 1641387289, Test, 1641387234421321254
node-9 2022/01/05 20:54:55.148609 node.go:52: do commit
node-9 2022/01/05 20:54:55.148609 node.go:134: Committed value: node-1, 1641387290, Test, 1641387234421321255
node-9 2022/01/05 20:54:55.148609 node.go:134: Committed value: node-4, 1641387291, Test, 1641387234421321256
node-9 2022/01/05 20:54:55.148609 node.go:134: Committed value: node-2, 1641387292, Test, 1641387234421321257
node-9 2022/01/05 20:54:55.148609 node.go:134: Committed value: node-5, 1641387293, Test, 1641387234421321258
node-9 2022/01/05 20:54:55.148609 node.go:134: Committed value: node-8, 1641387294, Test, 1641387234421321259
node-9 2022/01/05 20:54:55.148609 node.go:134: Committed value: node-8, 1641387295, Test, 1641387234421321260
node-9 2022/01/05 20:54:55.148609 node.go:136: 
node-9 2022/01/05 20:54:55.148609 node.go:140: Reply Finished!
node-9 2022/01/05 20:54:55.148609 node.go:52: do prepare
node-9 2022/01/05 20:54:55.149607 node.go:52: do commit
node-9 2022/01/05 20:54:55.149607 node.go:52: do commit
node-9 2022/01/05 20:54:55.149607 node.go:52: do prepare
node-9 2022/01/05 20:54:55.151601 node.go:52: do commit
node-9 2022/01/05 20:54:56.151312 node.go:52: do prepare
node-9 2022/01/05 20:54:56.151312 node.go:52: do pre-prepare
node-9 2022/01/05 20:54:56.151312 node.go:52: do prepare
node-9 2022/01/05 20:54:56.152308 node.go:52: do prepare
node-9 2022/01/05 20:54:56.153305 node.go:52: do commit
node-9 2022/01/05 20:54:56.153305 node.go:52: do prepare
node-9 2022/01/05 20:54:56.153305 node.go:52: do commit
node-9 2022/01/05 20:54:56.154312 node.go:52: do commit
node-9 2022/01/05 20:54:56.154312 node.go:52: do commit
node-9 2022/01/05 20:54:56.154312 node.go:134: Committed value: node-4, 1641387284, Test, 1641387234421321250
node-9 2022/01/05 20:54:56.154312 node.go:134: Committed value: node-2, 1641387285, Test, 1641387234421321251
node-9 2022/01/05 20:54:56.154312 node.go:134: Committed value: node-4, 1641387287, Test, 1641387234421321252
node-9 2022/01/05 20:54:56.154312 node.go:134: Committed value: node-3, 1641387288, Test, 1641387234421321253
node-9 2022/01/05 20:54:56.154312 node.go:134: Committed value: node-7, 1641387289, Test, 1641387234421321254
node-9 2022/01/05 20:54:56.154312 node.go:134: Committed value: node-1, 1641387290, Test, 1641387234421321255
node-9 2022/01/05 20:54:56.154312 node.go:134: Committed value: node-4, 1641387291, Test, 1641387234421321256
node-9 2022/01/05 20:54:56.154312 node.go:134: Committed value: node-2, 1641387292, Test, 1641387234421321257
node-9 2022/01/05 20:54:56.154312 node.go:134: Committed value: node-5, 1641387293, Test, 1641387234421321258
node-9 2022/01/05 20:54:56.154312 node.go:134: Committed value: node-8, 1641387294, Test, 1641387234421321259
node-9 2022/01/05 20:54:56.154312 node.go:134: Committed value: node-8, 1641387295, Test, 1641387234421321260
node-9 2022/01/05 20:54:56.154312 node.go:134: Committed value: node-10, 1641387296, Test, 1641387234421321261
node-9 2022/01/05 20:54:56.154312 node.go:136: 
node-9 2022/01/05 20:54:56.154312 node.go:140: Reply Finished!
node-9 2022/01/05 20:54:56.156297 node.go:52: do prepare
node-9 2022/01/05 20:54:56.157294 node.go:52: do prepare
node-9 2022/01/05 20:54:56.157294 node.go:52: do commit
node-9 2022/01/05 20:54:56.157294 node.go:52: do commit
node-9 2022/01/05 20:54:56.158292 node.go:52: do commit
node-9 2022/01/05 20:54:56.158292 node.go:52: do prepare
node-9 2022/01/05 20:54:56.158292 node.go:52: do prepare
node-9 2022/01/05 20:54:56.159290 node.go:52: do commit
node-9 2022/01/05 20:54:56.159290 node.go:52: do commit
node-9 2022/01/05 20:54:57.161954 node.go:52: do prepare
node-9 2022/01/05 20:54:57.161954 node.go:52: do prepare
node-9 2022/01/05 20:54:57.162954 node.go:52: do prepare
node-9 2022/01/05 20:54:57.162954 node.go:52: do prepare
node-9 2022/01/05 20:54:57.162954 node.go:52: do prepare
node-9 2022/01/05 20:54:57.165184 node.go:52: do pre-prepare
node-9 2022/01/05 20:54:57.165184 node.go:52: do prepare
node-9 2022/01/05 20:54:57.165184 node.go:52: do commit
node-9 2022/01/05 20:54:57.165184 node.go:52: do prepare
node-9 2022/01/05 20:54:57.167189 node.go:52: do commit
node-9 2022/01/05 20:54:57.168177 node.go:134: Committed value: node-4, 1641387284, Test, 1641387234421321250
node-9 2022/01/05 20:54:57.168177 node.go:134: Committed value: node-2, 1641387285, Test, 1641387234421321251
node-9 2022/01/05 20:54:57.168177 node.go:134: Committed value: node-4, 1641387287, Test, 1641387234421321252
node-9 2022/01/05 20:54:57.168177 node.go:134: Committed value: node-3, 1641387288, Test, 1641387234421321253
node-9 2022/01/05 20:54:57.168177 node.go:134: Committed value: node-7, 1641387289, Test, 1641387234421321254
node-9 2022/01/05 20:54:57.168177 node.go:134: Committed value: node-1, 1641387290, Test, 1641387234421321255
node-9 2022/01/05 20:54:57.168177 node.go:134: Committed value: node-4, 1641387291, Test, 1641387234421321256
node-9 2022/01/05 20:54:57.168177 node.go:134: Committed value: node-2, 1641387292, Test, 1641387234421321257
node-9 2022/01/05 20:54:57.168177 node.go:134: Committed value: node-5, 1641387293, Test, 1641387234421321258
node-9 2022/01/05 20:54:57.168177 node.go:134: Committed value: node-8, 1641387294, Test, 1641387234421321259
node-9 2022/01/05 20:54:57.168177 node.go:134: Committed value: node-8, 1641387295, Test, 1641387234421321260
node-9 2022/01/05 20:54:57.168177 node.go:134: Committed value: node-10, 1641387296, Test, 1641387234421321261
node-9 2022/01/05 20:54:57.168177 node.go:134: Committed value: node-1, 1641387297, Test, 1641387234421321262
node-9 2022/01/05 20:54:57.168177 node.go:136: 
node-9 2022/01/05 20:54:57.168177 node.go:140: Reply Finished!
node-9 2022/01/05 20:54:57.168177 node.go:52: do commit
node-9 2022/01/05 20:54:57.168177 node.go:52: do commit
node-9 2022/01/05 20:54:57.168177 node.go:52: do prepare
node-9 2022/01/05 20:54:57.169178 node.go:52: do commit
node-9 2022/01/05 20:54:57.169178 node.go:52: do commit
node-9 2022/01/05 20:54:57.171169 node.go:52: do commit
node-9 2022/01/05 20:54:57.171169 node.go:52: do commit
node-9 2022/01/05 20:54:57.171169 node.go:52: do commit
node-9 2022/01/05 20:54:58.173067 node.go:52: do pre-prepare
node-9 2022/01/05 20:54:58.175968 node.go:52: do prepare
node-9 2022/01/05 20:54:58.178750 node.go:52: do prepare
node-9 2022/01/05 20:54:58.178750 node.go:52: do prepare
node-9 2022/01/05 20:54:58.178750 node.go:52: do commit
node-9 2022/01/05 20:54:58.178750 node.go:52: do prepare
node-9 2022/01/05 20:54:58.178750 node.go:52: do prepare
node-9 2022/01/05 20:54:58.180743 node.go:52: do commit
node-9 2022/01/05 20:54:58.180743 node.go:52: do commit
node-9 2022/01/05 20:54:58.180743 node.go:52: do commit
node-9 2022/01/05 20:54:58.180743 node.go:52: do commit
node-9 2022/01/05 20:54:58.182738 node.go:52: do prepare
node-9 2022/01/05 20:54:58.182738 node.go:52: do prepare
node-9 2022/01/05 20:54:58.182738 node.go:52: do prepare
node-9 2022/01/05 20:54:58.183735 node.go:134: Committed value: node-4, 1641387284, Test, 1641387234421321250
node-9 2022/01/05 20:54:58.183735 node.go:134: Committed value: node-2, 1641387285, Test, 1641387234421321251
node-9 2022/01/05 20:54:58.183735 node.go:134: Committed value: node-4, 1641387287, Test, 1641387234421321252
node-9 2022/01/05 20:54:58.183735 node.go:134: Committed value: node-3, 1641387288, Test, 1641387234421321253
node-9 2022/01/05 20:54:58.183735 node.go:134: Committed value: node-7, 1641387289, Test, 1641387234421321254
node-9 2022/01/05 20:54:58.183735 node.go:134: Committed value: node-1, 1641387290, Test, 1641387234421321255
node-9 2022/01/05 20:54:58.183735 node.go:134: Committed value: node-4, 1641387291, Test, 1641387234421321256
node-9 2022/01/05 20:54:58.183735 node.go:134: Committed value: node-2, 1641387292, Test, 1641387234421321257
node-9 2022/01/05 20:54:58.183735 node.go:134: Committed value: node-5, 1641387293, Test, 1641387234421321258
node-9 2022/01/05 20:54:58.183735 node.go:134: Committed value: node-8, 1641387294, Test, 1641387234421321259
node-9 2022/01/05 20:54:58.183735 node.go:134: Committed value: node-8, 1641387295, Test, 1641387234421321260
node-9 2022/01/05 20:54:58.183735 node.go:134: Committed value: node-10, 1641387296, Test, 1641387234421321261
node-9 2022/01/05 20:54:58.183735 node.go:134: Committed value: node-1, 1641387297, Test, 1641387234421321262
node-9 2022/01/05 20:54:58.183735 node.go:52: do commit
node-9 2022/01/05 20:54:58.183735 node.go:134: Committed value: node-10, 1641387298, Test, 1641387234421321263
node-9 2022/01/05 20:54:58.183735 node.go:136: 
node-9 2022/01/05 20:54:58.183735 node.go:140: Reply Finished!
node-9 2022/01/05 20:54:58.183735 node.go:52: do commit
node-9 2022/01/05 20:54:58.183735 node.go:52: do commit
node-9 2022/01/05 20:54:58.184732 node.go:52: do commit
node-9 2022/01/05 20:54:59.199063 node.go:52: do pre-prepare
node-9 2022/01/05 20:54:59.200054 node.go:52: do commit
node-9 2022/01/05 20:54:59.200054 node.go:52: do prepare
node-9 2022/01/05 20:54:59.200054 node.go:52: do prepare
node-9 2022/01/05 20:54:59.200054 node.go:52: do prepare
node-9 2022/01/05 20:54:59.201049 node.go:52: do prepare
node-9 2022/01/05 20:54:59.203045 node.go:52: do prepare
node-9 2022/01/05 20:54:59.204042 node.go:52: do commit
node-9 2022/01/05 20:54:59.205040 node.go:52: do commit
node-9 2022/01/05 20:54:59.205040 node.go:52: do commit
node-9 2022/01/05 20:54:59.205040 node.go:52: do prepare
node-9 2022/01/05 20:54:59.205040 node.go:52: do commit
node-9 2022/01/05 20:54:59.206036 node.go:52: do prepare
node-9 2022/01/05 20:54:59.206036 node.go:52: do commit
node-9 2022/01/05 20:54:59.206036 node.go:134: Committed value: node-4, 1641387284, Test, 1641387234421321250
node-9 2022/01/05 20:54:59.206036 node.go:134: Committed value: node-2, 1641387285, Test, 1641387234421321251
node-9 2022/01/05 20:54:59.206036 node.go:134: Committed value: node-4, 1641387287, Test, 1641387234421321252
node-9 2022/01/05 20:54:59.206036 node.go:134: Committed value: node-3, 1641387288, Test, 1641387234421321253
node-9 2022/01/05 20:54:59.206036 node.go:134: Committed value: node-7, 1641387289, Test, 1641387234421321254
node-9 2022/01/05 20:54:59.206036 node.go:134: Committed value: node-1, 1641387290, Test, 1641387234421321255
node-9 2022/01/05 20:54:59.206036 node.go:134: Committed value: node-4, 1641387291, Test, 1641387234421321256
node-9 2022/01/05 20:54:59.206036 node.go:134: Committed value: node-2, 1641387292, Test, 1641387234421321257
node-9 2022/01/05 20:54:59.206036 node.go:134: Committed value: node-5, 1641387293, Test, 1641387234421321258
node-9 2022/01/05 20:54:59.206036 node.go:134: Committed value: node-8, 1641387294, Test, 1641387234421321259
node-9 2022/01/05 20:54:59.206036 node.go:134: Committed value: node-8, 1641387295, Test, 1641387234421321260
node-9 2022/01/05 20:54:59.206036 node.go:134: Committed value: node-10, 1641387296, Test, 1641387234421321261
node-9 2022/01/05 20:54:59.206036 node.go:134: Committed value: node-1, 1641387297, Test, 1641387234421321262
node-9 2022/01/05 20:54:59.206036 node.go:134: Committed value: node-10, 1641387298, Test, 1641387234421321263
node-9 2022/01/05 20:54:59.206036 node.go:134: Committed value: node-8, 1641387299, Test, 1641387234421321264
node-9 2022/01/05 20:54:59.206036 node.go:136: 
node-9 2022/01/05 20:54:59.206036 node.go:140: Reply Finished!
node-9 2022/01/05 20:54:59.207033 node.go:52: do commit
node-9 2022/01/05 20:54:59.207033 node.go:52: do prepare
node-9 2022/01/05 20:54:59.209027 node.go:52: do commit
node-9 2022/01/05 20:54:59.209027 node.go:52: do commit
node-9 2022/01/05 20:55:00.212104 node.go:52: do pre-prepare
node-9 2022/01/05 20:55:00.213098 node.go:52: do prepare
node-9 2022/01/05 20:55:00.213098 node.go:52: do prepare
node-9 2022/01/05 20:55:00.213098 node.go:52: do prepare
node-9 2022/01/05 20:55:00.214095 node.go:52: do prepare
node-9 2022/01/05 20:55:00.215091 node.go:52: do commit
node-9 2022/01/05 20:55:00.217087 node.go:52: do commit
node-9 2022/01/05 20:55:00.218083 node.go:52: do prepare
node-9 2022/01/05 20:55:00.218083 node.go:52: do commit
node-9 2022/01/05 20:55:00.218083 node.go:52: do commit
node-9 2022/01/05 20:55:00.219081 node.go:52: do commit
node-9 2022/01/05 20:55:00.219081 node.go:52: do prepare
node-9 2022/01/05 20:55:00.221846 node.go:52: do commit
node-9 2022/01/05 20:55:00.221846 node.go:134: Committed value: node-4, 1641387284, Test, 1641387234421321250
node-9 2022/01/05 20:55:00.221846 node.go:134: Committed value: node-2, 1641387285, Test, 1641387234421321251
node-9 2022/01/05 20:55:00.221846 node.go:134: Committed value: node-4, 1641387287, Test, 1641387234421321252
node-9 2022/01/05 20:55:00.221846 node.go:134: Committed value: node-3, 1641387288, Test, 1641387234421321253
node-9 2022/01/05 20:55:00.221846 node.go:134: Committed value: node-7, 1641387289, Test, 1641387234421321254
node-9 2022/01/05 20:55:00.221846 node.go:134: Committed value: node-1, 1641387290, Test, 1641387234421321255
node-9 2022/01/05 20:55:00.221846 node.go:134: Committed value: node-4, 1641387291, Test, 1641387234421321256
node-9 2022/01/05 20:55:00.221846 node.go:134: Committed value: node-2, 1641387292, Test, 1641387234421321257
node-9 2022/01/05 20:55:00.221846 node.go:134: Committed value: node-5, 1641387293, Test, 1641387234421321258
node-9 2022/01/05 20:55:00.221846 node.go:134: Committed value: node-8, 1641387294, Test, 1641387234421321259
node-9 2022/01/05 20:55:00.221846 node.go:134: Committed value: node-8, 1641387295, Test, 1641387234421321260
node-9 2022/01/05 20:55:00.221846 node.go:134: Committed value: node-10, 1641387296, Test, 1641387234421321261
node-9 2022/01/05 20:55:00.221846 node.go:134: Committed value: node-1, 1641387297, Test, 1641387234421321262
node-9 2022/01/05 20:55:00.221846 node.go:134: Committed value: node-10, 1641387298, Test, 1641387234421321263
node-9 2022/01/05 20:55:00.221846 node.go:134: Committed value: node-8, 1641387299, Test, 1641387234421321264
node-9 2022/01/05 20:55:00.221846 node.go:134: Committed value: node-2, 1641387300, Test, 1641387234421321265
node-9 2022/01/05 20:55:00.221846 node.go:136: 
node-9 2022/01/05 20:55:00.221846 node.go:140: Reply Finished!
node-9 2022/01/05 20:55:00.221846 node.go:52: do prepare
node-9 2022/01/05 20:55:00.222845 node.go:52: do prepare
node-9 2022/01/05 20:55:00.223859 node.go:52: do commit
node-9 2022/01/05 20:55:00.224649 node.go:52: do commit
node-9 2022/01/05 20:55:00.225649 node.go:52: do commit
node-9 2022/01/05 20:55:01.232699 node.go:52: do pre-prepare
node-9 2022/01/05 20:55:01.233693 node.go:52: do prepare
node-9 2022/01/05 20:55:01.233693 node.go:52: do prepare
node-9 2022/01/05 20:55:01.233693 node.go:52: do commit
node-9 2022/01/05 20:55:01.234690 node.go:52: do prepare
node-9 2022/01/05 20:55:01.235687 node.go:52: do prepare
node-9 2022/01/05 20:55:01.235687 node.go:52: do prepare
node-9 2022/01/05 20:55:01.235687 node.go:52: do commit
node-9 2022/01/05 20:55:01.235687 node.go:52: do commit
node-9 2022/01/05 20:55:01.235687 node.go:52: do prepare
node-9 2022/01/05 20:55:01.237691 node.go:52: do commit
node-9 2022/01/05 20:55:01.237691 node.go:134: Committed value: node-4, 1641387284, Test, 1641387234421321250
node-9 2022/01/05 20:55:01.237691 node.go:134: Committed value: node-2, 1641387285, Test, 1641387234421321251
node-9 2022/01/05 20:55:01.237691 node.go:134: Committed value: node-4, 1641387287, Test, 1641387234421321252
node-9 2022/01/05 20:55:01.237691 node.go:134: Committed value: node-3, 1641387288, Test, 1641387234421321253
node-9 2022/01/05 20:55:01.237691 node.go:134: Committed value: node-7, 1641387289, Test, 1641387234421321254
node-9 2022/01/05 20:55:01.237691 node.go:134: Committed value: node-1, 1641387290, Test, 1641387234421321255
node-9 2022/01/05 20:55:01.237691 node.go:134: Committed value: node-4, 1641387291, Test, 1641387234421321256
node-9 2022/01/05 20:55:01.237691 node.go:134: Committed value: node-2, 1641387292, Test, 1641387234421321257
node-9 2022/01/05 20:55:01.237691 node.go:134: Committed value: node-5, 1641387293, Test, 1641387234421321258
node-9 2022/01/05 20:55:01.237691 node.go:134: Committed value: node-8, 1641387294, Test, 1641387234421321259
node-9 2022/01/05 20:55:01.237691 node.go:134: Committed value: node-8, 1641387295, Test, 1641387234421321260
node-9 2022/01/05 20:55:01.237691 node.go:134: Committed value: node-10, 1641387296, Test, 1641387234421321261
node-9 2022/01/05 20:55:01.237691 node.go:134: Committed value: node-1, 1641387297, Test, 1641387234421321262
node-9 2022/01/05 20:55:01.237691 node.go:134: Committed value: node-10, 1641387298, Test, 1641387234421321263
node-9 2022/01/05 20:55:01.237691 node.go:134: Committed value: node-8, 1641387299, Test, 1641387234421321264
node-9 2022/01/05 20:55:01.237691 node.go:134: Committed value: node-2, 1641387300, Test, 1641387234421321265
node-9 2022/01/05 20:55:01.237691 node.go:134: Committed value: node-8, 1641387301, Test, 1641387234421321266
node-9 2022/01/05 20:55:01.237691 node.go:136: 
node-9 2022/01/05 20:55:01.237691 node.go:140: Reply Finished!
node-9 2022/01/05 20:55:01.238679 node.go:52: do commit
node-9 2022/01/05 20:55:01.238679 node.go:52: do prepare
node-9 2022/01/05 20:55:01.240675 node.go:52: do prepare
node-9 2022/01/05 20:55:01.240675 node.go:52: do commit
node-9 2022/01/05 20:55:01.241672 node.go:52: do commit
node-9 2022/01/05 20:55:01.241672 node.go:52: do commit
node-9 2022/01/05 20:55:01.241672 node.go:52: do commit
node-9 2022/01/05 20:55:02.246020 node.go:52: do client
node-9 2022/01/05 20:55:02.246020 node.go:111: Start request as Client, time: 1641387302246020
node-9 2022/01/05 20:55:02.246855 node.go:52: do pre-prepare
node-9 2022/01/05 20:55:02.247850 node.go:52: do prepare
node-9 2022/01/05 20:55:02.247850 node.go:52: do prepare
node-9 2022/01/05 20:55:02.248849 node.go:52: do prepare
node-9 2022/01/05 20:55:02.249845 node.go:52: do reply
node-9 2022/01/05 20:55:02.249845 node.go:123: Result: Executed by node-8
node-9 2022/01/05 20:55:02.249845 node.go:52: do prepare
node-9 2022/01/05 20:55:02.250843 node.go:52: do commit
node-9 2022/01/05 20:55:02.250843 node.go:52: do prepare
node-9 2022/01/05 20:55:02.250843 node.go:52: do commit
node-9 2022/01/05 20:55:02.251839 node.go:52: do prepare
node-9 2022/01/05 20:55:02.251839 node.go:52: do reply
node-9 2022/01/05 20:55:02.251839 node.go:123: Result: Executed by node-1
node-9 2022/01/05 20:55:02.251839 node.go:52: do reply
node-9 2022/01/05 20:55:02.252836 node.go:123: Result: Executed by node-3
node-9 2022/01/05 20:55:02.252836 node.go:52: do prepare
node-9 2022/01/05 20:55:02.252836 node.go:52: do commit
node-9 2022/01/05 20:55:02.252836 node.go:52: do commit
node-9 2022/01/05 20:55:02.252836 node.go:134: Committed value: node-4, 1641387284, Test, 1641387234421321250
node-9 2022/01/05 20:55:02.252836 node.go:134: Committed value: node-2, 1641387285, Test, 1641387234421321251
node-9 2022/01/05 20:55:02.252836 node.go:134: Committed value: node-4, 1641387287, Test, 1641387234421321252
node-9 2022/01/05 20:55:02.252836 node.go:134: Committed value: node-3, 1641387288, Test, 1641387234421321253
node-9 2022/01/05 20:55:02.252836 node.go:134: Committed value: node-7, 1641387289, Test, 1641387234421321254
node-9 2022/01/05 20:55:02.252836 node.go:134: Committed value: node-1, 1641387290, Test, 1641387234421321255
node-9 2022/01/05 20:55:02.252836 node.go:134: Committed value: node-4, 1641387291, Test, 1641387234421321256
node-9 2022/01/05 20:55:02.252836 node.go:134: Committed value: node-2, 1641387292, Test, 1641387234421321257
node-9 2022/01/05 20:55:02.252836 node.go:52: do commit
node-9 2022/01/05 20:55:02.252836 node.go:134: Committed value: node-5, 1641387293, Test, 1641387234421321258
node-9 2022/01/05 20:55:02.252836 node.go:134: Committed value: node-8, 1641387294, Test, 1641387234421321259
node-9 2022/01/05 20:55:02.252836 node.go:134: Committed value: node-8, 1641387295, Test, 1641387234421321260
node-9 2022/01/05 20:55:02.252836 node.go:134: Committed value: node-10, 1641387296, Test, 1641387234421321261
node-9 2022/01/05 20:55:02.252836 node.go:134: Committed value: node-1, 1641387297, Test, 1641387234421321262
node-9 2022/01/05 20:55:02.252836 node.go:134: Committed value: node-10, 1641387298, Test, 1641387234421321263
node-9 2022/01/05 20:55:02.252836 node.go:134: Committed value: node-8, 1641387299, Test, 1641387234421321264
node-9 2022/01/05 20:55:02.252836 node.go:134: Committed value: node-2, 1641387300, Test, 1641387234421321265
node-9 2022/01/05 20:55:02.252836 node.go:134: Committed value: node-8, 1641387301, Test, 1641387234421321266
node-9 2022/01/05 20:55:02.252836 node.go:134: Committed value: node-9, 1641387302, Test, 1641387234421321267
node-9 2022/01/05 20:55:02.252836 node.go:136: 
node-9 2022/01/05 20:55:02.252836 node.go:140: Reply Finished!
node-9 2022/01/05 20:55:02.252836 node.go:52: do commit
node-9 2022/01/05 20:55:02.252836 node.go:52: do reply
node-9 2022/01/05 20:55:02.252836 node.go:52: do reply
node-9 2022/01/05 20:55:02.252836 node.go:123: Result: Executed by node-2
node-9 2022/01/05 20:55:02.252836 node.go:116: Request Finished! Delay: 6816
node-9 2022/01/05 20:55:02.252836 node.go:117: 1641387302246020 1641387302252836
node-9 2022/01/05 20:55:02.253833 node.go:52: do reply
node-9 2022/01/05 20:55:02.253833 node.go:123: Result: Executed by node-10
node-9 2022/01/05 20:55:02.252836 node.go:123: Result: Executed by node-5
node-9 2022/01/05 20:55:02.254832 node.go:52: do commit
node-9 2022/01/05 20:55:02.254832 node.go:52: do prepare
node-9 2022/01/05 20:55:02.254832 node.go:52: do commit
node-9 2022/01/05 20:55:02.255828 node.go:52: do reply
node-9 2022/01/05 20:55:02.255828 node.go:123: Result: Executed by node-4
node-9 2022/01/05 20:55:02.256826 node.go:52: do commit
node-9 2022/01/05 20:55:02.256826 node.go:52: do reply
node-9 2022/01/05 20:55:02.256826 node.go:123: Result: Executed by node-9
node-9 2022/01/05 20:55:02.256826 node.go:52: do reply
node-9 2022/01/05 20:55:02.256826 node.go:123: Result: Executed by node-6
node-9 2022/01/05 20:55:02.256826 node.go:52: do reply
node-9 2022/01/05 20:55:02.256826 node.go:123: Result: Executed by node-7
node-9 2022/01/05 20:55:03.260242 node.go:52: do pre-prepare
node-9 2022/01/05 20:55:03.260242 node.go:52: do prepare
node-9 2022/01/05 20:55:03.260242 node.go:52: do prepare
node-9 2022/01/05 20:55:03.261239 node.go:52: do commit
node-9 2022/01/05 20:55:03.261239 node.go:52: do prepare
node-9 2022/01/05 20:55:03.261239 node.go:52: do prepare
node-9 2022/01/05 20:55:03.262237 node.go:52: do commit
node-9 2022/01/05 20:55:03.262237 node.go:52: do prepare
node-9 2022/01/05 20:55:03.264659 node.go:52: do prepare
node-9 2022/01/05 20:55:03.265162 node.go:52: do prepare
node-9 2022/01/05 20:55:03.265715 node.go:52: do prepare
node-9 2022/01/05 20:55:03.265715 node.go:52: do commit
node-9 2022/01/05 20:55:03.265715 node.go:134: Committed value: node-4, 1641387284, Test, 1641387234421321250
node-9 2022/01/05 20:55:03.265715 node.go:134: Committed value: node-2, 1641387285, Test, 1641387234421321251
node-9 2022/01/05 20:55:03.265715 node.go:134: Committed value: node-4, 1641387287, Test, 1641387234421321252
node-9 2022/01/05 20:55:03.265715 node.go:134: Committed value: node-3, 1641387288, Test, 1641387234421321253
node-9 2022/01/05 20:55:03.265715 node.go:134: Committed value: node-7, 1641387289, Test, 1641387234421321254
node-9 2022/01/05 20:55:03.265715 node.go:134: Committed value: node-1, 1641387290, Test, 1641387234421321255
node-9 2022/01/05 20:55:03.265715 node.go:134: Committed value: node-4, 1641387291, Test, 1641387234421321256
node-9 2022/01/05 20:55:03.266220 node.go:134: Committed value: node-2, 1641387292, Test, 1641387234421321257
node-9 2022/01/05 20:55:03.266220 node.go:134: Committed value: node-5, 1641387293, Test, 1641387234421321258
node-9 2022/01/05 20:55:03.266220 node.go:134: Committed value: node-8, 1641387294, Test, 1641387234421321259
node-9 2022/01/05 20:55:03.266220 node.go:134: Committed value: node-8, 1641387295, Test, 1641387234421321260
node-9 2022/01/05 20:55:03.266220 node.go:134: Committed value: node-10, 1641387296, Test, 1641387234421321261
node-9 2022/01/05 20:55:03.266220 node.go:134: Committed value: node-1, 1641387297, Test, 1641387234421321262
node-9 2022/01/05 20:55:03.266220 node.go:134: Committed value: node-10, 1641387298, Test, 1641387234421321263
node-9 2022/01/05 20:55:03.266220 node.go:134: Committed value: node-8, 1641387299, Test, 1641387234421321264
node-9 2022/01/05 20:55:03.266220 node.go:134: Committed value: node-2, 1641387300, Test, 1641387234421321265
node-9 2022/01/05 20:55:03.266220 node.go:134: Committed value: node-8, 1641387301, Test, 1641387234421321266
node-9 2022/01/05 20:55:03.266220 node.go:134: Committed value: node-9, 1641387302, Test, 1641387234421321267
node-9 2022/01/05 20:55:03.266220 node.go:134: Committed value: node-1, 1641387303, Test, 1641387234421321268
node-9 2022/01/05 20:55:03.266220 node.go:136: 
node-9 2022/01/05 20:55:03.266220 node.go:140: Reply Finished!
node-9 2022/01/05 20:55:03.267670 node.go:52: do commit
node-9 2022/01/05 20:55:03.268173 node.go:52: do commit
node-9 2022/01/05 20:55:03.269789 node.go:52: do commit
node-9 2022/01/05 20:55:03.269789 node.go:52: do commit
node-9 2022/01/05 20:55:03.270292 node.go:52: do commit
node-9 2022/01/05 20:55:03.270292 node.go:52: do commit
node-9 2022/01/05 20:55:04.274282 node.go:52: do prepare
node-9 2022/01/05 20:55:04.275275 node.go:52: do prepare
node-9 2022/01/05 20:55:04.275275 node.go:52: do prepare
node-9 2022/01/05 20:55:04.276272 node.go:52: do commit
node-9 2022/01/05 20:55:04.276272 node.go:52: do prepare
node-9 2022/01/05 20:55:04.277271 node.go:52: do pre-prepare
node-9 2022/01/05 20:55:04.277271 node.go:52: do prepare
node-9 2022/01/05 20:55:04.278266 node.go:52: do commit
node-9 2022/01/05 20:55:04.278266 node.go:52: do prepare
node-9 2022/01/05 20:55:04.279264 node.go:134: Committed value: node-4, 1641387284, Test, 1641387234421321250
node-9 2022/01/05 20:55:04.279264 node.go:134: Committed value: node-2, 1641387285, Test, 1641387234421321251
node-9 2022/01/05 20:55:04.279264 node.go:134: Committed value: node-4, 1641387287, Test, 1641387234421321252
node-9 2022/01/05 20:55:04.279264 node.go:134: Committed value: node-3, 1641387288, Test, 1641387234421321253
node-9 2022/01/05 20:55:04.279264 node.go:134: Committed value: node-7, 1641387289, Test, 1641387234421321254
node-9 2022/01/05 20:55:04.279264 node.go:134: Committed value: node-1, 1641387290, Test, 1641387234421321255
node-9 2022/01/05 20:55:04.279264 node.go:134: Committed value: node-4, 1641387291, Test, 1641387234421321256
node-9 2022/01/05 20:55:04.279264 node.go:134: Committed value: node-2, 1641387292, Test, 1641387234421321257
node-9 2022/01/05 20:55:04.279264 node.go:134: Committed value: node-5, 1641387293, Test, 1641387234421321258
node-9 2022/01/05 20:55:04.279264 node.go:134: Committed value: node-8, 1641387294, Test, 1641387234421321259
node-9 2022/01/05 20:55:04.279264 node.go:134: Committed value: node-8, 1641387295, Test, 1641387234421321260
node-9 2022/01/05 20:55:04.279264 node.go:134: Committed value: node-10, 1641387296, Test, 1641387234421321261
node-9 2022/01/05 20:55:04.279264 node.go:134: Committed value: node-1, 1641387297, Test, 1641387234421321262
node-9 2022/01/05 20:55:04.279264 node.go:134: Committed value: node-10, 1641387298, Test, 1641387234421321263
node-9 2022/01/05 20:55:04.279264 node.go:134: Committed value: node-8, 1641387299, Test, 1641387234421321264
node-9 2022/01/05 20:55:04.279264 node.go:134: Committed value: node-2, 1641387300, Test, 1641387234421321265
node-9 2022/01/05 20:55:04.279264 node.go:134: Committed value: node-8, 1641387301, Test, 1641387234421321266
node-9 2022/01/05 20:55:04.279264 node.go:134: Committed value: node-9, 1641387302, Test, 1641387234421321267
node-9 2022/01/05 20:55:04.279264 node.go:134: Committed value: node-1, 1641387303, Test, 1641387234421321268
node-9 2022/01/05 20:55:04.279264 node.go:134: Committed value: node-6, 1641387304, Test, 1641387234421321269
node-9 2022/01/05 20:55:04.279264 node.go:136: 
node-9 2022/01/05 20:55:04.279264 node.go:140: Reply Finished!
node-9 2022/01/05 20:55:04.279264 node.go:52: do commit
node-9 2022/01/05 20:55:04.280261 node.go:52: do commit
node-9 2022/01/05 20:55:04.280261 node.go:52: do prepare
node-9 2022/01/05 20:55:04.281271 node.go:52: do commit
node-9 2022/01/05 20:55:04.282256 node.go:52: do commit
node-9 2022/01/05 20:55:04.282256 node.go:52: do commit
node-9 2022/01/05 20:55:04.283254 node.go:52: do prepare
node-9 2022/01/05 20:55:04.283254 node.go:52: do commit
node-9 2022/01/05 20:55:04.283254 node.go:52: do commit
