node-8 2022/01/05 23:16:49.784759 node.go:52: do add
node-8 2022/01/05 23:16:49.784759 node.go:582: f: 0 ; 2f: 0
node-8 2022/01/05 23:16:49.784759 node.go:52: do setF
node-8 2022/01/05 23:16:49.785754 node.go:582: f: 3 ; 2f: 5
node-8 2022/01/05 23:16:49.785754 node.go:52: do pre-prepare
node-8 2022/01/05 23:16:49.786750 node.go:52: do prepare
node-8 2022/01/05 23:16:49.787748 node.go:52: do commit
node-8 2022/01/05 23:16:49.787748 node.go:52: do prepare
node-8 2022/01/05 23:16:49.787748 node.go:52: do prepare
node-8 2022/01/05 23:16:49.787748 node.go:52: do prepare
node-8 2022/01/05 23:16:49.787748 node.go:52: do prepare
node-8 2022/01/05 23:16:49.787748 node.go:52: do commit
node-8 2022/01/05 23:16:49.789743 node.go:52: do prepare
node-8 2022/01/05 23:16:49.789743 node.go:52: do commit
node-8 2022/01/05 23:16:49.789743 node.go:52: do commit
node-8 2022/01/05 23:16:49.791738 node.go:52: do commit
node-8 2022/01/05 23:16:49.791738 node.go:134: Committed value: node-5, 1641395809, Test, 1641395769305644940
node-8 2022/01/05 23:16:49.791738 node.go:136: 
node-8 2022/01/05 23:16:49.791738 node.go:140: Reply Finished!
node-8 2022/01/05 23:16:49.791738 node.go:52: do commit
node-8 2022/01/05 23:16:49.792735 node.go:52: do commit
node-8 2022/01/05 23:16:50.795029 node.go:52: do pre-prepare
node-8 2022/01/05 23:16:50.795029 node.go:52: do prepare
node-8 2022/01/05 23:16:50.796027 node.go:52: do prepare
node-8 2022/01/05 23:16:50.796027 node.go:52: do commit
node-8 2022/01/05 23:16:50.797024 node.go:52: do prepare
node-8 2022/01/05 23:16:50.797024 node.go:52: do commit
node-8 2022/01/05 23:16:50.797024 node.go:52: do prepare
node-8 2022/01/05 23:16:50.798021 node.go:52: do prepare
node-8 2022/01/05 23:16:50.798021 node.go:52: do prepare
node-8 2022/01/05 23:16:50.798021 node.go:52: do commit
node-8 2022/01/05 23:16:50.799020 node.go:52: do commit
node-8 2022/01/05 23:16:50.799020 node.go:134: Committed value: node-5, 1641395809, Test, 1641395769305644940
node-8 2022/01/05 23:16:50.799020 node.go:134: Committed value: node-6, 1641395810, Test, 1641395769305644941
node-8 2022/01/05 23:16:50.799020 node.go:136: 
node-8 2022/01/05 23:16:50.799020 node.go:140: Reply Finished!
node-8 2022/01/05 23:16:50.799020 node.go:52: do commit
node-8 2022/01/05 23:16:50.799020 node.go:52: do commit
node-8 2022/01/05 23:16:50.799020 node.go:52: do commit
node-8 2022/01/05 23:16:51.807821 node.go:52: do pre-prepare
node-8 2022/01/05 23:16:51.809812 node.go:52: do prepare
node-8 2022/01/05 23:16:51.810817 node.go:52: do commit
node-8 2022/01/05 23:16:51.810817 node.go:52: do prepare
node-8 2022/01/05 23:16:51.810817 node.go:52: do prepare
node-8 2022/01/05 23:16:51.810817 node.go:52: do prepare
node-8 2022/01/05 23:16:51.811806 node.go:52: do commit
node-8 2022/01/05 23:16:51.811806 node.go:52: do prepare
node-8 2022/01/05 23:16:51.812803 node.go:52: do commit
node-8 2022/01/05 23:16:51.812803 node.go:134: Committed value: node-5, 1641395809, Test, 1641395769305644940
node-8 2022/01/05 23:16:51.812803 node.go:52: do prepare
node-8 2022/01/05 23:16:51.812803 node.go:134: Committed value: node-6, 1641395810, Test, 1641395769305644941
node-8 2022/01/05 23:16:51.812803 node.go:134: Committed value: node-1, 1641395811, Test, 1641395769305644942
node-8 2022/01/05 23:16:51.812803 node.go:136: 
node-8 2022/01/05 23:16:51.812803 node.go:140: Reply Finished!
node-8 2022/01/05 23:16:51.812803 node.go:52: do commit
node-8 2022/01/05 23:16:51.813802 node.go:52: do commit
node-8 2022/01/05 23:16:51.813802 node.go:52: do commit
node-8 2022/01/05 23:16:51.817994 node.go:52: do commit
node-8 2022/01/05 23:16:52.817872 node.go:52: do prepare
node-8 2022/01/05 23:16:52.817872 node.go:52: do pre-prepare
node-8 2022/01/05 23:16:52.817872 node.go:52: do prepare
node-8 2022/01/05 23:16:52.818868 node.go:52: do prepare
node-8 2022/01/05 23:16:52.818868 node.go:52: do commit
node-8 2022/01/05 23:16:52.818868 node.go:52: do prepare
node-8 2022/01/05 23:16:52.819865 node.go:52: do commit
node-8 2022/01/05 23:16:52.821448 node.go:52: do prepare
node-8 2022/01/05 23:16:52.822448 node.go:52: do prepare
node-8 2022/01/05 23:16:52.822448 node.go:52: do commit
node-8 2022/01/05 23:16:52.822448 node.go:134: Committed value: node-5, 1641395809, Test, 1641395769305644940
node-8 2022/01/05 23:16:52.822448 node.go:134: Committed value: node-6, 1641395810, Test, 1641395769305644941
node-8 2022/01/05 23:16:52.822448 node.go:134: Committed value: node-1, 1641395811, Test, 1641395769305644942
node-8 2022/01/05 23:16:52.822448 node.go:134: Committed value: node-4, 1641395812, Test, 1641395769305644943
node-8 2022/01/05 23:16:52.822448 node.go:136: 
node-8 2022/01/05 23:16:52.822448 node.go:140: Reply Finished!
node-8 2022/01/05 23:16:52.823445 node.go:52: do commit
node-8 2022/01/05 23:16:52.825441 node.go:52: do commit
node-8 2022/01/05 23:16:52.825441 node.go:52: do commit
node-8 2022/01/05 23:16:52.825441 node.go:52: do commit
node-8 2022/01/05 23:16:53.827762 node.go:52: do pre-prepare
node-8 2022/01/05 23:16:53.828756 node.go:52: do prepare
node-8 2022/01/05 23:16:53.828756 node.go:52: do commit
node-8 2022/01/05 23:16:53.828756 node.go:52: do prepare
node-8 2022/01/05 23:16:53.829752 node.go:52: do prepare
node-8 2022/01/05 23:16:53.829752 node.go:52: do prepare
node-8 2022/01/05 23:16:53.830750 node.go:52: do prepare
node-8 2022/01/05 23:16:53.830750 node.go:52: do commit
node-8 2022/01/05 23:16:53.830750 node.go:134: Committed value: node-5, 1641395809, Test, 1641395769305644940
node-8 2022/01/05 23:16:53.830750 node.go:134: Committed value: node-6, 1641395810, Test, 1641395769305644941
node-8 2022/01/05 23:16:53.830750 node.go:134: Committed value: node-1, 1641395811, Test, 1641395769305644942
node-8 2022/01/05 23:16:53.830750 node.go:134: Committed value: node-4, 1641395812, Test, 1641395769305644943
node-8 2022/01/05 23:16:53.830750 node.go:134: Committed value: node-3, 1641395813, Test, 1641395769305644944
node-8 2022/01/05 23:16:53.830750 node.go:136: 
node-8 2022/01/05 23:16:53.830750 node.go:140: Reply Finished!
node-8 2022/01/05 23:16:53.830750 node.go:52: do prepare
node-8 2022/01/05 23:16:53.830750 node.go:52: do commit
node-8 2022/01/05 23:16:53.830750 node.go:52: do commit
node-8 2022/01/05 23:16:53.830750 node.go:52: do commit
node-8 2022/01/05 23:16:53.830750 node.go:52: do commit
node-8 2022/01/05 23:16:53.831747 node.go:52: do commit
node-8 2022/01/05 23:16:54.838371 node.go:52: do pre-prepare
node-8 2022/01/05 23:16:54.840238 node.go:52: do prepare
node-8 2022/01/05 23:16:54.841243 node.go:52: do commit
node-8 2022/01/05 23:16:54.841243 node.go:52: do prepare
node-8 2022/01/05 23:16:54.841243 node.go:52: do commit
node-8 2022/01/05 23:16:54.841243 node.go:52: do commit
node-8 2022/01/05 23:16:54.842235 node.go:52: do prepare
node-8 2022/01/05 23:16:54.842235 node.go:52: do prepare
node-8 2022/01/05 23:16:54.842235 node.go:52: do prepare
node-8 2022/01/05 23:16:54.845275 node.go:52: do commit
node-8 2022/01/05 23:16:54.845615 node.go:52: do prepare
node-8 2022/01/05 23:16:54.845615 node.go:52: do commit
node-8 2022/01/05 23:16:54.845615 node.go:134: Committed value: node-5, 1641395809, Test, 1641395769305644940
node-8 2022/01/05 23:16:54.845615 node.go:134: Committed value: node-6, 1641395810, Test, 1641395769305644941
node-8 2022/01/05 23:16:54.845615 node.go:134: Committed value: node-1, 1641395811, Test, 1641395769305644942
node-8 2022/01/05 23:16:54.845615 node.go:134: Committed value: node-4, 1641395812, Test, 1641395769305644943
node-8 2022/01/05 23:16:54.845615 node.go:134: Committed value: node-3, 1641395813, Test, 1641395769305644944
node-8 2022/01/05 23:16:54.845615 node.go:134: Committed value: node-5, 1641395814, Test, 1641395769305644945
node-8 2022/01/05 23:16:54.845615 node.go:136: 
node-8 2022/01/05 23:16:54.845615 node.go:140: Reply Finished!
node-8 2022/01/05 23:16:54.847611 node.go:52: do commit
node-8 2022/01/05 23:16:54.847611 node.go:52: do commit
node-8 2022/01/05 23:16:55.850356 node.go:52: do prepare
node-8 2022/01/05 23:16:55.850356 node.go:52: do prepare
node-8 2022/01/05 23:16:55.851352 node.go:52: do pre-prepare
node-8 2022/01/05 23:16:55.851352 node.go:52: do commit
node-8 2022/01/05 23:16:55.851352 node.go:52: do commit
node-8 2022/01/05 23:16:55.851352 node.go:52: do prepare
node-8 2022/01/05 23:16:55.852350 node.go:52: do prepare
node-8 2022/01/05 23:16:55.852350 node.go:52: do prepare
node-8 2022/01/05 23:16:55.852350 node.go:52: do commit
node-8 2022/01/05 23:16:55.852350 node.go:52: do commit
node-8 2022/01/05 23:16:55.852350 node.go:52: do commit
node-8 2022/01/05 23:16:55.852350 node.go:52: do prepare
node-8 2022/01/05 23:16:55.853347 node.go:134: Committed value: node-5, 1641395809, Test, 1641395769305644940
node-8 2022/01/05 23:16:55.853347 node.go:134: Committed value: node-6, 1641395810, Test, 1641395769305644941
node-8 2022/01/05 23:16:55.853347 node.go:134: Committed value: node-1, 1641395811, Test, 1641395769305644942
node-8 2022/01/05 23:16:55.853347 node.go:134: Committed value: node-4, 1641395812, Test, 1641395769305644943
node-8 2022/01/05 23:16:55.853347 node.go:134: Committed value: node-3, 1641395813, Test, 1641395769305644944
node-8 2022/01/05 23:16:55.853347 node.go:134: Committed value: node-5, 1641395814, Test, 1641395769305644945
node-8 2022/01/05 23:16:55.853347 node.go:134: Committed value: node-1, 1641395815, Test, 1641395769305644946
node-8 2022/01/05 23:16:55.853347 node.go:136: 
node-8 2022/01/05 23:16:55.853347 node.go:140: Reply Finished!
node-8 2022/01/05 23:16:55.854344 node.go:52: do commit
node-8 2022/01/05 23:16:55.855344 node.go:52: do commit
node-8 2022/01/05 23:16:56.863475 node.go:52: do pre-prepare
node-8 2022/01/05 23:16:56.863475 node.go:52: do prepare
node-8 2022/01/05 23:16:56.863475 node.go:52: do prepare
node-8 2022/01/05 23:16:56.863475 node.go:52: do commit
node-8 2022/01/05 23:16:56.864471 node.go:52: do commit
node-8 2022/01/05 23:16:56.864471 node.go:52: do prepare
node-8 2022/01/05 23:16:56.864471 node.go:52: do prepare
node-8 2022/01/05 23:16:56.864471 node.go:52: do commit
node-8 2022/01/05 23:16:56.864471 node.go:52: do commit
node-8 2022/01/05 23:16:56.864471 node.go:52: do prepare
node-8 2022/01/05 23:16:56.865469 node.go:52: do prepare
node-8 2022/01/05 23:16:56.868255 node.go:52: do commit
node-8 2022/01/05 23:16:56.868255 node.go:134: Committed value: node-5, 1641395809, Test, 1641395769305644940
node-8 2022/01/05 23:16:56.868255 node.go:134: Committed value: node-6, 1641395810, Test, 1641395769305644941
node-8 2022/01/05 23:16:56.868255 node.go:134: Committed value: node-1, 1641395811, Test, 1641395769305644942
node-8 2022/01/05 23:16:56.868255 node.go:134: Committed value: node-4, 1641395812, Test, 1641395769305644943
node-8 2022/01/05 23:16:56.868255 node.go:134: Committed value: node-3, 1641395813, Test, 1641395769305644944
node-8 2022/01/05 23:16:56.868255 node.go:134: Committed value: node-5, 1641395814, Test, 1641395769305644945
node-8 2022/01/05 23:16:56.868255 node.go:134: Committed value: node-1, 1641395815, Test, 1641395769305644946
node-8 2022/01/05 23:16:56.868255 node.go:134: Committed value: node-1, 1641395816, Test, 1641395769305644947
node-8 2022/01/05 23:16:56.868255 node.go:136: 
node-8 2022/01/05 23:16:56.868255 node.go:52: do commit
node-8 2022/01/05 23:16:56.868255 node.go:140: Reply Finished!
node-8 2022/01/05 23:16:56.869255 node.go:52: do commit
node-8 2022/01/05 23:16:57.868663 node.go:52: do pre-prepare
node-8 2022/01/05 23:16:57.869656 node.go:52: do prepare
node-8 2022/01/05 23:16:57.869656 node.go:52: do prepare
node-8 2022/01/05 23:16:57.872651 node.go:52: do commit
node-8 2022/01/05 23:16:57.872651 node.go:52: do prepare
node-8 2022/01/05 23:16:57.872651 node.go:52: do prepare
node-8 2022/01/05 23:16:57.872651 node.go:52: do commit
node-8 2022/01/05 23:16:57.872651 node.go:52: do commit
node-8 2022/01/05 23:16:57.873645 node.go:52: do commit
node-8 2022/01/05 23:16:57.873645 node.go:52: do prepare
node-8 2022/01/05 23:16:57.873645 node.go:52: do prepare
node-8 2022/01/05 23:16:57.873645 node.go:52: do commit
node-8 2022/01/05 23:16:57.873645 node.go:134: Committed value: node-5, 1641395809, Test, 1641395769305644940
node-8 2022/01/05 23:16:57.873645 node.go:134: Committed value: node-6, 1641395810, Test, 1641395769305644941
node-8 2022/01/05 23:16:57.873645 node.go:134: Committed value: node-1, 1641395811, Test, 1641395769305644942
node-8 2022/01/05 23:16:57.873645 node.go:134: Committed value: node-4, 1641395812, Test, 1641395769305644943
node-8 2022/01/05 23:16:57.873645 node.go:134: Committed value: node-3, 1641395813, Test, 1641395769305644944
node-8 2022/01/05 23:16:57.873645 node.go:134: Committed value: node-5, 1641395814, Test, 1641395769305644945
node-8 2022/01/05 23:16:57.873645 node.go:134: Committed value: node-1, 1641395815, Test, 1641395769305644946
node-8 2022/01/05 23:16:57.873645 node.go:134: Committed value: node-1, 1641395816, Test, 1641395769305644947
node-8 2022/01/05 23:16:57.873645 node.go:134: Committed value: node-4, 1641395817, Test, 1641395769305644948
node-8 2022/01/05 23:16:57.873645 node.go:136: 
node-8 2022/01/05 23:16:57.873645 node.go:140: Reply Finished!
node-8 2022/01/05 23:16:57.873645 node.go:52: do commit
node-8 2022/01/05 23:16:57.875546 node.go:52: do commit
node-8 2022/01/05 23:16:58.884957 node.go:52: do pre-prepare
node-8 2022/01/05 23:16:58.884957 node.go:52: do prepare
node-8 2022/01/05 23:16:58.884957 node.go:52: do prepare
node-8 2022/01/05 23:16:58.884957 node.go:52: do prepare
node-8 2022/01/05 23:16:58.884957 node.go:52: do prepare
node-8 2022/01/05 23:16:58.885964 node.go:52: do commit
node-8 2022/01/05 23:16:58.885964 node.go:52: do commit
node-8 2022/01/05 23:16:58.885964 node.go:52: do commit
node-8 2022/01/05 23:16:58.887949 node.go:52: do prepare
node-8 2022/01/05 23:16:58.887949 node.go:52: do prepare
node-8 2022/01/05 23:16:58.888947 node.go:52: do commit
node-8 2022/01/05 23:16:58.888947 node.go:134: Committed value: node-5, 1641395809, Test, 1641395769305644940
node-8 2022/01/05 23:16:58.888947 node.go:134: Committed value: node-6, 1641395810, Test, 1641395769305644941
node-8 2022/01/05 23:16:58.888947 node.go:134: Committed value: node-1, 1641395811, Test, 1641395769305644942
node-8 2022/01/05 23:16:58.888947 node.go:134: Committed value: node-4, 1641395812, Test, 1641395769305644943
node-8 2022/01/05 23:16:58.888947 node.go:134: Committed value: node-3, 1641395813, Test, 1641395769305644944
node-8 2022/01/05 23:16:58.888947 node.go:134: Committed value: node-5, 1641395814, Test, 1641395769305644945
node-8 2022/01/05 23:16:58.888947 node.go:134: Committed value: node-1, 1641395815, Test, 1641395769305644946
node-8 2022/01/05 23:16:58.888947 node.go:134: Committed value: node-1, 1641395816, Test, 1641395769305644947
node-8 2022/01/05 23:16:58.888947 node.go:134: Committed value: node-4, 1641395817, Test, 1641395769305644948
node-8 2022/01/05 23:16:58.888947 node.go:134: Committed value: node-4, 1641395818, Test, 1641395769305644949
node-8 2022/01/05 23:16:58.888947 node.go:136: 
node-8 2022/01/05 23:16:58.888947 node.go:140: Reply Finished!
node-8 2022/01/05 23:16:58.888947 node.go:52: do commit
node-8 2022/01/05 23:16:58.888947 node.go:52: do commit
node-8 2022/01/05 23:16:58.890053 node.go:52: do commit
node-8 2022/01/05 23:16:59.894300 node.go:52: do add
node-8 2022/01/05 23:16:59.894300 node.go:582: f: 3 ; 2f: 6
node-8 2022/01/05 23:16:59.895297 node.go:52: do pre-prepare
node-8 2022/01/05 23:16:59.896294 node.go:52: do prepare
node-8 2022/01/05 23:16:59.896294 node.go:52: do prepare
node-8 2022/01/05 23:16:59.897290 node.go:52: do prepare
node-8 2022/01/05 23:16:59.897290 node.go:52: do prepare
node-8 2022/01/05 23:16:59.897290 node.go:52: do prepare
node-8 2022/01/05 23:16:59.898287 node.go:52: do prepare
node-8 2022/01/05 23:16:59.898287 node.go:52: do commit
node-8 2022/01/05 23:16:59.898287 node.go:52: do prepare
node-8 2022/01/05 23:16:59.898287 node.go:52: do commit
node-8 2022/01/05 23:16:59.899285 node.go:52: do commit
node-8 2022/01/05 23:16:59.899285 node.go:52: do commit
node-8 2022/01/05 23:16:59.899285 node.go:52: do commit
node-8 2022/01/05 23:16:59.899285 node.go:134: Committed value: node-5, 1641395809, Test, 1641395769305644940
node-8 2022/01/05 23:16:59.899285 node.go:134: Committed value: node-6, 1641395810, Test, 1641395769305644941
node-8 2022/01/05 23:16:59.899285 node.go:134: Committed value: node-1, 1641395811, Test, 1641395769305644942
node-8 2022/01/05 23:16:59.899285 node.go:134: Committed value: node-4, 1641395812, Test, 1641395769305644943
node-8 2022/01/05 23:16:59.899285 node.go:134: Committed value: node-3, 1641395813, Test, 1641395769305644944
node-8 2022/01/05 23:16:59.899285 node.go:134: Committed value: node-5, 1641395814, Test, 1641395769305644945
node-8 2022/01/05 23:16:59.899285 node.go:134: Committed value: node-1, 1641395815, Test, 1641395769305644946
node-8 2022/01/05 23:16:59.899285 node.go:134: Committed value: node-1, 1641395816, Test, 1641395769305644947
node-8 2022/01/05 23:16:59.899285 node.go:134: Committed value: node-4, 1641395817, Test, 1641395769305644948
node-8 2022/01/05 23:16:59.899285 node.go:134: Committed value: node-4, 1641395818, Test, 1641395769305644949
node-8 2022/01/05 23:16:59.899285 node.go:134: Committed value: node-4, 1641395819, Test, 1641395769305644950
node-8 2022/01/05 23:16:59.899285 node.go:136: 
node-8 2022/01/05 23:16:59.899285 node.go:140: Reply Finished!
node-8 2022/01/05 23:16:59.899285 node.go:52: do commit
node-8 2022/01/05 23:16:59.900282 node.go:52: do commit
node-8 2022/01/05 23:16:59.900282 node.go:52: do commit
node-8 2022/01/05 23:17:00.909552 node.go:52: do prepare
node-8 2022/01/05 23:17:00.910549 node.go:52: do prepare
node-8 2022/01/05 23:17:00.910549 node.go:52: do pre-prepare
node-8 2022/01/05 23:17:00.910549 node.go:52: do commit
node-8 2022/01/05 23:17:00.911545 node.go:52: do prepare
node-8 2022/01/05 23:17:00.912545 node.go:52: do commit
node-8 2022/01/05 23:17:00.912545 node.go:52: do prepare
node-8 2022/01/05 23:17:00.912545 node.go:52: do prepare
node-8 2022/01/05 23:17:00.912545 node.go:52: do commit
node-8 2022/01/05 23:17:00.913687 node.go:52: do commit
node-8 2022/01/05 23:17:00.914687 node.go:52: do prepare
node-8 2022/01/05 23:17:00.915684 node.go:52: do commit
node-8 2022/01/05 23:17:00.916684 node.go:52: do prepare
node-8 2022/01/05 23:17:00.916684 node.go:52: do commit
node-8 2022/01/05 23:17:00.916684 node.go:52: do commit
node-8 2022/01/05 23:17:00.916684 node.go:134: Committed value: node-5, 1641395809, Test, 1641395769305644940
node-8 2022/01/05 23:17:00.917679 node.go:134: Committed value: node-6, 1641395810, Test, 1641395769305644941
node-8 2022/01/05 23:17:00.917679 node.go:134: Committed value: node-1, 1641395811, Test, 1641395769305644942
node-8 2022/01/05 23:17:00.917679 node.go:134: Committed value: node-4, 1641395812, Test, 1641395769305644943
node-8 2022/01/05 23:17:00.917679 node.go:134: Committed value: node-3, 1641395813, Test, 1641395769305644944
node-8 2022/01/05 23:17:00.917679 node.go:134: Committed value: node-5, 1641395814, Test, 1641395769305644945
node-8 2022/01/05 23:17:00.917679 node.go:134: Committed value: node-1, 1641395815, Test, 1641395769305644946
node-8 2022/01/05 23:17:00.917679 node.go:134: Committed value: node-1, 1641395816, Test, 1641395769305644947
node-8 2022/01/05 23:17:00.917679 node.go:134: Committed value: node-4, 1641395817, Test, 1641395769305644948
node-8 2022/01/05 23:17:00.917679 node.go:134: Committed value: node-4, 1641395818, Test, 1641395769305644949
node-8 2022/01/05 23:17:00.917679 node.go:134: Committed value: node-4, 1641395819, Test, 1641395769305644950
node-8 2022/01/05 23:17:00.917679 node.go:134: Committed value: node-2, 1641395820, Test, 1641395769305644951
node-8 2022/01/05 23:17:00.917679 node.go:136: 
node-8 2022/01/05 23:17:00.917679 node.go:140: Reply Finished!
node-8 2022/01/05 23:17:00.917679 node.go:52: do commit
node-8 2022/01/05 23:17:01.918123 node.go:52: do pre-prepare
node-8 2022/01/05 23:17:01.920021 node.go:52: do prepare
node-8 2022/01/05 23:17:01.920021 node.go:52: do prepare
node-8 2022/01/05 23:17:01.922014 node.go:52: do prepare
node-8 2022/01/05 23:17:01.923297 node.go:52: do prepare
node-8 2022/01/05 23:17:01.923297 node.go:52: do prepare
node-8 2022/01/05 23:17:01.923297 node.go:52: do commit
node-8 2022/01/05 23:17:01.924296 node.go:52: do commit
node-8 2022/01/05 23:17:01.924296 node.go:52: do commit
node-8 2022/01/05 23:17:01.925294 node.go:52: do prepare
node-8 2022/01/05 23:17:01.925294 node.go:52: do commit
node-8 2022/01/05 23:17:01.925294 node.go:52: do commit
node-8 2022/01/05 23:17:01.925294 node.go:52: do commit
node-8 2022/01/05 23:17:01.925294 node.go:134: Committed value: node-5, 1641395809, Test, 1641395769305644940
node-8 2022/01/05 23:17:01.925294 node.go:134: Committed value: node-6, 1641395810, Test, 1641395769305644941
node-8 2022/01/05 23:17:01.925294 node.go:134: Committed value: node-1, 1641395811, Test, 1641395769305644942
node-8 2022/01/05 23:17:01.925294 node.go:134: Committed value: node-4, 1641395812, Test, 1641395769305644943
node-8 2022/01/05 23:17:01.925294 node.go:134: Committed value: node-3, 1641395813, Test, 1641395769305644944
node-8 2022/01/05 23:17:01.925294 node.go:134: Committed value: node-5, 1641395814, Test, 1641395769305644945
node-8 2022/01/05 23:17:01.925294 node.go:134: Committed value: node-1, 1641395815, Test, 1641395769305644946
node-8 2022/01/05 23:17:01.925294 node.go:134: Committed value: node-1, 1641395816, Test, 1641395769305644947
node-8 2022/01/05 23:17:01.925294 node.go:134: Committed value: node-4, 1641395817, Test, 1641395769305644948
node-8 2022/01/05 23:17:01.925294 node.go:134: Committed value: node-4, 1641395818, Test, 1641395769305644949
node-8 2022/01/05 23:17:01.925294 node.go:134: Committed value: node-4, 1641395819, Test, 1641395769305644950
node-8 2022/01/05 23:17:01.925294 node.go:134: Committed value: node-2, 1641395820, Test, 1641395769305644951
node-8 2022/01/05 23:17:01.925294 node.go:134: Committed value: node-4, 1641395821, Test, 1641395769305644952
node-8 2022/01/05 23:17:01.925294 node.go:136: 
node-8 2022/01/05 23:17:01.925294 node.go:140: Reply Finished!
node-8 2022/01/05 23:17:01.925294 node.go:52: do prepare
node-8 2022/01/05 23:17:01.926290 node.go:52: do commit
node-8 2022/01/05 23:17:01.926290 node.go:52: do commit
node-8 2022/01/05 23:17:02.928968 node.go:52: do pre-prepare
node-8 2022/01/05 23:17:02.929964 node.go:52: do prepare
node-8 2022/01/05 23:17:02.929964 node.go:52: do prepare
node-8 2022/01/05 23:17:02.929964 node.go:52: do prepare
node-8 2022/01/05 23:17:02.929964 node.go:52: do commit
node-8 2022/01/05 23:17:02.929964 node.go:52: do prepare
node-8 2022/01/05 23:17:02.930961 node.go:52: do prepare
node-8 2022/01/05 23:17:02.932957 node.go:52: do prepare
node-8 2022/01/05 23:17:02.932957 node.go:52: do commit
node-8 2022/01/05 23:17:02.934950 node.go:52: do commit
node-8 2022/01/05 23:17:02.934950 node.go:52: do prepare
node-8 2022/01/05 23:17:02.934950 node.go:52: do commit
node-8 2022/01/05 23:17:02.934950 node.go:52: do commit
node-8 2022/01/05 23:17:02.935923 node.go:52: do commit
node-8 2022/01/05 23:17:02.936322 node.go:134: Committed value: node-5, 1641395809, Test, 1641395769305644940
node-8 2022/01/05 23:17:02.936322 node.go:134: Committed value: node-6, 1641395810, Test, 1641395769305644941
node-8 2022/01/05 23:17:02.936322 node.go:134: Committed value: node-1, 1641395811, Test, 1641395769305644942
node-8 2022/01/05 23:17:02.936322 node.go:134: Committed value: node-4, 1641395812, Test, 1641395769305644943
node-8 2022/01/05 23:17:02.936322 node.go:134: Committed value: node-3, 1641395813, Test, 1641395769305644944
node-8 2022/01/05 23:17:02.936322 node.go:134: Committed value: node-5, 1641395814, Test, 1641395769305644945
node-8 2022/01/05 23:17:02.936322 node.go:134: Committed value: node-1, 1641395815, Test, 1641395769305644946
node-8 2022/01/05 23:17:02.936322 node.go:134: Committed value: node-1, 1641395816, Test, 1641395769305644947
node-8 2022/01/05 23:17:02.936832 node.go:134: Committed value: node-4, 1641395817, Test, 1641395769305644948
node-8 2022/01/05 23:17:02.936832 node.go:134: Committed value: node-4, 1641395818, Test, 1641395769305644949
node-8 2022/01/05 23:17:02.936832 node.go:134: Committed value: node-4, 1641395819, Test, 1641395769305644950
node-8 2022/01/05 23:17:02.936832 node.go:134: Committed value: node-2, 1641395820, Test, 1641395769305644951
node-8 2022/01/05 23:17:02.936832 node.go:134: Committed value: node-4, 1641395821, Test, 1641395769305644952
node-8 2022/01/05 23:17:02.936832 node.go:134: Committed value: node-3, 1641395822, Test, 1641395769305644953
node-8 2022/01/05 23:17:02.936832 node.go:136: 
node-8 2022/01/05 23:17:02.936832 node.go:140: Reply Finished!
node-8 2022/01/05 23:17:02.936832 node.go:52: do commit
node-8 2022/01/05 23:17:02.937832 node.go:52: do commit
node-8 2022/01/05 23:17:03.947462 node.go:52: do prepare
node-8 2022/01/05 23:17:03.947462 node.go:52: do prepare
node-8 2022/01/05 23:17:03.947462 node.go:52: do prepare
node-8 2022/01/05 23:17:03.947462 node.go:52: do prepare
node-8 2022/01/05 23:17:03.947462 node.go:52: do prepare
node-8 2022/01/05 23:17:03.948459 node.go:52: do pre-prepare
node-8 2022/01/05 23:17:03.948459 node.go:52: do prepare
node-8 2022/01/05 23:17:03.948459 node.go:52: do commit
node-8 2022/01/05 23:17:03.950552 node.go:52: do commit
node-8 2022/01/05 23:17:03.951552 node.go:52: do commit
node-8 2022/01/05 23:17:03.951552 node.go:52: do prepare
node-8 2022/01/05 23:17:03.951552 node.go:52: do commit
node-8 2022/01/05 23:17:03.951552 node.go:134: Committed value: node-5, 1641395809, Test, 1641395769305644940
node-8 2022/01/05 23:17:03.951552 node.go:134: Committed value: node-6, 1641395810, Test, 1641395769305644941
node-8 2022/01/05 23:17:03.951552 node.go:134: Committed value: node-1, 1641395811, Test, 1641395769305644942
node-8 2022/01/05 23:17:03.951552 node.go:134: Committed value: node-4, 1641395812, Test, 1641395769305644943
node-8 2022/01/05 23:17:03.951552 node.go:134: Committed value: node-3, 1641395813, Test, 1641395769305644944
node-8 2022/01/05 23:17:03.951552 node.go:134: Committed value: node-5, 1641395814, Test, 1641395769305644945
node-8 2022/01/05 23:17:03.951552 node.go:134: Committed value: node-1, 1641395815, Test, 1641395769305644946
node-8 2022/01/05 23:17:03.951552 node.go:134: Committed value: node-1, 1641395816, Test, 1641395769305644947
node-8 2022/01/05 23:17:03.951552 node.go:134: Committed value: node-4, 1641395817, Test, 1641395769305644948
node-8 2022/01/05 23:17:03.951552 node.go:134: Committed value: node-4, 1641395818, Test, 1641395769305644949
node-8 2022/01/05 23:17:03.951552 node.go:134: Committed value: node-4, 1641395819, Test, 1641395769305644950
node-8 2022/01/05 23:17:03.951552 node.go:134: Committed value: node-2, 1641395820, Test, 1641395769305644951
node-8 2022/01/05 23:17:03.951552 node.go:134: Committed value: node-4, 1641395821, Test, 1641395769305644952
node-8 2022/01/05 23:17:03.951552 node.go:134: Committed value: node-3, 1641395822, Test, 1641395769305644953
node-8 2022/01/05 23:17:03.951552 node.go:134: Committed value: node-7, 1641395823, Test, 1641395769305644954
node-8 2022/01/05 23:17:03.951552 node.go:136: 
node-8 2022/01/05 23:17:03.951552 node.go:140: Reply Finished!
node-8 2022/01/05 23:17:03.951552 node.go:52: do commit
node-8 2022/01/05 23:17:03.952549 node.go:52: do commit
node-8 2022/01/05 23:17:03.952549 node.go:52: do commit
node-8 2022/01/05 23:17:03.954486 node.go:52: do commit
node-8 2022/01/05 23:17:04.954797 node.go:52: do pre-prepare
node-8 2022/01/05 23:17:04.955792 node.go:52: do prepare
node-8 2022/01/05 23:17:04.955792 node.go:52: do prepare
node-8 2022/01/05 23:17:04.955792 node.go:52: do prepare
node-8 2022/01/05 23:17:04.956788 node.go:52: do commit
node-8 2022/01/05 23:17:04.956788 node.go:52: do prepare
node-8 2022/01/05 23:17:04.957788 node.go:52: do commit
node-8 2022/01/05 23:17:04.957788 node.go:52: do commit
node-8 2022/01/05 23:17:04.957788 node.go:52: do prepare
node-8 2022/01/05 23:17:04.958791 node.go:52: do prepare
node-8 2022/01/05 23:17:04.958791 node.go:52: do prepare
node-8 2022/01/05 23:17:04.959780 node.go:52: do commit
node-8 2022/01/05 23:17:04.959780 node.go:52: do commit
node-8 2022/01/05 23:17:04.959780 node.go:52: do commit
node-8 2022/01/05 23:17:04.959780 node.go:134: Committed value: node-5, 1641395809, Test, 1641395769305644940
node-8 2022/01/05 23:17:04.959780 node.go:134: Committed value: node-6, 1641395810, Test, 1641395769305644941
node-8 2022/01/05 23:17:04.959780 node.go:134: Committed value: node-1, 1641395811, Test, 1641395769305644942
node-8 2022/01/05 23:17:04.959780 node.go:134: Committed value: node-4, 1641395812, Test, 1641395769305644943
node-8 2022/01/05 23:17:04.959780 node.go:134: Committed value: node-3, 1641395813, Test, 1641395769305644944
node-8 2022/01/05 23:17:04.959780 node.go:134: Committed value: node-5, 1641395814, Test, 1641395769305644945
node-8 2022/01/05 23:17:04.959780 node.go:134: Committed value: node-1, 1641395815, Test, 1641395769305644946
node-8 2022/01/05 23:17:04.959780 node.go:134: Committed value: node-1, 1641395816, Test, 1641395769305644947
node-8 2022/01/05 23:17:04.959780 node.go:134: Committed value: node-4, 1641395817, Test, 1641395769305644948
node-8 2022/01/05 23:17:04.959780 node.go:134: Committed value: node-4, 1641395818, Test, 1641395769305644949
node-8 2022/01/05 23:17:04.959780 node.go:134: Committed value: node-4, 1641395819, Test, 1641395769305644950
node-8 2022/01/05 23:17:04.959780 node.go:134: Committed value: node-2, 1641395820, Test, 1641395769305644951
node-8 2022/01/05 23:17:04.959780 node.go:134: Committed value: node-4, 1641395821, Test, 1641395769305644952
node-8 2022/01/05 23:17:04.959780 node.go:134: Committed value: node-3, 1641395822, Test, 1641395769305644953
node-8 2022/01/05 23:17:04.959780 node.go:134: Committed value: node-7, 1641395823, Test, 1641395769305644954
node-8 2022/01/05 23:17:04.959780 node.go:134: Committed value: node-1, 1641395824, Test, 1641395769305644955
node-8 2022/01/05 23:17:04.959780 node.go:136: 
node-8 2022/01/05 23:17:04.959780 node.go:140: Reply Finished!
node-8 2022/01/05 23:17:04.960779 node.go:52: do commit
node-8 2022/01/05 23:17:04.963763 node.go:52: do commit
node-8 2022/01/05 23:17:05.968081 node.go:52: do pre-prepare
node-8 2022/01/05 23:17:05.969079 node.go:52: do prepare
node-8 2022/01/05 23:17:05.969079 node.go:52: do prepare
node-8 2022/01/05 23:17:05.970076 node.go:52: do commit
node-8 2022/01/05 23:17:05.970076 node.go:52: do prepare
node-8 2022/01/05 23:17:05.970076 node.go:52: do prepare
node-8 2022/01/05 23:17:05.971073 node.go:52: do prepare
node-8 2022/01/05 23:17:05.971073 node.go:52: do commit
node-8 2022/01/05 23:17:05.971073 node.go:52: do commit
node-8 2022/01/05 23:17:05.971073 node.go:52: do commit
node-8 2022/01/05 23:17:05.971073 node.go:52: do prepare
node-8 2022/01/05 23:17:05.973116 node.go:52: do commit
node-8 2022/01/05 23:17:05.973116 node.go:52: do commit
node-8 2022/01/05 23:17:05.973116 node.go:134: Committed value: node-5, 1641395809, Test, 1641395769305644940
node-8 2022/01/05 23:17:05.973116 node.go:134: Committed value: node-6, 1641395810, Test, 1641395769305644941
node-8 2022/01/05 23:17:05.973116 node.go:134: Committed value: node-1, 1641395811, Test, 1641395769305644942
node-8 2022/01/05 23:17:05.973116 node.go:134: Committed value: node-4, 1641395812, Test, 1641395769305644943
node-8 2022/01/05 23:17:05.973116 node.go:134: Committed value: node-3, 1641395813, Test, 1641395769305644944
node-8 2022/01/05 23:17:05.973116 node.go:134: Committed value: node-5, 1641395814, Test, 1641395769305644945
node-8 2022/01/05 23:17:05.973116 node.go:134: Committed value: node-1, 1641395815, Test, 1641395769305644946
node-8 2022/01/05 23:17:05.973116 node.go:134: Committed value: node-1, 1641395816, Test, 1641395769305644947
node-8 2022/01/05 23:17:05.973116 node.go:134: Committed value: node-4, 1641395817, Test, 1641395769305644948
node-8 2022/01/05 23:17:05.973116 node.go:134: Committed value: node-4, 1641395818, Test, 1641395769305644949
node-8 2022/01/05 23:17:05.973116 node.go:134: Committed value: node-4, 1641395819, Test, 1641395769305644950
node-8 2022/01/05 23:17:05.973116 node.go:134: Committed value: node-2, 1641395820, Test, 1641395769305644951
node-8 2022/01/05 23:17:05.973116 node.go:134: Committed value: node-4, 1641395821, Test, 1641395769305644952
node-8 2022/01/05 23:17:05.973116 node.go:134: Committed value: node-3, 1641395822, Test, 1641395769305644953
node-8 2022/01/05 23:17:05.973116 node.go:134: Committed value: node-7, 1641395823, Test, 1641395769305644954
node-8 2022/01/05 23:17:05.973116 node.go:134: Committed value: node-1, 1641395824, Test, 1641395769305644955
node-8 2022/01/05 23:17:05.973116 node.go:134: Committed value: node-4, 1641395825, Test, 1641395769305644956
node-8 2022/01/05 23:17:05.973116 node.go:136: 
node-8 2022/01/05 23:17:05.973116 node.go:140: Reply Finished!
node-8 2022/01/05 23:17:05.974115 node.go:52: do prepare
node-8 2022/01/05 23:17:05.974115 node.go:52: do commit
node-8 2022/01/05 23:17:05.976238 node.go:52: do commit
node-8 2022/01/05 23:17:06.977729 node.go:52: do pre-prepare
node-8 2022/01/05 23:17:06.979726 node.go:52: do prepare
node-8 2022/01/05 23:17:06.979726 node.go:52: do prepare
node-8 2022/01/05 23:17:06.979726 node.go:52: do prepare
node-8 2022/01/05 23:17:06.979726 node.go:52: do commit
node-8 2022/01/05 23:17:06.980724 node.go:52: do prepare
node-8 2022/01/05 23:17:06.982718 node.go:52: do commit
node-8 2022/01/05 23:17:06.982718 node.go:52: do prepare
node-8 2022/01/05 23:17:06.982718 node.go:52: do prepare
node-8 2022/01/05 23:17:06.982718 node.go:52: do prepare
node-8 2022/01/05 23:17:06.983716 node.go:52: do commit
node-8 2022/01/05 23:17:06.983716 node.go:52: do commit
node-8 2022/01/05 23:17:06.985380 node.go:52: do commit
node-8 2022/01/05 23:17:06.985380 node.go:134: Committed value: node-5, 1641395809, Test, 1641395769305644940
node-8 2022/01/05 23:17:06.985380 node.go:134: Committed value: node-6, 1641395810, Test, 1641395769305644941
node-8 2022/01/05 23:17:06.985380 node.go:134: Committed value: node-1, 1641395811, Test, 1641395769305644942
node-8 2022/01/05 23:17:06.985380 node.go:134: Committed value: node-4, 1641395812, Test, 1641395769305644943
node-8 2022/01/05 23:17:06.985380 node.go:134: Committed value: node-3, 1641395813, Test, 1641395769305644944
node-8 2022/01/05 23:17:06.985380 node.go:134: Committed value: node-5, 1641395814, Test, 1641395769305644945
node-8 2022/01/05 23:17:06.985380 node.go:134: Committed value: node-1, 1641395815, Test, 1641395769305644946
node-8 2022/01/05 23:17:06.985380 node.go:134: Committed value: node-1, 1641395816, Test, 1641395769305644947
node-8 2022/01/05 23:17:06.985380 node.go:134: Committed value: node-4, 1641395817, Test, 1641395769305644948
node-8 2022/01/05 23:17:06.985380 node.go:134: Committed value: node-4, 1641395818, Test, 1641395769305644949
node-8 2022/01/05 23:17:06.985380 node.go:134: Committed value: node-4, 1641395819, Test, 1641395769305644950
node-8 2022/01/05 23:17:06.985380 node.go:134: Committed value: node-2, 1641395820, Test, 1641395769305644951
node-8 2022/01/05 23:17:06.985380 node.go:134: Committed value: node-4, 1641395821, Test, 1641395769305644952
node-8 2022/01/05 23:17:06.985380 node.go:134: Committed value: node-3, 1641395822, Test, 1641395769305644953
node-8 2022/01/05 23:17:06.985380 node.go:134: Committed value: node-7, 1641395823, Test, 1641395769305644954
node-8 2022/01/05 23:17:06.985380 node.go:134: Committed value: node-1, 1641395824, Test, 1641395769305644955
node-8 2022/01/05 23:17:06.985380 node.go:134: Committed value: node-4, 1641395825, Test, 1641395769305644956
node-8 2022/01/05 23:17:06.985380 node.go:134: Committed value: node-2, 1641395826, Test, 1641395769305644957
node-8 2022/01/05 23:17:06.985380 node.go:136: 
node-8 2022/01/05 23:17:06.985380 node.go:140: Reply Finished!
node-8 2022/01/05 23:17:06.986379 node.go:52: do commit
node-8 2022/01/05 23:17:06.986379 node.go:52: do commit
node-8 2022/01/05 23:17:06.987377 node.go:52: do commit
node-8 2022/01/05 23:17:07.988353 node.go:52: do pre-prepare
node-8 2022/01/05 23:17:07.990350 node.go:52: do prepare
node-8 2022/01/05 23:17:07.990350 node.go:52: do prepare
node-8 2022/01/05 23:17:07.991347 node.go:52: do prepare
node-8 2022/01/05 23:17:07.991347 node.go:52: do prepare
node-8 2022/01/05 23:17:07.991347 node.go:52: do prepare
node-8 2022/01/05 23:17:07.991347 node.go:52: do prepare
node-8 2022/01/05 23:17:07.993406 node.go:52: do commit
node-8 2022/01/05 23:17:07.993406 node.go:52: do commit
node-8 2022/01/05 23:17:07.993406 node.go:52: do prepare
node-8 2022/01/05 23:17:07.994339 node.go:52: do commit
node-8 2022/01/05 23:17:07.996335 node.go:52: do commit
node-8 2022/01/05 23:17:07.996335 node.go:134: Committed value: node-5, 1641395809, Test, 1641395769305644940
node-8 2022/01/05 23:17:07.996335 node.go:134: Committed value: node-6, 1641395810, Test, 1641395769305644941
node-8 2022/01/05 23:17:07.996335 node.go:134: Committed value: node-1, 1641395811, Test, 1641395769305644942
node-8 2022/01/05 23:17:07.996335 node.go:134: Committed value: node-4, 1641395812, Test, 1641395769305644943
node-8 2022/01/05 23:17:07.996335 node.go:134: Committed value: node-3, 1641395813, Test, 1641395769305644944
node-8 2022/01/05 23:17:07.996335 node.go:134: Committed value: node-5, 1641395814, Test, 1641395769305644945
node-8 2022/01/05 23:17:07.996335 node.go:134: Committed value: node-1, 1641395815, Test, 1641395769305644946
node-8 2022/01/05 23:17:07.996335 node.go:134: Committed value: node-1, 1641395816, Test, 1641395769305644947
node-8 2022/01/05 23:17:07.996335 node.go:134: Committed value: node-4, 1641395817, Test, 1641395769305644948
node-8 2022/01/05 23:17:07.996335 node.go:134: Committed value: node-4, 1641395818, Test, 1641395769305644949
node-8 2022/01/05 23:17:07.996335 node.go:134: Committed value: node-4, 1641395819, Test, 1641395769305644950
node-8 2022/01/05 23:17:07.996335 node.go:134: Committed value: node-2, 1641395820, Test, 1641395769305644951
node-8 2022/01/05 23:17:07.996335 node.go:134: Committed value: node-4, 1641395821, Test, 1641395769305644952
node-8 2022/01/05 23:17:07.996335 node.go:134: Committed value: node-3, 1641395822, Test, 1641395769305644953
node-8 2022/01/05 23:17:07.996335 node.go:134: Committed value: node-7, 1641395823, Test, 1641395769305644954
node-8 2022/01/05 23:17:07.996335 node.go:134: Committed value: node-1, 1641395824, Test, 1641395769305644955
node-8 2022/01/05 23:17:07.996335 node.go:134: Committed value: node-4, 1641395825, Test, 1641395769305644956
node-8 2022/01/05 23:17:07.996335 node.go:134: Committed value: node-2, 1641395826, Test, 1641395769305644957
node-8 2022/01/05 23:17:07.996335 node.go:134: Committed value: node-5, 1641395827, Test, 1641395769305644958
node-8 2022/01/05 23:17:07.996335 node.go:136: 
node-8 2022/01/05 23:17:07.996335 node.go:140: Reply Finished!
node-8 2022/01/05 23:17:07.997332 node.go:52: do commit
node-8 2022/01/05 23:17:07.997332 node.go:52: do commit
node-8 2022/01/05 23:17:07.997332 node.go:52: do commit
node-8 2022/01/05 23:17:07.998329 node.go:52: do commit
node-8 2022/01/05 23:17:09.011024 node.go:52: do client
node-8 2022/01/05 23:17:09.011024 node.go:111: Start request as Client, time: 1641395829011024
node-8 2022/01/05 23:17:09.011024 node.go:52: do pre-prepare
node-8 2022/01/05 23:17:09.013038 node.go:52: do prepare
node-8 2022/01/05 23:17:09.013038 node.go:52: do prepare
node-8 2022/01/05 23:17:09.013038 node.go:52: do prepare
node-8 2022/01/05 23:17:09.015021 node.go:52: do prepare
node-8 2022/01/05 23:17:09.015021 node.go:52: do prepare
node-8 2022/01/05 23:17:09.015021 node.go:52: do prepare
node-8 2022/01/05 23:17:09.015021 node.go:52: do commit
node-8 2022/01/05 23:17:09.016032 node.go:52: do commit
node-8 2022/01/05 23:17:09.017017 node.go:52: do commit
node-8 2022/01/05 23:17:09.017017 node.go:52: do reply
node-8 2022/01/05 23:17:09.017017 node.go:123: Result: Executed by node-3
node-8 2022/01/05 23:17:09.017017 node.go:52: do prepare
node-8 2022/01/05 23:17:09.017017 node.go:52: do commit
node-8 2022/01/05 23:17:09.018400 node.go:134: Committed value: node-5, 1641395809, Test, 1641395769305644940
node-8 2022/01/05 23:17:09.018400 node.go:134: Committed value: node-6, 1641395810, Test, 1641395769305644941
node-8 2022/01/05 23:17:09.018400 node.go:134: Committed value: node-1, 1641395811, Test, 1641395769305644942
node-8 2022/01/05 23:17:09.018400 node.go:134: Committed value: node-4, 1641395812, Test, 1641395769305644943
node-8 2022/01/05 23:17:09.018400 node.go:134: Committed value: node-3, 1641395813, Test, 1641395769305644944
node-8 2022/01/05 23:17:09.018400 node.go:134: Committed value: node-5, 1641395814, Test, 1641395769305644945
node-8 2022/01/05 23:17:09.018400 node.go:134: Committed value: node-1, 1641395815, Test, 1641395769305644946
node-8 2022/01/05 23:17:09.018400 node.go:134: Committed value: node-1, 1641395816, Test, 1641395769305644947
node-8 2022/01/05 23:17:09.018400 node.go:134: Committed value: node-4, 1641395817, Test, 1641395769305644948
node-8 2022/01/05 23:17:09.018400 node.go:134: Committed value: node-4, 1641395818, Test, 1641395769305644949
node-8 2022/01/05 23:17:09.018400 node.go:134: Committed value: node-4, 1641395819, Test, 1641395769305644950
node-8 2022/01/05 23:17:09.018400 node.go:134: Committed value: node-2, 1641395820, Test, 1641395769305644951
node-8 2022/01/05 23:17:09.018400 node.go:134: Committed value: node-4, 1641395821, Test, 1641395769305644952
node-8 2022/01/05 23:17:09.018400 node.go:134: Committed value: node-3, 1641395822, Test, 1641395769305644953
node-8 2022/01/05 23:17:09.018400 node.go:134: Committed value: node-7, 1641395823, Test, 1641395769305644954
node-8 2022/01/05 23:17:09.018400 node.go:134: Committed value: node-1, 1641395824, Test, 1641395769305644955
node-8 2022/01/05 23:17:09.018400 node.go:134: Committed value: node-4, 1641395825, Test, 1641395769305644956
node-8 2022/01/05 23:17:09.018400 node.go:134: Committed value: node-2, 1641395826, Test, 1641395769305644957
node-8 2022/01/05 23:17:09.018400 node.go:134: Committed value: node-5, 1641395827, Test, 1641395769305644958
node-8 2022/01/05 23:17:09.018400 node.go:52: do reply
node-8 2022/01/05 23:17:09.018400 node.go:134: Committed value: node-8, 1641395829, Test, 1641395769305644959
node-8 2022/01/05 23:17:09.018400 node.go:136: 
node-8 2022/01/05 23:17:09.018400 node.go:140: Reply Finished!
node-8 2022/01/05 23:17:09.018400 node.go:123: Result: Executed by node-1
node-8 2022/01/05 23:17:09.018400 node.go:52: do reply
node-8 2022/01/05 23:17:09.018400 node.go:123: Result: Executed by node-2
node-8 2022/01/05 23:17:09.019386 node.go:52: do commit
node-8 2022/01/05 23:17:09.019386 node.go:52: do reply
node-8 2022/01/05 23:17:09.019386 node.go:123: Result: Executed by node-7
node-8 2022/01/05 23:17:09.019386 node.go:116: Request Finished! Delay: 8362
node-8 2022/01/05 23:17:09.019386 node.go:117: 1641395829011024 1641395829019386
node-8 2022/01/05 23:17:09.020392 node.go:52: do reply
node-8 2022/01/05 23:17:09.020392 node.go:123: Result: Executed by node-4
node-8 2022/01/05 23:17:09.020392 node.go:52: do commit
node-8 2022/01/05 23:17:09.020392 node.go:52: do reply
node-8 2022/01/05 23:17:09.020392 node.go:123: Result: Executed by node-9
node-8 2022/01/05 23:17:09.020392 node.go:52: do commit
node-8 2022/01/05 23:17:09.020392 node.go:52: do reply
node-8 2022/01/05 23:17:09.020392 node.go:123: Result: Executed by node-6
node-8 2022/01/05 23:17:09.020392 node.go:52: do commit
node-8 2022/01/05 23:17:09.020392 node.go:52: do reply
node-8 2022/01/05 23:17:09.020392 node.go:123: Result: Executed by node-5
node-8 2022/01/05 23:17:09.021383 node.go:52: do reply
node-8 2022/01/05 23:17:09.021383 node.go:123: Result: Executed by node-8
node-8 2022/01/05 23:17:10.026948 node.go:52: do add
node-8 2022/01/05 23:17:10.026948 node.go:582: f: 3 ; 2f: 6
node-8 2022/01/05 23:17:10.027073 node.go:52: do client
node-8 2022/01/05 23:17:10.027073 node.go:111: Start request as Client, time: 1641395830027073
node-8 2022/01/05 23:17:10.028076 node.go:52: do prepare
node-8 2022/01/05 23:17:10.029069 node.go:52: do prepare
node-8 2022/01/05 23:17:10.029069 node.go:52: do prepare
node-8 2022/01/05 23:17:10.029069 node.go:52: do pre-prepare
node-8 2022/01/05 23:17:10.030069 node.go:52: do prepare
node-8 2022/01/05 23:17:10.031067 node.go:52: do commit
node-8 2022/01/05 23:17:10.031067 node.go:52: do commit
node-8 2022/01/05 23:17:10.031067 node.go:52: do prepare
node-8 2022/01/05 23:17:10.032061 node.go:52: do prepare
node-8 2022/01/05 23:17:10.032061 node.go:52: do commit
node-8 2022/01/05 23:17:10.032061 node.go:134: Committed value: node-5, 1641395809, Test, 1641395769305644940
node-8 2022/01/05 23:17:10.032061 node.go:134: Committed value: node-6, 1641395810, Test, 1641395769305644941
node-8 2022/01/05 23:17:10.032061 node.go:134: Committed value: node-1, 1641395811, Test, 1641395769305644942
node-8 2022/01/05 23:17:10.032061 node.go:134: Committed value: node-4, 1641395812, Test, 1641395769305644943
node-8 2022/01/05 23:17:10.032061 node.go:134: Committed value: node-3, 1641395813, Test, 1641395769305644944
node-8 2022/01/05 23:17:10.032061 node.go:134: Committed value: node-5, 1641395814, Test, 1641395769305644945
node-8 2022/01/05 23:17:10.032061 node.go:134: Committed value: node-1, 1641395815, Test, 1641395769305644946
node-8 2022/01/05 23:17:10.032061 node.go:134: Committed value: node-1, 1641395816, Test, 1641395769305644947
node-8 2022/01/05 23:17:10.032061 node.go:134: Committed value: node-4, 1641395817, Test, 1641395769305644948
node-8 2022/01/05 23:17:10.032061 node.go:134: Committed value: node-4, 1641395818, Test, 1641395769305644949
node-8 2022/01/05 23:17:10.032061 node.go:134: Committed value: node-4, 1641395819, Test, 1641395769305644950
node-8 2022/01/05 23:17:10.032061 node.go:134: Committed value: node-2, 1641395820, Test, 1641395769305644951
node-8 2022/01/05 23:17:10.032061 node.go:134: Committed value: node-4, 1641395821, Test, 1641395769305644952
node-8 2022/01/05 23:17:10.032061 node.go:134: Committed value: node-3, 1641395822, Test, 1641395769305644953
node-8 2022/01/05 23:17:10.032061 node.go:134: Committed value: node-7, 1641395823, Test, 1641395769305644954
node-8 2022/01/05 23:17:10.032061 node.go:134: Committed value: node-1, 1641395824, Test, 1641395769305644955
node-8 2022/01/05 23:17:10.032061 node.go:134: Committed value: node-4, 1641395825, Test, 1641395769305644956
node-8 2022/01/05 23:17:10.032061 node.go:134: Committed value: node-2, 1641395826, Test, 1641395769305644957
node-8 2022/01/05 23:17:10.032061 node.go:134: Committed value: node-5, 1641395827, Test, 1641395769305644958
node-8 2022/01/05 23:17:10.032061 node.go:134: Committed value: node-8, 1641395829, Test, 1641395769305644959
node-8 2022/01/05 23:17:10.032061 node.go:134: Committed value: node-8, 1641395830, Test, 1641395769305644960
node-8 2022/01/05 23:17:10.032061 node.go:136: 
node-8 2022/01/05 23:17:10.032061 node.go:140: Reply Finished!
node-8 2022/01/05 23:17:10.033059 node.go:52: do prepare
node-8 2022/01/05 23:17:10.034057 node.go:52: do prepare
node-8 2022/01/05 23:17:10.034057 node.go:52: do commit
node-8 2022/01/05 23:17:10.034057 node.go:52: do reply
node-8 2022/01/05 23:17:10.034057 node.go:123: Result: Executed by node-5
node-8 2022/01/05 23:17:10.035568 node.go:52: do reply
node-8 2022/01/05 23:17:10.035568 node.go:123: Result: Executed by node-10
node-8 2022/01/05 23:17:10.035568 node.go:52: do commit
