node-5 2022/01/05 22:54:35.335464 node.go:52: do add
node-5 2022/01/05 22:54:35.335464 node.go:582: f: 0 ; 2f: 0
node-5 2022/01/05 22:54:35.335464 node.go:52: do setF
node-5 2022/01/05 22:54:35.335464 node.go:582: f: 2 ; 2f: 3
node-5 2022/01/05 22:54:35.336045 node.go:52: do pre-prepare
node-5 2022/01/05 22:54:35.337045 node.go:52: do prepare
node-5 2022/01/05 22:54:35.337045 node.go:52: do prepare
node-5 2022/01/05 22:54:35.337045 node.go:52: do prepare
node-5 2022/01/05 22:54:35.338041 node.go:52: do commit
node-5 2022/01/05 22:54:35.338041 node.go:52: do commit
node-5 2022/01/05 22:54:35.339039 node.go:52: do commit
node-5 2022/01/05 22:54:35.339039 node.go:52: do commit
node-5 2022/01/05 22:54:35.339039 node.go:134: Committed value: node-1, 1641394475, Test, 1641394473316017702
node-5 2022/01/05 22:54:35.340437 node.go:136: 
node-5 2022/01/05 22:54:35.340437 node.go:140: Reply Finished!
node-5 2022/01/05 22:54:36.345142 node.go:52: do pre-prepare
node-5 2022/01/05 22:54:36.346902 node.go:52: do prepare
node-5 2022/01/05 22:54:36.346902 node.go:52: do prepare
node-5 2022/01/05 22:54:36.346902 node.go:52: do prepare
node-5 2022/01/05 22:54:36.347814 node.go:52: do commit
node-5 2022/01/05 22:54:36.348861 node.go:52: do commit
node-5 2022/01/05 22:54:36.348861 node.go:52: do commit
node-5 2022/01/05 22:54:36.348861 node.go:134: Committed value: node-1, 1641394475, Test, 1641394473316017702
node-5 2022/01/05 22:54:36.348861 node.go:134: Committed value: node-4, 1641394476, Test, 1641394473316017703
node-5 2022/01/05 22:54:36.348861 node.go:136: 
node-5 2022/01/05 22:54:36.348861 node.go:140: Reply Finished!
node-5 2022/01/05 22:54:36.350179 node.go:52: do commit
node-5 2022/01/05 22:54:37.356374 node.go:52: do add
node-5 2022/01/05 22:54:37.356374 node.go:582: f: 2 ; 2f: 4
node-5 2022/01/05 22:54:37.358576 node.go:52: do pre-prepare
node-5 2022/01/05 22:54:37.359572 node.go:52: do prepare
node-5 2022/01/05 22:54:37.359829 node.go:52: do prepare
node-5 2022/01/05 22:54:37.359829 node.go:52: do prepare
node-5 2022/01/05 22:54:37.360519 node.go:52: do commit
node-5 2022/01/05 22:54:37.360519 node.go:52: do prepare
node-5 2022/01/05 22:54:37.361526 node.go:52: do commit
node-5 2022/01/05 22:54:37.361526 node.go:52: do commit
node-5 2022/01/05 22:54:37.361526 node.go:134: Committed value: node-1, 1641394475, Test, 1641394473316017702
node-5 2022/01/05 22:54:37.361526 node.go:134: Committed value: node-4, 1641394476, Test, 1641394473316017703
node-5 2022/01/05 22:54:37.361526 node.go:134: Committed value: node-3, 1641394477, Test, 1641394473316017704
node-5 2022/01/05 22:54:37.361526 node.go:136: 
node-5 2022/01/05 22:54:37.361526 node.go:140: Reply Finished!
node-5 2022/01/05 22:54:37.361526 node.go:52: do commit
node-5 2022/01/05 22:54:37.361526 node.go:52: do commit
node-5 2022/01/05 22:54:38.379155 node.go:52: do pre-prepare
node-5 2022/01/05 22:54:38.381148 node.go:52: do prepare
node-5 2022/01/05 22:54:38.381148 node.go:52: do prepare
node-5 2022/01/05 22:54:38.382644 node.go:52: do prepare
node-5 2022/01/05 22:54:38.383645 node.go:52: do commit
node-5 2022/01/05 22:54:38.383645 node.go:52: do commit
node-5 2022/01/05 22:54:38.383645 node.go:52: do commit
node-5 2022/01/05 22:54:38.383645 node.go:52: do prepare
node-5 2022/01/05 22:54:38.383645 node.go:52: do commit
node-5 2022/01/05 22:54:38.384640 node.go:134: Committed value: node-1, 1641394475, Test, 1641394473316017702
node-5 2022/01/05 22:54:38.384640 node.go:134: Committed value: node-4, 1641394476, Test, 1641394473316017703
node-5 2022/01/05 22:54:38.384640 node.go:134: Committed value: node-3, 1641394477, Test, 1641394473316017704
node-5 2022/01/05 22:54:38.384640 node.go:134: Committed value: node-6, 1641394478, Test, 1641394473316017705
node-5 2022/01/05 22:54:38.384640 node.go:136: 
node-5 2022/01/05 22:54:38.384640 node.go:140: Reply Finished!
node-5 2022/01/05 22:54:38.384640 node.go:52: do commit
